Log file for defect2seg
Fri Aug 11 01:47:43 UTC 2023

setenv SUBJECTS_DIR /project/data/bids/derivatives/sourcedata/freesurfer
cd /project/data/bids/derivatives/sourcedata/freesurfer/sub-p002/scripts
/opt/freesurfer/bin/defect2seg --s sub-p002 --rh-only --cortex

freesurfer-linux-ubuntu22_x86_64-7.3.2-20220804-6354275
defect2seg 7.3.2
Linux redshirt-n14 3.10.0-1160.83.1.el7.x86_64 #1 SMP Tue Jan 24 22:39:47 EST 2023 x86_64 x86_64 x86_64 GNU/Linux
pid 27161
mri_label2label --label-cortex /project/data/bids/derivatives/sourcedata/freesurfer/sub-p002/surf/rh.orig.nofix /project/data/bids/derivatives/sourcedata/freesurfer/sub-p002/mri/aseg.presurf.mgz 0 /project/data/bids/derivatives/sourcedata/freesurfer/sub-p002/label/rh.nofix.cortex.label

 Generating cortex label... RemoveHipAmgy=0
 NucAccIsMedialWall=0
 mris->useRealRAS=0
14 non-cortical segments detected
only using segment with 7756 vertices
erasing segment 0 (vno[0] = 38835)
erasing segment 1 (vno[0] = 41241)
erasing segment 2 (vno[0] = 42432)
erasing segment 4 (vno[0] = 69998)
erasing segment 5 (vno[0] = 81152)
erasing segment 6 (vno[0] = 90564)
erasing segment 7 (vno[0] = 96887)
erasing segment 8 (vno[0] = 97948)
erasing segment 9 (vno[0] = 103898)
erasing segment 10 (vno[0] = 103964)
erasing segment 11 (vno[0] = 111319)
erasing segment 12 (vno[0] = 121755)
erasing segment 13 (vno[0] = 123289)
mri_label2vol --defects /project/data/bids/derivatives/sourcedata/freesurfer/sub-p002/surf/rh.orig.nofix /project/data/bids/derivatives/sourcedata/freesurfer/sub-p002/surf/rh.defect_labels /project/data/bids/derivatives/sourcedata/freesurfer/sub-p002/mri/orig.mgz 2000 0 /project/data/bids/derivatives/sourcedata/freesurfer/sub-p002/mri/rh.surface.defects.mgz /project/data/bids/derivatives/sourcedata/freesurfer/sub-p002/label/rh.nofix.cortex.label
mri_label2vol supposed to be reproducible but seed not set
Contraining to label /project/data/bids/derivatives/sourcedata/freesurfer/sub-p002/label/rh.nofix.cortex.label
Changing input type 0 to MRI_INT
Converting defects to volume: offset=2000, merge=0
Writing to /project/data/bids/derivatives/sourcedata/freesurfer/sub-p002/mri/rh.surface.defects.mgz
mris_defects_pointset -s /project/data/bids/derivatives/sourcedata/freesurfer/sub-p002/surf/rh.orig.nofix -d /project/data/bids/derivatives/sourcedata/freesurfer/sub-p002/surf/rh.defect_labels -o /project/data/bids/derivatives/sourcedata/freesurfer/sub-p002/surf/rh.defects.pointset --label /project/data/bids/derivatives/sourcedata/freesurfer/sub-p002/label/rh.nofix.cortex.label
Reading in surface /project/data/bids/derivatives/sourcedata/freesurfer/sub-p002/surf/rh.orig.nofix
Reading in defect segmentation /project/data/bids/derivatives/sourcedata/freesurfer/sub-p002/surf/rh.defect_labels
Reading in label /project/data/bids/derivatives/sourcedata/freesurfer/sub-p002/label/rh.nofix.cortex.label
#VMPC# mris_defects_pointset 712212
mris_defects_pointset done
 
Started at Fri Aug 11 01:47:43 UTC 2023 
Ended   at Fri Aug 11 01:48:07 UTC 2023
Defect2seg-Run-Time-Sec 24
Defect2seg-Run-Time-Min 0.48
Defect2seg-Run-Time-Hours 0.01
 
defect2seg Done
