status file for recon-all
Thu Aug 10 21:24:13 UTC 2023
#@# MotionCor Thu Aug 10 21:24:18 UTC 2023
#@# Talairach Thu Aug 10 21:24:33 UTC 2023
#@# Talairach Failure Detection Thu Aug 10 21:29:36 UTC 2023
#@# Nu Intensity Correction Thu Aug 10 21:29:36 UTC 2023
#@# Intensity Normalization Thu Aug 10 21:34:29 UTC 2023
recon-all -s sub-p002 finished without error at Thu Aug 10 21:36:34 UTC 2023



#New# invocation of recon-all 



status file for recon-all
Thu Aug 10 22:14:49 UTC 2023
#@# EM Registration Thu Aug 10 22:14:49 UTC 2023
recon-all -s sub-p002 finished without error at Thu Aug 10 22:21:01 UTC 2023



#New# invocation of recon-all 



status file for recon-all
Thu Aug 10 22:25:19 UTC 2023
#@# CA Normalize Thu Aug 10 22:25:19 UTC 2023
#@# CA Reg Thu Aug 10 22:26:39 UTC 2023
#@# SubCort Seg Fri Aug 11 00:18:47 UTC 2023
#@# CC Seg Fri Aug 11 01:00:27 UTC 2023
#@# Merge ASeg Fri Aug 11 01:01:11 UTC 2023
#@# Intensity Normalization2 Fri Aug 11 01:01:11 UTC 2023
#@# Mask BFS Fri Aug 11 01:03:50 UTC 2023
#@# WM Segmentation Fri Aug 11 01:03:51 UTC 2023
#@# Fill Fri Aug 11 01:06:35 UTC 2023
recon-all -s sub-p002 finished without error at Fri Aug 11 01:08:00 UTC 2023



#New# invocation of recon-all 



status file for recon-all
Fri Aug 11 02:19:30 UTC 2023
#@# white curv lh Fri Aug 11 02:19:30 UTC 2023
#@# white area lh Fri Aug 11 02:19:30 UTC 2023
#@# pial curv lh Fri Aug 11 02:19:30 UTC 2023
#@# pial area lh Fri Aug 11 02:19:31 UTC 2023
#@# thickness lh Fri Aug 11 02:19:31 UTC 2023
#@# area and vertex vol lh Fri Aug 11 02:19:31 UTC 2023
#@# white curv rh Fri Aug 11 02:19:31 UTC 2023
#@# white area rh Fri Aug 11 02:19:31 UTC 2023
#@# pial curv rh Fri Aug 11 02:19:31 UTC 2023
#@# pial area rh Fri Aug 11 02:19:31 UTC 2023
#@# thickness rh Fri Aug 11 02:19:31 UTC 2023
#@# area and vertex vol rh Fri Aug 11 02:19:31 UTC 2023
#@# Cortical ribbon mask Fri Aug 11 02:19:31 UTC 2023
recon-all -s sub-p002 finished without error at Fri Aug 11 02:27:01 UTC 2023



#New# invocation of recon-all 



status file for recon-all
Fri Aug 11 02:37:46 UTC 2023
#@# white curv lh Fri Aug 11 02:37:46 UTC 2023
#@# white area lh Fri Aug 11 02:37:46 UTC 2023
#@# pial curv lh Fri Aug 11 02:37:46 UTC 2023
#@# pial area lh Fri Aug 11 02:37:46 UTC 2023
#@# thickness lh Fri Aug 11 02:37:46 UTC 2023
#@# area and vertex vol lh Fri Aug 11 02:37:46 UTC 2023
#@# white curv rh Fri Aug 11 02:37:46 UTC 2023
#@# white area rh Fri Aug 11 02:37:46 UTC 2023
#@# pial curv rh Fri Aug 11 02:37:46 UTC 2023
#@# pial area rh Fri Aug 11 02:37:46 UTC 2023
#@# thickness rh Fri Aug 11 02:37:46 UTC 2023
#@# area and vertex vol rh Fri Aug 11 02:37:46 UTC 2023
#@# Curvature Stats lh Fri Aug 11 02:37:46 UTC 2023
#@# Curvature Stats rh Fri Aug 11 02:37:50 UTC 2023
#@# Relabel Hypointensities Fri Aug 11 02:37:53 UTC 2023
#@# APas-to-ASeg Fri Aug 11 02:38:13 UTC 2023
#@# AParc-to-ASeg aparc Fri Aug 11 02:38:26 UTC 2023
#@# AParc-to-ASeg aparc.a2009s Fri Aug 11 02:39:37 UTC 2023
#@# AParc-to-ASeg aparc.DKTatlas Fri Aug 11 02:40:48 UTC 2023
#@# WMParc Fri Aug 11 02:42:00 UTC 2023
#@# ASeg Stats Fri Aug 11 02:44:54 UTC 2023
recon-all -s sub-p002 finished without error at Fri Aug 11 02:45:40 UTC 2023
