status file for recon-all
Fri Aug 11 01:08:04 UTC 2023
#@# Tessellate lh Fri Aug 11 01:08:04 UTC 2023
#@# Smooth1 lh Fri Aug 11 01:08:10 UTC 2023
#@# Inflation1 lh Fri Aug 11 01:08:14 UTC 2023
#@# QSphere lh Fri Aug 11 01:08:32 UTC 2023
#@# Fix Topology lh Fri Aug 11 01:10:22 UTC 2023
#@# Smooth2 lh Fri Aug 11 01:17:55 UTC 2023
#@# Inflation2 lh Fri Aug 11 01:17:59 UTC 2023
#@# Curv .H and .K lh Fri Aug 11 01:18:20 UTC 2023
#@# Sphere lh Fri Aug 11 01:19:25 UTC 2023
#@# Surf Reg lh Fri Aug 11 01:24:10 UTC 2023
#@# Jacobian white lh Fri Aug 11 01:31:27 UTC 2023
#@# AvgCurv lh Fri Aug 11 01:31:28 UTC 2023
#@# Cortical Parc lh Fri Aug 11 01:31:29 UTC 2023
#@# white curv lh Fri Aug 11 01:39:56 UTC 2023
#@# white area lh Fri Aug 11 01:39:59 UTC 2023
#@# pial curv lh Fri Aug 11 01:40:00 UTC 2023
#@# pial area lh Fri Aug 11 01:40:03 UTC 2023
#@# thickness lh Fri Aug 11 01:40:04 UTC 2023
#@# area and vertex vol lh Fri Aug 11 01:40:51 UTC 2023
#@# Curvature Stats lh Fri Aug 11 01:40:54 UTC 2023
#@# Cortical Parc 2 lh Fri Aug 11 01:40:57 UTC 2023
#@# Cortical Parc 3 lh Fri Aug 11 01:41:18 UTC 2023
#@# WM/GM Contrast lh Fri Aug 11 01:41:33 UTC 2023
recon-all -s sub-p002 finished without error at Fri Aug 11 01:41:37 UTC 2023



#New# invocation of recon-all 



status file for recon-all
Fri Aug 11 02:27:07 UTC 2023
#@# white curv lh Fri Aug 11 02:27:07 UTC 2023
#@# white area lh Fri Aug 11 02:27:07 UTC 2023
#@# pial curv lh Fri Aug 11 02:27:07 UTC 2023
#@# pial area lh Fri Aug 11 02:27:07 UTC 2023
#@# thickness lh Fri Aug 11 02:27:07 UTC 2023
#@# area and vertex vol lh Fri Aug 11 02:27:07 UTC 2023
#@# Parcellation Stats lh Fri Aug 11 02:27:07 UTC 2023
#@# Parcellation Stats 2 lh Fri Aug 11 02:27:39 UTC 2023
#@# Parcellation Stats 3 lh Fri Aug 11 02:27:55 UTC 2023
#@# BA_exvivo Labels lh Fri Aug 11 02:28:11 UTC 2023
recon-all -s sub-p002 finished without error at Fri Aug 11 02:32:20 UTC 2023
