status file for recon-all
Fri Aug 11 01:41:39 UTC 2023
#@# Tessellate rh Fri Aug 11 01:41:39 UTC 2023
#@# Smooth1 rh Fri Aug 11 01:41:46 UTC 2023
#@# Inflation1 rh Fri Aug 11 01:41:50 UTC 2023
#@# QSphere rh Fri Aug 11 01:42:08 UTC 2023
#@# Fix Topology rh Fri Aug 11 01:44:06 UTC 2023
#@# Smooth2 rh Fri Aug 11 01:54:09 UTC 2023
#@# Inflation2 rh Fri Aug 11 01:54:13 UTC 2023
#@# Curv .H and .K rh Fri Aug 11 01:54:36 UTC 2023
#@# Sphere rh Fri Aug 11 01:55:41 UTC 2023
#@# Surf Reg rh Fri Aug 11 02:00:02 UTC 2023
#@# Jacobian white rh Fri Aug 11 02:09:39 UTC 2023
#@# AvgCurv rh Fri Aug 11 02:09:40 UTC 2023
#@# Cortical Parc rh Fri Aug 11 02:09:41 UTC 2023
#@# white curv rh Fri Aug 11 02:17:53 UTC 2023
#@# white area rh Fri Aug 11 02:17:56 UTC 2023
#@# pial curv rh Fri Aug 11 02:17:57 UTC 2023
#@# pial area rh Fri Aug 11 02:17:59 UTC 2023
#@# thickness rh Fri Aug 11 02:18:00 UTC 2023
#@# area and vertex vol rh Fri Aug 11 02:18:42 UTC 2023
#@# Curvature Stats rh Fri Aug 11 02:18:44 UTC 2023
#@# Cortical Parc 2 rh Fri Aug 11 02:18:47 UTC 2023
#@# Cortical Parc 3 rh Fri Aug 11 02:19:07 UTC 2023
#@# WM/GM Contrast rh Fri Aug 11 02:19:20 UTC 2023
recon-all -s sub-p002 finished without error at Fri Aug 11 02:19:25 UTC 2023



#New# invocation of recon-all 



status file for recon-all
Fri Aug 11 02:32:26 UTC 2023
#@# white curv rh Fri Aug 11 02:32:26 UTC 2023
#@# white area rh Fri Aug 11 02:32:26 UTC 2023
#@# pial curv rh Fri Aug 11 02:32:26 UTC 2023
#@# pial area rh Fri Aug 11 02:32:26 UTC 2023
#@# thickness rh Fri Aug 11 02:32:26 UTC 2023
#@# area and vertex vol rh Fri Aug 11 02:32:26 UTC 2023
#@# Parcellation Stats rh Fri Aug 11 02:32:27 UTC 2023
#@# Parcellation Stats 2 rh Fri Aug 11 02:32:58 UTC 2023
#@# Parcellation Stats 3 rh Fri Aug 11 02:33:15 UTC 2023
#@# BA_exvivo Labels rh Fri Aug 11 02:33:31 UTC 2023
recon-all -s sub-p002 finished without error at Fri Aug 11 02:37:40 UTC 2023
