status file for recon-all
Mon Aug 14 05:35:13 UTC 2023
#@# MotionCor Mon Aug 14 05:35:17 UTC 2023
#@# Talairach Mon Aug 14 05:35:26 UTC 2023
#@# Talairach Failure Detection Mon Aug 14 05:39:35 UTC 2023
#@# Nu Intensity Correction Mon Aug 14 05:39:35 UTC 2023
#@# Intensity Normalization Mon Aug 14 05:43:39 UTC 2023
recon-all -s sub-s010 finished without error at Mon Aug 14 05:45:11 UTC 2023



#New# invocation of recon-all 



status file for recon-all
Mon Aug 14 06:02:45 UTC 2023
#@# EM Registration Mon Aug 14 06:02:45 UTC 2023
recon-all -s sub-s010 finished without error at Mon Aug 14 06:05:06 UTC 2023



#New# invocation of recon-all 



status file for recon-all
Mon Aug 14 06:05:09 UTC 2023
#@# CA Normalize Mon Aug 14 06:05:09 UTC 2023
#@# CA Reg Mon Aug 14 06:06:13 UTC 2023
#@# SubCort Seg Mon Aug 14 07:02:40 UTC 2023
#@# CC Seg Mon Aug 14 07:35:28 UTC 2023
#@# Merge ASeg Mon Aug 14 07:36:08 UTC 2023
#@# Intensity Normalization2 Mon Aug 14 07:36:08 UTC 2023
#@# Mask BFS Mon Aug 14 07:38:22 UTC 2023
#@# WM Segmentation Mon Aug 14 07:38:23 UTC 2023
#@# Fill Mon Aug 14 07:40:54 UTC 2023
recon-all -s sub-s010 finished without error at Mon Aug 14 07:42:01 UTC 2023



#New# invocation of recon-all 



status file for recon-all
Mon Aug 14 08:35:09 UTC 2023
#@# white curv lh Mon Aug 14 08:35:09 UTC 2023
#@# white area lh Mon Aug 14 08:35:09 UTC 2023
#@# pial curv lh Mon Aug 14 08:35:09 UTC 2023
#@# pial area lh Mon Aug 14 08:35:09 UTC 2023
#@# thickness lh Mon Aug 14 08:35:09 UTC 2023
#@# area and vertex vol lh Mon Aug 14 08:35:09 UTC 2023
#@# white curv rh Mon Aug 14 08:35:09 UTC 2023
#@# white area rh Mon Aug 14 08:35:09 UTC 2023
#@# pial curv rh Mon Aug 14 08:35:09 UTC 2023
#@# pial area rh Mon Aug 14 08:35:10 UTC 2023
#@# thickness rh Mon Aug 14 08:35:10 UTC 2023
#@# area and vertex vol rh Mon Aug 14 08:35:10 UTC 2023
#@# Cortical ribbon mask Mon Aug 14 08:35:10 UTC 2023
recon-all -s sub-s010 finished without error at Mon Aug 14 08:39:39 UTC 2023



#New# invocation of recon-all 



status file for recon-all
Mon Aug 14 09:14:17 UTC 2023
#@# white curv lh Mon Aug 14 09:14:18 UTC 2023
#@# white area lh Mon Aug 14 09:14:18 UTC 2023
#@# pial curv lh Mon Aug 14 09:14:18 UTC 2023
#@# pial area lh Mon Aug 14 09:14:18 UTC 2023
#@# thickness lh Mon Aug 14 09:14:18 UTC 2023
#@# area and vertex vol lh Mon Aug 14 09:14:18 UTC 2023
#@# white curv rh Mon Aug 14 09:14:18 UTC 2023
#@# white area rh Mon Aug 14 09:14:18 UTC 2023
#@# pial curv rh Mon Aug 14 09:14:18 UTC 2023
#@# pial area rh Mon Aug 14 09:14:18 UTC 2023
#@# thickness rh Mon Aug 14 09:14:18 UTC 2023
#@# area and vertex vol rh Mon Aug 14 09:14:18 UTC 2023
#@# Curvature Stats lh Mon Aug 14 09:14:18 UTC 2023
#@# Curvature Stats rh Mon Aug 14 09:14:21 UTC 2023
#@# Relabel Hypointensities Mon Aug 14 09:14:23 UTC 2023
#@# APas-to-ASeg Mon Aug 14 09:14:42 UTC 2023
#@# AParc-to-ASeg aparc Mon Aug 14 09:14:51 UTC 2023
#@# AParc-to-ASeg aparc.a2009s Mon Aug 14 09:15:42 UTC 2023
#@# AParc-to-ASeg aparc.DKTatlas Mon Aug 14 09:16:34 UTC 2023
#@# WMParc Mon Aug 14 09:17:21 UTC 2023
#@# ASeg Stats Mon Aug 14 09:20:00 UTC 2023
recon-all -s sub-s010 finished without error at Mon Aug 14 09:20:35 UTC 2023
