status file for recon-all
Mon Aug 14 08:08:26 UTC 2023
#@# Tessellate rh Mon Aug 14 08:08:26 UTC 2023
#@# Smooth1 rh Mon Aug 14 08:08:30 UTC 2023
#@# Inflation1 rh Mon Aug 14 08:08:33 UTC 2023
#@# QSphere rh Mon Aug 14 08:08:43 UTC 2023
#@# Fix Topology rh Mon Aug 14 08:10:05 UTC 2023
#@# Smooth2 rh Mon Aug 14 08:16:05 UTC 2023
#@# Inflation2 rh Mon Aug 14 08:16:08 UTC 2023
#@# Curv .H and .K rh Mon Aug 14 08:16:21 UTC 2023
#@# Sphere rh Mon Aug 14 08:17:12 UTC 2023
#@# Surf Reg rh Mon Aug 14 08:21:06 UTC 2023
#@# Jacobian white rh Mon Aug 14 08:25:41 UTC 2023
#@# AvgCurv rh Mon Aug 14 08:25:42 UTC 2023
#@# Cortical Parc rh Mon Aug 14 08:25:43 UTC 2023
#@# white curv rh Mon Aug 14 08:33:50 UTC 2023
#@# white area rh Mon Aug 14 08:33:52 UTC 2023
#@# pial curv rh Mon Aug 14 08:33:53 UTC 2023
#@# pial area rh Mon Aug 14 08:33:55 UTC 2023
#@# thickness rh Mon Aug 14 08:33:55 UTC 2023
#@# area and vertex vol rh Mon Aug 14 08:34:26 UTC 2023
#@# Curvature Stats rh Mon Aug 14 08:34:28 UTC 2023
#@# Cortical Parc 2 rh Mon Aug 14 08:34:30 UTC 2023
#@# Cortical Parc 3 rh Mon Aug 14 08:34:47 UTC 2023
#@# WM/GM Contrast rh Mon Aug 14 08:34:59 UTC 2023
recon-all -s sub-s010 finished without error at Mon Aug 14 08:35:03 UTC 2023



#New# invocation of recon-all 



status file for recon-all
Mon Aug 14 09:09:54 UTC 2023
#@# white curv rh Mon Aug 14 09:09:54 UTC 2023
#@# white area rh Mon Aug 14 09:09:54 UTC 2023
#@# pial curv rh Mon Aug 14 09:09:54 UTC 2023
#@# pial area rh Mon Aug 14 09:09:55 UTC 2023
#@# thickness rh Mon Aug 14 09:09:55 UTC 2023
#@# area and vertex vol rh Mon Aug 14 09:09:55 UTC 2023
#@# Parcellation Stats rh Mon Aug 14 09:09:55 UTC 2023
#@# Parcellation Stats 2 rh Mon Aug 14 09:10:20 UTC 2023
#@# Parcellation Stats 3 rh Mon Aug 14 09:10:33 UTC 2023
#@# BA_exvivo Labels rh Mon Aug 14 09:10:45 UTC 2023
recon-all -s sub-s010 finished without error at Mon Aug 14 09:14:13 UTC 2023
