status file for recon-all
Sun Aug 13 11:36:56 UTC 2023
#@# Tessellate rh Sun Aug 13 11:36:56 UTC 2023
#@# Smooth1 rh Sun Aug 13 11:37:01 UTC 2023
#@# Inflation1 rh Sun Aug 13 11:37:04 UTC 2023
#@# QSphere rh Sun Aug 13 11:37:16 UTC 2023
#@# Fix Topology rh Sun Aug 13 11:38:34 UTC 2023
#@# Smooth2 rh Sun Aug 13 11:44:41 UTC 2023
#@# Inflation2 rh Sun Aug 13 11:44:44 UTC 2023
#@# Curv .H and .K rh Sun Aug 13 11:44:57 UTC 2023
#@# Sphere rh Sun Aug 13 11:45:53 UTC 2023
#@# Surf Reg rh Sun Aug 13 11:48:28 UTC 2023
#@# Jacobian white rh Sun Aug 13 11:52:52 UTC 2023
#@# AvgCurv rh Sun Aug 13 11:52:53 UTC 2023
#@# Cortical Parc rh Sun Aug 13 11:52:54 UTC 2023
#@# white curv rh Sun Aug 13 11:59:56 UTC 2023
#@# white area rh Sun Aug 13 11:59:59 UTC 2023
#@# pial curv rh Sun Aug 13 11:59:59 UTC 2023
#@# pial area rh Sun Aug 13 12:00:01 UTC 2023
#@# thickness rh Sun Aug 13 12:00:02 UTC 2023
#@# area and vertex vol rh Sun Aug 13 12:00:39 UTC 2023
#@# Curvature Stats rh Sun Aug 13 12:00:41 UTC 2023
#@# Cortical Parc 2 rh Sun Aug 13 12:00:44 UTC 2023
#@# Cortical Parc 3 rh Sun Aug 13 12:01:01 UTC 2023
#@# WM/GM Contrast rh Sun Aug 13 12:01:13 UTC 2023
recon-all -s sub-p010 finished without error at Sun Aug 13 12:01:17 UTC 2023



#New# invocation of recon-all 



status file for recon-all
Sun Aug 13 12:40:38 UTC 2023
#@# white curv rh Sun Aug 13 12:40:38 UTC 2023
#@# white area rh Sun Aug 13 12:40:38 UTC 2023
#@# pial curv rh Sun Aug 13 12:40:38 UTC 2023
#@# pial area rh Sun Aug 13 12:40:38 UTC 2023
#@# thickness rh Sun Aug 13 12:40:38 UTC 2023
#@# area and vertex vol rh Sun Aug 13 12:40:38 UTC 2023
#@# Parcellation Stats rh Sun Aug 13 12:40:38 UTC 2023
#@# Parcellation Stats 2 rh Sun Aug 13 12:41:08 UTC 2023
#@# Parcellation Stats 3 rh Sun Aug 13 12:41:23 UTC 2023
#@# BA_exvivo Labels rh Sun Aug 13 12:41:38 UTC 2023
recon-all -s sub-p010 finished without error at Sun Aug 13 12:45:14 UTC 2023
