status file for recon-all
Sun Aug 13 11:02:36 UTC 2023
#@# Tessellate lh Sun Aug 13 11:02:36 UTC 2023
#@# Smooth1 lh Sun Aug 13 11:02:41 UTC 2023
#@# Inflation1 lh Sun Aug 13 11:02:44 UTC 2023
#@# QSphere lh Sun Aug 13 11:02:55 UTC 2023
#@# Fix Topology lh Sun Aug 13 11:04:27 UTC 2023
#@# Smooth2 lh Sun Aug 13 11:12:30 UTC 2023
#@# Inflation2 lh Sun Aug 13 11:12:34 UTC 2023
#@# Curv .H and .K lh Sun Aug 13 11:12:47 UTC 2023
#@# Sphere lh Sun Aug 13 11:13:45 UTC 2023
#@# Surf Reg lh Sun Aug 13 11:21:16 UTC 2023
#@# Jacobian white lh Sun Aug 13 11:28:24 UTC 2023
#@# AvgCurv lh Sun Aug 13 11:28:25 UTC 2023
#@# Cortical Parc lh Sun Aug 13 11:28:26 UTC 2023
#@# white curv lh Sun Aug 13 11:35:31 UTC 2023
#@# white area lh Sun Aug 13 11:35:33 UTC 2023
#@# pial curv lh Sun Aug 13 11:35:34 UTC 2023
#@# pial area lh Sun Aug 13 11:35:36 UTC 2023
#@# thickness lh Sun Aug 13 11:35:37 UTC 2023
#@# area and vertex vol lh Sun Aug 13 11:36:14 UTC 2023
#@# Curvature Stats lh Sun Aug 13 11:36:16 UTC 2023
#@# Cortical Parc 2 lh Sun Aug 13 11:36:19 UTC 2023
#@# Cortical Parc 3 lh Sun Aug 13 11:36:37 UTC 2023
#@# WM/GM Contrast lh Sun Aug 13 11:36:49 UTC 2023
recon-all -s sub-p010 finished without error at Sun Aug 13 11:36:53 UTC 2023



#New# invocation of recon-all 



status file for recon-all
Sun Aug 13 12:35:53 UTC 2023
#@# white curv lh Sun Aug 13 12:35:53 UTC 2023
#@# white area lh Sun Aug 13 12:35:53 UTC 2023
#@# pial curv lh Sun Aug 13 12:35:53 UTC 2023
#@# pial area lh Sun Aug 13 12:35:53 UTC 2023
#@# thickness lh Sun Aug 13 12:35:53 UTC 2023
#@# area and vertex vol lh Sun Aug 13 12:35:54 UTC 2023
#@# Parcellation Stats lh Sun Aug 13 12:35:54 UTC 2023
#@# Parcellation Stats 2 lh Sun Aug 13 12:36:24 UTC 2023
#@# Parcellation Stats 3 lh Sun Aug 13 12:36:39 UTC 2023
#@# BA_exvivo Labels lh Sun Aug 13 12:36:54 UTC 2023
recon-all -s sub-p010 finished without error at Sun Aug 13 12:40:35 UTC 2023
