Log file for defect2seg
Mon Aug 14 09:55:35 UTC 2023

setenv SUBJECTS_DIR /project/data/bids/derivatives/sourcedata/freesurfer
cd /project/data/bids/derivatives/sourcedata/freesurfer/sub-s005/scripts
/opt/freesurfer/bin/defect2seg --s sub-s005 --rh-only --cortex

freesurfer-linux-ubuntu22_x86_64-7.3.2-20220804-6354275
defect2seg 7.3.2
Linux spock7-c1-9 3.10.0-1160.76.1.el7.x86_64 #1 SMP Sat Aug 13 19:57:59 EDT 2022 x86_64 x86_64 x86_64 GNU/Linux
pid 15327
mri_label2label --label-cortex /project/data/bids/derivatives/sourcedata/freesurfer/sub-s005/surf/rh.orig.nofix /project/data/bids/derivatives/sourcedata/freesurfer/sub-s005/mri/aseg.presurf.mgz 0 /project/data/bids/derivatives/sourcedata/freesurfer/sub-s005/label/rh.nofix.cortex.label

 Generating cortex label... RemoveHipAmgy=0
 NucAccIsMedialWall=0
 mris->useRealRAS=0
9 non-cortical segments detected
only using segment with 7441 vertices
erasing segment 0 (vno[0] = 37041)
erasing segment 1 (vno[0] = 38224)
erasing segment 2 (vno[0] = 38243)
erasing segment 4 (vno[0] = 103034)
erasing segment 5 (vno[0] = 103170)
erasing segment 6 (vno[0] = 104106)
erasing segment 7 (vno[0] = 105825)
erasing segment 8 (vno[0] = 108534)
mri_label2vol --defects /project/data/bids/derivatives/sourcedata/freesurfer/sub-s005/surf/rh.orig.nofix /project/data/bids/derivatives/sourcedata/freesurfer/sub-s005/surf/rh.defect_labels /project/data/bids/derivatives/sourcedata/freesurfer/sub-s005/mri/orig.mgz 2000 0 /project/data/bids/derivatives/sourcedata/freesurfer/sub-s005/mri/rh.surface.defects.mgz /project/data/bids/derivatives/sourcedata/freesurfer/sub-s005/label/rh.nofix.cortex.label
mri_label2vol supposed to be reproducible but seed not set
Contraining to label /project/data/bids/derivatives/sourcedata/freesurfer/sub-s005/label/rh.nofix.cortex.label
Changing input type 0 to MRI_INT
Converting defects to volume: offset=2000, merge=0
Writing to /project/data/bids/derivatives/sourcedata/freesurfer/sub-s005/mri/rh.surface.defects.mgz
mris_defects_pointset -s /project/data/bids/derivatives/sourcedata/freesurfer/sub-s005/surf/rh.orig.nofix -d /project/data/bids/derivatives/sourcedata/freesurfer/sub-s005/surf/rh.defect_labels -o /project/data/bids/derivatives/sourcedata/freesurfer/sub-s005/surf/rh.defects.pointset --label /project/data/bids/derivatives/sourcedata/freesurfer/sub-s005/label/rh.nofix.cortex.label
Reading in surface /project/data/bids/derivatives/sourcedata/freesurfer/sub-s005/surf/rh.orig.nofix
Reading in defect segmentation /project/data/bids/derivatives/sourcedata/freesurfer/sub-s005/surf/rh.defect_labels
Reading in label /project/data/bids/derivatives/sourcedata/freesurfer/sub-s005/label/rh.nofix.cortex.label
#VMPC# mris_defects_pointset 714520
mris_defects_pointset done
 
Started at Mon Aug 14 09:55:35 UTC 2023 
Ended   at Mon Aug 14 09:55:55 UTC 2023
Defect2seg-Run-Time-Sec 20
Defect2seg-Run-Time-Min 0.40
Defect2seg-Run-Time-Hours 0.01
 
defect2seg Done
