status file for recon-all
Mon Aug 14 09:53:02 UTC 2023
#@# Tessellate rh Mon Aug 14 09:53:03 UTC 2023
#@# Smooth1 rh Mon Aug 14 09:53:07 UTC 2023
#@# Inflation1 rh Mon Aug 14 09:53:11 UTC 2023
#@# QSphere rh Mon Aug 14 09:53:23 UTC 2023
#@# Fix Topology rh Mon Aug 14 09:54:41 UTC 2023
#@# Smooth2 rh Mon Aug 14 10:01:29 UTC 2023
#@# Inflation2 rh Mon Aug 14 10:01:32 UTC 2023
#@# Curv .H and .K rh Mon Aug 14 10:01:45 UTC 2023
#@# Sphere rh Mon Aug 14 10:02:45 UTC 2023
#@# Surf Reg rh Mon Aug 14 10:05:12 UTC 2023
#@# Jacobian white rh Mon Aug 14 10:10:38 UTC 2023
#@# AvgCurv rh Mon Aug 14 10:10:39 UTC 2023
#@# Cortical Parc rh Mon Aug 14 10:10:40 UTC 2023
#@# white curv rh Mon Aug 14 10:18:54 UTC 2023
#@# white area rh Mon Aug 14 10:18:56 UTC 2023
#@# pial curv rh Mon Aug 14 10:18:57 UTC 2023
#@# pial area rh Mon Aug 14 10:18:59 UTC 2023
#@# thickness rh Mon Aug 14 10:19:00 UTC 2023
#@# area and vertex vol rh Mon Aug 14 10:19:39 UTC 2023
#@# Curvature Stats rh Mon Aug 14 10:19:41 UTC 2023
#@# Cortical Parc 2 rh Mon Aug 14 10:19:44 UTC 2023
#@# Cortical Parc 3 rh Mon Aug 14 10:20:02 UTC 2023
#@# WM/GM Contrast rh Mon Aug 14 10:20:15 UTC 2023
recon-all -s sub-s005 finished without error at Mon Aug 14 10:20:19 UTC 2023



#New# invocation of recon-all 



status file for recon-all
Mon Aug 14 10:54:36 UTC 2023
#@# white curv rh Mon Aug 14 10:54:36 UTC 2023
#@# white area rh Mon Aug 14 10:54:36 UTC 2023
#@# pial curv rh Mon Aug 14 10:54:36 UTC 2023
#@# pial area rh Mon Aug 14 10:54:36 UTC 2023
#@# thickness rh Mon Aug 14 10:54:36 UTC 2023
#@# area and vertex vol rh Mon Aug 14 10:54:36 UTC 2023
#@# Parcellation Stats rh Mon Aug 14 10:54:36 UTC 2023
#@# Parcellation Stats 2 rh Mon Aug 14 10:55:08 UTC 2023
#@# Parcellation Stats 3 rh Mon Aug 14 10:55:24 UTC 2023
#@# BA_exvivo Labels rh Mon Aug 14 10:55:40 UTC 2023
recon-all -s sub-s005 finished without error at Mon Aug 14 10:59:33 UTC 2023
