status file for recon-all
Mon Aug 14 07:20:37 UTC 2023
#@# MotionCor Mon Aug 14 07:20:41 UTC 2023
#@# Talairach Mon Aug 14 07:20:50 UTC 2023
#@# Talairach Failure Detection Mon Aug 14 07:25:11 UTC 2023
#@# Nu Intensity Correction Mon Aug 14 07:25:11 UTC 2023
#@# Intensity Normalization Mon Aug 14 07:29:26 UTC 2023
recon-all -s sub-s005 finished without error at Mon Aug 14 07:31:07 UTC 2023



#New# invocation of recon-all 



status file for recon-all
Mon Aug 14 07:46:46 UTC 2023
#@# EM Registration Mon Aug 14 07:46:46 UTC 2023
recon-all -s sub-s005 finished without error at Mon Aug 14 07:49:29 UTC 2023



#New# invocation of recon-all 



status file for recon-all
Mon Aug 14 07:49:32 UTC 2023
#@# CA Normalize Mon Aug 14 07:49:32 UTC 2023
#@# CA Reg Mon Aug 14 07:50:37 UTC 2023
#@# SubCort Seg Mon Aug 14 08:45:20 UTC 2023
#@# CC Seg Mon Aug 14 09:19:19 UTC 2023
#@# Merge ASeg Mon Aug 14 09:19:52 UTC 2023
#@# Intensity Normalization2 Mon Aug 14 09:19:52 UTC 2023
#@# Mask BFS Mon Aug 14 09:22:10 UTC 2023
#@# WM Segmentation Mon Aug 14 09:22:11 UTC 2023
#@# Fill Mon Aug 14 09:24:39 UTC 2023
recon-all -s sub-s005 finished without error at Mon Aug 14 09:25:46 UTC 2023



#New# invocation of recon-all 



status file for recon-all
Mon Aug 14 10:20:25 UTC 2023
#@# white curv lh Mon Aug 14 10:20:25 UTC 2023
#@# white area lh Mon Aug 14 10:20:25 UTC 2023
#@# pial curv lh Mon Aug 14 10:20:25 UTC 2023
#@# pial area lh Mon Aug 14 10:20:25 UTC 2023
#@# thickness lh Mon Aug 14 10:20:25 UTC 2023
#@# area and vertex vol lh Mon Aug 14 10:20:25 UTC 2023
#@# white curv rh Mon Aug 14 10:20:25 UTC 2023
#@# white area rh Mon Aug 14 10:20:25 UTC 2023
#@# pial curv rh Mon Aug 14 10:20:25 UTC 2023
#@# pial area rh Mon Aug 14 10:20:25 UTC 2023
#@# thickness rh Mon Aug 14 10:20:25 UTC 2023
#@# area and vertex vol rh Mon Aug 14 10:20:25 UTC 2023
#@# Cortical ribbon mask Mon Aug 14 10:20:25 UTC 2023
recon-all -s sub-s005 finished without error at Mon Aug 14 10:26:23 UTC 2023



#New# invocation of recon-all 



status file for recon-all
Mon Aug 14 10:59:39 UTC 2023
#@# white curv lh Mon Aug 14 10:59:40 UTC 2023
#@# white area lh Mon Aug 14 10:59:40 UTC 2023
#@# pial curv lh Mon Aug 14 10:59:40 UTC 2023
#@# pial area lh Mon Aug 14 10:59:40 UTC 2023
#@# thickness lh Mon Aug 14 10:59:40 UTC 2023
#@# area and vertex vol lh Mon Aug 14 10:59:40 UTC 2023
#@# white curv rh Mon Aug 14 10:59:40 UTC 2023
#@# white area rh Mon Aug 14 10:59:40 UTC 2023
#@# pial curv rh Mon Aug 14 10:59:40 UTC 2023
#@# pial area rh Mon Aug 14 10:59:40 UTC 2023
#@# thickness rh Mon Aug 14 10:59:40 UTC 2023
#@# area and vertex vol rh Mon Aug 14 10:59:40 UTC 2023
#@# Curvature Stats lh Mon Aug 14 10:59:40 UTC 2023
#@# Curvature Stats rh Mon Aug 14 10:59:43 UTC 2023
#@# Relabel Hypointensities Mon Aug 14 10:59:47 UTC 2023
#@# APas-to-ASeg Mon Aug 14 11:00:06 UTC 2023
#@# AParc-to-ASeg aparc Mon Aug 14 11:00:16 UTC 2023
#@# AParc-to-ASeg aparc.a2009s Mon Aug 14 11:01:25 UTC 2023
#@# AParc-to-ASeg aparc.DKTatlas Mon Aug 14 11:02:31 UTC 2023
#@# WMParc Mon Aug 14 11:03:38 UTC 2023
#@# ASeg Stats Mon Aug 14 11:06:21 UTC 2023
recon-all -s sub-s005 finished without error at Mon Aug 14 11:06:56 UTC 2023
