status file for recon-all
Mon Aug 14 05:28:17 UTC 2023
#@# MotionCor Mon Aug 14 05:28:21 UTC 2023
#@# Talairach Mon Aug 14 05:28:31 UTC 2023
#@# Talairach Failure Detection Mon Aug 14 05:32:54 UTC 2023
#@# Nu Intensity Correction Mon Aug 14 05:32:54 UTC 2023
#@# Intensity Normalization Mon Aug 14 05:37:10 UTC 2023
recon-all -s sub-s011 finished without error at Mon Aug 14 05:38:59 UTC 2023



#New# invocation of recon-all 



status file for recon-all
Mon Aug 14 05:54:21 UTC 2023
#@# EM Registration Mon Aug 14 05:54:21 UTC 2023
recon-all -s sub-s011 finished without error at Mon Aug 14 05:57:03 UTC 2023



#New# invocation of recon-all 



status file for recon-all
Mon Aug 14 05:57:06 UTC 2023
#@# CA Normalize Mon Aug 14 05:57:06 UTC 2023
#@# CA Reg Mon Aug 14 05:58:13 UTC 2023
#@# SubCort Seg Mon Aug 14 06:43:17 UTC 2023
#@# CC Seg Mon Aug 14 07:16:46 UTC 2023
#@# Merge ASeg Mon Aug 14 07:17:20 UTC 2023
#@# Intensity Normalization2 Mon Aug 14 07:17:20 UTC 2023
#@# Mask BFS Mon Aug 14 07:19:41 UTC 2023
#@# WM Segmentation Mon Aug 14 07:19:42 UTC 2023
#@# Fill Mon Aug 14 07:22:10 UTC 2023
recon-all -s sub-s011 finished without error at Mon Aug 14 07:23:20 UTC 2023



#New# invocation of recon-all 



status file for recon-all
Mon Aug 14 08:46:43 UTC 2023
#@# white curv lh Mon Aug 14 08:46:43 UTC 2023
#@# white area lh Mon Aug 14 08:46:43 UTC 2023
#@# pial curv lh Mon Aug 14 08:46:43 UTC 2023
#@# pial area lh Mon Aug 14 08:46:43 UTC 2023
#@# thickness lh Mon Aug 14 08:46:43 UTC 2023
#@# area and vertex vol lh Mon Aug 14 08:46:43 UTC 2023
#@# white curv rh Mon Aug 14 08:46:43 UTC 2023
#@# white area rh Mon Aug 14 08:46:43 UTC 2023
#@# pial curv rh Mon Aug 14 08:46:43 UTC 2023
#@# pial area rh Mon Aug 14 08:46:43 UTC 2023
#@# thickness rh Mon Aug 14 08:46:43 UTC 2023
#@# area and vertex vol rh Mon Aug 14 08:46:43 UTC 2023
#@# Cortical ribbon mask Mon Aug 14 08:46:43 UTC 2023
recon-all -s sub-s011 finished without error at Mon Aug 14 08:53:14 UTC 2023



#New# invocation of recon-all 



status file for recon-all
Mon Aug 14 09:02:59 UTC 2023
#@# white curv lh Mon Aug 14 09:03:00 UTC 2023
#@# white area lh Mon Aug 14 09:03:00 UTC 2023
#@# pial curv lh Mon Aug 14 09:03:00 UTC 2023
#@# pial area lh Mon Aug 14 09:03:00 UTC 2023
#@# thickness lh Mon Aug 14 09:03:00 UTC 2023
#@# area and vertex vol lh Mon Aug 14 09:03:00 UTC 2023
#@# white curv rh Mon Aug 14 09:03:00 UTC 2023
#@# white area rh Mon Aug 14 09:03:00 UTC 2023
#@# pial curv rh Mon Aug 14 09:03:00 UTC 2023
#@# pial area rh Mon Aug 14 09:03:00 UTC 2023
#@# thickness rh Mon Aug 14 09:03:00 UTC 2023
#@# area and vertex vol rh Mon Aug 14 09:03:00 UTC 2023
#@# Curvature Stats lh Mon Aug 14 09:03:00 UTC 2023
#@# Curvature Stats rh Mon Aug 14 09:03:03 UTC 2023
#@# Relabel Hypointensities Mon Aug 14 09:03:06 UTC 2023
#@# APas-to-ASeg Mon Aug 14 09:03:24 UTC 2023
#@# AParc-to-ASeg aparc Mon Aug 14 09:03:34 UTC 2023
#@# AParc-to-ASeg aparc.a2009s Mon Aug 14 09:04:31 UTC 2023
#@# AParc-to-ASeg aparc.DKTatlas Mon Aug 14 09:05:29 UTC 2023
#@# WMParc Mon Aug 14 09:06:25 UTC 2023
#@# ASeg Stats Mon Aug 14 09:08:55 UTC 2023
recon-all -s sub-s011 finished without error at Mon Aug 14 09:09:25 UTC 2023
