status file for recon-all
Mon Aug 14 07:56:03 UTC 2023
#@# Tessellate lh Mon Aug 14 07:56:03 UTC 2023
#@# Smooth1 lh Mon Aug 14 07:56:08 UTC 2023
#@# Inflation1 lh Mon Aug 14 07:56:12 UTC 2023
#@# QSphere lh Mon Aug 14 07:56:22 UTC 2023
#@# Fix Topology lh Mon Aug 14 07:57:42 UTC 2023
#@# Smooth2 lh Mon Aug 14 08:03:52 UTC 2023
#@# Inflation2 lh Mon Aug 14 08:03:55 UTC 2023
#@# Curv .H and .K lh Mon Aug 14 08:04:08 UTC 2023
#@# Sphere lh Mon Aug 14 08:05:07 UTC 2023
#@# Surf Reg lh Mon Aug 14 08:07:30 UTC 2023
#@# Jacobian white lh Mon Aug 14 08:12:04 UTC 2023
#@# AvgCurv lh Mon Aug 14 08:12:05 UTC 2023
#@# Cortical Parc lh Mon Aug 14 08:12:06 UTC 2023
#@# white curv lh Mon Aug 14 08:19:01 UTC 2023
#@# white area lh Mon Aug 14 08:19:03 UTC 2023
#@# pial curv lh Mon Aug 14 08:19:04 UTC 2023
#@# pial area lh Mon Aug 14 08:19:06 UTC 2023
#@# thickness lh Mon Aug 14 08:19:06 UTC 2023
#@# area and vertex vol lh Mon Aug 14 08:19:45 UTC 2023
#@# Curvature Stats lh Mon Aug 14 08:19:47 UTC 2023
#@# Cortical Parc 2 lh Mon Aug 14 08:19:50 UTC 2023
#@# Cortical Parc 3 lh Mon Aug 14 08:20:08 UTC 2023
#@# WM/GM Contrast lh Mon Aug 14 08:20:20 UTC 2023
recon-all -s sub-s011 finished without error at Mon Aug 14 08:20:24 UTC 2023



#New# invocation of recon-all 



status file for recon-all
Mon Aug 14 08:53:19 UTC 2023
#@# white curv lh Mon Aug 14 08:53:19 UTC 2023
#@# white area lh Mon Aug 14 08:53:19 UTC 2023
#@# pial curv lh Mon Aug 14 08:53:19 UTC 2023
#@# pial area lh Mon Aug 14 08:53:19 UTC 2023
#@# thickness lh Mon Aug 14 08:53:19 UTC 2023
#@# area and vertex vol lh Mon Aug 14 08:53:19 UTC 2023
#@# Parcellation Stats lh Mon Aug 14 08:53:19 UTC 2023
#@# Parcellation Stats 2 lh Mon Aug 14 08:53:49 UTC 2023
#@# Parcellation Stats 3 lh Mon Aug 14 08:54:04 UTC 2023
#@# BA_exvivo Labels lh Mon Aug 14 08:54:19 UTC 2023
recon-all -s sub-s011 finished without error at Mon Aug 14 08:57:56 UTC 2023
