/project/data/bids/derivatives/sourcedata/freesurfer/sub-p022/mri
/opt/freesurfer/bin/mri_nu_correct.mni
--i orig.mgz --o nu.mgz --uchar transforms/talairach.xfm --n 2 --ants-n4
nIters 2
mri_nu_correct.mni 7.3.2
Linux spock7-c2-1 3.10.0-1160.31.1.el7.x86_64 #1 SMP Mon Jun 14 23:06:37 EDT 2021 x86_64 x86_64 x86_64 GNU/Linux
Sun Aug 13 21:50:03 UTC 2023
tmpdir is ./tmp.mri_nu_correct.mni.13825
cd /project/data/bids/derivatives/sourcedata/freesurfer/sub-p022/mri
AntsN4BiasFieldCorrectionFs -i orig.mgz -o ./tmp.mri_nu_correct.mni.13825/nu0.mgz --dtype uchar
AntsN4BiasFieldCorrectionFs done
mri_binarize --i ./tmp.mri_nu_correct.mni.13825/nu0.mgz --min -1 --o ./tmp.mri_nu_correct.mni.13825/ones.mgz

7.3.2
cwd /project/data/bids/derivatives/sourcedata/freesurfer/sub-p022/mri
cmdline mri_binarize --i ./tmp.mri_nu_correct.mni.13825/nu0.mgz --min -1 --o ./tmp.mri_nu_correct.mni.13825/ones.mgz 
sysname  Linux
hostname spock7-c2-1
machine  x86_64
user     robertdh

input      ./tmp.mri_nu_correct.mni.13825/nu0.mgz
frame      0
nErode3d   0
nErode2d   0
output     ./tmp.mri_nu_correct.mni.13825/ones.mgz
Binarizing based on threshold
min        -1
max        +infinity
binval        1
binvalnot     0
fstart = 0, fend = 0, nframes = 1
Starting parallel 1
Found 16777216 values in range
Counting number of voxels in first frame
Found 16777215 voxels in final mask
Writing output to ./tmp.mri_nu_correct.mni.13825/ones.mgz
Count: 16777215 16777215.000000 16777216 99.999994
mri_binarize done
mri_segstats --id 1 --seg ./tmp.mri_nu_correct.mni.13825/ones.mgz --i orig.mgz --sum ./tmp.mri_nu_correct.mni.13825/sum.junk --avgwf ./tmp.mri_nu_correct.mni.13825/input.mean.dat

7.3.2
cwd 
cmdline mri_segstats --id 1 --seg ./tmp.mri_nu_correct.mni.13825/ones.mgz --i orig.mgz --sum ./tmp.mri_nu_correct.mni.13825/sum.junk --avgwf ./tmp.mri_nu_correct.mni.13825/input.mean.dat 
sysname  Linux
hostname spock7-c2-1
machine  x86_64
user     robertdh
whitesurfname  white
UseRobust  0
Loading ./tmp.mri_nu_correct.mni.13825/ones.mgz
Loading orig.mgz
Voxel Volume is 1 mm^3
Generating list of segmentation ids
Found   1 segmentations
Computing statistics for each segmentation

Reporting on   1 segmentations
Using PrintSegStat
Computing spatial average of each frame

Writing to ./tmp.mri_nu_correct.mni.13825/input.mean.dat
mri_segstats done
mri_segstats --id 1 --seg ./tmp.mri_nu_correct.mni.13825/ones.mgz --i ./tmp.mri_nu_correct.mni.13825/nu0.mgz --sum ./tmp.mri_nu_correct.mni.13825/sum.junk --avgwf ./tmp.mri_nu_correct.mni.13825/output.mean.dat

7.3.2
cwd 
cmdline mri_segstats --id 1 --seg ./tmp.mri_nu_correct.mni.13825/ones.mgz --i ./tmp.mri_nu_correct.mni.13825/nu0.mgz --sum ./tmp.mri_nu_correct.mni.13825/sum.junk --avgwf ./tmp.mri_nu_correct.mni.13825/output.mean.dat 
sysname  Linux
hostname spock7-c2-1
machine  x86_64
user     robertdh
whitesurfname  white
UseRobust  0
Loading ./tmp.mri_nu_correct.mni.13825/ones.mgz
Loading ./tmp.mri_nu_correct.mni.13825/nu0.mgz
Voxel Volume is 1 mm^3
Generating list of segmentation ids
Found   1 segmentations
Computing statistics for each segmentation

Reporting on   1 segmentations
Using PrintSegStat
Computing spatial average of each frame

Writing to ./tmp.mri_nu_correct.mni.13825/output.mean.dat
mri_segstats done
mris_calc -o ./tmp.mri_nu_correct.mni.13825/nu0.mgz ./tmp.mri_nu_correct.mni.13825/nu0.mgz mul 1.13393242343524451168
mri_convert ./tmp.mri_nu_correct.mni.13825/nu0.mgz nu.mgz --like orig.mgz
mri_convert ./tmp.mri_nu_correct.mni.13825/nu0.mgz nu.mgz --like orig.mgz 
reading from ./tmp.mri_nu_correct.mni.13825/nu0.mgz...
TR=0.00, TE=0.00, TI=0.00, flip angle=0.00
i_ras = (-1, 1.74623e-09, 9.31323e-10)
j_ras = (0, 1.49012e-08, -1)
k_ras = (1.97906e-09, 1, 0)
INFO: transform src into the like-volume: orig.mgz
writing to nu.mgz...
mri_make_uchar nu.mgz transforms/talairach.xfm nu.mgz
type change took 0 minutes and 5 seconds.
FIRST_PERCENTILE 0.010000
WM_PERCENTILE    0.900000
MAX_R 50.000000
i1 = 3, i2 = 49
#mri_make_uchar# mapping  7 112 to  3 110  :  b -4.45761 m 1.02323 : thresh 4.35639 maxsat 253.566 : nzero 12220047 nsat 6
 
 
Sun Aug 13 21:53:49 UTC 2023
mri_nu_correct.mni done
