status file for recon-all
Mon Aug 14 04:43:53 UTC 2023
#@# MotionCor Mon Aug 14 04:43:57 UTC 2023
#@# Talairach Mon Aug 14 04:44:06 UTC 2023
#@# Talairach Failure Detection Mon Aug 14 04:48:22 UTC 2023
#@# Nu Intensity Correction Mon Aug 14 04:48:22 UTC 2023
#@# Intensity Normalization Mon Aug 14 04:52:37 UTC 2023
recon-all -s sub-s013 finished without error at Mon Aug 14 04:54:20 UTC 2023



#New# invocation of recon-all 



status file for recon-all
Mon Aug 14 05:10:23 UTC 2023
#@# EM Registration Mon Aug 14 05:10:23 UTC 2023
recon-all -s sub-s013 finished without error at Mon Aug 14 05:12:32 UTC 2023



#New# invocation of recon-all 



status file for recon-all
Mon Aug 14 05:12:34 UTC 2023
#@# CA Normalize Mon Aug 14 05:12:34 UTC 2023
#@# CA Reg Mon Aug 14 05:13:40 UTC 2023
#@# SubCort Seg Mon Aug 14 05:59:28 UTC 2023
#@# CC Seg Mon Aug 14 06:35:52 UTC 2023
#@# Merge ASeg Mon Aug 14 06:36:25 UTC 2023
#@# Intensity Normalization2 Mon Aug 14 06:36:25 UTC 2023
#@# Mask BFS Mon Aug 14 06:38:45 UTC 2023
#@# WM Segmentation Mon Aug 14 06:38:46 UTC 2023
#@# Fill Mon Aug 14 06:41:32 UTC 2023
recon-all -s sub-s013 finished without error at Mon Aug 14 06:42:42 UTC 2023



#New# invocation of recon-all 



status file for recon-all
Mon Aug 14 07:58:35 UTC 2023
#@# white curv lh Mon Aug 14 07:58:35 UTC 2023
#@# white area lh Mon Aug 14 07:58:35 UTC 2023
#@# pial curv lh Mon Aug 14 07:58:35 UTC 2023
#@# pial area lh Mon Aug 14 07:58:35 UTC 2023
#@# thickness lh Mon Aug 14 07:58:35 UTC 2023
#@# area and vertex vol lh Mon Aug 14 07:58:35 UTC 2023
#@# white curv rh Mon Aug 14 07:58:35 UTC 2023
#@# white area rh Mon Aug 14 07:58:35 UTC 2023
#@# pial curv rh Mon Aug 14 07:58:35 UTC 2023
#@# pial area rh Mon Aug 14 07:58:35 UTC 2023
#@# thickness rh Mon Aug 14 07:58:35 UTC 2023
#@# area and vertex vol rh Mon Aug 14 07:58:35 UTC 2023
#@# Cortical ribbon mask Mon Aug 14 07:58:35 UTC 2023
recon-all -s sub-s013 finished without error at Mon Aug 14 08:07:19 UTC 2023



#New# invocation of recon-all 



status file for recon-all
Mon Aug 14 08:43:43 UTC 2023
#@# white curv lh Mon Aug 14 08:43:43 UTC 2023
#@# white area lh Mon Aug 14 08:43:43 UTC 2023
#@# pial curv lh Mon Aug 14 08:43:43 UTC 2023
#@# pial area lh Mon Aug 14 08:43:43 UTC 2023
#@# thickness lh Mon Aug 14 08:43:43 UTC 2023
#@# area and vertex vol lh Mon Aug 14 08:43:43 UTC 2023
#@# white curv rh Mon Aug 14 08:43:43 UTC 2023
#@# white area rh Mon Aug 14 08:43:43 UTC 2023
#@# pial curv rh Mon Aug 14 08:43:43 UTC 2023
#@# pial area rh Mon Aug 14 08:43:43 UTC 2023
#@# thickness rh Mon Aug 14 08:43:43 UTC 2023
#@# area and vertex vol rh Mon Aug 14 08:43:43 UTC 2023
#@# Curvature Stats lh Mon Aug 14 08:43:43 UTC 2023
#@# Curvature Stats rh Mon Aug 14 08:43:47 UTC 2023
#@# Relabel Hypointensities Mon Aug 14 08:43:50 UTC 2023
#@# APas-to-ASeg Mon Aug 14 08:44:11 UTC 2023
#@# AParc-to-ASeg aparc Mon Aug 14 08:44:22 UTC 2023
#@# AParc-to-ASeg aparc.a2009s Mon Aug 14 08:45:32 UTC 2023
#@# AParc-to-ASeg aparc.DKTatlas Mon Aug 14 08:46:43 UTC 2023
#@# WMParc Mon Aug 14 08:47:54 UTC 2023
#@# ASeg Stats Mon Aug 14 08:50:29 UTC 2023
recon-all -s sub-s013 finished without error at Mon Aug 14 08:51:00 UTC 2023
