status file for recon-all
Mon Aug 14 07:14:26 UTC 2023
#@# Tessellate rh Mon Aug 14 07:14:26 UTC 2023
#@# Smooth1 rh Mon Aug 14 07:14:31 UTC 2023
#@# Inflation1 rh Mon Aug 14 07:14:34 UTC 2023
#@# QSphere rh Mon Aug 14 07:14:47 UTC 2023
#@# Fix Topology rh Mon Aug 14 07:16:00 UTC 2023
#@# Smooth2 rh Mon Aug 14 07:27:39 UTC 2023
#@# Inflation2 rh Mon Aug 14 07:27:42 UTC 2023
#@# Curv .H and .K rh Mon Aug 14 07:27:57 UTC 2023
#@# Sphere rh Mon Aug 14 07:29:00 UTC 2023
#@# Surf Reg rh Mon Aug 14 07:37:04 UTC 2023
#@# Jacobian white rh Mon Aug 14 07:45:25 UTC 2023
#@# AvgCurv rh Mon Aug 14 07:45:26 UTC 2023
#@# Cortical Parc rh Mon Aug 14 07:45:27 UTC 2023
#@# white curv rh Mon Aug 14 07:57:00 UTC 2023
#@# white area rh Mon Aug 14 07:57:02 UTC 2023
#@# pial curv rh Mon Aug 14 07:57:03 UTC 2023
#@# pial area rh Mon Aug 14 07:57:05 UTC 2023
#@# thickness rh Mon Aug 14 07:57:06 UTC 2023
#@# area and vertex vol rh Mon Aug 14 07:57:48 UTC 2023
#@# Curvature Stats rh Mon Aug 14 07:57:50 UTC 2023
#@# Cortical Parc 2 rh Mon Aug 14 07:57:54 UTC 2023
#@# Cortical Parc 3 rh Mon Aug 14 07:58:12 UTC 2023
#@# WM/GM Contrast rh Mon Aug 14 07:58:26 UTC 2023
recon-all -s sub-s013 finished without error at Mon Aug 14 07:58:30 UTC 2023



#New# invocation of recon-all 



status file for recon-all
Mon Aug 14 08:38:35 UTC 2023
#@# white curv rh Mon Aug 14 08:38:35 UTC 2023
#@# white area rh Mon Aug 14 08:38:35 UTC 2023
#@# pial curv rh Mon Aug 14 08:38:35 UTC 2023
#@# pial area rh Mon Aug 14 08:38:35 UTC 2023
#@# thickness rh Mon Aug 14 08:38:35 UTC 2023
#@# area and vertex vol rh Mon Aug 14 08:38:35 UTC 2023
#@# Parcellation Stats rh Mon Aug 14 08:38:36 UTC 2023
#@# Parcellation Stats 2 rh Mon Aug 14 08:39:08 UTC 2023
#@# Parcellation Stats 3 rh Mon Aug 14 08:39:25 UTC 2023
#@# BA_exvivo Labels rh Mon Aug 14 08:39:41 UTC 2023
recon-all -s sub-s013 finished without error at Mon Aug 14 08:43:38 UTC 2023
