status file for recon-all
Mon Aug 14 06:42:55 UTC 2023
#@# Tessellate lh Mon Aug 14 06:42:55 UTC 2023
#@# Smooth1 lh Mon Aug 14 06:43:00 UTC 2023
#@# Inflation1 lh Mon Aug 14 06:43:04 UTC 2023
#@# QSphere lh Mon Aug 14 06:43:16 UTC 2023
#@# Fix Topology lh Mon Aug 14 06:44:29 UTC 2023
#@# Smooth2 lh Mon Aug 14 06:55:14 UTC 2023
#@# Inflation2 lh Mon Aug 14 06:55:18 UTC 2023
#@# Curv .H and .K lh Mon Aug 14 06:55:32 UTC 2023
#@# Sphere lh Mon Aug 14 06:56:35 UTC 2023
#@# Surf Reg lh Mon Aug 14 07:00:41 UTC 2023
#@# Jacobian white lh Mon Aug 14 07:05:25 UTC 2023
#@# AvgCurv lh Mon Aug 14 07:05:26 UTC 2023
#@# Cortical Parc lh Mon Aug 14 07:05:27 UTC 2023
#@# white curv lh Mon Aug 14 07:12:54 UTC 2023
#@# white area lh Mon Aug 14 07:12:56 UTC 2023
#@# pial curv lh Mon Aug 14 07:12:57 UTC 2023
#@# pial area lh Mon Aug 14 07:12:59 UTC 2023
#@# thickness lh Mon Aug 14 07:13:00 UTC 2023
#@# area and vertex vol lh Mon Aug 14 07:13:42 UTC 2023
#@# Curvature Stats lh Mon Aug 14 07:13:44 UTC 2023
#@# Cortical Parc 2 lh Mon Aug 14 07:13:47 UTC 2023
#@# Cortical Parc 3 lh Mon Aug 14 07:14:06 UTC 2023
#@# WM/GM Contrast lh Mon Aug 14 07:14:19 UTC 2023
recon-all -s sub-s013 finished without error at Mon Aug 14 07:14:24 UTC 2023



#New# invocation of recon-all 



status file for recon-all
Mon Aug 14 08:33:29 UTC 2023
#@# white curv lh Mon Aug 14 08:33:29 UTC 2023
#@# white area lh Mon Aug 14 08:33:29 UTC 2023
#@# pial curv lh Mon Aug 14 08:33:29 UTC 2023
#@# pial area lh Mon Aug 14 08:33:29 UTC 2023
#@# thickness lh Mon Aug 14 08:33:29 UTC 2023
#@# area and vertex vol lh Mon Aug 14 08:33:29 UTC 2023
#@# Parcellation Stats lh Mon Aug 14 08:33:29 UTC 2023
#@# Parcellation Stats 2 lh Mon Aug 14 08:34:01 UTC 2023
#@# Parcellation Stats 3 lh Mon Aug 14 08:34:18 UTC 2023
#@# BA_exvivo Labels lh Mon Aug 14 08:34:34 UTC 2023
recon-all -s sub-s013 finished without error at Mon Aug 14 08:38:31 UTC 2023
