Log file for defect2seg
Mon Aug 14 05:42:48 UTC 2023

setenv SUBJECTS_DIR /project/data/bids/derivatives/sourcedata/freesurfer
cd /project/data/bids/derivatives/sourcedata/freesurfer/sub-s016/scripts
/opt/freesurfer/bin/defect2seg --s sub-s016 --rh-only --cortex

freesurfer-linux-ubuntu22_x86_64-7.3.2-20220804-6354275
defect2seg 7.3.2
Linux spock7-c0-12 3.10.0-1160.59.1.el7.x86_64 #1 SMP Tue Feb 22 16:51:50 EST 2022 x86_64 x86_64 x86_64 GNU/Linux
pid 18936
mri_label2label --label-cortex /project/data/bids/derivatives/sourcedata/freesurfer/sub-s016/surf/rh.orig.nofix /project/data/bids/derivatives/sourcedata/freesurfer/sub-s016/mri/aseg.presurf.mgz 0 /project/data/bids/derivatives/sourcedata/freesurfer/sub-s016/label/rh.nofix.cortex.label

 Generating cortex label... RemoveHipAmgy=0
 NucAccIsMedialWall=0
 mris->useRealRAS=0
18 non-cortical segments detected
only using segment with 7774 vertices
erasing segment 1 (vno[0] = 69310)
erasing segment 2 (vno[0] = 72916)
erasing segment 3 (vno[0] = 88797)
erasing segment 4 (vno[0] = 91149)
erasing segment 5 (vno[0] = 95695)
erasing segment 6 (vno[0] = 96507)
erasing segment 7 (vno[0] = 99947)
erasing segment 8 (vno[0] = 99959)
erasing segment 9 (vno[0] = 99972)
erasing segment 10 (vno[0] = 100880)
erasing segment 11 (vno[0] = 101936)
erasing segment 12 (vno[0] = 104155)
erasing segment 13 (vno[0] = 105508)
erasing segment 14 (vno[0] = 109304)
erasing segment 15 (vno[0] = 123106)
erasing segment 16 (vno[0] = 123813)
erasing segment 17 (vno[0] = 123853)
mri_label2vol --defects /project/data/bids/derivatives/sourcedata/freesurfer/sub-s016/surf/rh.orig.nofix /project/data/bids/derivatives/sourcedata/freesurfer/sub-s016/surf/rh.defect_labels /project/data/bids/derivatives/sourcedata/freesurfer/sub-s016/mri/orig.mgz 2000 0 /project/data/bids/derivatives/sourcedata/freesurfer/sub-s016/mri/rh.surface.defects.mgz /project/data/bids/derivatives/sourcedata/freesurfer/sub-s016/label/rh.nofix.cortex.label
mri_label2vol supposed to be reproducible but seed not set
Contraining to label /project/data/bids/derivatives/sourcedata/freesurfer/sub-s016/label/rh.nofix.cortex.label
Changing input type 0 to MRI_INT
Converting defects to volume: offset=2000, merge=0
Writing to /project/data/bids/derivatives/sourcedata/freesurfer/sub-s016/mri/rh.surface.defects.mgz
mris_defects_pointset -s /project/data/bids/derivatives/sourcedata/freesurfer/sub-s016/surf/rh.orig.nofix -d /project/data/bids/derivatives/sourcedata/freesurfer/sub-s016/surf/rh.defect_labels -o /project/data/bids/derivatives/sourcedata/freesurfer/sub-s016/surf/rh.defects.pointset --label /project/data/bids/derivatives/sourcedata/freesurfer/sub-s016/label/rh.nofix.cortex.label
Reading in surface /project/data/bids/derivatives/sourcedata/freesurfer/sub-s016/surf/rh.orig.nofix
Reading in defect segmentation /project/data/bids/derivatives/sourcedata/freesurfer/sub-s016/surf/rh.defect_labels
Reading in label /project/data/bids/derivatives/sourcedata/freesurfer/sub-s016/label/rh.nofix.cortex.label
#VMPC# mris_defects_pointset 685688
mris_defects_pointset done
 
Started at Mon Aug 14 05:42:48 UTC 2023 
Ended   at Mon Aug 14 05:43:08 UTC 2023
Defect2seg-Run-Time-Sec 20
Defect2seg-Run-Time-Min 0.40
Defect2seg-Run-Time-Hours 0.01
 
defect2seg Done
