status file for recon-all
Mon Aug 14 05:12:34 UTC 2023
#@# Tessellate lh Mon Aug 14 05:12:34 UTC 2023
#@# Smooth1 lh Mon Aug 14 05:12:40 UTC 2023
#@# Inflation1 lh Mon Aug 14 05:12:44 UTC 2023
#@# QSphere lh Mon Aug 14 05:12:56 UTC 2023
#@# Fix Topology lh Mon Aug 14 05:14:06 UTC 2023
#@# Smooth2 lh Mon Aug 14 05:22:08 UTC 2023
#@# Inflation2 lh Mon Aug 14 05:22:12 UTC 2023
#@# Curv .H and .K lh Mon Aug 14 05:22:25 UTC 2023
#@# Sphere lh Mon Aug 14 05:23:29 UTC 2023
#@# Surf Reg lh Mon Aug 14 05:27:06 UTC 2023
#@# Jacobian white lh Mon Aug 14 05:31:49 UTC 2023
#@# AvgCurv lh Mon Aug 14 05:31:50 UTC 2023
#@# Cortical Parc lh Mon Aug 14 05:31:51 UTC 2023
#@# white curv lh Mon Aug 14 05:38:59 UTC 2023
#@# white area lh Mon Aug 14 05:39:02 UTC 2023
#@# pial curv lh Mon Aug 14 05:39:03 UTC 2023
#@# pial area lh Mon Aug 14 05:39:05 UTC 2023
#@# thickness lh Mon Aug 14 05:39:06 UTC 2023
#@# area and vertex vol lh Mon Aug 14 05:39:47 UTC 2023
#@# Curvature Stats lh Mon Aug 14 05:39:49 UTC 2023
#@# Cortical Parc 2 lh Mon Aug 14 05:39:52 UTC 2023
#@# Cortical Parc 3 lh Mon Aug 14 05:40:10 UTC 2023
#@# WM/GM Contrast lh Mon Aug 14 05:40:24 UTC 2023
recon-all -s sub-s016 finished without error at Mon Aug 14 05:40:28 UTC 2023



#New# invocation of recon-all 



status file for recon-all
Mon Aug 14 06:44:58 UTC 2023
#@# white curv lh Mon Aug 14 06:44:58 UTC 2023
#@# white area lh Mon Aug 14 06:44:58 UTC 2023
#@# pial curv lh Mon Aug 14 06:44:58 UTC 2023
#@# pial area lh Mon Aug 14 06:44:58 UTC 2023
#@# thickness lh Mon Aug 14 06:44:58 UTC 2023
#@# area and vertex vol lh Mon Aug 14 06:44:58 UTC 2023
#@# Parcellation Stats lh Mon Aug 14 06:44:58 UTC 2023
#@# Parcellation Stats 2 lh Mon Aug 14 06:45:30 UTC 2023
#@# Parcellation Stats 3 lh Mon Aug 14 06:45:46 UTC 2023
#@# BA_exvivo Labels lh Mon Aug 14 06:46:02 UTC 2023
recon-all -s sub-s016 finished without error at Mon Aug 14 06:49:53 UTC 2023
