status file for recon-all
Mon Aug 14 05:40:31 UTC 2023
#@# Tessellate rh Mon Aug 14 05:40:31 UTC 2023
#@# Smooth1 rh Mon Aug 14 05:40:35 UTC 2023
#@# Inflation1 rh Mon Aug 14 05:40:39 UTC 2023
#@# QSphere rh Mon Aug 14 05:40:51 UTC 2023
#@# Fix Topology rh Mon Aug 14 05:42:06 UTC 2023
#@# Smooth2 rh Mon Aug 14 05:49:00 UTC 2023
#@# Inflation2 rh Mon Aug 14 05:49:04 UTC 2023
#@# Curv .H and .K rh Mon Aug 14 05:49:19 UTC 2023
#@# Sphere rh Mon Aug 14 05:50:20 UTC 2023
#@# Surf Reg rh Mon Aug 14 05:56:15 UTC 2023
#@# Jacobian white rh Mon Aug 14 06:03:33 UTC 2023
#@# AvgCurv rh Mon Aug 14 06:03:34 UTC 2023
#@# Cortical Parc rh Mon Aug 14 06:03:35 UTC 2023
#@# white curv rh Mon Aug 14 06:10:58 UTC 2023
#@# white area rh Mon Aug 14 06:11:01 UTC 2023
#@# pial curv rh Mon Aug 14 06:11:02 UTC 2023
#@# pial area rh Mon Aug 14 06:11:04 UTC 2023
#@# thickness rh Mon Aug 14 06:11:05 UTC 2023
#@# area and vertex vol rh Mon Aug 14 06:11:44 UTC 2023
#@# Curvature Stats rh Mon Aug 14 06:11:46 UTC 2023
#@# Cortical Parc 2 rh Mon Aug 14 06:11:49 UTC 2023
#@# Cortical Parc 3 rh Mon Aug 14 06:12:07 UTC 2023
#@# WM/GM Contrast rh Mon Aug 14 06:12:20 UTC 2023
recon-all -s sub-s016 finished without error at Mon Aug 14 06:12:25 UTC 2023



#New# invocation of recon-all 



status file for recon-all
Mon Aug 14 06:49:56 UTC 2023
#@# white curv rh Mon Aug 14 06:49:56 UTC 2023
#@# white area rh Mon Aug 14 06:49:56 UTC 2023
#@# pial curv rh Mon Aug 14 06:49:56 UTC 2023
#@# pial area rh Mon Aug 14 06:49:56 UTC 2023
#@# thickness rh Mon Aug 14 06:49:57 UTC 2023
#@# area and vertex vol rh Mon Aug 14 06:49:57 UTC 2023
#@# Parcellation Stats rh Mon Aug 14 06:49:57 UTC 2023
#@# Parcellation Stats 2 rh Mon Aug 14 06:50:28 UTC 2023
#@# Parcellation Stats 3 rh Mon Aug 14 06:50:44 UTC 2023
#@# BA_exvivo Labels rh Mon Aug 14 06:51:00 UTC 2023
recon-all -s sub-s016 finished without error at Mon Aug 14 06:54:54 UTC 2023
