status file for recon-all
Mon Aug 14 10:18:37 UTC 2023
#@# Tessellate rh Mon Aug 14 10:18:37 UTC 2023
#@# Smooth1 rh Mon Aug 14 10:18:44 UTC 2023
#@# Inflation1 rh Mon Aug 14 10:18:49 UTC 2023
#@# QSphere rh Mon Aug 14 10:19:20 UTC 2023
#@# Fix Topology rh Mon Aug 14 10:22:46 UTC 2023
#@# Smooth2 rh Mon Aug 14 10:36:46 UTC 2023
#@# Inflation2 rh Mon Aug 14 10:36:52 UTC 2023
#@# Curv .H and .K rh Mon Aug 14 10:37:32 UTC 2023
#@# Sphere rh Mon Aug 14 10:38:48 UTC 2023
#@# Surf Reg rh Mon Aug 14 10:52:14 UTC 2023
#@# Jacobian white rh Mon Aug 14 11:03:16 UTC 2023
#@# AvgCurv rh Mon Aug 14 11:03:19 UTC 2023
#@# Cortical Parc rh Mon Aug 14 11:03:21 UTC 2023
#@# white curv rh Mon Aug 14 11:16:21 UTC 2023
#@# white area rh Mon Aug 14 11:16:25 UTC 2023
#@# pial curv rh Mon Aug 14 11:16:27 UTC 2023
#@# pial area rh Mon Aug 14 11:16:30 UTC 2023
#@# thickness rh Mon Aug 14 11:16:32 UTC 2023
#@# area and vertex vol rh Mon Aug 14 11:17:39 UTC 2023
#@# Curvature Stats rh Mon Aug 14 11:17:42 UTC 2023
#@# Cortical Parc 2 rh Mon Aug 14 11:17:47 UTC 2023
#@# Cortical Parc 3 rh Mon Aug 14 11:18:15 UTC 2023
#@# WM/GM Contrast rh Mon Aug 14 11:18:37 UTC 2023
recon-all -s sub-s014 finished without error at Mon Aug 14 11:18:43 UTC 2023



#New# invocation of recon-all 



status file for recon-all
Mon Aug 14 12:20:22 UTC 2023
#@# white curv rh Mon Aug 14 12:20:22 UTC 2023
#@# white area rh Mon Aug 14 12:20:22 UTC 2023
#@# pial curv rh Mon Aug 14 12:20:22 UTC 2023
#@# pial area rh Mon Aug 14 12:20:22 UTC 2023
#@# thickness rh Mon Aug 14 12:20:22 UTC 2023
#@# area and vertex vol rh Mon Aug 14 12:20:22 UTC 2023
#@# Parcellation Stats rh Mon Aug 14 12:20:22 UTC 2023
#@# Parcellation Stats 2 rh Mon Aug 14 12:20:56 UTC 2023
#@# Parcellation Stats 3 rh Mon Aug 14 12:21:13 UTC 2023
#@# BA_exvivo Labels rh Mon Aug 14 12:21:30 UTC 2023
recon-all -s sub-s014 finished without error at Mon Aug 14 12:26:27 UTC 2023
