status file for recon-all
Mon Aug 14 04:24:34 UTC 2023
#@# MotionCor Mon Aug 14 04:24:39 UTC 2023
#@# Talairach Mon Aug 14 04:24:58 UTC 2023
#@# Talairach Failure Detection Mon Aug 14 04:30:05 UTC 2023
#@# Nu Intensity Correction Mon Aug 14 04:30:05 UTC 2023
#@# Intensity Normalization Mon Aug 14 04:35:02 UTC 2023
recon-all -s sub-s014 finished without error at Mon Aug 14 04:37:07 UTC 2023



#New# invocation of recon-all 



status file for recon-all
Mon Aug 14 05:01:14 UTC 2023
#@# EM Registration Mon Aug 14 05:01:14 UTC 2023
recon-all -s sub-s014 finished without error at Mon Aug 14 05:07:44 UTC 2023



#New# invocation of recon-all 



status file for recon-all
Mon Aug 14 05:07:48 UTC 2023
#@# CA Normalize Mon Aug 14 05:07:48 UTC 2023
#@# CA Reg Mon Aug 14 05:09:08 UTC 2023
#@# SubCort Seg Mon Aug 14 07:49:27 UTC 2023
#@# CC Seg Mon Aug 14 08:49:43 UTC 2023
#@# Merge ASeg Mon Aug 14 08:50:31 UTC 2023
#@# Intensity Normalization2 Mon Aug 14 08:50:31 UTC 2023
#@# Mask BFS Mon Aug 14 08:53:46 UTC 2023
#@# WM Segmentation Mon Aug 14 08:53:48 UTC 2023
#@# Fill Mon Aug 14 08:56:57 UTC 2023
recon-all -s sub-s014 finished without error at Mon Aug 14 08:59:05 UTC 2023



#New# invocation of recon-all 



status file for recon-all
Mon Aug 14 11:18:48 UTC 2023
#@# white curv lh Mon Aug 14 11:18:48 UTC 2023
#@# white area lh Mon Aug 14 11:18:48 UTC 2023
#@# pial curv lh Mon Aug 14 11:18:48 UTC 2023
#@# pial area lh Mon Aug 14 11:18:48 UTC 2023
#@# thickness lh Mon Aug 14 11:18:48 UTC 2023
#@# area and vertex vol lh Mon Aug 14 11:18:48 UTC 2023
#@# white curv rh Mon Aug 14 11:18:48 UTC 2023
#@# white area rh Mon Aug 14 11:18:48 UTC 2023
#@# pial curv rh Mon Aug 14 11:18:48 UTC 2023
#@# pial area rh Mon Aug 14 11:18:48 UTC 2023
#@# thickness rh Mon Aug 14 11:18:48 UTC 2023
#@# area and vertex vol rh Mon Aug 14 11:18:48 UTC 2023
#@# Cortical ribbon mask Mon Aug 14 11:18:48 UTC 2023
recon-all -s sub-s014 finished without error at Mon Aug 14 11:38:03 UTC 2023



#New# invocation of recon-all 



status file for recon-all
Mon Aug 14 12:26:32 UTC 2023
#@# white curv lh Mon Aug 14 12:26:32 UTC 2023
#@# white area lh Mon Aug 14 12:26:32 UTC 2023
#@# pial curv lh Mon Aug 14 12:26:32 UTC 2023
#@# pial area lh Mon Aug 14 12:26:32 UTC 2023
#@# thickness lh Mon Aug 14 12:26:32 UTC 2023
#@# area and vertex vol lh Mon Aug 14 12:26:32 UTC 2023
#@# white curv rh Mon Aug 14 12:26:32 UTC 2023
#@# white area rh Mon Aug 14 12:26:32 UTC 2023
#@# pial curv rh Mon Aug 14 12:26:32 UTC 2023
#@# pial area rh Mon Aug 14 12:26:32 UTC 2023
#@# thickness rh Mon Aug 14 12:26:32 UTC 2023
#@# area and vertex vol rh Mon Aug 14 12:26:32 UTC 2023
#@# Curvature Stats lh Mon Aug 14 12:26:32 UTC 2023
#@# Curvature Stats rh Mon Aug 14 12:26:36 UTC 2023
#@# Relabel Hypointensities Mon Aug 14 12:26:40 UTC 2023
#@# APas-to-ASeg Mon Aug 14 12:27:03 UTC 2023
#@# AParc-to-ASeg aparc Mon Aug 14 12:27:18 UTC 2023
#@# AParc-to-ASeg aparc.a2009s Mon Aug 14 12:29:09 UTC 2023
#@# AParc-to-ASeg aparc.DKTatlas Mon Aug 14 12:31:01 UTC 2023
#@# WMParc Mon Aug 14 12:32:53 UTC 2023
#@# ASeg Stats Mon Aug 14 12:36:45 UTC 2023
recon-all -s sub-s014 finished without error at Mon Aug 14 12:37:51 UTC 2023
