status file for recon-all
Mon Aug 14 08:59:22 UTC 2023
#@# Tessellate lh Mon Aug 14 08:59:22 UTC 2023
#@# Smooth1 lh Mon Aug 14 08:59:30 UTC 2023
#@# Inflation1 lh Mon Aug 14 08:59:35 UTC 2023
#@# QSphere lh Mon Aug 14 09:00:07 UTC 2023
#@# Fix Topology lh Mon Aug 14 09:03:35 UTC 2023
#@# Smooth2 lh Mon Aug 14 09:22:27 UTC 2023
#@# Inflation2 lh Mon Aug 14 09:22:33 UTC 2023
#@# Curv .H and .K lh Mon Aug 14 09:23:14 UTC 2023
#@# Sphere lh Mon Aug 14 09:24:30 UTC 2023
#@# Surf Reg lh Mon Aug 14 09:44:41 UTC 2023
#@# Jacobian white lh Mon Aug 14 10:02:25 UTC 2023
#@# AvgCurv lh Mon Aug 14 10:02:27 UTC 2023
#@# Cortical Parc lh Mon Aug 14 10:02:28 UTC 2023
#@# white curv lh Mon Aug 14 10:16:01 UTC 2023
#@# white area lh Mon Aug 14 10:16:05 UTC 2023
#@# pial curv lh Mon Aug 14 10:16:07 UTC 2023
#@# pial area lh Mon Aug 14 10:16:10 UTC 2023
#@# thickness lh Mon Aug 14 10:16:12 UTC 2023
#@# area and vertex vol lh Mon Aug 14 10:17:23 UTC 2023
#@# Curvature Stats lh Mon Aug 14 10:17:28 UTC 2023
#@# Cortical Parc 2 lh Mon Aug 14 10:17:35 UTC 2023
#@# Cortical Parc 3 lh Mon Aug 14 10:18:04 UTC 2023
#@# WM/GM Contrast lh Mon Aug 14 10:18:26 UTC 2023
recon-all -s sub-s014 finished without error at Mon Aug 14 10:18:33 UTC 2023



#New# invocation of recon-all 



status file for recon-all
Mon Aug 14 12:14:12 UTC 2023
#@# white curv lh Mon Aug 14 12:14:13 UTC 2023
#@# white area lh Mon Aug 14 12:14:13 UTC 2023
#@# pial curv lh Mon Aug 14 12:14:13 UTC 2023
#@# pial area lh Mon Aug 14 12:14:13 UTC 2023
#@# thickness lh Mon Aug 14 12:14:13 UTC 2023
#@# area and vertex vol lh Mon Aug 14 12:14:13 UTC 2023
#@# Parcellation Stats lh Mon Aug 14 12:14:13 UTC 2023
#@# Parcellation Stats 2 lh Mon Aug 14 12:14:47 UTC 2023
#@# Parcellation Stats 3 lh Mon Aug 14 12:15:04 UTC 2023
#@# BA_exvivo Labels lh Mon Aug 14 12:15:21 UTC 2023
recon-all -s sub-s014 finished without error at Mon Aug 14 12:20:19 UTC 2023
