status file for recon-all
Mon Aug 14 00:31:40 UTC 2023
#@# Tessellate lh Mon Aug 14 00:31:40 UTC 2023
#@# Smooth1 lh Mon Aug 14 00:31:45 UTC 2023
#@# Inflation1 lh Mon Aug 14 00:31:48 UTC 2023
#@# QSphere lh Mon Aug 14 00:32:00 UTC 2023
#@# Fix Topology lh Mon Aug 14 00:33:15 UTC 2023
#@# Smooth2 lh Mon Aug 14 00:41:16 UTC 2023
#@# Inflation2 lh Mon Aug 14 00:41:19 UTC 2023
#@# Curv .H and .K lh Mon Aug 14 00:41:33 UTC 2023
#@# Sphere lh Mon Aug 14 00:42:27 UTC 2023
#@# Surf Reg lh Mon Aug 14 00:45:16 UTC 2023
#@# Jacobian white lh Mon Aug 14 00:49:06 UTC 2023
#@# AvgCurv lh Mon Aug 14 00:49:07 UTC 2023
#@# Cortical Parc lh Mon Aug 14 00:49:08 UTC 2023
#@# white curv lh Mon Aug 14 00:57:07 UTC 2023
#@# white area lh Mon Aug 14 00:57:09 UTC 2023
#@# pial curv lh Mon Aug 14 00:57:10 UTC 2023
#@# pial area lh Mon Aug 14 00:57:12 UTC 2023
#@# thickness lh Mon Aug 14 00:57:13 UTC 2023
#@# area and vertex vol lh Mon Aug 14 00:57:48 UTC 2023
#@# Curvature Stats lh Mon Aug 14 00:57:50 UTC 2023
#@# Cortical Parc 2 lh Mon Aug 14 00:57:53 UTC 2023
#@# Cortical Parc 3 lh Mon Aug 14 00:58:13 UTC 2023
#@# WM/GM Contrast lh Mon Aug 14 00:58:26 UTC 2023
recon-all -s sub-s020 finished without error at Mon Aug 14 00:58:31 UTC 2023



#New# invocation of recon-all 



status file for recon-all
Mon Aug 14 02:06:54 UTC 2023
#@# white curv lh Mon Aug 14 02:06:54 UTC 2023
#@# white area lh Mon Aug 14 02:06:54 UTC 2023
#@# pial curv lh Mon Aug 14 02:06:54 UTC 2023
#@# pial area lh Mon Aug 14 02:06:54 UTC 2023
#@# thickness lh Mon Aug 14 02:06:54 UTC 2023
#@# area and vertex vol lh Mon Aug 14 02:06:54 UTC 2023
#@# Parcellation Stats lh Mon Aug 14 02:06:54 UTC 2023
#@# Parcellation Stats 2 lh Mon Aug 14 02:07:21 UTC 2023
#@# Parcellation Stats 3 lh Mon Aug 14 02:07:34 UTC 2023
#@# BA_exvivo Labels lh Mon Aug 14 02:07:47 UTC 2023
recon-all -s sub-s020 finished without error at Mon Aug 14 02:11:44 UTC 2023
