status file for recon-all
Mon Aug 14 00:58:34 UTC 2023
#@# Tessellate rh Mon Aug 14 00:58:34 UTC 2023
#@# Smooth1 rh Mon Aug 14 00:58:38 UTC 2023
#@# Inflation1 rh Mon Aug 14 00:58:41 UTC 2023
#@# QSphere rh Mon Aug 14 00:58:53 UTC 2023
#@# Fix Topology rh Mon Aug 14 01:00:08 UTC 2023
#@# Smooth2 rh Mon Aug 14 01:11:43 UTC 2023
#@# Inflation2 rh Mon Aug 14 01:11:46 UTC 2023
#@# Curv .H and .K rh Mon Aug 14 01:12:00 UTC 2023
#@# Sphere rh Mon Aug 14 01:12:53 UTC 2023
#@# Surf Reg rh Mon Aug 14 01:16:48 UTC 2023
#@# Jacobian white rh Mon Aug 14 01:21:00 UTC 2023
#@# AvgCurv rh Mon Aug 14 01:21:01 UTC 2023
#@# Cortical Parc rh Mon Aug 14 01:21:02 UTC 2023
#@# white curv rh Mon Aug 14 01:30:01 UTC 2023
#@# white area rh Mon Aug 14 01:30:03 UTC 2023
#@# pial curv rh Mon Aug 14 01:30:04 UTC 2023
#@# pial area rh Mon Aug 14 01:30:06 UTC 2023
#@# thickness rh Mon Aug 14 01:30:07 UTC 2023
#@# area and vertex vol rh Mon Aug 14 01:30:43 UTC 2023
#@# Curvature Stats rh Mon Aug 14 01:30:45 UTC 2023
#@# Cortical Parc 2 rh Mon Aug 14 01:30:48 UTC 2023
#@# Cortical Parc 3 rh Mon Aug 14 01:31:06 UTC 2023
#@# WM/GM Contrast rh Mon Aug 14 01:31:19 UTC 2023
recon-all -s sub-s020 finished without error at Mon Aug 14 01:31:23 UTC 2023



#New# invocation of recon-all 



status file for recon-all
Mon Aug 14 02:11:47 UTC 2023
#@# white curv rh Mon Aug 14 02:11:47 UTC 2023
#@# white area rh Mon Aug 14 02:11:47 UTC 2023
#@# pial curv rh Mon Aug 14 02:11:47 UTC 2023
#@# pial area rh Mon Aug 14 02:11:48 UTC 2023
#@# thickness rh Mon Aug 14 02:11:48 UTC 2023
#@# area and vertex vol rh Mon Aug 14 02:11:48 UTC 2023
#@# Parcellation Stats rh Mon Aug 14 02:11:48 UTC 2023
#@# Parcellation Stats 2 rh Mon Aug 14 02:12:13 UTC 2023
#@# Parcellation Stats 3 rh Mon Aug 14 02:12:26 UTC 2023
#@# BA_exvivo Labels rh Mon Aug 14 02:12:39 UTC 2023
recon-all -s sub-s020 finished without error at Mon Aug 14 02:16:29 UTC 2023
