status file for recon-all
Sun Aug 13 22:57:28 UTC 2023
#@# Tessellate rh Sun Aug 13 22:57:28 UTC 2023
#@# Smooth1 rh Sun Aug 13 22:57:32 UTC 2023
#@# Inflation1 rh Sun Aug 13 22:57:35 UTC 2023
#@# QSphere rh Sun Aug 13 22:57:46 UTC 2023
#@# Fix Topology rh Sun Aug 13 22:58:58 UTC 2023
#@# Smooth2 rh Sun Aug 13 23:05:25 UTC 2023
#@# Inflation2 rh Sun Aug 13 23:05:28 UTC 2023
#@# Curv .H and .K rh Sun Aug 13 23:05:40 UTC 2023
#@# Sphere rh Sun Aug 13 23:06:36 UTC 2023
#@# Surf Reg rh Sun Aug 13 23:09:03 UTC 2023
#@# Jacobian white rh Sun Aug 13 23:13:19 UTC 2023
#@# AvgCurv rh Sun Aug 13 23:13:20 UTC 2023
#@# Cortical Parc rh Sun Aug 13 23:13:21 UTC 2023
#@# white curv rh Sun Aug 13 23:19:55 UTC 2023
#@# white area rh Sun Aug 13 23:19:57 UTC 2023
#@# pial curv rh Sun Aug 13 23:19:57 UTC 2023
#@# pial area rh Sun Aug 13 23:19:59 UTC 2023
#@# thickness rh Sun Aug 13 23:20:00 UTC 2023
#@# area and vertex vol rh Sun Aug 13 23:20:32 UTC 2023
#@# Curvature Stats rh Sun Aug 13 23:20:33 UTC 2023
#@# Cortical Parc 2 rh Sun Aug 13 23:20:36 UTC 2023
#@# Cortical Parc 3 rh Sun Aug 13 23:20:51 UTC 2023
#@# WM/GM Contrast rh Sun Aug 13 23:21:02 UTC 2023
recon-all -s sub-p021 finished without error at Sun Aug 13 23:21:06 UTC 2023



#New# invocation of recon-all 



status file for recon-all
Sun Aug 13 23:57:08 UTC 2023
#@# white curv rh Sun Aug 13 23:57:09 UTC 2023
#@# white area rh Sun Aug 13 23:57:09 UTC 2023
#@# pial curv rh Sun Aug 13 23:57:09 UTC 2023
#@# pial area rh Sun Aug 13 23:57:09 UTC 2023
#@# thickness rh Sun Aug 13 23:57:09 UTC 2023
#@# area and vertex vol rh Sun Aug 13 23:57:09 UTC 2023
#@# Parcellation Stats rh Sun Aug 13 23:57:09 UTC 2023
#@# Parcellation Stats 2 rh Sun Aug 13 23:57:34 UTC 2023
#@# Parcellation Stats 3 rh Sun Aug 13 23:57:48 UTC 2023
#@# BA_exvivo Labels rh Sun Aug 13 23:58:01 UTC 2023
recon-all -s sub-p021 finished without error at Mon Aug 14 00:01:29 UTC 2023
