Log file for defect2seg
Mon Aug 21 03:13:07 UTC 2023

setenv SUBJECTS_DIR /project/data/bids/derivatives/sourcedata/freesurfer
cd /project/data/bids/derivatives/sourcedata/freesurfer/sub-p016/scripts
/opt/freesurfer/bin/defect2seg --s sub-p016 --rh-only --cortex

freesurfer-linux-ubuntu22_x86_64-7.3.2-20220804-6354275
defect2seg 7.3.2
Linux spock-login.pni.Princeton.EDU 3.10.0-1160.45.1.el7.x86_64 #1 SMP Fri Oct 15 17:08:46 EDT 2021 x86_64 x86_64 x86_64 GNU/Linux
pid 1122
mri_label2label --label-cortex /project/data/bids/derivatives/sourcedata/freesurfer/sub-p016/surf/rh.orig.nofix /project/data/bids/derivatives/sourcedata/freesurfer/sub-p016/mri/aseg.presurf.mgz 0 /project/data/bids/derivatives/sourcedata/freesurfer/sub-p016/label/rh.nofix.cortex.label

 Generating cortex label... RemoveHipAmgy=0
 NucAccIsMedialWall=0
 mris->useRealRAS=0
11 non-cortical segments detected
only using segment with 7548 vertices
erasing segment 1 (vno[0] = 49743)
erasing segment 2 (vno[0] = 61406)
erasing segment 3 (vno[0] = 61427)
erasing segment 4 (vno[0] = 69185)
erasing segment 5 (vno[0] = 74991)
erasing segment 6 (vno[0] = 76876)
erasing segment 7 (vno[0] = 89842)
erasing segment 8 (vno[0] = 91529)
erasing segment 9 (vno[0] = 92648)
erasing segment 10 (vno[0] = 95786)
mri_label2vol --defects /project/data/bids/derivatives/sourcedata/freesurfer/sub-p016/surf/rh.orig.nofix /project/data/bids/derivatives/sourcedata/freesurfer/sub-p016/surf/rh.defect_labels /project/data/bids/derivatives/sourcedata/freesurfer/sub-p016/mri/orig.mgz 2000 0 /project/data/bids/derivatives/sourcedata/freesurfer/sub-p016/mri/rh.surface.defects.mgz /project/data/bids/derivatives/sourcedata/freesurfer/sub-p016/label/rh.nofix.cortex.label
mri_label2vol supposed to be reproducible but seed not set
Contraining to label /project/data/bids/derivatives/sourcedata/freesurfer/sub-p016/label/rh.nofix.cortex.label
Changing input type 0 to MRI_INT
Converting defects to volume: offset=2000, merge=0
Writing to /project/data/bids/derivatives/sourcedata/freesurfer/sub-p016/mri/rh.surface.defects.mgz
mris_defects_pointset -s /project/data/bids/derivatives/sourcedata/freesurfer/sub-p016/surf/rh.orig.nofix -d /project/data/bids/derivatives/sourcedata/freesurfer/sub-p016/surf/rh.defect_labels -o /project/data/bids/derivatives/sourcedata/freesurfer/sub-p016/surf/rh.defects.pointset --label /project/data/bids/derivatives/sourcedata/freesurfer/sub-p016/label/rh.nofix.cortex.label
Reading in surface /project/data/bids/derivatives/sourcedata/freesurfer/sub-p016/surf/rh.orig.nofix
Reading in defect segmentation /project/data/bids/derivatives/sourcedata/freesurfer/sub-p016/surf/rh.defect_labels
Reading in label /project/data/bids/derivatives/sourcedata/freesurfer/sub-p016/label/rh.nofix.cortex.label
#VMPC# mris_defects_pointset 705236
mris_defects_pointset done
 
Started at Mon Aug 21 03:13:07 UTC 2023 
Ended   at Mon Aug 21 03:13:25 UTC 2023
Defect2seg-Run-Time-Sec 18
Defect2seg-Run-Time-Min 0.36
Defect2seg-Run-Time-Hours 0.00
 
defect2seg Done
