status file for recon-all
Mon Aug 21 02:43:31 UTC 2023
#@# Tessellate lh Mon Aug 21 02:43:31 UTC 2023
#@# Smooth1 lh Mon Aug 21 02:43:37 UTC 2023
#@# Inflation1 lh Mon Aug 21 02:43:40 UTC 2023
#@# QSphere lh Mon Aug 21 02:43:51 UTC 2023
#@# Fix Topology lh Mon Aug 21 02:45:18 UTC 2023
#@# Smooth2 lh Mon Aug 21 02:52:07 UTC 2023
#@# Inflation2 lh Mon Aug 21 02:52:10 UTC 2023
#@# Curv .H and .K lh Mon Aug 21 02:52:24 UTC 2023
#@# Sphere lh Mon Aug 21 02:53:17 UTC 2023
#@# Surf Reg lh Mon Aug 21 02:56:25 UTC 2023
#@# Jacobian white lh Mon Aug 21 03:01:01 UTC 2023
#@# AvgCurv lh Mon Aug 21 03:01:02 UTC 2023
#@# Cortical Parc lh Mon Aug 21 03:01:03 UTC 2023
#@# white curv lh Mon Aug 21 03:09:21 UTC 2023
#@# white area lh Mon Aug 21 03:09:23 UTC 2023
#@# pial curv lh Mon Aug 21 03:09:24 UTC 2023
#@# pial area lh Mon Aug 21 03:09:26 UTC 2023
#@# thickness lh Mon Aug 21 03:09:27 UTC 2023
#@# area and vertex vol lh Mon Aug 21 03:10:05 UTC 2023
#@# Curvature Stats lh Mon Aug 21 03:10:07 UTC 2023
#@# Cortical Parc 2 lh Mon Aug 21 03:10:10 UTC 2023
#@# Cortical Parc 3 lh Mon Aug 21 03:10:28 UTC 2023
#@# WM/GM Contrast lh Mon Aug 21 03:10:40 UTC 2023
recon-all -s sub-p016 finished without error at Mon Aug 21 03:10:44 UTC 2023



#New# invocation of recon-all 



status file for recon-all
Mon Aug 21 04:08:44 UTC 2023
#@# white curv lh Mon Aug 21 04:08:45 UTC 2023
#@# white area lh Mon Aug 21 04:08:45 UTC 2023
#@# pial curv lh Mon Aug 21 04:08:45 UTC 2023
#@# pial area lh Mon Aug 21 04:08:45 UTC 2023
#@# thickness lh Mon Aug 21 04:08:45 UTC 2023
#@# area and vertex vol lh Mon Aug 21 04:08:45 UTC 2023
#@# Parcellation Stats lh Mon Aug 21 04:08:45 UTC 2023
#@# Parcellation Stats 2 lh Mon Aug 21 04:09:14 UTC 2023
#@# Parcellation Stats 3 lh Mon Aug 21 04:09:29 UTC 2023
#@# BA_exvivo Labels lh Mon Aug 21 04:09:44 UTC 2023
recon-all -s sub-p016 finished without error at Mon Aug 21 04:13:50 UTC 2023
