status file for recon-all
Mon Aug 21 03:10:47 UTC 2023
#@# Tessellate rh Mon Aug 21 03:10:47 UTC 2023
#@# Smooth1 rh Mon Aug 21 03:10:53 UTC 2023
#@# Inflation1 rh Mon Aug 21 03:10:56 UTC 2023
#@# QSphere rh Mon Aug 21 03:11:08 UTC 2023
#@# Fix Topology rh Mon Aug 21 03:12:15 UTC 2023
#@# Smooth2 rh Mon Aug 21 03:18:48 UTC 2023
#@# Inflation2 rh Mon Aug 21 03:18:52 UTC 2023
#@# Curv .H and .K rh Mon Aug 21 03:19:07 UTC 2023
#@# Sphere rh Mon Aug 21 03:19:58 UTC 2023
#@# Surf Reg rh Mon Aug 21 03:22:27 UTC 2023
#@# Jacobian white rh Mon Aug 21 03:26:48 UTC 2023
#@# AvgCurv rh Mon Aug 21 03:26:50 UTC 2023
#@# Cortical Parc rh Mon Aug 21 03:26:51 UTC 2023
#@# white curv rh Mon Aug 21 03:35:06 UTC 2023
#@# white area rh Mon Aug 21 03:35:09 UTC 2023
#@# pial curv rh Mon Aug 21 03:35:10 UTC 2023
#@# pial area rh Mon Aug 21 03:35:12 UTC 2023
#@# thickness rh Mon Aug 21 03:35:13 UTC 2023
#@# area and vertex vol rh Mon Aug 21 03:35:50 UTC 2023
#@# Curvature Stats rh Mon Aug 21 03:35:52 UTC 2023
#@# Cortical Parc 2 rh Mon Aug 21 03:35:56 UTC 2023
#@# Cortical Parc 3 rh Mon Aug 21 03:36:14 UTC 2023
#@# WM/GM Contrast rh Mon Aug 21 03:36:27 UTC 2023
recon-all -s sub-p016 finished without error at Mon Aug 21 03:36:32 UTC 2023



#New# invocation of recon-all 



status file for recon-all
Mon Aug 21 04:13:54 UTC 2023
#@# white curv rh Mon Aug 21 04:13:54 UTC 2023
#@# white area rh Mon Aug 21 04:13:54 UTC 2023
#@# pial curv rh Mon Aug 21 04:13:55 UTC 2023
#@# pial area rh Mon Aug 21 04:13:55 UTC 2023
#@# thickness rh Mon Aug 21 04:13:55 UTC 2023
#@# area and vertex vol rh Mon Aug 21 04:13:55 UTC 2023
#@# Parcellation Stats rh Mon Aug 21 04:13:55 UTC 2023
#@# Parcellation Stats 2 rh Mon Aug 21 04:14:23 UTC 2023
#@# Parcellation Stats 3 rh Mon Aug 21 04:14:39 UTC 2023
#@# BA_exvivo Labels rh Mon Aug 21 04:14:53 UTC 2023
recon-all -s sub-p016 finished without error at Mon Aug 21 04:18:38 UTC 2023
