/project/data/bids/derivatives/sourcedata/freesurfer/sub-s005/mri
/opt/freesurfer/bin/mri_nu_correct.mni
--i orig.mgz --o nu.mgz --uchar transforms/talairach.xfm --n 2 --ants-n4
nIters 2
mri_nu_correct.mni 7.3.2
Linux spock7-c1-9 3.10.0-1160.76.1.el7.x86_64 #1 SMP Sat Aug 13 19:57:59 EDT 2022 x86_64 x86_64 x86_64 GNU/Linux
Mon Aug 14 07:25:12 UTC 2023
tmpdir is ./tmp.mri_nu_correct.mni.10250
cd /project/data/bids/derivatives/sourcedata/freesurfer/sub-s005/mri
AntsN4BiasFieldCorrectionFs -i orig.mgz -o ./tmp.mri_nu_correct.mni.10250/nu0.mgz --dtype uchar
AntsN4BiasFieldCorrectionFs done
mri_binarize --i ./tmp.mri_nu_correct.mni.10250/nu0.mgz --min -1 --o ./tmp.mri_nu_correct.mni.10250/ones.mgz

7.3.2
cwd /project/data/bids/derivatives/sourcedata/freesurfer/sub-s005/mri
cmdline mri_binarize --i ./tmp.mri_nu_correct.mni.10250/nu0.mgz --min -1 --o ./tmp.mri_nu_correct.mni.10250/ones.mgz 
sysname  Linux
hostname spock7-c1-9
machine  x86_64
user     robertdh

input      ./tmp.mri_nu_correct.mni.10250/nu0.mgz
frame      0
nErode3d   0
nErode2d   0
output     ./tmp.mri_nu_correct.mni.10250/ones.mgz
Binarizing based on threshold
min        -1
max        +infinity
binval        1
binvalnot     0
fstart = 0, fend = 0, nframes = 1
Starting parallel 1
Found 16777216 values in range
Counting number of voxels in first frame
Found 16777215 voxels in final mask
Writing output to ./tmp.mri_nu_correct.mni.10250/ones.mgz
Count: 16777215 16777215.000000 16777216 99.999994
mri_binarize done
mri_segstats --id 1 --seg ./tmp.mri_nu_correct.mni.10250/ones.mgz --i orig.mgz --sum ./tmp.mri_nu_correct.mni.10250/sum.junk --avgwf ./tmp.mri_nu_correct.mni.10250/input.mean.dat

7.3.2
cwd 
cmdline mri_segstats --id 1 --seg ./tmp.mri_nu_correct.mni.10250/ones.mgz --i orig.mgz --sum ./tmp.mri_nu_correct.mni.10250/sum.junk --avgwf ./tmp.mri_nu_correct.mni.10250/input.mean.dat 
sysname  Linux
hostname spock7-c1-9
machine  x86_64
user     robertdh
whitesurfname  white
UseRobust  0
Loading ./tmp.mri_nu_correct.mni.10250/ones.mgz
Loading orig.mgz
Voxel Volume is 1 mm^3
Generating list of segmentation ids
Found   1 segmentations
Computing statistics for each segmentation

Reporting on   1 segmentations
Using PrintSegStat
Computing spatial average of each frame

Writing to ./tmp.mri_nu_correct.mni.10250/input.mean.dat
mri_segstats done
mri_segstats --id 1 --seg ./tmp.mri_nu_correct.mni.10250/ones.mgz --i ./tmp.mri_nu_correct.mni.10250/nu0.mgz --sum ./tmp.mri_nu_correct.mni.10250/sum.junk --avgwf ./tmp.mri_nu_correct.mni.10250/output.mean.dat

7.3.2
cwd 
cmdline mri_segstats --id 1 --seg ./tmp.mri_nu_correct.mni.10250/ones.mgz --i ./tmp.mri_nu_correct.mni.10250/nu0.mgz --sum ./tmp.mri_nu_correct.mni.10250/sum.junk --avgwf ./tmp.mri_nu_correct.mni.10250/output.mean.dat 
sysname  Linux
hostname spock7-c1-9
machine  x86_64
user     robertdh
whitesurfname  white
UseRobust  0
Loading ./tmp.mri_nu_correct.mni.10250/ones.mgz
Loading ./tmp.mri_nu_correct.mni.10250/nu0.mgz
Voxel Volume is 1 mm^3
Generating list of segmentation ids
Found   1 segmentations
Computing statistics for each segmentation

Reporting on   1 segmentations
Using PrintSegStat
Computing spatial average of each frame

Writing to ./tmp.mri_nu_correct.mni.10250/output.mean.dat
mri_segstats done
mris_calc -o ./tmp.mri_nu_correct.mni.10250/nu0.mgz ./tmp.mri_nu_correct.mni.10250/nu0.mgz mul 1.13234011685917033181
mri_convert ./tmp.mri_nu_correct.mni.10250/nu0.mgz nu.mgz --like orig.mgz
mri_convert ./tmp.mri_nu_correct.mni.10250/nu0.mgz nu.mgz --like orig.mgz 
reading from ./tmp.mri_nu_correct.mni.10250/nu0.mgz...
TR=0.00, TE=0.00, TI=0.00, flip angle=0.00
i_ras = (-1, 1.16415e-10, 0)
j_ras = (0, 7.45058e-09, -1)
k_ras = (1.16415e-10, 1, 0)
INFO: transform src into the like-volume: orig.mgz
writing to nu.mgz...
mri_make_uchar nu.mgz transforms/talairach.xfm nu.mgz
type change took 0 minutes and 6 seconds.
FIRST_PERCENTILE 0.010000
WM_PERCENTILE    0.900000
MAX_R 50.000000
i1 = 3, i2 = 53
#mri_make_uchar# mapping  8 134 to  3 110  :  b -3.897 m 0.847614 : thresh 4.59761 maxsat 305.442 : nzero 12706041 nsat 0
 
 
Mon Aug 14 07:29:25 UTC 2023
mri_nu_correct.mni done
