status file for recon-all
Sun Aug 13 22:40:09 UTC 2023
#@# Tessellate lh Sun Aug 13 22:40:09 UTC 2023
#@# Smooth1 lh Sun Aug 13 22:40:14 UTC 2023
#@# Inflation1 lh Sun Aug 13 22:40:18 UTC 2023
#@# QSphere lh Sun Aug 13 22:40:34 UTC 2023
#@# Fix Topology lh Sun Aug 13 22:42:25 UTC 2023
#@# Smooth2 lh Sun Aug 13 22:49:34 UTC 2023
#@# Inflation2 lh Sun Aug 13 22:49:39 UTC 2023
#@# Curv .H and .K lh Sun Aug 13 22:49:59 UTC 2023
#@# Sphere lh Sun Aug 13 22:51:01 UTC 2023
#@# Surf Reg lh Sun Aug 13 22:56:47 UTC 2023
#@# Jacobian white lh Sun Aug 13 23:02:08 UTC 2023
#@# AvgCurv lh Sun Aug 13 23:02:09 UTC 2023
#@# Cortical Parc lh Sun Aug 13 23:02:10 UTC 2023
#@# white curv lh Sun Aug 13 23:09:28 UTC 2023
#@# white area lh Sun Aug 13 23:09:31 UTC 2023
#@# pial curv lh Sun Aug 13 23:09:31 UTC 2023
#@# pial area lh Sun Aug 13 23:09:34 UTC 2023
#@# thickness lh Sun Aug 13 23:09:34 UTC 2023
#@# area and vertex vol lh Sun Aug 13 23:10:09 UTC 2023
#@# Curvature Stats lh Sun Aug 13 23:10:11 UTC 2023
#@# Cortical Parc 2 lh Sun Aug 13 23:10:14 UTC 2023
#@# Cortical Parc 3 lh Sun Aug 13 23:10:32 UTC 2023
#@# WM/GM Contrast lh Sun Aug 13 23:10:44 UTC 2023
recon-all -s sub-p020 finished without error at Sun Aug 13 23:10:48 UTC 2023



#New# invocation of recon-all 



status file for recon-all
Mon Aug 14 00:32:58 UTC 2023
#@# white curv lh Mon Aug 14 00:32:58 UTC 2023
#@# white area lh Mon Aug 14 00:32:58 UTC 2023
#@# pial curv lh Mon Aug 14 00:32:58 UTC 2023
#@# pial area lh Mon Aug 14 00:32:58 UTC 2023
#@# thickness lh Mon Aug 14 00:32:58 UTC 2023
#@# area and vertex vol lh Mon Aug 14 00:32:58 UTC 2023
#@# Parcellation Stats lh Mon Aug 14 00:32:58 UTC 2023
#@# Parcellation Stats 2 lh Mon Aug 14 00:33:29 UTC 2023
#@# Parcellation Stats 3 lh Mon Aug 14 00:33:46 UTC 2023
#@# BA_exvivo Labels lh Mon Aug 14 00:34:01 UTC 2023
recon-all -s sub-p020 finished without error at Mon Aug 14 00:38:12 UTC 2023
