/project/data/bids/derivatives/sourcedata/freesurfer/sub-p007/mri
/opt/freesurfer/bin/mri_nu_correct.mni
--i orig.mgz --o nu.mgz --uchar transforms/talairach.xfm --n 2 --ants-n4
nIters 2
mri_nu_correct.mni 7.3.2
Linux redshirt-n42 3.10.0-1160.31.1.el7.x86_64 #1 SMP Mon Jun 14 23:06:37 EDT 2021 x86_64 x86_64 x86_64 GNU/Linux
Sun Aug 13 05:30:10 UTC 2023
tmpdir is ./tmp.mri_nu_correct.mni.3949
cd /project/data/bids/derivatives/sourcedata/freesurfer/sub-p007/mri
AntsN4BiasFieldCorrectionFs -i orig.mgz -o ./tmp.mri_nu_correct.mni.3949/nu0.mgz --dtype uchar
AntsN4BiasFieldCorrectionFs done
mri_binarize --i ./tmp.mri_nu_correct.mni.3949/nu0.mgz --min -1 --o ./tmp.mri_nu_correct.mni.3949/ones.mgz

7.3.2
cwd /project/data/bids/derivatives/sourcedata/freesurfer/sub-p007/mri
cmdline mri_binarize --i ./tmp.mri_nu_correct.mni.3949/nu0.mgz --min -1 --o ./tmp.mri_nu_correct.mni.3949/ones.mgz 
sysname  Linux
hostname redshirt-n42
machine  x86_64
user     robertdh

input      ./tmp.mri_nu_correct.mni.3949/nu0.mgz
frame      0
nErode3d   0
nErode2d   0
output     ./tmp.mri_nu_correct.mni.3949/ones.mgz
Binarizing based on threshold
min        -1
max        +infinity
binval        1
binvalnot     0
fstart = 0, fend = 0, nframes = 1
Starting parallel 1
Found 16777216 values in range
Counting number of voxels in first frame
Found 16777215 voxels in final mask
Writing output to ./tmp.mri_nu_correct.mni.3949/ones.mgz
Count: 16777215 16777215.000000 16777216 99.999994
mri_binarize done
mri_segstats --id 1 --seg ./tmp.mri_nu_correct.mni.3949/ones.mgz --i orig.mgz --sum ./tmp.mri_nu_correct.mni.3949/sum.junk --avgwf ./tmp.mri_nu_correct.mni.3949/input.mean.dat

7.3.2
cwd 
cmdline mri_segstats --id 1 --seg ./tmp.mri_nu_correct.mni.3949/ones.mgz --i orig.mgz --sum ./tmp.mri_nu_correct.mni.3949/sum.junk --avgwf ./tmp.mri_nu_correct.mni.3949/input.mean.dat 
sysname  Linux
hostname redshirt-n42
machine  x86_64
user     robertdh
whitesurfname  white
UseRobust  0
Loading ./tmp.mri_nu_correct.mni.3949/ones.mgz
Loading orig.mgz
Voxel Volume is 1 mm^3
Generating list of segmentation ids
Found   1 segmentations
Computing statistics for each segmentation

Reporting on   1 segmentations
Using PrintSegStat
Computing spatial average of each frame

Writing to ./tmp.mri_nu_correct.mni.3949/input.mean.dat
mri_segstats done
mri_segstats --id 1 --seg ./tmp.mri_nu_correct.mni.3949/ones.mgz --i ./tmp.mri_nu_correct.mni.3949/nu0.mgz --sum ./tmp.mri_nu_correct.mni.3949/sum.junk --avgwf ./tmp.mri_nu_correct.mni.3949/output.mean.dat

7.3.2
cwd 
cmdline mri_segstats --id 1 --seg ./tmp.mri_nu_correct.mni.3949/ones.mgz --i ./tmp.mri_nu_correct.mni.3949/nu0.mgz --sum ./tmp.mri_nu_correct.mni.3949/sum.junk --avgwf ./tmp.mri_nu_correct.mni.3949/output.mean.dat 
sysname  Linux
hostname redshirt-n42
machine  x86_64
user     robertdh
whitesurfname  white
UseRobust  0
Loading ./tmp.mri_nu_correct.mni.3949/ones.mgz
Loading ./tmp.mri_nu_correct.mni.3949/nu0.mgz
Voxel Volume is 1 mm^3
Generating list of segmentation ids
Found   1 segmentations
Computing statistics for each segmentation

Reporting on   1 segmentations
Using PrintSegStat
Computing spatial average of each frame

Writing to ./tmp.mri_nu_correct.mni.3949/output.mean.dat
mri_segstats done
mris_calc -o ./tmp.mri_nu_correct.mni.3949/nu0.mgz ./tmp.mri_nu_correct.mni.3949/nu0.mgz mul 1.12546217232501451218
mri_convert ./tmp.mri_nu_correct.mni.3949/nu0.mgz nu.mgz --like orig.mgz
mri_convert ./tmp.mri_nu_correct.mni.3949/nu0.mgz nu.mgz --like orig.mgz 
reading from ./tmp.mri_nu_correct.mni.3949/nu0.mgz...
TR=0.00, TE=0.00, TI=0.00, flip angle=0.00
i_ras = (-1, 2.32831e-10, -1.86265e-09)
j_ras = (0, 0, -1)
k_ras = (3.72529e-09, 1, 0)
INFO: transform src into the like-volume: orig.mgz
writing to nu.mgz...
mri_make_uchar nu.mgz transforms/talairach.xfm nu.mgz
type change took 0 minutes and 6 seconds.
FIRST_PERCENTILE 0.010000
WM_PERCENTILE    0.900000
MAX_R 50.000000
i1 = 6, i2 = 75
#mri_make_uchar# mapping 10 123 to  3 110  :  b -6.79348 m 0.951651 : thresh 7.13863 maxsat 275.094 : nzero 12761998 nsat 0
 
 
Sun Aug 13 05:34:51 UTC 2023
mri_nu_correct.mni done
