status file for recon-all
Sun Aug 13 18:05:03 UTC 2023
#@# MotionCor Sun Aug 13 18:05:08 UTC 2023
#@# Talairach Sun Aug 13 18:05:21 UTC 2023
#@# Talairach Failure Detection Sun Aug 13 18:09:58 UTC 2023
#@# Nu Intensity Correction Sun Aug 13 18:09:59 UTC 2023
#@# Intensity Normalization Sun Aug 13 18:14:29 UTC 2023
recon-all -s sub-p019 finished without error at Sun Aug 13 18:16:14 UTC 2023



#New# invocation of recon-all 



status file for recon-all
Sun Aug 13 18:36:00 UTC 2023
#@# EM Registration Sun Aug 13 18:36:00 UTC 2023
recon-all -s sub-p019 finished without error at Sun Aug 13 18:39:15 UTC 2023



#New# invocation of recon-all 



status file for recon-all
Sun Aug 13 18:39:20 UTC 2023
#@# CA Normalize Sun Aug 13 18:39:20 UTC 2023
#@# CA Reg Sun Aug 13 18:40:33 UTC 2023
#@# SubCort Seg Sun Aug 13 19:47:01 UTC 2023
#@# CC Seg Sun Aug 13 20:27:17 UTC 2023
#@# Merge ASeg Sun Aug 13 20:28:09 UTC 2023
#@# Intensity Normalization2 Sun Aug 13 20:28:09 UTC 2023
#@# Mask BFS Sun Aug 13 20:30:36 UTC 2023
#@# WM Segmentation Sun Aug 13 20:30:37 UTC 2023
#@# Fill Sun Aug 13 20:33:12 UTC 2023
recon-all -s sub-p019 finished without error at Sun Aug 13 20:34:21 UTC 2023



#New# invocation of recon-all 



status file for recon-all
Sun Aug 13 21:29:32 UTC 2023
#@# white curv lh Sun Aug 13 21:29:32 UTC 2023
#@# white area lh Sun Aug 13 21:29:32 UTC 2023
#@# pial curv lh Sun Aug 13 21:29:32 UTC 2023
#@# pial area lh Sun Aug 13 21:29:32 UTC 2023
#@# thickness lh Sun Aug 13 21:29:32 UTC 2023
#@# area and vertex vol lh Sun Aug 13 21:29:32 UTC 2023
#@# white curv rh Sun Aug 13 21:29:32 UTC 2023
#@# white area rh Sun Aug 13 21:29:32 UTC 2023
#@# pial curv rh Sun Aug 13 21:29:32 UTC 2023
#@# pial area rh Sun Aug 13 21:29:32 UTC 2023
#@# thickness rh Sun Aug 13 21:29:32 UTC 2023
#@# area and vertex vol rh Sun Aug 13 21:29:32 UTC 2023
#@# Cortical ribbon mask Sun Aug 13 21:29:32 UTC 2023
recon-all -s sub-p019 finished without error at Sun Aug 13 21:34:36 UTC 2023



#New# invocation of recon-all 



status file for recon-all
Sun Aug 13 22:19:50 UTC 2023
#@# white curv lh Sun Aug 13 22:19:50 UTC 2023
#@# white area lh Sun Aug 13 22:19:50 UTC 2023
#@# pial curv lh Sun Aug 13 22:19:50 UTC 2023
#@# pial area lh Sun Aug 13 22:19:50 UTC 2023
#@# thickness lh Sun Aug 13 22:19:50 UTC 2023
#@# area and vertex vol lh Sun Aug 13 22:19:50 UTC 2023
#@# white curv rh Sun Aug 13 22:19:50 UTC 2023
#@# white area rh Sun Aug 13 22:19:50 UTC 2023
#@# pial curv rh Sun Aug 13 22:19:50 UTC 2023
#@# pial area rh Sun Aug 13 22:19:50 UTC 2023
#@# thickness rh Sun Aug 13 22:19:50 UTC 2023
#@# area and vertex vol rh Sun Aug 13 22:19:50 UTC 2023
#@# Curvature Stats lh Sun Aug 13 22:19:50 UTC 2023
#@# Curvature Stats rh Sun Aug 13 22:19:54 UTC 2023
#@# Relabel Hypointensities Sun Aug 13 22:19:57 UTC 2023
#@# APas-to-ASeg Sun Aug 13 22:20:17 UTC 2023
#@# AParc-to-ASeg aparc Sun Aug 13 22:20:28 UTC 2023
#@# AParc-to-ASeg aparc.a2009s Sun Aug 13 22:21:23 UTC 2023
#@# AParc-to-ASeg aparc.DKTatlas Sun Aug 13 22:22:19 UTC 2023
#@# WMParc Sun Aug 13 22:23:14 UTC 2023
#@# ASeg Stats Sun Aug 13 22:26:03 UTC 2023
recon-all -s sub-p019 finished without error at Sun Aug 13 22:26:54 UTC 2023
