status file for recon-all
Sun Aug 13 21:00:58 UTC 2023
#@# Tessellate rh Sun Aug 13 21:00:58 UTC 2023
#@# Smooth1 rh Sun Aug 13 21:01:03 UTC 2023
#@# Inflation1 rh Sun Aug 13 21:01:07 UTC 2023
#@# QSphere rh Sun Aug 13 21:01:20 UTC 2023
#@# Fix Topology rh Sun Aug 13 21:03:11 UTC 2023
#@# Smooth2 rh Sun Aug 13 21:08:55 UTC 2023
#@# Inflation2 rh Sun Aug 13 21:08:59 UTC 2023
#@# Curv .H and .K rh Sun Aug 13 21:09:16 UTC 2023
#@# Sphere rh Sun Aug 13 21:10:13 UTC 2023
#@# Surf Reg rh Sun Aug 13 21:15:01 UTC 2023
#@# Jacobian white rh Sun Aug 13 21:21:06 UTC 2023
#@# AvgCurv rh Sun Aug 13 21:21:07 UTC 2023
#@# Cortical Parc rh Sun Aug 13 21:21:08 UTC 2023
#@# white curv rh Sun Aug 13 21:28:05 UTC 2023
#@# white area rh Sun Aug 13 21:28:08 UTC 2023
#@# pial curv rh Sun Aug 13 21:28:08 UTC 2023
#@# pial area rh Sun Aug 13 21:28:11 UTC 2023
#@# thickness rh Sun Aug 13 21:28:12 UTC 2023
#@# area and vertex vol rh Sun Aug 13 21:28:49 UTC 2023
#@# Curvature Stats rh Sun Aug 13 21:28:51 UTC 2023
#@# Cortical Parc 2 rh Sun Aug 13 21:28:54 UTC 2023
#@# Cortical Parc 3 rh Sun Aug 13 21:29:11 UTC 2023
#@# WM/GM Contrast rh Sun Aug 13 21:29:24 UTC 2023
recon-all -s sub-p019 finished without error at Sun Aug 13 21:29:27 UTC 2023



#New# invocation of recon-all 



status file for recon-all
Sun Aug 13 22:14:56 UTC 2023
#@# white curv rh Sun Aug 13 22:14:57 UTC 2023
#@# white area rh Sun Aug 13 22:14:57 UTC 2023
#@# pial curv rh Sun Aug 13 22:14:57 UTC 2023
#@# pial area rh Sun Aug 13 22:14:57 UTC 2023
#@# thickness rh Sun Aug 13 22:14:57 UTC 2023
#@# area and vertex vol rh Sun Aug 13 22:14:57 UTC 2023
#@# Parcellation Stats rh Sun Aug 13 22:14:57 UTC 2023
#@# Parcellation Stats 2 rh Sun Aug 13 22:15:25 UTC 2023
#@# Parcellation Stats 3 rh Sun Aug 13 22:15:39 UTC 2023
#@# BA_exvivo Labels rh Sun Aug 13 22:15:53 UTC 2023
recon-all -s sub-p019 finished without error at Sun Aug 13 22:19:44 UTC 2023
