status file for recon-all
Sun Aug 13 20:34:34 UTC 2023
#@# Tessellate lh Sun Aug 13 20:34:34 UTC 2023
#@# Smooth1 lh Sun Aug 13 20:34:40 UTC 2023
#@# Inflation1 lh Sun Aug 13 20:34:43 UTC 2023
#@# QSphere lh Sun Aug 13 20:34:58 UTC 2023
#@# Fix Topology lh Sun Aug 13 20:36:51 UTC 2023
#@# Smooth2 lh Sun Aug 13 20:43:12 UTC 2023
#@# Inflation2 lh Sun Aug 13 20:43:16 UTC 2023
#@# Curv .H and .K lh Sun Aug 13 20:43:33 UTC 2023
#@# Sphere lh Sun Aug 13 20:44:27 UTC 2023
#@# Surf Reg lh Sun Aug 13 20:47:48 UTC 2023
#@# Jacobian white lh Sun Aug 13 20:52:40 UTC 2023
#@# AvgCurv lh Sun Aug 13 20:52:41 UTC 2023
#@# Cortical Parc lh Sun Aug 13 20:52:42 UTC 2023
#@# white curv lh Sun Aug 13 20:59:33 UTC 2023
#@# white area lh Sun Aug 13 20:59:36 UTC 2023
#@# pial curv lh Sun Aug 13 20:59:37 UTC 2023
#@# pial area lh Sun Aug 13 20:59:39 UTC 2023
#@# thickness lh Sun Aug 13 20:59:40 UTC 2023
#@# area and vertex vol lh Sun Aug 13 21:00:16 UTC 2023
#@# Curvature Stats lh Sun Aug 13 21:00:18 UTC 2023
#@# Cortical Parc 2 lh Sun Aug 13 21:00:21 UTC 2023
#@# Cortical Parc 3 lh Sun Aug 13 21:00:39 UTC 2023
#@# WM/GM Contrast lh Sun Aug 13 21:00:51 UTC 2023
recon-all -s sub-p019 finished without error at Sun Aug 13 21:00:55 UTC 2023



#New# invocation of recon-all 



status file for recon-all
Sun Aug 13 22:10:10 UTC 2023
#@# white curv lh Sun Aug 13 22:10:10 UTC 2023
#@# white area lh Sun Aug 13 22:10:10 UTC 2023
#@# pial curv lh Sun Aug 13 22:10:10 UTC 2023
#@# pial area lh Sun Aug 13 22:10:10 UTC 2023
#@# thickness lh Sun Aug 13 22:10:10 UTC 2023
#@# area and vertex vol lh Sun Aug 13 22:10:10 UTC 2023
#@# Parcellation Stats lh Sun Aug 13 22:10:10 UTC 2023
#@# Parcellation Stats 2 lh Sun Aug 13 22:10:37 UTC 2023
#@# Parcellation Stats 3 lh Sun Aug 13 22:10:52 UTC 2023
#@# BA_exvivo Labels lh Sun Aug 13 22:11:05 UTC 2023
recon-all -s sub-p019 finished without error at Sun Aug 13 22:14:54 UTC 2023
