status file for recon-all
Mon Aug 14 01:12:11 UTC 2023
#@# MotionCor Mon Aug 14 01:12:16 UTC 2023
#@# Talairach Mon Aug 14 01:12:31 UTC 2023
#@# Talairach Failure Detection Mon Aug 14 01:17:20 UTC 2023
#@# Nu Intensity Correction Mon Aug 14 01:17:20 UTC 2023
#@# Intensity Normalization Mon Aug 14 01:21:58 UTC 2023
recon-all -s sub-s017 finished without error at Mon Aug 14 01:23:55 UTC 2023



#New# invocation of recon-all 



status file for recon-all
Mon Aug 14 01:46:06 UTC 2023
#@# EM Registration Mon Aug 14 01:46:06 UTC 2023
recon-all -s sub-s017 finished without error at Mon Aug 14 01:50:28 UTC 2023



#New# invocation of recon-all 



status file for recon-all
Mon Aug 14 01:50:31 UTC 2023
#@# CA Normalize Mon Aug 14 01:50:31 UTC 2023
#@# CA Reg Mon Aug 14 01:51:51 UTC 2023
#@# SubCort Seg Mon Aug 14 03:12:34 UTC 2023
#@# CC Seg Mon Aug 14 03:57:17 UTC 2023
#@# Merge ASeg Mon Aug 14 03:57:57 UTC 2023
#@# Intensity Normalization2 Mon Aug 14 03:57:57 UTC 2023
#@# Mask BFS Mon Aug 14 04:00:47 UTC 2023
#@# WM Segmentation Mon Aug 14 04:00:49 UTC 2023
#@# Fill Mon Aug 14 04:03:52 UTC 2023
recon-all -s sub-s017 finished without error at Mon Aug 14 04:05:30 UTC 2023



#New# invocation of recon-all 



status file for recon-all
Mon Aug 14 05:19:55 UTC 2023
#@# white curv lh Mon Aug 14 05:19:56 UTC 2023
#@# white area lh Mon Aug 14 05:19:56 UTC 2023
#@# pial curv lh Mon Aug 14 05:19:56 UTC 2023
#@# pial area lh Mon Aug 14 05:19:56 UTC 2023
#@# thickness lh Mon Aug 14 05:19:56 UTC 2023
#@# area and vertex vol lh Mon Aug 14 05:19:56 UTC 2023
#@# white curv rh Mon Aug 14 05:19:56 UTC 2023
#@# white area rh Mon Aug 14 05:19:56 UTC 2023
#@# pial curv rh Mon Aug 14 05:19:56 UTC 2023
#@# pial area rh Mon Aug 14 05:19:56 UTC 2023
#@# thickness rh Mon Aug 14 05:19:56 UTC 2023
#@# area and vertex vol rh Mon Aug 14 05:19:56 UTC 2023
#@# Cortical ribbon mask Mon Aug 14 05:19:56 UTC 2023
recon-all -s sub-s017 finished without error at Mon Aug 14 05:31:34 UTC 2023



#New# invocation of recon-all 



status file for recon-all
Mon Aug 14 06:29:19 UTC 2023
#@# white curv lh Mon Aug 14 06:29:19 UTC 2023
#@# white area lh Mon Aug 14 06:29:19 UTC 2023
#@# pial curv lh Mon Aug 14 06:29:19 UTC 2023
#@# pial area lh Mon Aug 14 06:29:19 UTC 2023
#@# thickness lh Mon Aug 14 06:29:19 UTC 2023
#@# area and vertex vol lh Mon Aug 14 06:29:19 UTC 2023
#@# white curv rh Mon Aug 14 06:29:19 UTC 2023
#@# white area rh Mon Aug 14 06:29:19 UTC 2023
#@# pial curv rh Mon Aug 14 06:29:19 UTC 2023
#@# pial area rh Mon Aug 14 06:29:19 UTC 2023
#@# thickness rh Mon Aug 14 06:29:19 UTC 2023
#@# area and vertex vol rh Mon Aug 14 06:29:19 UTC 2023
#@# Curvature Stats lh Mon Aug 14 06:29:19 UTC 2023
#@# Curvature Stats rh Mon Aug 14 06:29:23 UTC 2023
#@# Relabel Hypointensities Mon Aug 14 06:29:27 UTC 2023
#@# APas-to-ASeg Mon Aug 14 06:29:51 UTC 2023
#@# AParc-to-ASeg aparc Mon Aug 14 06:30:06 UTC 2023
#@# AParc-to-ASeg aparc.a2009s Mon Aug 14 06:31:42 UTC 2023
#@# AParc-to-ASeg aparc.DKTatlas Mon Aug 14 06:33:16 UTC 2023
#@# WMParc Mon Aug 14 06:34:55 UTC 2023
#@# ASeg Stats Mon Aug 14 06:38:25 UTC 2023
recon-all -s sub-s017 finished without error at Mon Aug 14 06:39:21 UTC 2023
