status file for recon-all
Mon Aug 14 04:05:46 UTC 2023
#@# Tessellate lh Mon Aug 14 04:05:46 UTC 2023
#@# Smooth1 lh Mon Aug 14 04:05:52 UTC 2023
#@# Inflation1 lh Mon Aug 14 04:05:56 UTC 2023
#@# QSphere lh Mon Aug 14 04:06:17 UTC 2023
#@# Fix Topology lh Mon Aug 14 04:08:18 UTC 2023
#@# Smooth2 lh Mon Aug 14 04:17:08 UTC 2023
#@# Inflation2 lh Mon Aug 14 04:17:13 UTC 2023
#@# Curv .H and .K lh Mon Aug 14 04:17:37 UTC 2023
#@# Sphere lh Mon Aug 14 04:18:44 UTC 2023
#@# Surf Reg lh Mon Aug 14 04:24:04 UTC 2023
#@# Jacobian white lh Mon Aug 14 04:31:09 UTC 2023
#@# AvgCurv lh Mon Aug 14 04:31:11 UTC 2023
#@# Cortical Parc lh Mon Aug 14 04:31:13 UTC 2023
#@# white curv lh Mon Aug 14 04:40:09 UTC 2023
#@# white area lh Mon Aug 14 04:40:12 UTC 2023
#@# pial curv lh Mon Aug 14 04:40:13 UTC 2023
#@# pial area lh Mon Aug 14 04:40:17 UTC 2023
#@# thickness lh Mon Aug 14 04:40:18 UTC 2023
#@# area and vertex vol lh Mon Aug 14 04:41:11 UTC 2023
#@# Curvature Stats lh Mon Aug 14 04:41:14 UTC 2023
#@# Cortical Parc 2 lh Mon Aug 14 04:41:18 UTC 2023
#@# Cortical Parc 3 lh Mon Aug 14 04:41:42 UTC 2023
#@# WM/GM Contrast lh Mon Aug 14 04:42:00 UTC 2023
recon-all -s sub-s017 finished without error at Mon Aug 14 04:42:06 UTC 2023



#New# invocation of recon-all 



status file for recon-all
Mon Aug 14 06:16:58 UTC 2023
#@# white curv lh Mon Aug 14 06:16:58 UTC 2023
#@# white area lh Mon Aug 14 06:16:59 UTC 2023
#@# pial curv lh Mon Aug 14 06:16:59 UTC 2023
#@# pial area lh Mon Aug 14 06:16:59 UTC 2023
#@# thickness lh Mon Aug 14 06:16:59 UTC 2023
#@# area and vertex vol lh Mon Aug 14 06:16:59 UTC 2023
#@# Parcellation Stats lh Mon Aug 14 06:16:59 UTC 2023
#@# Parcellation Stats 2 lh Mon Aug 14 06:17:33 UTC 2023
#@# Parcellation Stats 3 lh Mon Aug 14 06:17:52 UTC 2023
#@# BA_exvivo Labels lh Mon Aug 14 06:18:09 UTC 2023
recon-all -s sub-s017 finished without error at Mon Aug 14 06:23:06 UTC 2023
