status file for recon-all
Mon Aug 14 04:42:08 UTC 2023
#@# Tessellate rh Mon Aug 14 04:42:08 UTC 2023
#@# Smooth1 rh Mon Aug 14 04:42:16 UTC 2023
#@# Inflation1 rh Mon Aug 14 04:42:20 UTC 2023
#@# QSphere rh Mon Aug 14 04:42:38 UTC 2023
#@# Fix Topology rh Mon Aug 14 04:44:46 UTC 2023
#@# Smooth2 rh Mon Aug 14 04:54:16 UTC 2023
#@# Inflation2 rh Mon Aug 14 04:54:21 UTC 2023
#@# Curv .H and .K rh Mon Aug 14 04:54:45 UTC 2023
#@# Sphere rh Mon Aug 14 04:55:53 UTC 2023
#@# Surf Reg rh Mon Aug 14 05:02:01 UTC 2023
#@# Jacobian white rh Mon Aug 14 05:08:41 UTC 2023
#@# AvgCurv rh Mon Aug 14 05:08:43 UTC 2023
#@# Cortical Parc rh Mon Aug 14 05:08:45 UTC 2023
#@# white curv rh Mon Aug 14 05:17:52 UTC 2023
#@# white area rh Mon Aug 14 05:17:56 UTC 2023
#@# pial curv rh Mon Aug 14 05:17:57 UTC 2023
#@# pial area rh Mon Aug 14 05:18:00 UTC 2023
#@# thickness rh Mon Aug 14 05:18:01 UTC 2023
#@# area and vertex vol rh Mon Aug 14 05:18:54 UTC 2023
#@# Curvature Stats rh Mon Aug 14 05:18:58 UTC 2023
#@# Cortical Parc 2 rh Mon Aug 14 05:19:02 UTC 2023
#@# Cortical Parc 3 rh Mon Aug 14 05:19:27 UTC 2023
#@# WM/GM Contrast rh Mon Aug 14 05:19:45 UTC 2023
recon-all -s sub-s017 finished without error at Mon Aug 14 05:19:51 UTC 2023



#New# invocation of recon-all 



status file for recon-all
Mon Aug 14 06:23:09 UTC 2023
#@# white curv rh Mon Aug 14 06:23:09 UTC 2023
#@# white area rh Mon Aug 14 06:23:09 UTC 2023
#@# pial curv rh Mon Aug 14 06:23:09 UTC 2023
#@# pial area rh Mon Aug 14 06:23:09 UTC 2023
#@# thickness rh Mon Aug 14 06:23:10 UTC 2023
#@# area and vertex vol rh Mon Aug 14 06:23:10 UTC 2023
#@# Parcellation Stats rh Mon Aug 14 06:23:10 UTC 2023
#@# Parcellation Stats 2 rh Mon Aug 14 06:23:44 UTC 2023
#@# Parcellation Stats 3 rh Mon Aug 14 06:24:02 UTC 2023
#@# BA_exvivo Labels rh Mon Aug 14 06:24:19 UTC 2023
recon-all -s sub-s017 finished without error at Mon Aug 14 06:29:14 UTC 2023
