status file for recon-all
Mon Aug 14 06:31:54 UTC 2023
#@# MotionCor Mon Aug 14 06:31:59 UTC 2023
#@# Talairach Mon Aug 14 06:32:08 UTC 2023
#@# Talairach Failure Detection Mon Aug 14 06:36:31 UTC 2023
#@# Nu Intensity Correction Mon Aug 14 06:36:31 UTC 2023
#@# Intensity Normalization Mon Aug 14 06:40:45 UTC 2023
recon-all -s sub-s006 finished without error at Mon Aug 14 06:42:17 UTC 2023



#New# invocation of recon-all 



status file for recon-all
Mon Aug 14 06:57:21 UTC 2023
#@# EM Registration Mon Aug 14 06:57:21 UTC 2023
recon-all -s sub-s006 finished without error at Mon Aug 14 06:59:29 UTC 2023



#New# invocation of recon-all 



status file for recon-all
Mon Aug 14 06:59:33 UTC 2023
#@# CA Normalize Mon Aug 14 06:59:33 UTC 2023
#@# CA Reg Mon Aug 14 07:00:39 UTC 2023
#@# SubCort Seg Mon Aug 14 07:46:34 UTC 2023
#@# CC Seg Mon Aug 14 08:20:59 UTC 2023
#@# Merge ASeg Mon Aug 14 08:21:39 UTC 2023
#@# Intensity Normalization2 Mon Aug 14 08:21:39 UTC 2023
#@# Mask BFS Mon Aug 14 08:23:54 UTC 2023
#@# WM Segmentation Mon Aug 14 08:23:55 UTC 2023
#@# Fill Mon Aug 14 08:26:28 UTC 2023
recon-all -s sub-s006 finished without error at Mon Aug 14 08:27:38 UTC 2023



#New# invocation of recon-all 



status file for recon-all
Mon Aug 14 09:21:34 UTC 2023
#@# white curv lh Mon Aug 14 09:21:34 UTC 2023
#@# white area lh Mon Aug 14 09:21:34 UTC 2023
#@# pial curv lh Mon Aug 14 09:21:34 UTC 2023
#@# pial area lh Mon Aug 14 09:21:34 UTC 2023
#@# thickness lh Mon Aug 14 09:21:34 UTC 2023
#@# area and vertex vol lh Mon Aug 14 09:21:34 UTC 2023
#@# white curv rh Mon Aug 14 09:21:34 UTC 2023
#@# white area rh Mon Aug 14 09:21:34 UTC 2023
#@# pial curv rh Mon Aug 14 09:21:34 UTC 2023
#@# pial area rh Mon Aug 14 09:21:34 UTC 2023
#@# thickness rh Mon Aug 14 09:21:34 UTC 2023
#@# area and vertex vol rh Mon Aug 14 09:21:34 UTC 2023
#@# Cortical ribbon mask Mon Aug 14 09:21:34 UTC 2023
recon-all -s sub-s006 finished without error at Mon Aug 14 09:26:55 UTC 2023



#New# invocation of recon-all 



status file for recon-all
Mon Aug 14 10:00:32 UTC 2023
#@# white curv lh Mon Aug 14 10:00:33 UTC 2023
#@# white area lh Mon Aug 14 10:00:33 UTC 2023
#@# pial curv lh Mon Aug 14 10:00:33 UTC 2023
#@# pial area lh Mon Aug 14 10:00:33 UTC 2023
#@# thickness lh Mon Aug 14 10:00:33 UTC 2023
#@# area and vertex vol lh Mon Aug 14 10:00:33 UTC 2023
#@# white curv rh Mon Aug 14 10:00:33 UTC 2023
#@# white area rh Mon Aug 14 10:00:33 UTC 2023
#@# pial curv rh Mon Aug 14 10:00:33 UTC 2023
#@# pial area rh Mon Aug 14 10:00:33 UTC 2023
#@# thickness rh Mon Aug 14 10:00:33 UTC 2023
#@# area and vertex vol rh Mon Aug 14 10:00:33 UTC 2023
#@# Curvature Stats lh Mon Aug 14 10:00:33 UTC 2023
#@# Curvature Stats rh Mon Aug 14 10:00:36 UTC 2023
#@# Relabel Hypointensities Mon Aug 14 10:00:39 UTC 2023
#@# APas-to-ASeg Mon Aug 14 10:00:58 UTC 2023
#@# AParc-to-ASeg aparc Mon Aug 14 10:01:07 UTC 2023
#@# AParc-to-ASeg aparc.a2009s Mon Aug 14 10:02:02 UTC 2023
#@# AParc-to-ASeg aparc.DKTatlas Mon Aug 14 10:02:57 UTC 2023
#@# WMParc Mon Aug 14 10:03:51 UTC 2023
#@# ASeg Stats Mon Aug 14 10:06:19 UTC 2023
recon-all -s sub-s006 finished without error at Mon Aug 14 10:06:49 UTC 2023
