status file for recon-all
Mon Aug 14 08:55:58 UTC 2023
#@# Tessellate rh Mon Aug 14 08:55:58 UTC 2023
#@# Smooth1 rh Mon Aug 14 08:56:03 UTC 2023
#@# Inflation1 rh Mon Aug 14 08:56:06 UTC 2023
#@# QSphere rh Mon Aug 14 08:56:17 UTC 2023
#@# Fix Topology rh Mon Aug 14 08:57:20 UTC 2023
#@# Smooth2 rh Mon Aug 14 09:03:55 UTC 2023
#@# Inflation2 rh Mon Aug 14 09:03:58 UTC 2023
#@# Curv .H and .K rh Mon Aug 14 09:04:10 UTC 2023
#@# Sphere rh Mon Aug 14 09:05:05 UTC 2023
#@# Surf Reg rh Mon Aug 14 09:08:55 UTC 2023
#@# Jacobian white rh Mon Aug 14 09:13:26 UTC 2023
#@# AvgCurv rh Mon Aug 14 09:13:27 UTC 2023
#@# Cortical Parc rh Mon Aug 14 09:13:28 UTC 2023
#@# white curv rh Mon Aug 14 09:20:10 UTC 2023
#@# white area rh Mon Aug 14 09:20:12 UTC 2023
#@# pial curv rh Mon Aug 14 09:20:13 UTC 2023
#@# pial area rh Mon Aug 14 09:20:15 UTC 2023
#@# thickness rh Mon Aug 14 09:20:16 UTC 2023
#@# area and vertex vol rh Mon Aug 14 09:20:52 UTC 2023
#@# Curvature Stats rh Mon Aug 14 09:20:54 UTC 2023
#@# Cortical Parc 2 rh Mon Aug 14 09:20:57 UTC 2023
#@# Cortical Parc 3 rh Mon Aug 14 09:21:13 UTC 2023
#@# WM/GM Contrast rh Mon Aug 14 09:21:25 UTC 2023
recon-all -s sub-s006 finished without error at Mon Aug 14 09:21:29 UTC 2023



#New# invocation of recon-all 



status file for recon-all
Mon Aug 14 09:55:57 UTC 2023
#@# white curv rh Mon Aug 14 09:55:57 UTC 2023
#@# white area rh Mon Aug 14 09:55:57 UTC 2023
#@# pial curv rh Mon Aug 14 09:55:57 UTC 2023
#@# pial area rh Mon Aug 14 09:55:57 UTC 2023
#@# thickness rh Mon Aug 14 09:55:58 UTC 2023
#@# area and vertex vol rh Mon Aug 14 09:55:58 UTC 2023
#@# Parcellation Stats rh Mon Aug 14 09:55:58 UTC 2023
#@# Parcellation Stats 2 rh Mon Aug 14 09:56:25 UTC 2023
#@# Parcellation Stats 3 rh Mon Aug 14 09:56:39 UTC 2023
#@# BA_exvivo Labels rh Mon Aug 14 09:56:52 UTC 2023
recon-all -s sub-s006 finished without error at Mon Aug 14 10:00:27 UTC 2023
