status file for recon-all
Mon Aug 14 08:27:52 UTC 2023
#@# Tessellate lh Mon Aug 14 08:27:52 UTC 2023
#@# Smooth1 lh Mon Aug 14 08:27:57 UTC 2023
#@# Inflation1 lh Mon Aug 14 08:28:00 UTC 2023
#@# QSphere lh Mon Aug 14 08:28:12 UTC 2023
#@# Fix Topology lh Mon Aug 14 08:29:18 UTC 2023
#@# Smooth2 lh Mon Aug 14 08:36:38 UTC 2023
#@# Inflation2 lh Mon Aug 14 08:36:41 UTC 2023
#@# Curv .H and .K lh Mon Aug 14 08:36:54 UTC 2023
#@# Sphere lh Mon Aug 14 08:37:53 UTC 2023
#@# Surf Reg lh Mon Aug 14 08:42:46 UTC 2023
#@# Jacobian white lh Mon Aug 14 08:47:31 UTC 2023
#@# AvgCurv lh Mon Aug 14 08:47:32 UTC 2023
#@# Cortical Parc lh Mon Aug 14 08:47:33 UTC 2023
#@# white curv lh Mon Aug 14 08:54:39 UTC 2023
#@# white area lh Mon Aug 14 08:54:41 UTC 2023
#@# pial curv lh Mon Aug 14 08:54:41 UTC 2023
#@# pial area lh Mon Aug 14 08:54:43 UTC 2023
#@# thickness lh Mon Aug 14 08:54:44 UTC 2023
#@# area and vertex vol lh Mon Aug 14 08:55:18 UTC 2023
#@# Curvature Stats lh Mon Aug 14 08:55:20 UTC 2023
#@# Cortical Parc 2 lh Mon Aug 14 08:55:23 UTC 2023
#@# Cortical Parc 3 lh Mon Aug 14 08:55:40 UTC 2023
#@# WM/GM Contrast lh Mon Aug 14 08:55:51 UTC 2023
recon-all -s sub-s006 finished without error at Mon Aug 14 08:55:55 UTC 2023



#New# invocation of recon-all 



status file for recon-all
Mon Aug 14 09:51:21 UTC 2023
#@# white curv lh Mon Aug 14 09:51:21 UTC 2023
#@# white area lh Mon Aug 14 09:51:21 UTC 2023
#@# pial curv lh Mon Aug 14 09:51:21 UTC 2023
#@# pial area lh Mon Aug 14 09:51:21 UTC 2023
#@# thickness lh Mon Aug 14 09:51:22 UTC 2023
#@# area and vertex vol lh Mon Aug 14 09:51:22 UTC 2023
#@# Parcellation Stats lh Mon Aug 14 09:51:22 UTC 2023
#@# Parcellation Stats 2 lh Mon Aug 14 09:51:49 UTC 2023
#@# Parcellation Stats 3 lh Mon Aug 14 09:52:03 UTC 2023
#@# BA_exvivo Labels lh Mon Aug 14 09:52:17 UTC 2023
recon-all -s sub-s006 finished without error at Mon Aug 14 09:55:54 UTC 2023
