status file for recon-all
Sun Aug 13 18:22:49 UTC 2023
#@# Tessellate rh Sun Aug 13 18:22:49 UTC 2023
#@# Smooth1 rh Sun Aug 13 18:22:54 UTC 2023
#@# Inflation1 rh Sun Aug 13 18:22:57 UTC 2023
#@# QSphere rh Sun Aug 13 18:23:09 UTC 2023
#@# Fix Topology rh Sun Aug 13 18:24:29 UTC 2023
#@# Smooth2 rh Sun Aug 13 18:30:37 UTC 2023
#@# Inflation2 rh Sun Aug 13 18:30:41 UTC 2023
#@# Curv .H and .K rh Sun Aug 13 18:30:54 UTC 2023
#@# Sphere rh Sun Aug 13 18:31:50 UTC 2023
#@# Surf Reg rh Sun Aug 13 18:36:20 UTC 2023
#@# Jacobian white rh Sun Aug 13 18:41:18 UTC 2023
#@# AvgCurv rh Sun Aug 13 18:41:19 UTC 2023
#@# Cortical Parc rh Sun Aug 13 18:41:19 UTC 2023
#@# white curv rh Sun Aug 13 18:48:31 UTC 2023
#@# white area rh Sun Aug 13 18:48:33 UTC 2023
#@# pial curv rh Sun Aug 13 18:48:34 UTC 2023
#@# pial area rh Sun Aug 13 18:48:36 UTC 2023
#@# thickness rh Sun Aug 13 18:48:37 UTC 2023
#@# area and vertex vol rh Sun Aug 13 18:49:14 UTC 2023
#@# Curvature Stats rh Sun Aug 13 18:49:16 UTC 2023
#@# Cortical Parc 2 rh Sun Aug 13 18:49:19 UTC 2023
#@# Cortical Parc 3 rh Sun Aug 13 18:49:36 UTC 2023
#@# WM/GM Contrast rh Sun Aug 13 18:49:48 UTC 2023
recon-all -s sub-p017 finished without error at Sun Aug 13 18:49:52 UTC 2023



#New# invocation of recon-all 



status file for recon-all
Sun Aug 13 19:31:05 UTC 2023
#@# white curv rh Sun Aug 13 19:31:05 UTC 2023
#@# white area rh Sun Aug 13 19:31:05 UTC 2023
#@# pial curv rh Sun Aug 13 19:31:05 UTC 2023
#@# pial area rh Sun Aug 13 19:31:05 UTC 2023
#@# thickness rh Sun Aug 13 19:31:06 UTC 2023
#@# area and vertex vol rh Sun Aug 13 19:31:06 UTC 2023
#@# Parcellation Stats rh Sun Aug 13 19:31:06 UTC 2023
#@# Parcellation Stats 2 rh Sun Aug 13 19:31:36 UTC 2023
#@# Parcellation Stats 3 rh Sun Aug 13 19:31:52 UTC 2023
#@# BA_exvivo Labels rh Sun Aug 13 19:32:08 UTC 2023
recon-all -s sub-p017 finished without error at Sun Aug 13 19:35:47 UTC 2023
