status file for recon-all
Sun Aug 13 17:55:46 UTC 2023
#@# Tessellate lh Sun Aug 13 17:55:46 UTC 2023
#@# Smooth1 lh Sun Aug 13 17:55:52 UTC 2023
#@# Inflation1 lh Sun Aug 13 17:55:55 UTC 2023
#@# QSphere lh Sun Aug 13 17:56:07 UTC 2023
#@# Fix Topology lh Sun Aug 13 17:57:24 UTC 2023
#@# Smooth2 lh Sun Aug 13 18:03:25 UTC 2023
#@# Inflation2 lh Sun Aug 13 18:03:28 UTC 2023
#@# Curv .H and .K lh Sun Aug 13 18:03:42 UTC 2023
#@# Sphere lh Sun Aug 13 18:04:39 UTC 2023
#@# Surf Reg lh Sun Aug 13 18:09:04 UTC 2023
#@# Jacobian white lh Sun Aug 13 18:14:30 UTC 2023
#@# AvgCurv lh Sun Aug 13 18:14:31 UTC 2023
#@# Cortical Parc lh Sun Aug 13 18:14:31 UTC 2023
#@# white curv lh Sun Aug 13 18:21:24 UTC 2023
#@# white area lh Sun Aug 13 18:21:26 UTC 2023
#@# pial curv lh Sun Aug 13 18:21:27 UTC 2023
#@# pial area lh Sun Aug 13 18:21:29 UTC 2023
#@# thickness lh Sun Aug 13 18:21:30 UTC 2023
#@# area and vertex vol lh Sun Aug 13 18:22:07 UTC 2023
#@# Curvature Stats lh Sun Aug 13 18:22:09 UTC 2023
#@# Cortical Parc 2 lh Sun Aug 13 18:22:12 UTC 2023
#@# Cortical Parc 3 lh Sun Aug 13 18:22:29 UTC 2023
#@# WM/GM Contrast lh Sun Aug 13 18:22:42 UTC 2023
recon-all -s sub-p017 finished without error at Sun Aug 13 18:22:46 UTC 2023



#New# invocation of recon-all 



status file for recon-all
Sun Aug 13 19:26:16 UTC 2023
#@# white curv lh Sun Aug 13 19:26:16 UTC 2023
#@# white area lh Sun Aug 13 19:26:16 UTC 2023
#@# pial curv lh Sun Aug 13 19:26:16 UTC 2023
#@# pial area lh Sun Aug 13 19:26:16 UTC 2023
#@# thickness lh Sun Aug 13 19:26:16 UTC 2023
#@# area and vertex vol lh Sun Aug 13 19:26:16 UTC 2023
#@# Parcellation Stats lh Sun Aug 13 19:26:16 UTC 2023
#@# Parcellation Stats 2 lh Sun Aug 13 19:26:48 UTC 2023
#@# Parcellation Stats 3 lh Sun Aug 13 19:27:04 UTC 2023
#@# BA_exvivo Labels lh Sun Aug 13 19:27:20 UTC 2023
recon-all -s sub-p017 finished without error at Sun Aug 13 19:31:02 UTC 2023
