status file for recon-all
Fri Aug 11 02:48:57 UTC 2023
#@# Tessellate rh Fri Aug 11 02:48:57 UTC 2023
#@# Smooth1 rh Fri Aug 11 02:49:03 UTC 2023
#@# Inflation1 rh Fri Aug 11 02:49:06 UTC 2023
#@# QSphere rh Fri Aug 11 02:49:22 UTC 2023
#@# Fix Topology rh Fri Aug 11 02:51:06 UTC 2023
#@# Smooth2 rh Fri Aug 11 02:57:14 UTC 2023
#@# Inflation2 rh Fri Aug 11 02:57:18 UTC 2023
#@# Curv .H and .K rh Fri Aug 11 02:57:39 UTC 2023
#@# Sphere rh Fri Aug 11 02:58:36 UTC 2023
#@# Surf Reg rh Fri Aug 11 03:03:13 UTC 2023
#@# Jacobian white rh Fri Aug 11 03:09:07 UTC 2023
#@# AvgCurv rh Fri Aug 11 03:09:08 UTC 2023
#@# Cortical Parc rh Fri Aug 11 03:09:09 UTC 2023
#@# white curv rh Fri Aug 11 03:16:27 UTC 2023
#@# white area rh Fri Aug 11 03:16:29 UTC 2023
#@# pial curv rh Fri Aug 11 03:16:30 UTC 2023
#@# pial area rh Fri Aug 11 03:16:32 UTC 2023
#@# thickness rh Fri Aug 11 03:16:33 UTC 2023
#@# area and vertex vol rh Fri Aug 11 03:17:14 UTC 2023
#@# Curvature Stats rh Fri Aug 11 03:17:17 UTC 2023
#@# Cortical Parc 2 rh Fri Aug 11 03:17:20 UTC 2023
#@# Cortical Parc 3 rh Fri Aug 11 03:17:38 UTC 2023
#@# WM/GM Contrast rh Fri Aug 11 03:17:52 UTC 2023
recon-all -s sub-p012 finished without error at Fri Aug 11 03:17:56 UTC 2023



#New# invocation of recon-all 



status file for recon-all
Fri Aug 11 03:34:03 UTC 2023
#@# white curv rh Fri Aug 11 03:34:03 UTC 2023
#@# white area rh Fri Aug 11 03:34:03 UTC 2023
#@# pial curv rh Fri Aug 11 03:34:03 UTC 2023
#@# pial area rh Fri Aug 11 03:34:03 UTC 2023
#@# thickness rh Fri Aug 11 03:34:03 UTC 2023
#@# area and vertex vol rh Fri Aug 11 03:34:03 UTC 2023
#@# Parcellation Stats rh Fri Aug 11 03:34:03 UTC 2023
#@# Parcellation Stats 2 rh Fri Aug 11 03:34:32 UTC 2023
#@# Parcellation Stats 3 rh Fri Aug 11 03:34:47 UTC 2023
#@# BA_exvivo Labels rh Fri Aug 11 03:35:00 UTC 2023
recon-all -s sub-p012 finished without error at Fri Aug 11 03:39:10 UTC 2023
