status file for recon-all
Sun Aug 13 23:28:09 UTC 2023
#@# MotionCor Sun Aug 13 23:28:14 UTC 2023
#@# Talairach Sun Aug 13 23:28:23 UTC 2023
#@# Talairach Failure Detection Sun Aug 13 23:32:43 UTC 2023
#@# Nu Intensity Correction Sun Aug 13 23:32:43 UTC 2023
#@# Intensity Normalization Sun Aug 13 23:36:54 UTC 2023
recon-all -s sub-s018 finished without error at Sun Aug 13 23:38:35 UTC 2023



#New# invocation of recon-all 



status file for recon-all
Sun Aug 13 23:54:02 UTC 2023
#@# EM Registration Sun Aug 13 23:54:02 UTC 2023
recon-all -s sub-s018 finished without error at Sun Aug 13 23:56:21 UTC 2023



#New# invocation of recon-all 



status file for recon-all
Sun Aug 13 23:56:23 UTC 2023
#@# CA Normalize Sun Aug 13 23:56:23 UTC 2023
#@# CA Reg Sun Aug 13 23:57:27 UTC 2023
#@# SubCort Seg Mon Aug 14 00:42:40 UTC 2023
#@# CC Seg Mon Aug 14 01:19:24 UTC 2023
#@# Merge ASeg Mon Aug 14 01:20:19 UTC 2023
#@# Intensity Normalization2 Mon Aug 14 01:20:19 UTC 2023
#@# Mask BFS Mon Aug 14 01:22:44 UTC 2023
#@# WM Segmentation Mon Aug 14 01:22:45 UTC 2023
#@# Fill Mon Aug 14 01:25:26 UTC 2023
recon-all -s sub-s018 finished without error at Mon Aug 14 01:26:38 UTC 2023



#New# invocation of recon-all 



status file for recon-all
Mon Aug 14 02:25:57 UTC 2023
#@# white curv lh Mon Aug 14 02:25:57 UTC 2023
#@# white area lh Mon Aug 14 02:25:57 UTC 2023
#@# pial curv lh Mon Aug 14 02:25:57 UTC 2023
#@# pial area lh Mon Aug 14 02:25:57 UTC 2023
#@# thickness lh Mon Aug 14 02:25:57 UTC 2023
#@# area and vertex vol lh Mon Aug 14 02:25:57 UTC 2023
#@# white curv rh Mon Aug 14 02:25:57 UTC 2023
#@# white area rh Mon Aug 14 02:25:57 UTC 2023
#@# pial curv rh Mon Aug 14 02:25:57 UTC 2023
#@# pial area rh Mon Aug 14 02:25:57 UTC 2023
#@# thickness rh Mon Aug 14 02:25:57 UTC 2023
#@# area and vertex vol rh Mon Aug 14 02:25:57 UTC 2023
#@# Cortical ribbon mask Mon Aug 14 02:25:57 UTC 2023
recon-all -s sub-s018 finished without error at Mon Aug 14 02:35:16 UTC 2023



#New# invocation of recon-all 



status file for recon-all
Mon Aug 14 03:09:08 UTC 2023
#@# white curv lh Mon Aug 14 03:09:08 UTC 2023
#@# white area lh Mon Aug 14 03:09:08 UTC 2023
#@# pial curv lh Mon Aug 14 03:09:08 UTC 2023
#@# pial area lh Mon Aug 14 03:09:08 UTC 2023
#@# thickness lh Mon Aug 14 03:09:08 UTC 2023
#@# area and vertex vol lh Mon Aug 14 03:09:08 UTC 2023
#@# white curv rh Mon Aug 14 03:09:08 UTC 2023
#@# white area rh Mon Aug 14 03:09:08 UTC 2023
#@# pial curv rh Mon Aug 14 03:09:08 UTC 2023
#@# pial area rh Mon Aug 14 03:09:08 UTC 2023
#@# thickness rh Mon Aug 14 03:09:08 UTC 2023
#@# area and vertex vol rh Mon Aug 14 03:09:08 UTC 2023
#@# Curvature Stats lh Mon Aug 14 03:09:08 UTC 2023
#@# Curvature Stats rh Mon Aug 14 03:09:12 UTC 2023
#@# Relabel Hypointensities Mon Aug 14 03:09:15 UTC 2023
#@# APas-to-ASeg Mon Aug 14 03:09:36 UTC 2023
#@# AParc-to-ASeg aparc Mon Aug 14 03:09:47 UTC 2023
#@# AParc-to-ASeg aparc.a2009s Mon Aug 14 03:10:58 UTC 2023
#@# AParc-to-ASeg aparc.DKTatlas Mon Aug 14 03:12:08 UTC 2023
#@# WMParc Mon Aug 14 03:13:17 UTC 2023
#@# ASeg Stats Mon Aug 14 03:15:55 UTC 2023
recon-all -s sub-s018 finished without error at Mon Aug 14 03:16:27 UTC 2023
