status file for recon-all
Mon Aug 14 01:26:52 UTC 2023
#@# Tessellate lh Mon Aug 14 01:26:52 UTC 2023
#@# Smooth1 lh Mon Aug 14 01:26:56 UTC 2023
#@# Inflation1 lh Mon Aug 14 01:27:00 UTC 2023
#@# QSphere lh Mon Aug 14 01:27:12 UTC 2023
#@# Fix Topology lh Mon Aug 14 01:28:32 UTC 2023
#@# Smooth2 lh Mon Aug 14 01:40:15 UTC 2023
#@# Inflation2 lh Mon Aug 14 01:40:18 UTC 2023
#@# Curv .H and .K lh Mon Aug 14 01:40:32 UTC 2023
#@# Sphere lh Mon Aug 14 01:41:36 UTC 2023
#@# Surf Reg lh Mon Aug 14 01:45:35 UTC 2023
#@# Jacobian white lh Mon Aug 14 01:50:04 UTC 2023
#@# AvgCurv lh Mon Aug 14 01:50:05 UTC 2023
#@# Cortical Parc lh Mon Aug 14 01:50:06 UTC 2023
#@# white curv lh Mon Aug 14 01:58:14 UTC 2023
#@# white area lh Mon Aug 14 01:58:17 UTC 2023
#@# pial curv lh Mon Aug 14 01:58:18 UTC 2023
#@# pial area lh Mon Aug 14 01:58:20 UTC 2023
#@# thickness lh Mon Aug 14 01:58:21 UTC 2023
#@# area and vertex vol lh Mon Aug 14 01:59:02 UTC 2023
#@# Curvature Stats lh Mon Aug 14 01:59:04 UTC 2023
#@# Cortical Parc 2 lh Mon Aug 14 01:59:07 UTC 2023
#@# Cortical Parc 3 lh Mon Aug 14 01:59:26 UTC 2023
#@# WM/GM Contrast lh Mon Aug 14 01:59:40 UTC 2023
recon-all -s sub-s018 finished without error at Mon Aug 14 01:59:44 UTC 2023



#New# invocation of recon-all 



status file for recon-all
Mon Aug 14 02:58:42 UTC 2023
#@# white curv lh Mon Aug 14 02:58:42 UTC 2023
#@# white area lh Mon Aug 14 02:58:42 UTC 2023
#@# pial curv lh Mon Aug 14 02:58:42 UTC 2023
#@# pial area lh Mon Aug 14 02:58:42 UTC 2023
#@# thickness lh Mon Aug 14 02:58:42 UTC 2023
#@# area and vertex vol lh Mon Aug 14 02:58:42 UTC 2023
#@# Parcellation Stats lh Mon Aug 14 02:58:42 UTC 2023
#@# Parcellation Stats 2 lh Mon Aug 14 02:59:15 UTC 2023
#@# Parcellation Stats 3 lh Mon Aug 14 02:59:32 UTC 2023
#@# BA_exvivo Labels lh Mon Aug 14 02:59:48 UTC 2023
recon-all -s sub-s018 finished without error at Mon Aug 14 03:03:52 UTC 2023
