status file for recon-all
Mon Aug 14 01:59:47 UTC 2023
#@# Tessellate rh Mon Aug 14 01:59:47 UTC 2023
#@# Smooth1 rh Mon Aug 14 01:59:52 UTC 2023
#@# Inflation1 rh Mon Aug 14 01:59:55 UTC 2023
#@# QSphere rh Mon Aug 14 02:00:07 UTC 2023
#@# Fix Topology rh Mon Aug 14 02:01:28 UTC 2023
#@# Smooth2 rh Mon Aug 14 02:08:20 UTC 2023
#@# Inflation2 rh Mon Aug 14 02:08:24 UTC 2023
#@# Curv .H and .K rh Mon Aug 14 02:08:38 UTC 2023
#@# Sphere rh Mon Aug 14 02:09:41 UTC 2023
#@# Surf Reg rh Mon Aug 14 02:12:00 UTC 2023
#@# Jacobian white rh Mon Aug 14 02:16:38 UTC 2023
#@# AvgCurv rh Mon Aug 14 02:16:39 UTC 2023
#@# Cortical Parc rh Mon Aug 14 02:16:40 UTC 2023
#@# white curv rh Mon Aug 14 02:24:23 UTC 2023
#@# white area rh Mon Aug 14 02:24:25 UTC 2023
#@# pial curv rh Mon Aug 14 02:24:26 UTC 2023
#@# pial area rh Mon Aug 14 02:24:28 UTC 2023
#@# thickness rh Mon Aug 14 02:24:29 UTC 2023
#@# area and vertex vol rh Mon Aug 14 02:25:10 UTC 2023
#@# Curvature Stats rh Mon Aug 14 02:25:12 UTC 2023
#@# Cortical Parc 2 rh Mon Aug 14 02:25:16 UTC 2023
#@# Cortical Parc 3 rh Mon Aug 14 02:25:34 UTC 2023
#@# WM/GM Contrast rh Mon Aug 14 02:25:47 UTC 2023
recon-all -s sub-s018 finished without error at Mon Aug 14 02:25:51 UTC 2023



#New# invocation of recon-all 



status file for recon-all
Mon Aug 14 03:03:55 UTC 2023
#@# white curv rh Mon Aug 14 03:03:55 UTC 2023
#@# white area rh Mon Aug 14 03:03:55 UTC 2023
#@# pial curv rh Mon Aug 14 03:03:55 UTC 2023
#@# pial area rh Mon Aug 14 03:03:55 UTC 2023
#@# thickness rh Mon Aug 14 03:03:55 UTC 2023
#@# area and vertex vol rh Mon Aug 14 03:03:55 UTC 2023
#@# Parcellation Stats rh Mon Aug 14 03:03:55 UTC 2023
#@# Parcellation Stats 2 rh Mon Aug 14 03:04:28 UTC 2023
#@# Parcellation Stats 3 rh Mon Aug 14 03:04:45 UTC 2023
#@# BA_exvivo Labels rh Mon Aug 14 03:05:01 UTC 2023
recon-all -s sub-s018 finished without error at Mon Aug 14 03:09:03 UTC 2023
