status file for recon-all
Sun Aug 13 11:42:18 UTC 2023
#@# Tessellate lh Sun Aug 13 11:42:18 UTC 2023
#@# Smooth1 lh Sun Aug 13 11:42:24 UTC 2023
#@# Inflation1 lh Sun Aug 13 11:42:28 UTC 2023
#@# QSphere lh Sun Aug 13 11:42:47 UTC 2023
#@# Fix Topology lh Sun Aug 13 11:44:48 UTC 2023
#@# Smooth2 lh Sun Aug 13 11:53:14 UTC 2023
#@# Inflation2 lh Sun Aug 13 11:53:19 UTC 2023
#@# Curv .H and .K lh Sun Aug 13 11:53:41 UTC 2023
#@# Sphere lh Sun Aug 13 11:54:51 UTC 2023
#@# Surf Reg lh Sun Aug 13 12:03:55 UTC 2023
#@# Jacobian white lh Sun Aug 13 12:12:27 UTC 2023
#@# AvgCurv lh Sun Aug 13 12:12:28 UTC 2023
#@# Cortical Parc lh Sun Aug 13 12:12:30 UTC 2023
#@# white curv lh Sun Aug 13 12:21:51 UTC 2023
#@# white area lh Sun Aug 13 12:21:54 UTC 2023
#@# pial curv lh Sun Aug 13 12:21:55 UTC 2023
#@# pial area lh Sun Aug 13 12:21:59 UTC 2023
#@# thickness lh Sun Aug 13 12:22:00 UTC 2023
#@# area and vertex vol lh Sun Aug 13 12:22:51 UTC 2023
#@# Curvature Stats lh Sun Aug 13 12:22:54 UTC 2023
#@# Cortical Parc 2 lh Sun Aug 13 12:22:58 UTC 2023
#@# Cortical Parc 3 lh Sun Aug 13 12:23:23 UTC 2023
#@# WM/GM Contrast lh Sun Aug 13 12:23:41 UTC 2023
recon-all -s sub-p009 finished without error at Sun Aug 13 12:23:47 UTC 2023



#New# invocation of recon-all 



status file for recon-all
Sun Aug 13 14:05:30 UTC 2023
#@# white curv lh Sun Aug 13 14:05:30 UTC 2023
#@# white area lh Sun Aug 13 14:05:30 UTC 2023
#@# pial curv lh Sun Aug 13 14:05:30 UTC 2023
#@# pial area lh Sun Aug 13 14:05:30 UTC 2023
#@# thickness lh Sun Aug 13 14:05:30 UTC 2023
#@# area and vertex vol lh Sun Aug 13 14:05:30 UTC 2023
#@# Parcellation Stats lh Sun Aug 13 14:05:30 UTC 2023
#@# Parcellation Stats 2 lh Sun Aug 13 14:06:06 UTC 2023
#@# Parcellation Stats 3 lh Sun Aug 13 14:06:25 UTC 2023
#@# BA_exvivo Labels lh Sun Aug 13 14:06:42 UTC 2023
recon-all -s sub-p009 finished without error at Sun Aug 13 14:11:42 UTC 2023
