status file for recon-all
Mon Aug 14 06:11:27 UTC 2023
#@# MotionCor Mon Aug 14 06:11:32 UTC 2023
#@# Talairach Mon Aug 14 06:11:41 UTC 2023
#@# Talairach Failure Detection Mon Aug 14 06:16:04 UTC 2023
#@# Nu Intensity Correction Mon Aug 14 06:16:04 UTC 2023
#@# Intensity Normalization Mon Aug 14 06:20:22 UTC 2023
recon-all -s sub-s008 finished without error at Mon Aug 14 06:22:01 UTC 2023



#New# invocation of recon-all 



status file for recon-all
Mon Aug 14 06:37:12 UTC 2023
#@# EM Registration Mon Aug 14 06:37:12 UTC 2023
recon-all -s sub-s008 finished without error at Mon Aug 14 06:39:35 UTC 2023



#New# invocation of recon-all 



status file for recon-all
Mon Aug 14 06:39:39 UTC 2023
#@# CA Normalize Mon Aug 14 06:39:39 UTC 2023
#@# CA Reg Mon Aug 14 06:40:45 UTC 2023
#@# SubCort Seg Mon Aug 14 07:27:19 UTC 2023
#@# CC Seg Mon Aug 14 07:57:34 UTC 2023
#@# Merge ASeg Mon Aug 14 07:58:10 UTC 2023
#@# Intensity Normalization2 Mon Aug 14 07:58:10 UTC 2023
#@# Mask BFS Mon Aug 14 08:00:31 UTC 2023
#@# WM Segmentation Mon Aug 14 08:00:32 UTC 2023
#@# Fill Mon Aug 14 08:02:53 UTC 2023
recon-all -s sub-s008 finished without error at Mon Aug 14 08:04:05 UTC 2023



#New# invocation of recon-all 



status file for recon-all
Mon Aug 14 08:45:46 UTC 2023
#@# white curv lh Mon Aug 14 08:45:46 UTC 2023
#@# white area lh Mon Aug 14 08:45:46 UTC 2023
#@# pial curv lh Mon Aug 14 08:45:46 UTC 2023
#@# pial area lh Mon Aug 14 08:45:46 UTC 2023
#@# thickness lh Mon Aug 14 08:45:46 UTC 2023
#@# area and vertex vol lh Mon Aug 14 08:45:46 UTC 2023
#@# white curv rh Mon Aug 14 08:45:46 UTC 2023
#@# white area rh Mon Aug 14 08:45:46 UTC 2023
#@# pial curv rh Mon Aug 14 08:45:46 UTC 2023
#@# pial area rh Mon Aug 14 08:45:46 UTC 2023
#@# thickness rh Mon Aug 14 08:45:46 UTC 2023
#@# area and vertex vol rh Mon Aug 14 08:45:46 UTC 2023
#@# Cortical ribbon mask Mon Aug 14 08:45:46 UTC 2023
recon-all -s sub-s008 finished without error at Mon Aug 14 08:50:52 UTC 2023



#New# invocation of recon-all 



status file for recon-all
Mon Aug 14 09:25:41 UTC 2023
#@# white curv lh Mon Aug 14 09:25:42 UTC 2023
#@# white area lh Mon Aug 14 09:25:42 UTC 2023
#@# pial curv lh Mon Aug 14 09:25:42 UTC 2023
#@# pial area lh Mon Aug 14 09:25:42 UTC 2023
#@# thickness lh Mon Aug 14 09:25:42 UTC 2023
#@# area and vertex vol lh Mon Aug 14 09:25:42 UTC 2023
#@# white curv rh Mon Aug 14 09:25:42 UTC 2023
#@# white area rh Mon Aug 14 09:25:42 UTC 2023
#@# pial curv rh Mon Aug 14 09:25:42 UTC 2023
#@# pial area rh Mon Aug 14 09:25:42 UTC 2023
#@# thickness rh Mon Aug 14 09:25:42 UTC 2023
#@# area and vertex vol rh Mon Aug 14 09:25:42 UTC 2023
#@# Curvature Stats lh Mon Aug 14 09:25:42 UTC 2023
#@# Curvature Stats rh Mon Aug 14 09:25:45 UTC 2023
#@# Relabel Hypointensities Mon Aug 14 09:25:48 UTC 2023
#@# APas-to-ASeg Mon Aug 14 09:26:06 UTC 2023
#@# AParc-to-ASeg aparc Mon Aug 14 09:26:16 UTC 2023
#@# AParc-to-ASeg aparc.a2009s Mon Aug 14 09:27:14 UTC 2023
#@# AParc-to-ASeg aparc.DKTatlas Mon Aug 14 09:28:12 UTC 2023
#@# WMParc Mon Aug 14 09:29:10 UTC 2023
#@# ASeg Stats Mon Aug 14 09:31:40 UTC 2023
recon-all -s sub-s008 finished without error at Mon Aug 14 09:32:12 UTC 2023
