status file for recon-all
Mon Aug 14 08:25:26 UTC 2023
#@# Tessellate rh Mon Aug 14 08:25:26 UTC 2023
#@# Smooth1 rh Mon Aug 14 08:25:30 UTC 2023
#@# Inflation1 rh Mon Aug 14 08:25:33 UTC 2023
#@# QSphere rh Mon Aug 14 08:25:43 UTC 2023
#@# Fix Topology rh Mon Aug 14 08:26:44 UTC 2023
#@# Smooth2 rh Mon Aug 14 08:32:11 UTC 2023
#@# Inflation2 rh Mon Aug 14 08:32:14 UTC 2023
#@# Curv .H and .K rh Mon Aug 14 08:32:25 UTC 2023
#@# Sphere rh Mon Aug 14 08:33:15 UTC 2023
#@# Surf Reg rh Mon Aug 14 08:34:42 UTC 2023
#@# Jacobian white rh Mon Aug 14 08:38:27 UTC 2023
#@# AvgCurv rh Mon Aug 14 08:38:28 UTC 2023
#@# Cortical Parc rh Mon Aug 14 08:38:28 UTC 2023
#@# white curv rh Mon Aug 14 08:44:32 UTC 2023
#@# white area rh Mon Aug 14 08:44:34 UTC 2023
#@# pial curv rh Mon Aug 14 08:44:35 UTC 2023
#@# pial area rh Mon Aug 14 08:44:37 UTC 2023
#@# thickness rh Mon Aug 14 08:44:37 UTC 2023
#@# area and vertex vol rh Mon Aug 14 08:45:08 UTC 2023
#@# Curvature Stats rh Mon Aug 14 08:45:09 UTC 2023
#@# Cortical Parc 2 rh Mon Aug 14 08:45:12 UTC 2023
#@# Cortical Parc 3 rh Mon Aug 14 08:45:27 UTC 2023
#@# WM/GM Contrast rh Mon Aug 14 08:45:38 UTC 2023
recon-all -s sub-s008 finished without error at Mon Aug 14 08:45:42 UTC 2023



#New# invocation of recon-all 



status file for recon-all
Mon Aug 14 09:21:22 UTC 2023
#@# white curv rh Mon Aug 14 09:21:22 UTC 2023
#@# white area rh Mon Aug 14 09:21:23 UTC 2023
#@# pial curv rh Mon Aug 14 09:21:23 UTC 2023
#@# pial area rh Mon Aug 14 09:21:23 UTC 2023
#@# thickness rh Mon Aug 14 09:21:23 UTC 2023
#@# area and vertex vol rh Mon Aug 14 09:21:23 UTC 2023
#@# Parcellation Stats rh Mon Aug 14 09:21:23 UTC 2023
#@# Parcellation Stats 2 rh Mon Aug 14 09:21:48 UTC 2023
#@# Parcellation Stats 3 rh Mon Aug 14 09:22:01 UTC 2023
#@# BA_exvivo Labels rh Mon Aug 14 09:22:14 UTC 2023
recon-all -s sub-s008 finished without error at Mon Aug 14 09:25:37 UTC 2023
