Log file for defect2seg
Sun Aug 13 08:21:28 UTC 2023

setenv SUBJECTS_DIR /project/data/bids/derivatives/sourcedata/freesurfer
cd /project/data/bids/derivatives/sourcedata/freesurfer/sub-p008/scripts
/opt/freesurfer/bin/defect2seg --s sub-p008 --rh-only --cortex

freesurfer-linux-ubuntu22_x86_64-7.3.2-20220804-6354275
defect2seg 7.3.2
Linux spock7-c0-12 3.10.0-1160.59.1.el7.x86_64 #1 SMP Tue Feb 22 16:51:50 EST 2022 x86_64 x86_64 x86_64 GNU/Linux
pid 12383
mri_label2label --label-cortex /project/data/bids/derivatives/sourcedata/freesurfer/sub-p008/surf/rh.orig.nofix /project/data/bids/derivatives/sourcedata/freesurfer/sub-p008/mri/aseg.presurf.mgz 0 /project/data/bids/derivatives/sourcedata/freesurfer/sub-p008/label/rh.nofix.cortex.label

 Generating cortex label... RemoveHipAmgy=0
 NucAccIsMedialWall=0
 mris->useRealRAS=0
4 non-cortical segments detected
only using segment with 7277 vertices
erasing segment 1 (vno[0] = 104913)
erasing segment 2 (vno[0] = 106821)
erasing segment 3 (vno[0] = 107824)
mri_label2vol --defects /project/data/bids/derivatives/sourcedata/freesurfer/sub-p008/surf/rh.orig.nofix /project/data/bids/derivatives/sourcedata/freesurfer/sub-p008/surf/rh.defect_labels /project/data/bids/derivatives/sourcedata/freesurfer/sub-p008/mri/orig.mgz 2000 0 /project/data/bids/derivatives/sourcedata/freesurfer/sub-p008/mri/rh.surface.defects.mgz /project/data/bids/derivatives/sourcedata/freesurfer/sub-p008/label/rh.nofix.cortex.label
mri_label2vol supposed to be reproducible but seed not set
Contraining to label /project/data/bids/derivatives/sourcedata/freesurfer/sub-p008/label/rh.nofix.cortex.label
Changing input type 0 to MRI_INT
Converting defects to volume: offset=2000, merge=0
Writing to /project/data/bids/derivatives/sourcedata/freesurfer/sub-p008/mri/rh.surface.defects.mgz
mris_defects_pointset -s /project/data/bids/derivatives/sourcedata/freesurfer/sub-p008/surf/rh.orig.nofix -d /project/data/bids/derivatives/sourcedata/freesurfer/sub-p008/surf/rh.defect_labels -o /project/data/bids/derivatives/sourcedata/freesurfer/sub-p008/surf/rh.defects.pointset --label /project/data/bids/derivatives/sourcedata/freesurfer/sub-p008/label/rh.nofix.cortex.label
Reading in surface /project/data/bids/derivatives/sourcedata/freesurfer/sub-p008/surf/rh.orig.nofix
Reading in defect segmentation /project/data/bids/derivatives/sourcedata/freesurfer/sub-p008/surf/rh.defect_labels
Reading in label /project/data/bids/derivatives/sourcedata/freesurfer/sub-p008/label/rh.nofix.cortex.label
#VMPC# mris_defects_pointset 716168
mris_defects_pointset done
 
Started at Sun Aug 13 08:21:28 UTC 2023 
Ended   at Sun Aug 13 08:21:47 UTC 2023
Defect2seg-Run-Time-Sec 19
Defect2seg-Run-Time-Min 0.38
Defect2seg-Run-Time-Hours 0.01
 
defect2seg Done
