status file for recon-all
Sun Aug 13 07:54:33 UTC 2023
#@# Tessellate lh Sun Aug 13 07:54:33 UTC 2023
#@# Smooth1 lh Sun Aug 13 07:54:38 UTC 2023
#@# Inflation1 lh Sun Aug 13 07:54:41 UTC 2023
#@# QSphere lh Sun Aug 13 07:54:54 UTC 2023
#@# Fix Topology lh Sun Aug 13 07:56:11 UTC 2023
#@# Smooth2 lh Sun Aug 13 08:02:13 UTC 2023
#@# Inflation2 lh Sun Aug 13 08:02:17 UTC 2023
#@# Curv .H and .K lh Sun Aug 13 08:02:30 UTC 2023
#@# Sphere lh Sun Aug 13 08:03:23 UTC 2023
#@# Surf Reg lh Sun Aug 13 08:06:45 UTC 2023
#@# Jacobian white lh Sun Aug 13 08:10:51 UTC 2023
#@# AvgCurv lh Sun Aug 13 08:10:52 UTC 2023
#@# Cortical Parc lh Sun Aug 13 08:10:53 UTC 2023
#@# white curv lh Sun Aug 13 08:17:51 UTC 2023
#@# white area lh Sun Aug 13 08:17:53 UTC 2023
#@# pial curv lh Sun Aug 13 08:17:54 UTC 2023
#@# pial area lh Sun Aug 13 08:17:56 UTC 2023
#@# thickness lh Sun Aug 13 08:17:57 UTC 2023
#@# area and vertex vol lh Sun Aug 13 08:18:31 UTC 2023
#@# Curvature Stats lh Sun Aug 13 08:18:33 UTC 2023
#@# Cortical Parc 2 lh Sun Aug 13 08:18:37 UTC 2023
#@# Cortical Parc 3 lh Sun Aug 13 08:18:53 UTC 2023
#@# WM/GM Contrast lh Sun Aug 13 08:19:06 UTC 2023
recon-all -s sub-p008 finished without error at Sun Aug 13 08:19:10 UTC 2023



#New# invocation of recon-all 



status file for recon-all
Sun Aug 13 09:23:05 UTC 2023
#@# white curv lh Sun Aug 13 09:23:05 UTC 2023
#@# white area lh Sun Aug 13 09:23:05 UTC 2023
#@# pial curv lh Sun Aug 13 09:23:05 UTC 2023
#@# pial area lh Sun Aug 13 09:23:05 UTC 2023
#@# thickness lh Sun Aug 13 09:23:05 UTC 2023
#@# area and vertex vol lh Sun Aug 13 09:23:05 UTC 2023
#@# Parcellation Stats lh Sun Aug 13 09:23:05 UTC 2023
#@# Parcellation Stats 2 lh Sun Aug 13 09:23:34 UTC 2023
#@# Parcellation Stats 3 lh Sun Aug 13 09:23:50 UTC 2023
#@# BA_exvivo Labels lh Sun Aug 13 09:24:04 UTC 2023
recon-all -s sub-p008 finished without error at Sun Aug 13 09:27:38 UTC 2023
