Log file for defect2seg
Mon Aug 14 00:34:18 UTC 2023

setenv SUBJECTS_DIR /project/data/bids/derivatives/sourcedata/freesurfer
cd /project/data/bids/derivatives/sourcedata/freesurfer/sub-s021/scripts
/opt/freesurfer/bin/defect2seg --s sub-s021 --rh-only --cortex

freesurfer-linux-ubuntu22_x86_64-7.3.2-20220804-6354275
defect2seg 7.3.2
Linux spock7-c1-12 3.10.0-1160.71.1.el7.x86_64 #1 SMP Tue Jun 28 10:52:56 EDT 2022 x86_64 x86_64 x86_64 GNU/Linux
pid 7302
mri_label2label --label-cortex /project/data/bids/derivatives/sourcedata/freesurfer/sub-s021/surf/rh.orig.nofix /project/data/bids/derivatives/sourcedata/freesurfer/sub-s021/mri/aseg.presurf.mgz 0 /project/data/bids/derivatives/sourcedata/freesurfer/sub-s021/label/rh.nofix.cortex.label

 Generating cortex label... RemoveHipAmgy=0
 NucAccIsMedialWall=0
 mris->useRealRAS=0
16 non-cortical segments detected
only using segment with 7860 vertices
erasing segment 1 (vno[0] = 69196)
erasing segment 2 (vno[0] = 70487)
erasing segment 3 (vno[0] = 70509)
erasing segment 4 (vno[0] = 71680)
erasing segment 5 (vno[0] = 107067)
erasing segment 6 (vno[0] = 109059)
erasing segment 7 (vno[0] = 110553)
erasing segment 8 (vno[0] = 111457)
erasing segment 9 (vno[0] = 111721)
erasing segment 10 (vno[0] = 112700)
erasing segment 11 (vno[0] = 113845)
erasing segment 12 (vno[0] = 115901)
erasing segment 13 (vno[0] = 122563)
erasing segment 14 (vno[0] = 125345)
erasing segment 15 (vno[0] = 129662)
mri_label2vol --defects /project/data/bids/derivatives/sourcedata/freesurfer/sub-s021/surf/rh.orig.nofix /project/data/bids/derivatives/sourcedata/freesurfer/sub-s021/surf/rh.defect_labels /project/data/bids/derivatives/sourcedata/freesurfer/sub-s021/mri/orig.mgz 2000 0 /project/data/bids/derivatives/sourcedata/freesurfer/sub-s021/mri/rh.surface.defects.mgz /project/data/bids/derivatives/sourcedata/freesurfer/sub-s021/label/rh.nofix.cortex.label
mri_label2vol supposed to be reproducible but seed not set
Contraining to label /project/data/bids/derivatives/sourcedata/freesurfer/sub-s021/label/rh.nofix.cortex.label
Changing input type 0 to MRI_INT
Converting defects to volume: offset=2000, merge=0
Writing to /project/data/bids/derivatives/sourcedata/freesurfer/sub-s021/mri/rh.surface.defects.mgz
mris_defects_pointset -s /project/data/bids/derivatives/sourcedata/freesurfer/sub-s021/surf/rh.orig.nofix -d /project/data/bids/derivatives/sourcedata/freesurfer/sub-s021/surf/rh.defect_labels -o /project/data/bids/derivatives/sourcedata/freesurfer/sub-s021/surf/rh.defects.pointset --label /project/data/bids/derivatives/sourcedata/freesurfer/sub-s021/label/rh.nofix.cortex.label
Reading in surface /project/data/bids/derivatives/sourcedata/freesurfer/sub-s021/surf/rh.orig.nofix
Reading in defect segmentation /project/data/bids/derivatives/sourcedata/freesurfer/sub-s021/surf/rh.defect_labels
Reading in label /project/data/bids/derivatives/sourcedata/freesurfer/sub-s021/label/rh.nofix.cortex.label
#VMPC# mris_defects_pointset 727348
mris_defects_pointset done
 
Started at Mon Aug 14 00:34:18 UTC 2023 
Ended   at Mon Aug 14 00:34:39 UTC 2023
Defect2seg-Run-Time-Sec 21
Defect2seg-Run-Time-Min 0.42
Defect2seg-Run-Time-Hours 0.01
 
defect2seg Done
