status file for recon-all
Sun Aug 13 22:02:12 UTC 2023
#@# MotionCor Sun Aug 13 22:02:17 UTC 2023
#@# Talairach Sun Aug 13 22:02:26 UTC 2023
#@# Talairach Failure Detection Sun Aug 13 22:06:43 UTC 2023
#@# Nu Intensity Correction Sun Aug 13 22:06:43 UTC 2023
#@# Intensity Normalization Sun Aug 13 22:10:57 UTC 2023
recon-all -s sub-s021 finished without error at Sun Aug 13 22:12:30 UTC 2023



#New# invocation of recon-all 



status file for recon-all
Sun Aug 13 22:28:17 UTC 2023
#@# EM Registration Sun Aug 13 22:28:17 UTC 2023
recon-all -s sub-s021 finished without error at Sun Aug 13 22:30:26 UTC 2023



#New# invocation of recon-all 



status file for recon-all
Sun Aug 13 22:30:28 UTC 2023
#@# CA Normalize Sun Aug 13 22:30:28 UTC 2023
#@# CA Reg Sun Aug 13 22:31:35 UTC 2023
#@# SubCort Seg Sun Aug 13 23:21:23 UTC 2023
#@# CC Seg Sun Aug 13 23:57:49 UTC 2023
#@# Merge ASeg Sun Aug 13 23:58:23 UTC 2023
#@# Intensity Normalization2 Sun Aug 13 23:58:23 UTC 2023
#@# Mask BFS Mon Aug 14 00:00:41 UTC 2023
#@# WM Segmentation Mon Aug 14 00:00:42 UTC 2023
#@# Fill Mon Aug 14 00:03:22 UTC 2023
recon-all -s sub-s021 finished without error at Mon Aug 14 00:04:32 UTC 2023



#New# invocation of recon-all 



status file for recon-all
Mon Aug 14 00:59:24 UTC 2023
#@# white curv lh Mon Aug 14 00:59:24 UTC 2023
#@# white area lh Mon Aug 14 00:59:24 UTC 2023
#@# pial curv lh Mon Aug 14 00:59:24 UTC 2023
#@# pial area lh Mon Aug 14 00:59:24 UTC 2023
#@# thickness lh Mon Aug 14 00:59:24 UTC 2023
#@# area and vertex vol lh Mon Aug 14 00:59:24 UTC 2023
#@# white curv rh Mon Aug 14 00:59:24 UTC 2023
#@# white area rh Mon Aug 14 00:59:24 UTC 2023
#@# pial curv rh Mon Aug 14 00:59:24 UTC 2023
#@# pial area rh Mon Aug 14 00:59:24 UTC 2023
#@# thickness rh Mon Aug 14 00:59:24 UTC 2023
#@# area and vertex vol rh Mon Aug 14 00:59:24 UTC 2023
#@# Cortical ribbon mask Mon Aug 14 00:59:24 UTC 2023
recon-all -s sub-s021 finished without error at Mon Aug 14 01:08:40 UTC 2023



#New# invocation of recon-all 



status file for recon-all
Mon Aug 14 01:45:56 UTC 2023
#@# white curv lh Mon Aug 14 01:45:57 UTC 2023
#@# white area lh Mon Aug 14 01:45:57 UTC 2023
#@# pial curv lh Mon Aug 14 01:45:57 UTC 2023
#@# pial area lh Mon Aug 14 01:45:57 UTC 2023
#@# thickness lh Mon Aug 14 01:45:57 UTC 2023
#@# area and vertex vol lh Mon Aug 14 01:45:57 UTC 2023
#@# white curv rh Mon Aug 14 01:45:57 UTC 2023
#@# white area rh Mon Aug 14 01:45:57 UTC 2023
#@# pial curv rh Mon Aug 14 01:45:57 UTC 2023
#@# pial area rh Mon Aug 14 01:45:57 UTC 2023
#@# thickness rh Mon Aug 14 01:45:57 UTC 2023
#@# area and vertex vol rh Mon Aug 14 01:45:57 UTC 2023
#@# Curvature Stats lh Mon Aug 14 01:45:57 UTC 2023
#@# Curvature Stats rh Mon Aug 14 01:46:00 UTC 2023
#@# Relabel Hypointensities Mon Aug 14 01:46:05 UTC 2023
#@# APas-to-ASeg Mon Aug 14 01:46:26 UTC 2023
#@# AParc-to-ASeg aparc Mon Aug 14 01:46:37 UTC 2023
#@# AParc-to-ASeg aparc.a2009s Mon Aug 14 01:47:44 UTC 2023
#@# AParc-to-ASeg aparc.DKTatlas Mon Aug 14 01:48:50 UTC 2023
#@# WMParc Mon Aug 14 01:49:57 UTC 2023
#@# ASeg Stats Mon Aug 14 01:52:32 UTC 2023
recon-all -s sub-s021 finished without error at Mon Aug 14 01:53:04 UTC 2023
