status file for recon-all
Mon Aug 14 00:31:52 UTC 2023
#@# Tessellate rh Mon Aug 14 00:31:52 UTC 2023
#@# Smooth1 rh Mon Aug 14 00:31:57 UTC 2023
#@# Inflation1 rh Mon Aug 14 00:32:00 UTC 2023
#@# QSphere rh Mon Aug 14 00:32:12 UTC 2023
#@# Fix Topology rh Mon Aug 14 00:33:56 UTC 2023
#@# Smooth2 rh Mon Aug 14 00:40:15 UTC 2023
#@# Inflation2 rh Mon Aug 14 00:40:19 UTC 2023
#@# Curv .H and .K rh Mon Aug 14 00:40:34 UTC 2023
#@# Sphere rh Mon Aug 14 00:41:43 UTC 2023
#@# Surf Reg rh Mon Aug 14 00:44:51 UTC 2023
#@# Jacobian white rh Mon Aug 14 00:49:44 UTC 2023
#@# AvgCurv rh Mon Aug 14 00:49:45 UTC 2023
#@# Cortical Parc rh Mon Aug 14 00:49:46 UTC 2023
#@# white curv rh Mon Aug 14 00:57:43 UTC 2023
#@# white area rh Mon Aug 14 00:57:45 UTC 2023
#@# pial curv rh Mon Aug 14 00:57:46 UTC 2023
#@# pial area rh Mon Aug 14 00:57:49 UTC 2023
#@# thickness rh Mon Aug 14 00:57:50 UTC 2023
#@# area and vertex vol rh Mon Aug 14 00:58:35 UTC 2023
#@# Curvature Stats rh Mon Aug 14 00:58:37 UTC 2023
#@# Cortical Parc 2 rh Mon Aug 14 00:58:41 UTC 2023
#@# Cortical Parc 3 rh Mon Aug 14 00:59:01 UTC 2023
#@# WM/GM Contrast rh Mon Aug 14 00:59:15 UTC 2023
recon-all -s sub-s021 finished without error at Mon Aug 14 00:59:19 UTC 2023



#New# invocation of recon-all 



status file for recon-all
Mon Aug 14 01:40:23 UTC 2023
#@# white curv rh Mon Aug 14 01:40:23 UTC 2023
#@# white area rh Mon Aug 14 01:40:23 UTC 2023
#@# pial curv rh Mon Aug 14 01:40:23 UTC 2023
#@# pial area rh Mon Aug 14 01:40:23 UTC 2023
#@# thickness rh Mon Aug 14 01:40:23 UTC 2023
#@# area and vertex vol rh Mon Aug 14 01:40:23 UTC 2023
#@# Parcellation Stats rh Mon Aug 14 01:40:23 UTC 2023
#@# Parcellation Stats 2 rh Mon Aug 14 01:41:00 UTC 2023
#@# Parcellation Stats 3 rh Mon Aug 14 01:41:20 UTC 2023
#@# BA_exvivo Labels rh Mon Aug 14 01:41:38 UTC 2023
recon-all -s sub-s021 finished without error at Mon Aug 14 01:45:52 UTC 2023
