status file for recon-all
Sun Aug 13 20:23:03 UTC 2023
#@# Tessellate rh Sun Aug 13 20:23:03 UTC 2023
#@# Smooth1 rh Sun Aug 13 20:23:09 UTC 2023
#@# Inflation1 rh Sun Aug 13 20:23:14 UTC 2023
#@# QSphere rh Sun Aug 13 20:23:31 UTC 2023
#@# Fix Topology rh Sun Aug 13 20:25:44 UTC 2023
#@# Smooth2 rh Sun Aug 13 20:33:19 UTC 2023
#@# Inflation2 rh Sun Aug 13 20:33:24 UTC 2023
#@# Curv .H and .K rh Sun Aug 13 20:33:48 UTC 2023
#@# Sphere rh Sun Aug 13 20:34:57 UTC 2023
#@# Surf Reg rh Sun Aug 13 20:42:03 UTC 2023
#@# Jacobian white rh Sun Aug 13 20:49:06 UTC 2023
#@# AvgCurv rh Sun Aug 13 20:49:07 UTC 2023
#@# Cortical Parc rh Sun Aug 13 20:49:09 UTC 2023
#@# white curv rh Sun Aug 13 20:57:30 UTC 2023
#@# white area rh Sun Aug 13 20:57:33 UTC 2023
#@# pial curv rh Sun Aug 13 20:57:34 UTC 2023
#@# pial area rh Sun Aug 13 20:57:36 UTC 2023
#@# thickness rh Sun Aug 13 20:57:37 UTC 2023
#@# area and vertex vol rh Sun Aug 13 20:58:27 UTC 2023
#@# Curvature Stats rh Sun Aug 13 20:58:30 UTC 2023
#@# Cortical Parc 2 rh Sun Aug 13 20:58:34 UTC 2023
#@# Cortical Parc 3 rh Sun Aug 13 20:58:56 UTC 2023
#@# WM/GM Contrast rh Sun Aug 13 20:59:13 UTC 2023
recon-all -s sub-p018 finished without error at Sun Aug 13 20:59:18 UTC 2023



#New# invocation of recon-all 



status file for recon-all
Sun Aug 13 21:57:01 UTC 2023
#@# white curv rh Sun Aug 13 21:57:01 UTC 2023
#@# white area rh Sun Aug 13 21:57:01 UTC 2023
#@# pial curv rh Sun Aug 13 21:57:01 UTC 2023
#@# pial area rh Sun Aug 13 21:57:01 UTC 2023
#@# thickness rh Sun Aug 13 21:57:01 UTC 2023
#@# area and vertex vol rh Sun Aug 13 21:57:01 UTC 2023
#@# Parcellation Stats rh Sun Aug 13 21:57:02 UTC 2023
#@# Parcellation Stats 2 rh Sun Aug 13 21:57:39 UTC 2023
#@# Parcellation Stats 3 rh Sun Aug 13 21:58:00 UTC 2023
#@# BA_exvivo Labels rh Sun Aug 13 21:58:18 UTC 2023
recon-all -s sub-p018 finished without error at Sun Aug 13 22:03:29 UTC 2023
