status file for recon-all
Sun Aug 13 17:05:00 UTC 2023
#@# MotionCor Sun Aug 13 17:05:04 UTC 2023
#@# Talairach Sun Aug 13 17:05:18 UTC 2023
#@# Talairach Failure Detection Sun Aug 13 17:10:05 UTC 2023
#@# Nu Intensity Correction Sun Aug 13 17:10:06 UTC 2023
#@# Intensity Normalization Sun Aug 13 17:14:49 UTC 2023
recon-all -s sub-p018 finished without error at Sun Aug 13 17:16:43 UTC 2023



#New# invocation of recon-all 



status file for recon-all
Sun Aug 13 17:39:18 UTC 2023
#@# EM Registration Sun Aug 13 17:39:18 UTC 2023
recon-all -s sub-p018 finished without error at Sun Aug 13 17:42:49 UTC 2023



#New# invocation of recon-all 



status file for recon-all
Sun Aug 13 17:42:53 UTC 2023
#@# CA Normalize Sun Aug 13 17:42:53 UTC 2023
#@# CA Reg Sun Aug 13 17:44:11 UTC 2023
#@# SubCort Seg Sun Aug 13 18:55:53 UTC 2023
#@# CC Seg Sun Aug 13 19:37:40 UTC 2023
#@# Merge ASeg Sun Aug 13 19:38:27 UTC 2023
#@# Intensity Normalization2 Sun Aug 13 19:38:27 UTC 2023
#@# Mask BFS Sun Aug 13 19:41:19 UTC 2023
#@# WM Segmentation Sun Aug 13 19:41:20 UTC 2023
#@# Fill Sun Aug 13 19:44:11 UTC 2023
recon-all -s sub-p018 finished without error at Sun Aug 13 19:45:44 UTC 2023



#New# invocation of recon-all 



status file for recon-all
Sun Aug 13 20:59:24 UTC 2023
#@# white curv lh Sun Aug 13 20:59:24 UTC 2023
#@# white area lh Sun Aug 13 20:59:24 UTC 2023
#@# pial curv lh Sun Aug 13 20:59:24 UTC 2023
#@# pial area lh Sun Aug 13 20:59:24 UTC 2023
#@# thickness lh Sun Aug 13 20:59:24 UTC 2023
#@# area and vertex vol lh Sun Aug 13 20:59:24 UTC 2023
#@# white curv rh Sun Aug 13 20:59:24 UTC 2023
#@# white area rh Sun Aug 13 20:59:24 UTC 2023
#@# pial curv rh Sun Aug 13 20:59:24 UTC 2023
#@# pial area rh Sun Aug 13 20:59:25 UTC 2023
#@# thickness rh Sun Aug 13 20:59:25 UTC 2023
#@# area and vertex vol rh Sun Aug 13 20:59:25 UTC 2023
#@# Cortical ribbon mask Sun Aug 13 20:59:25 UTC 2023
recon-all -s sub-p018 finished without error at Sun Aug 13 21:11:49 UTC 2023



#New# invocation of recon-all 



status file for recon-all
Sun Aug 13 22:03:37 UTC 2023
#@# white curv lh Sun Aug 13 22:03:37 UTC 2023
#@# white area lh Sun Aug 13 22:03:37 UTC 2023
#@# pial curv lh Sun Aug 13 22:03:38 UTC 2023
#@# pial area lh Sun Aug 13 22:03:38 UTC 2023
#@# thickness lh Sun Aug 13 22:03:38 UTC 2023
#@# area and vertex vol lh Sun Aug 13 22:03:38 UTC 2023
#@# white curv rh Sun Aug 13 22:03:38 UTC 2023
#@# white area rh Sun Aug 13 22:03:38 UTC 2023
#@# pial curv rh Sun Aug 13 22:03:38 UTC 2023
#@# pial area rh Sun Aug 13 22:03:38 UTC 2023
#@# thickness rh Sun Aug 13 22:03:38 UTC 2023
#@# area and vertex vol rh Sun Aug 13 22:03:39 UTC 2023
#@# Curvature Stats lh Sun Aug 13 22:03:39 UTC 2023
#@# Curvature Stats rh Sun Aug 13 22:03:43 UTC 2023
#@# Relabel Hypointensities Sun Aug 13 22:03:47 UTC 2023
#@# APas-to-ASeg Sun Aug 13 22:04:12 UTC 2023
#@# AParc-to-ASeg aparc Sun Aug 13 22:04:27 UTC 2023
#@# AParc-to-ASeg aparc.a2009s Sun Aug 13 22:06:11 UTC 2023
#@# AParc-to-ASeg aparc.DKTatlas Sun Aug 13 22:08:06 UTC 2023
#@# WMParc Sun Aug 13 22:09:58 UTC 2023
#@# ASeg Stats Sun Aug 13 22:13:29 UTC 2023
recon-all -s sub-p018 finished without error at Sun Aug 13 22:14:25 UTC 2023
