Log file for defect2seg
Sun Aug 13 16:05:29 UTC 2023

setenv SUBJECTS_DIR /project/data/bids/derivatives/sourcedata/freesurfer
cd /project/data/bids/derivatives/sourcedata/freesurfer/sub-p011/scripts
/opt/freesurfer/bin/defect2seg --s sub-p011 --rh-only --cortex

freesurfer-linux-ubuntu22_x86_64-7.3.2-20220804-6354275
defect2seg 7.3.2
Linux spock7-c0-12 3.10.0-1160.59.1.el7.x86_64 #1 SMP Tue Feb 22 16:51:50 EST 2022 x86_64 x86_64 x86_64 GNU/Linux
pid 23210
mri_label2label --label-cortex /project/data/bids/derivatives/sourcedata/freesurfer/sub-p011/surf/rh.orig.nofix /project/data/bids/derivatives/sourcedata/freesurfer/sub-p011/mri/aseg.presurf.mgz 0 /project/data/bids/derivatives/sourcedata/freesurfer/sub-p011/label/rh.nofix.cortex.label

 Generating cortex label... RemoveHipAmgy=0
 NucAccIsMedialWall=0
 mris->useRealRAS=0
17 non-cortical segments detected
only using segment with 7163 vertices
erasing segment 1 (vno[0] = 64321)
erasing segment 2 (vno[0] = 65440)
erasing segment 3 (vno[0] = 66566)
erasing segment 4 (vno[0] = 88408)
erasing segment 5 (vno[0] = 91941)
erasing segment 6 (vno[0] = 93009)
erasing segment 7 (vno[0] = 98194)
erasing segment 8 (vno[0] = 100495)
erasing segment 9 (vno[0] = 101435)
erasing segment 10 (vno[0] = 102605)
erasing segment 11 (vno[0] = 104530)
erasing segment 12 (vno[0] = 105357)
erasing segment 13 (vno[0] = 107174)
erasing segment 14 (vno[0] = 107276)
erasing segment 15 (vno[0] = 111983)
erasing segment 16 (vno[0] = 119266)
mri_label2vol --defects /project/data/bids/derivatives/sourcedata/freesurfer/sub-p011/surf/rh.orig.nofix /project/data/bids/derivatives/sourcedata/freesurfer/sub-p011/surf/rh.defect_labels /project/data/bids/derivatives/sourcedata/freesurfer/sub-p011/mri/orig.mgz 2000 0 /project/data/bids/derivatives/sourcedata/freesurfer/sub-p011/mri/rh.surface.defects.mgz /project/data/bids/derivatives/sourcedata/freesurfer/sub-p011/label/rh.nofix.cortex.label
mri_label2vol supposed to be reproducible but seed not set
Contraining to label /project/data/bids/derivatives/sourcedata/freesurfer/sub-p011/label/rh.nofix.cortex.label
Changing input type 0 to MRI_INT
Converting defects to volume: offset=2000, merge=0
Writing to /project/data/bids/derivatives/sourcedata/freesurfer/sub-p011/mri/rh.surface.defects.mgz
mris_defects_pointset -s /project/data/bids/derivatives/sourcedata/freesurfer/sub-p011/surf/rh.orig.nofix -d /project/data/bids/derivatives/sourcedata/freesurfer/sub-p011/surf/rh.defect_labels -o /project/data/bids/derivatives/sourcedata/freesurfer/sub-p011/surf/rh.defects.pointset --label /project/data/bids/derivatives/sourcedata/freesurfer/sub-p011/label/rh.nofix.cortex.label
Reading in surface /project/data/bids/derivatives/sourcedata/freesurfer/sub-p011/surf/rh.orig.nofix
Reading in defect segmentation /project/data/bids/derivatives/sourcedata/freesurfer/sub-p011/surf/rh.defect_labels
Reading in label /project/data/bids/derivatives/sourcedata/freesurfer/sub-p011/label/rh.nofix.cortex.label
#VMPC# mris_defects_pointset 719404
mris_defects_pointset done
 
Started at Sun Aug 13 16:05:28 UTC 2023 
Ended   at Sun Aug 13 16:05:49 UTC 2023
Defect2seg-Run-Time-Sec 21
Defect2seg-Run-Time-Min 0.42
Defect2seg-Run-Time-Hours 0.01
 
defect2seg Done
