status file for recon-all
Sun Aug 13 16:03:07 UTC 2023
#@# Tessellate rh Sun Aug 13 16:03:07 UTC 2023
#@# Smooth1 rh Sun Aug 13 16:03:12 UTC 2023
#@# Inflation1 rh Sun Aug 13 16:03:15 UTC 2023
#@# QSphere rh Sun Aug 13 16:03:27 UTC 2023
#@# Fix Topology rh Sun Aug 13 16:04:57 UTC 2023
#@# Smooth2 rh Sun Aug 13 16:11:00 UTC 2023
#@# Inflation2 rh Sun Aug 13 16:11:04 UTC 2023
#@# Curv .H and .K rh Sun Aug 13 16:11:18 UTC 2023
#@# Sphere rh Sun Aug 13 16:12:22 UTC 2023
#@# Surf Reg rh Sun Aug 13 16:15:03 UTC 2023
#@# Jacobian white rh Sun Aug 13 16:19:55 UTC 2023
#@# AvgCurv rh Sun Aug 13 16:19:56 UTC 2023
#@# Cortical Parc rh Sun Aug 13 16:19:57 UTC 2023
#@# white curv rh Sun Aug 13 16:27:17 UTC 2023
#@# white area rh Sun Aug 13 16:27:20 UTC 2023
#@# pial curv rh Sun Aug 13 16:27:21 UTC 2023
#@# pial area rh Sun Aug 13 16:27:23 UTC 2023
#@# thickness rh Sun Aug 13 16:27:24 UTC 2023
#@# area and vertex vol rh Sun Aug 13 16:28:05 UTC 2023
#@# Curvature Stats rh Sun Aug 13 16:28:07 UTC 2023
#@# Cortical Parc 2 rh Sun Aug 13 16:28:11 UTC 2023
#@# Cortical Parc 3 rh Sun Aug 13 16:28:29 UTC 2023
#@# WM/GM Contrast rh Sun Aug 13 16:28:43 UTC 2023
recon-all -s sub-p011 finished without error at Sun Aug 13 16:28:47 UTC 2023



#New# invocation of recon-all 



status file for recon-all
Sun Aug 13 16:43:59 UTC 2023
#@# white curv rh Sun Aug 13 16:43:59 UTC 2023
#@# white area rh Sun Aug 13 16:43:59 UTC 2023
#@# pial curv rh Sun Aug 13 16:43:59 UTC 2023
#@# pial area rh Sun Aug 13 16:43:59 UTC 2023
#@# thickness rh Sun Aug 13 16:43:59 UTC 2023
#@# area and vertex vol rh Sun Aug 13 16:43:59 UTC 2023
#@# Parcellation Stats rh Sun Aug 13 16:43:59 UTC 2023
#@# Parcellation Stats 2 rh Sun Aug 13 16:44:32 UTC 2023
#@# Parcellation Stats 3 rh Sun Aug 13 16:44:50 UTC 2023
#@# BA_exvivo Labels rh Sun Aug 13 16:45:06 UTC 2023
recon-all -s sub-p011 finished without error at Sun Aug 13 16:49:07 UTC 2023
