status file for recon-all
Sun Aug 13 15:38:27 UTC 2023
#@# Tessellate lh Sun Aug 13 15:38:27 UTC 2023
#@# Smooth1 lh Sun Aug 13 15:38:31 UTC 2023
#@# Inflation1 lh Sun Aug 13 15:38:34 UTC 2023
#@# QSphere lh Sun Aug 13 15:38:47 UTC 2023
#@# Fix Topology lh Sun Aug 13 15:40:03 UTC 2023
#@# Smooth2 lh Sun Aug 13 15:46:18 UTC 2023
#@# Inflation2 lh Sun Aug 13 15:46:21 UTC 2023
#@# Curv .H and .K lh Sun Aug 13 15:46:35 UTC 2023
#@# Sphere lh Sun Aug 13 15:47:32 UTC 2023
#@# Surf Reg lh Sun Aug 13 15:50:12 UTC 2023
#@# Jacobian white lh Sun Aug 13 15:54:30 UTC 2023
#@# AvgCurv lh Sun Aug 13 15:54:31 UTC 2023
#@# Cortical Parc lh Sun Aug 13 15:54:32 UTC 2023
#@# white curv lh Sun Aug 13 16:01:33 UTC 2023
#@# white area lh Sun Aug 13 16:01:35 UTC 2023
#@# pial curv lh Sun Aug 13 16:01:36 UTC 2023
#@# pial area lh Sun Aug 13 16:01:38 UTC 2023
#@# thickness lh Sun Aug 13 16:01:39 UTC 2023
#@# area and vertex vol lh Sun Aug 13 16:02:22 UTC 2023
#@# Curvature Stats lh Sun Aug 13 16:02:24 UTC 2023
#@# Cortical Parc 2 lh Sun Aug 13 16:02:27 UTC 2023
#@# Cortical Parc 3 lh Sun Aug 13 16:02:47 UTC 2023
#@# WM/GM Contrast lh Sun Aug 13 16:03:00 UTC 2023
recon-all -s sub-p011 finished without error at Sun Aug 13 16:03:04 UTC 2023



#New# invocation of recon-all 



status file for recon-all
Sun Aug 13 16:38:39 UTC 2023
#@# white curv lh Sun Aug 13 16:38:39 UTC 2023
#@# white area lh Sun Aug 13 16:38:39 UTC 2023
#@# pial curv lh Sun Aug 13 16:38:39 UTC 2023
#@# pial area lh Sun Aug 13 16:38:39 UTC 2023
#@# thickness lh Sun Aug 13 16:38:39 UTC 2023
#@# area and vertex vol lh Sun Aug 13 16:38:39 UTC 2023
#@# Parcellation Stats lh Sun Aug 13 16:38:39 UTC 2023
#@# Parcellation Stats 2 lh Sun Aug 13 16:39:15 UTC 2023
#@# Parcellation Stats 3 lh Sun Aug 13 16:39:33 UTC 2023
#@# BA_exvivo Labels lh Sun Aug 13 16:39:51 UTC 2023
recon-all -s sub-p011 finished without error at Sun Aug 13 16:43:56 UTC 2023
