Log file for defect2seg
Mon Aug 14 10:42:33 UTC 2023

setenv SUBJECTS_DIR /project/data/bids/derivatives/sourcedata/freesurfer
cd /project/data/bids/derivatives/sourcedata/freesurfer/sub-s004/scripts
/opt/freesurfer/bin/defect2seg --s sub-s004 --rh-only --cortex

freesurfer-linux-ubuntu22_x86_64-7.3.2-20220804-6354275
defect2seg 7.3.2
Linux spock7-c1-4 3.10.0-1160.71.1.el7.x86_64 #1 SMP Tue Jun 28 10:52:56 EDT 2022 x86_64 x86_64 x86_64 GNU/Linux
pid 25501
mri_label2label --label-cortex /project/data/bids/derivatives/sourcedata/freesurfer/sub-s004/surf/rh.orig.nofix /project/data/bids/derivatives/sourcedata/freesurfer/sub-s004/mri/aseg.presurf.mgz 0 /project/data/bids/derivatives/sourcedata/freesurfer/sub-s004/label/rh.nofix.cortex.label

 Generating cortex label... RemoveHipAmgy=0
 NucAccIsMedialWall=0
 mris->useRealRAS=0
21 non-cortical segments detected
only using segment with 7937 vertices
erasing segment 1 (vno[0] = 51464)
erasing segment 2 (vno[0] = 62102)
erasing segment 3 (vno[0] = 63204)
erasing segment 4 (vno[0] = 68107)
erasing segment 5 (vno[0] = 71072)
erasing segment 6 (vno[0] = 83477)
erasing segment 7 (vno[0] = 105799)
erasing segment 8 (vno[0] = 105811)
erasing segment 9 (vno[0] = 105817)
erasing segment 10 (vno[0] = 105825)
erasing segment 11 (vno[0] = 105846)
erasing segment 12 (vno[0] = 107020)
erasing segment 13 (vno[0] = 108011)
erasing segment 14 (vno[0] = 108088)
erasing segment 15 (vno[0] = 108111)
erasing segment 16 (vno[0] = 108949)
erasing segment 17 (vno[0] = 113026)
erasing segment 18 (vno[0] = 113057)
erasing segment 19 (vno[0] = 113058)
erasing segment 20 (vno[0] = 115343)
mri_label2vol --defects /project/data/bids/derivatives/sourcedata/freesurfer/sub-s004/surf/rh.orig.nofix /project/data/bids/derivatives/sourcedata/freesurfer/sub-s004/surf/rh.defect_labels /project/data/bids/derivatives/sourcedata/freesurfer/sub-s004/mri/orig.mgz 2000 0 /project/data/bids/derivatives/sourcedata/freesurfer/sub-s004/mri/rh.surface.defects.mgz /project/data/bids/derivatives/sourcedata/freesurfer/sub-s004/label/rh.nofix.cortex.label
mri_label2vol supposed to be reproducible but seed not set
Contraining to label /project/data/bids/derivatives/sourcedata/freesurfer/sub-s004/label/rh.nofix.cortex.label
Changing input type 0 to MRI_INT
Converting defects to volume: offset=2000, merge=0
Writing to /project/data/bids/derivatives/sourcedata/freesurfer/sub-s004/mri/rh.surface.defects.mgz
mris_defects_pointset -s /project/data/bids/derivatives/sourcedata/freesurfer/sub-s004/surf/rh.orig.nofix -d /project/data/bids/derivatives/sourcedata/freesurfer/sub-s004/surf/rh.defect_labels -o /project/data/bids/derivatives/sourcedata/freesurfer/sub-s004/surf/rh.defects.pointset --label /project/data/bids/derivatives/sourcedata/freesurfer/sub-s004/label/rh.nofix.cortex.label
Reading in surface /project/data/bids/derivatives/sourcedata/freesurfer/sub-s004/surf/rh.orig.nofix
Reading in defect segmentation /project/data/bids/derivatives/sourcedata/freesurfer/sub-s004/surf/rh.defect_labels
Reading in label /project/data/bids/derivatives/sourcedata/freesurfer/sub-s004/label/rh.nofix.cortex.label
#VMPC# mris_defects_pointset 690960
mris_defects_pointset done
 
Started at Mon Aug 14 10:42:33 UTC 2023 
Ended   at Mon Aug 14 10:42:56 UTC 2023
Defect2seg-Run-Time-Sec 23
Defect2seg-Run-Time-Min 0.46
Defect2seg-Run-Time-Hours 0.01
 
defect2seg Done
