status file for recon-all
Mon Aug 14 10:06:14 UTC 2023
#@# Tessellate lh Mon Aug 14 10:06:14 UTC 2023
#@# Smooth1 lh Mon Aug 14 10:06:19 UTC 2023
#@# Inflation1 lh Mon Aug 14 10:06:22 UTC 2023
#@# QSphere lh Mon Aug 14 10:06:35 UTC 2023
#@# Fix Topology lh Mon Aug 14 10:08:04 UTC 2023
#@# Smooth2 lh Mon Aug 14 10:15:59 UTC 2023
#@# Inflation2 lh Mon Aug 14 10:16:03 UTC 2023
#@# Curv .H and .K lh Mon Aug 14 10:16:19 UTC 2023
#@# Sphere lh Mon Aug 14 10:17:23 UTC 2023
#@# Surf Reg lh Mon Aug 14 10:20:25 UTC 2023
#@# Jacobian white lh Mon Aug 14 10:26:58 UTC 2023
#@# AvgCurv lh Mon Aug 14 10:27:00 UTC 2023
#@# Cortical Parc lh Mon Aug 14 10:27:01 UTC 2023
#@# white curv lh Mon Aug 14 10:37:14 UTC 2023
#@# white area lh Mon Aug 14 10:37:16 UTC 2023
#@# pial curv lh Mon Aug 14 10:37:17 UTC 2023
#@# pial area lh Mon Aug 14 10:37:20 UTC 2023
#@# thickness lh Mon Aug 14 10:37:20 UTC 2023
#@# area and vertex vol lh Mon Aug 14 10:38:03 UTC 2023
#@# Curvature Stats lh Mon Aug 14 10:38:05 UTC 2023
#@# Cortical Parc 2 lh Mon Aug 14 10:38:09 UTC 2023
#@# Cortical Parc 3 lh Mon Aug 14 10:38:29 UTC 2023
#@# WM/GM Contrast lh Mon Aug 14 10:38:43 UTC 2023
recon-all -s sub-s004 finished without error at Mon Aug 14 10:38:48 UTC 2023



#New# invocation of recon-all 



status file for recon-all
Mon Aug 14 11:45:45 UTC 2023
#@# white curv lh Mon Aug 14 11:45:45 UTC 2023
#@# white area lh Mon Aug 14 11:45:45 UTC 2023
#@# pial curv lh Mon Aug 14 11:45:45 UTC 2023
#@# pial area lh Mon Aug 14 11:45:45 UTC 2023
#@# thickness lh Mon Aug 14 11:45:45 UTC 2023
#@# area and vertex vol lh Mon Aug 14 11:45:45 UTC 2023
#@# Parcellation Stats lh Mon Aug 14 11:45:45 UTC 2023
#@# Parcellation Stats 2 lh Mon Aug 14 11:46:19 UTC 2023
#@# Parcellation Stats 3 lh Mon Aug 14 11:46:38 UTC 2023
#@# BA_exvivo Labels lh Mon Aug 14 11:46:55 UTC 2023
recon-all -s sub-s004 finished without error at Mon Aug 14 11:51:13 UTC 2023
