status file for recon-all
Mon Aug 14 07:50:54 UTC 2023
#@# MotionCor Mon Aug 14 07:50:59 UTC 2023
#@# Talairach Mon Aug 14 07:51:10 UTC 2023
#@# Talairach Failure Detection Mon Aug 14 07:55:39 UTC 2023
#@# Nu Intensity Correction Mon Aug 14 07:55:39 UTC 2023
#@# Intensity Normalization Mon Aug 14 07:59:59 UTC 2023
recon-all -s sub-s004 finished without error at Mon Aug 14 08:01:38 UTC 2023



#New# invocation of recon-all 



status file for recon-all
Mon Aug 14 08:20:39 UTC 2023
#@# EM Registration Mon Aug 14 08:20:39 UTC 2023
recon-all -s sub-s004 finished without error at Mon Aug 14 08:23:15 UTC 2023



#New# invocation of recon-all 



status file for recon-all
Mon Aug 14 08:23:17 UTC 2023
#@# CA Normalize Mon Aug 14 08:23:18 UTC 2023
#@# CA Reg Mon Aug 14 08:24:24 UTC 2023
#@# SubCort Seg Mon Aug 14 09:22:54 UTC 2023
#@# CC Seg Mon Aug 14 09:59:09 UTC 2023
#@# Merge ASeg Mon Aug 14 09:59:43 UTC 2023
#@# Intensity Normalization2 Mon Aug 14 09:59:43 UTC 2023
#@# Mask BFS Mon Aug 14 10:02:04 UTC 2023
#@# WM Segmentation Mon Aug 14 10:02:05 UTC 2023
#@# Fill Mon Aug 14 10:04:42 UTC 2023
recon-all -s sub-s004 finished without error at Mon Aug 14 10:05:55 UTC 2023



#New# invocation of recon-all 



status file for recon-all
Mon Aug 14 11:11:43 UTC 2023
#@# white curv lh Mon Aug 14 11:11:43 UTC 2023
#@# white area lh Mon Aug 14 11:11:43 UTC 2023
#@# pial curv lh Mon Aug 14 11:11:43 UTC 2023
#@# pial area lh Mon Aug 14 11:11:43 UTC 2023
#@# thickness lh Mon Aug 14 11:11:43 UTC 2023
#@# area and vertex vol lh Mon Aug 14 11:11:43 UTC 2023
#@# white curv rh Mon Aug 14 11:11:43 UTC 2023
#@# white area rh Mon Aug 14 11:11:43 UTC 2023
#@# pial curv rh Mon Aug 14 11:11:43 UTC 2023
#@# pial area rh Mon Aug 14 11:11:43 UTC 2023
#@# thickness rh Mon Aug 14 11:11:43 UTC 2023
#@# area and vertex vol rh Mon Aug 14 11:11:43 UTC 2023
#@# Cortical ribbon mask Mon Aug 14 11:11:43 UTC 2023
recon-all -s sub-s004 finished without error at Mon Aug 14 11:20:02 UTC 2023



#New# invocation of recon-all 



status file for recon-all
Mon Aug 14 11:56:54 UTC 2023
#@# white curv lh Mon Aug 14 11:56:54 UTC 2023
#@# white area lh Mon Aug 14 11:56:54 UTC 2023
#@# pial curv lh Mon Aug 14 11:56:54 UTC 2023
#@# pial area lh Mon Aug 14 11:56:54 UTC 2023
#@# thickness lh Mon Aug 14 11:56:54 UTC 2023
#@# area and vertex vol lh Mon Aug 14 11:56:54 UTC 2023
#@# white curv rh Mon Aug 14 11:56:54 UTC 2023
#@# white area rh Mon Aug 14 11:56:54 UTC 2023
#@# pial curv rh Mon Aug 14 11:56:54 UTC 2023
#@# pial area rh Mon Aug 14 11:56:54 UTC 2023
#@# thickness rh Mon Aug 14 11:56:54 UTC 2023
#@# area and vertex vol rh Mon Aug 14 11:56:54 UTC 2023
#@# Curvature Stats lh Mon Aug 14 11:56:54 UTC 2023
#@# Curvature Stats rh Mon Aug 14 11:56:58 UTC 2023
#@# Relabel Hypointensities Mon Aug 14 11:57:02 UTC 2023
#@# APas-to-ASeg Mon Aug 14 11:57:23 UTC 2023
#@# AParc-to-ASeg aparc Mon Aug 14 11:57:35 UTC 2023
#@# AParc-to-ASeg aparc.a2009s Mon Aug 14 11:58:44 UTC 2023
#@# AParc-to-ASeg aparc.DKTatlas Mon Aug 14 11:59:55 UTC 2023
#@# WMParc Mon Aug 14 12:01:03 UTC 2023
#@# ASeg Stats Mon Aug 14 12:03:44 UTC 2023
recon-all -s sub-s004 finished without error at Mon Aug 14 12:04:20 UTC 2023
