status file for recon-all
Mon Aug 14 10:38:51 UTC 2023
#@# Tessellate rh Mon Aug 14 10:38:51 UTC 2023
#@# Smooth1 rh Mon Aug 14 10:38:56 UTC 2023
#@# Inflation1 rh Mon Aug 14 10:39:00 UTC 2023
#@# QSphere rh Mon Aug 14 10:39:13 UTC 2023
#@# Fix Topology rh Mon Aug 14 10:40:37 UTC 2023
#@# Smooth2 rh Mon Aug 14 10:48:57 UTC 2023
#@# Inflation2 rh Mon Aug 14 10:49:02 UTC 2023
#@# Curv .H and .K rh Mon Aug 14 10:49:17 UTC 2023
#@# Sphere rh Mon Aug 14 10:50:22 UTC 2023
#@# Surf Reg rh Mon Aug 14 10:52:50 UTC 2023
#@# Jacobian white rh Mon Aug 14 11:00:02 UTC 2023
#@# AvgCurv rh Mon Aug 14 11:00:04 UTC 2023
#@# Cortical Parc rh Mon Aug 14 11:00:05 UTC 2023
#@# white curv rh Mon Aug 14 11:10:02 UTC 2023
#@# white area rh Mon Aug 14 11:10:04 UTC 2023
#@# pial curv rh Mon Aug 14 11:10:05 UTC 2023
#@# pial area rh Mon Aug 14 11:10:08 UTC 2023
#@# thickness rh Mon Aug 14 11:10:09 UTC 2023
#@# area and vertex vol rh Mon Aug 14 11:10:52 UTC 2023
#@# Curvature Stats rh Mon Aug 14 11:10:54 UTC 2023
#@# Cortical Parc 2 rh Mon Aug 14 11:10:58 UTC 2023
#@# Cortical Parc 3 rh Mon Aug 14 11:11:18 UTC 2023
#@# WM/GM Contrast rh Mon Aug 14 11:11:33 UTC 2023
recon-all -s sub-s004 finished without error at Mon Aug 14 11:11:37 UTC 2023



#New# invocation of recon-all 



status file for recon-all
Mon Aug 14 11:51:16 UTC 2023
#@# white curv rh Mon Aug 14 11:51:16 UTC 2023
#@# white area rh Mon Aug 14 11:51:16 UTC 2023
#@# pial curv rh Mon Aug 14 11:51:16 UTC 2023
#@# pial area rh Mon Aug 14 11:51:16 UTC 2023
#@# thickness rh Mon Aug 14 11:51:16 UTC 2023
#@# area and vertex vol rh Mon Aug 14 11:51:16 UTC 2023
#@# Parcellation Stats rh Mon Aug 14 11:51:16 UTC 2023
#@# Parcellation Stats 2 rh Mon Aug 14 11:51:51 UTC 2023
#@# Parcellation Stats 3 rh Mon Aug 14 11:52:10 UTC 2023
#@# BA_exvivo Labels rh Mon Aug 14 11:52:28 UTC 2023
recon-all -s sub-s004 finished without error at Mon Aug 14 11:56:49 UTC 2023
