status file for recon-all
Thu Aug 10 15:32:02 UTC 2023
#@# Tessellate lh Thu Aug 10 15:32:02 UTC 2023
#@# Smooth1 lh Thu Aug 10 15:32:08 UTC 2023
#@# Inflation1 lh Thu Aug 10 15:32:13 UTC 2023
#@# QSphere lh Thu Aug 10 15:32:30 UTC 2023
#@# Fix Topology lh Thu Aug 10 15:34:47 UTC 2023
#@# Smooth2 lh Thu Aug 10 15:42:35 UTC 2023
#@# Inflation2 lh Thu Aug 10 15:42:40 UTC 2023
#@# Curv .H and .K lh Thu Aug 10 15:43:04 UTC 2023
#@# Sphere lh Thu Aug 10 15:44:13 UTC 2023
#@# Surf Reg lh Thu Aug 10 15:48:50 UTC 2023
#@# Jacobian white lh Thu Aug 10 15:56:20 UTC 2023
#@# AvgCurv lh Thu Aug 10 15:56:21 UTC 2023
#@# Cortical Parc lh Thu Aug 10 15:56:23 UTC 2023
#@# white curv lh Thu Aug 10 16:05:43 UTC 2023
#@# white area lh Thu Aug 10 16:05:47 UTC 2023
#@# pial curv lh Thu Aug 10 16:05:48 UTC 2023
#@# pial area lh Thu Aug 10 16:05:51 UTC 2023
#@# thickness lh Thu Aug 10 16:05:52 UTC 2023
#@# area and vertex vol lh Thu Aug 10 16:06:48 UTC 2023
#@# Curvature Stats lh Thu Aug 10 16:06:51 UTC 2023
#@# Cortical Parc 2 lh Thu Aug 10 16:06:55 UTC 2023
#@# Cortical Parc 3 lh Thu Aug 10 16:07:18 UTC 2023
#@# WM/GM Contrast lh Thu Aug 10 16:07:34 UTC 2023
recon-all -s sub-s002 finished without error at Thu Aug 10 16:07:40 UTC 2023



#New# invocation of recon-all 



status file for recon-all
Thu Aug 10 17:03:07 UTC 2023
#@# white curv lh Thu Aug 10 17:03:07 UTC 2023
#@# white area lh Thu Aug 10 17:03:07 UTC 2023
#@# pial curv lh Thu Aug 10 17:03:07 UTC 2023
#@# pial area lh Thu Aug 10 17:03:07 UTC 2023
#@# thickness lh Thu Aug 10 17:03:07 UTC 2023
#@# area and vertex vol lh Thu Aug 10 17:03:07 UTC 2023
#@# Parcellation Stats lh Thu Aug 10 17:03:07 UTC 2023
#@# Parcellation Stats 2 lh Thu Aug 10 17:03:46 UTC 2023
#@# Parcellation Stats 3 lh Thu Aug 10 17:04:07 UTC 2023
#@# BA_exvivo Labels lh Thu Aug 10 17:04:27 UTC 2023
recon-all -s sub-s002 finished without error at Thu Aug 10 17:10:05 UTC 2023
