status file for recon-all
Thu Aug 10 16:07:43 UTC 2023
#@# Tessellate rh Thu Aug 10 16:07:43 UTC 2023
#@# Smooth1 rh Thu Aug 10 16:07:50 UTC 2023
#@# Inflation1 rh Thu Aug 10 16:07:54 UTC 2023
#@# QSphere rh Thu Aug 10 16:08:12 UTC 2023
#@# Fix Topology rh Thu Aug 10 16:10:32 UTC 2023
#@# Smooth2 rh Thu Aug 10 16:18:42 UTC 2023
#@# Inflation2 rh Thu Aug 10 16:18:49 UTC 2023
#@# Curv .H and .K rh Thu Aug 10 16:19:14 UTC 2023
#@# Sphere rh Thu Aug 10 16:20:26 UTC 2023
#@# Surf Reg rh Thu Aug 10 16:28:56 UTC 2023
#@# Jacobian white rh Thu Aug 10 16:38:26 UTC 2023
#@# AvgCurv rh Thu Aug 10 16:38:28 UTC 2023
#@# Cortical Parc rh Thu Aug 10 16:38:29 UTC 2023
#@# white curv rh Thu Aug 10 16:48:19 UTC 2023
#@# white area rh Thu Aug 10 16:48:22 UTC 2023
#@# pial curv rh Thu Aug 10 16:48:23 UTC 2023
#@# pial area rh Thu Aug 10 16:48:26 UTC 2023
#@# thickness rh Thu Aug 10 16:48:28 UTC 2023
#@# area and vertex vol rh Thu Aug 10 16:49:24 UTC 2023
#@# Curvature Stats rh Thu Aug 10 16:49:27 UTC 2023
#@# Cortical Parc 2 rh Thu Aug 10 16:49:34 UTC 2023
#@# Cortical Parc 3 rh Thu Aug 10 16:49:57 UTC 2023
#@# WM/GM Contrast rh Thu Aug 10 16:50:17 UTC 2023
recon-all -s sub-s002 finished without error at Thu Aug 10 16:50:23 UTC 2023



#New# invocation of recon-all 



status file for recon-all
Thu Aug 10 17:10:09 UTC 2023
#@# white curv rh Thu Aug 10 17:10:09 UTC 2023
#@# white area rh Thu Aug 10 17:10:09 UTC 2023
#@# pial curv rh Thu Aug 10 17:10:09 UTC 2023
#@# pial area rh Thu Aug 10 17:10:09 UTC 2023
#@# thickness rh Thu Aug 10 17:10:09 UTC 2023
#@# area and vertex vol rh Thu Aug 10 17:10:09 UTC 2023
#@# Parcellation Stats rh Thu Aug 10 17:10:09 UTC 2023
#@# Parcellation Stats 2 rh Thu Aug 10 17:10:49 UTC 2023
#@# Parcellation Stats 3 rh Thu Aug 10 17:11:11 UTC 2023
#@# BA_exvivo Labels rh Thu Aug 10 17:11:30 UTC 2023
recon-all -s sub-s002 finished without error at Thu Aug 10 17:16:57 UTC 2023
