status file for recon-all
Fri Aug 11 05:36:31 UTC 2023
#@# MotionCor Fri Aug 11 05:36:35 UTC 2023
#@# Talairach Fri Aug 11 05:36:46 UTC 2023
#@# Talairach Failure Detection Fri Aug 11 05:41:20 UTC 2023
#@# Nu Intensity Correction Fri Aug 11 05:41:20 UTC 2023
#@# Intensity Normalization Fri Aug 11 05:45:52 UTC 2023
recon-all -s sub-p003 finished without error at Fri Aug 11 05:47:35 UTC 2023



#New# invocation of recon-all 



status file for recon-all
Fri Aug 11 06:14:13 UTC 2023
#@# EM Registration Fri Aug 11 06:14:13 UTC 2023
recon-all -s sub-p003 finished without error at Fri Aug 11 06:17:52 UTC 2023



#New# invocation of recon-all 



status file for recon-all
Fri Aug 11 06:17:54 UTC 2023
#@# CA Normalize Fri Aug 11 06:17:54 UTC 2023
#@# CA Reg Fri Aug 11 06:19:08 UTC 2023
#@# SubCort Seg Fri Aug 11 07:27:43 UTC 2023
#@# CC Seg Fri Aug 11 08:05:57 UTC 2023
#@# Merge ASeg Fri Aug 11 08:06:37 UTC 2023
#@# Intensity Normalization2 Fri Aug 11 08:06:37 UTC 2023
#@# Mask BFS Fri Aug 11 08:09:06 UTC 2023
#@# WM Segmentation Fri Aug 11 08:09:07 UTC 2023
#@# Fill Fri Aug 11 08:11:51 UTC 2023
recon-all -s sub-p003 finished without error at Fri Aug 11 08:13:04 UTC 2023



#New# invocation of recon-all 



status file for recon-all
Fri Aug 11 09:40:36 UTC 2023
#@# white curv lh Fri Aug 11 09:40:36 UTC 2023
#@# white area lh Fri Aug 11 09:40:36 UTC 2023
#@# pial curv lh Fri Aug 11 09:40:36 UTC 2023
#@# pial area lh Fri Aug 11 09:40:36 UTC 2023
#@# thickness lh Fri Aug 11 09:40:36 UTC 2023
#@# area and vertex vol lh Fri Aug 11 09:40:36 UTC 2023
#@# white curv rh Fri Aug 11 09:40:36 UTC 2023
#@# white area rh Fri Aug 11 09:40:36 UTC 2023
#@# pial curv rh Fri Aug 11 09:40:36 UTC 2023
#@# pial area rh Fri Aug 11 09:40:36 UTC 2023
#@# thickness rh Fri Aug 11 09:40:36 UTC 2023
#@# area and vertex vol rh Fri Aug 11 09:40:36 UTC 2023
#@# Cortical ribbon mask Fri Aug 11 09:40:36 UTC 2023
recon-all -s sub-p003 finished without error at Fri Aug 11 09:50:48 UTC 2023



#New# invocation of recon-all 



status file for recon-all
Fri Aug 11 10:01:39 UTC 2023
#@# white curv lh Fri Aug 11 10:01:39 UTC 2023
#@# white area lh Fri Aug 11 10:01:39 UTC 2023
#@# pial curv lh Fri Aug 11 10:01:39 UTC 2023
#@# pial area lh Fri Aug 11 10:01:39 UTC 2023
#@# thickness lh Fri Aug 11 10:01:39 UTC 2023
#@# area and vertex vol lh Fri Aug 11 10:01:39 UTC 2023
#@# white curv rh Fri Aug 11 10:01:39 UTC 2023
#@# white area rh Fri Aug 11 10:01:39 UTC 2023
#@# pial curv rh Fri Aug 11 10:01:40 UTC 2023
#@# pial area rh Fri Aug 11 10:01:40 UTC 2023
#@# thickness rh Fri Aug 11 10:01:40 UTC 2023
#@# area and vertex vol rh Fri Aug 11 10:01:40 UTC 2023
#@# Curvature Stats lh Fri Aug 11 10:01:40 UTC 2023
#@# Curvature Stats rh Fri Aug 11 10:01:43 UTC 2023
#@# Relabel Hypointensities Fri Aug 11 10:01:47 UTC 2023
#@# APas-to-ASeg Fri Aug 11 10:02:08 UTC 2023
#@# AParc-to-ASeg aparc Fri Aug 11 10:02:20 UTC 2023
#@# AParc-to-ASeg aparc.a2009s Fri Aug 11 10:03:33 UTC 2023
#@# AParc-to-ASeg aparc.DKTatlas Fri Aug 11 10:04:47 UTC 2023
#@# WMParc Fri Aug 11 10:06:00 UTC 2023
#@# ASeg Stats Fri Aug 11 10:08:55 UTC 2023
recon-all -s sub-p003 finished without error at Fri Aug 11 10:09:47 UTC 2023
