status file for recon-all
Thu Aug 10 13:29:11 UTC 2023
#@# MotionCor Thu Aug 10 13:29:15 UTC 2023
#@# Talairach Thu Aug 10 13:29:29 UTC 2023
#@# Talairach Failure Detection Thu Aug 10 13:34:18 UTC 2023
#@# Nu Intensity Correction Thu Aug 10 13:34:18 UTC 2023
#@# Intensity Normalization Thu Aug 10 13:38:58 UTC 2023
recon-all -s sub-s012 finished without error at Thu Aug 10 13:40:45 UTC 2023



#New# invocation of recon-all 



status file for recon-all
Thu Aug 10 14:09:09 UTC 2023
#@# EM Registration Thu Aug 10 14:09:09 UTC 2023
recon-all -s sub-s012 finished without error at Thu Aug 10 14:13:55 UTC 2023



#New# invocation of recon-all 



status file for recon-all
Thu Aug 10 14:13:58 UTC 2023
#@# CA Normalize Thu Aug 10 14:13:58 UTC 2023
#@# CA Reg Thu Aug 10 14:15:15 UTC 2023
#@# SubCort Seg Thu Aug 10 15:32:32 UTC 2023
#@# CC Seg Thu Aug 10 16:16:47 UTC 2023
#@# Merge ASeg Thu Aug 10 16:17:36 UTC 2023
#@# Intensity Normalization2 Thu Aug 10 16:17:36 UTC 2023
#@# Mask BFS Thu Aug 10 16:20:27 UTC 2023
#@# WM Segmentation Thu Aug 10 16:20:28 UTC 2023
#@# Fill Thu Aug 10 16:23:34 UTC 2023
recon-all -s sub-s012 finished without error at Thu Aug 10 16:25:03 UTC 2023



#New# invocation of recon-all 



status file for recon-all
Thu Aug 10 17:58:22 UTC 2023
#@# white curv lh Thu Aug 10 17:58:22 UTC 2023
#@# white area lh Thu Aug 10 17:58:22 UTC 2023
#@# pial curv lh Thu Aug 10 17:58:22 UTC 2023
#@# pial area lh Thu Aug 10 17:58:22 UTC 2023
#@# thickness lh Thu Aug 10 17:58:22 UTC 2023
#@# area and vertex vol lh Thu Aug 10 17:58:22 UTC 2023
#@# white curv rh Thu Aug 10 17:58:22 UTC 2023
#@# white area rh Thu Aug 10 17:58:22 UTC 2023
#@# pial curv rh Thu Aug 10 17:58:22 UTC 2023
#@# pial area rh Thu Aug 10 17:58:22 UTC 2023
#@# thickness rh Thu Aug 10 17:58:22 UTC 2023
#@# area and vertex vol rh Thu Aug 10 17:58:22 UTC 2023
#@# Cortical ribbon mask Thu Aug 10 17:58:22 UTC 2023
recon-all -s sub-s012 finished without error at Thu Aug 10 18:10:10 UTC 2023



#New# invocation of recon-all 



status file for recon-all
Thu Aug 10 18:22:47 UTC 2023
#@# white curv lh Thu Aug 10 18:22:47 UTC 2023
#@# white area lh Thu Aug 10 18:22:47 UTC 2023
#@# pial curv lh Thu Aug 10 18:22:47 UTC 2023
#@# pial area lh Thu Aug 10 18:22:47 UTC 2023
#@# thickness lh Thu Aug 10 18:22:47 UTC 2023
#@# area and vertex vol lh Thu Aug 10 18:22:47 UTC 2023
#@# white curv rh Thu Aug 10 18:22:47 UTC 2023
#@# white area rh Thu Aug 10 18:22:47 UTC 2023
#@# pial curv rh Thu Aug 10 18:22:47 UTC 2023
#@# pial area rh Thu Aug 10 18:22:47 UTC 2023
#@# thickness rh Thu Aug 10 18:22:47 UTC 2023
#@# area and vertex vol rh Thu Aug 10 18:22:47 UTC 2023
#@# Curvature Stats lh Thu Aug 10 18:22:47 UTC 2023
#@# Curvature Stats rh Thu Aug 10 18:22:51 UTC 2023
#@# Relabel Hypointensities Thu Aug 10 18:22:55 UTC 2023
#@# APas-to-ASeg Thu Aug 10 18:23:19 UTC 2023
#@# AParc-to-ASeg aparc Thu Aug 10 18:23:35 UTC 2023
#@# AParc-to-ASeg aparc.a2009s Thu Aug 10 18:25:16 UTC 2023
#@# AParc-to-ASeg aparc.DKTatlas Thu Aug 10 18:26:51 UTC 2023
#@# WMParc Thu Aug 10 18:28:26 UTC 2023
#@# ASeg Stats Thu Aug 10 18:31:56 UTC 2023
recon-all -s sub-s012 finished without error at Thu Aug 10 18:32:53 UTC 2023
