status file for recon-all
Mon Aug 14 01:03:41 UTC 2023
#@# Tessellate lh Mon Aug 14 01:03:41 UTC 2023
#@# Smooth1 lh Mon Aug 14 01:03:47 UTC 2023
#@# Inflation1 lh Mon Aug 14 01:03:51 UTC 2023
#@# QSphere lh Mon Aug 14 01:04:05 UTC 2023
#@# Fix Topology lh Mon Aug 14 01:05:41 UTC 2023
#@# Smooth2 lh Mon Aug 14 01:14:03 UTC 2023
#@# Inflation2 lh Mon Aug 14 01:14:08 UTC 2023
#@# Curv .H and .K lh Mon Aug 14 01:14:25 UTC 2023
#@# Sphere lh Mon Aug 14 01:15:44 UTC 2023
#@# Surf Reg lh Mon Aug 14 01:21:49 UTC 2023
#@# Jacobian white lh Mon Aug 14 01:29:02 UTC 2023
#@# AvgCurv lh Mon Aug 14 01:29:03 UTC 2023
#@# Cortical Parc lh Mon Aug 14 01:29:05 UTC 2023
#@# white curv lh Mon Aug 14 01:38:27 UTC 2023
#@# white area lh Mon Aug 14 01:38:30 UTC 2023
#@# pial curv lh Mon Aug 14 01:38:31 UTC 2023
#@# pial area lh Mon Aug 14 01:38:34 UTC 2023
#@# thickness lh Mon Aug 14 01:38:35 UTC 2023
#@# area and vertex vol lh Mon Aug 14 01:39:28 UTC 2023
#@# Curvature Stats lh Mon Aug 14 01:39:31 UTC 2023
#@# Cortical Parc 2 lh Mon Aug 14 01:39:35 UTC 2023
#@# Cortical Parc 3 lh Mon Aug 14 01:39:58 UTC 2023
#@# WM/GM Contrast lh Mon Aug 14 01:40:15 UTC 2023
recon-all -s sub-s019 finished without error at Mon Aug 14 01:40:20 UTC 2023



#New# invocation of recon-all 



status file for recon-all
Mon Aug 14 02:52:34 UTC 2023
#@# white curv lh Mon Aug 14 02:52:34 UTC 2023
#@# white area lh Mon Aug 14 02:52:34 UTC 2023
#@# pial curv lh Mon Aug 14 02:52:34 UTC 2023
#@# pial area lh Mon Aug 14 02:52:34 UTC 2023
#@# thickness lh Mon Aug 14 02:52:34 UTC 2023
#@# area and vertex vol lh Mon Aug 14 02:52:34 UTC 2023
#@# Parcellation Stats lh Mon Aug 14 02:52:35 UTC 2023
#@# Parcellation Stats 2 lh Mon Aug 14 02:53:22 UTC 2023
#@# Parcellation Stats 3 lh Mon Aug 14 02:53:47 UTC 2023
#@# BA_exvivo Labels lh Mon Aug 14 02:54:11 UTC 2023
recon-all -s sub-s019 finished without error at Mon Aug 14 02:59:05 UTC 2023
