status file for recon-all
Mon Aug 14 01:40:22 UTC 2023
#@# Tessellate rh Mon Aug 14 01:40:22 UTC 2023
#@# Smooth1 rh Mon Aug 14 01:40:28 UTC 2023
#@# Inflation1 rh Mon Aug 14 01:40:32 UTC 2023
#@# QSphere rh Mon Aug 14 01:40:47 UTC 2023
#@# Fix Topology rh Mon Aug 14 01:42:24 UTC 2023
#@# Smooth2 rh Mon Aug 14 01:50:32 UTC 2023
#@# Inflation2 rh Mon Aug 14 01:50:37 UTC 2023
#@# Curv .H and .K rh Mon Aug 14 01:50:55 UTC 2023
#@# Sphere rh Mon Aug 14 01:52:12 UTC 2023
#@# Surf Reg rh Mon Aug 14 01:55:42 UTC 2023
#@# Jacobian white rh Mon Aug 14 02:02:56 UTC 2023
#@# AvgCurv rh Mon Aug 14 02:02:57 UTC 2023
#@# Cortical Parc rh Mon Aug 14 02:02:58 UTC 2023
#@# white curv rh Mon Aug 14 02:11:44 UTC 2023
#@# white area rh Mon Aug 14 02:11:47 UTC 2023
#@# pial curv rh Mon Aug 14 02:11:48 UTC 2023
#@# pial area rh Mon Aug 14 02:11:51 UTC 2023
#@# thickness rh Mon Aug 14 02:11:52 UTC 2023
#@# area and vertex vol rh Mon Aug 14 02:12:43 UTC 2023
#@# Curvature Stats rh Mon Aug 14 02:12:46 UTC 2023
#@# Cortical Parc 2 rh Mon Aug 14 02:12:50 UTC 2023
#@# Cortical Parc 3 rh Mon Aug 14 02:13:12 UTC 2023
#@# WM/GM Contrast rh Mon Aug 14 02:13:29 UTC 2023
recon-all -s sub-s019 finished without error at Mon Aug 14 02:13:33 UTC 2023



#New# invocation of recon-all 



status file for recon-all
Mon Aug 14 02:59:07 UTC 2023
#@# white curv rh Mon Aug 14 02:59:07 UTC 2023
#@# white area rh Mon Aug 14 02:59:07 UTC 2023
#@# pial curv rh Mon Aug 14 02:59:07 UTC 2023
#@# pial area rh Mon Aug 14 02:59:07 UTC 2023
#@# thickness rh Mon Aug 14 02:59:07 UTC 2023
#@# area and vertex vol rh Mon Aug 14 02:59:07 UTC 2023
#@# Parcellation Stats rh Mon Aug 14 02:59:07 UTC 2023
#@# Parcellation Stats 2 rh Mon Aug 14 02:59:53 UTC 2023
#@# Parcellation Stats 3 rh Mon Aug 14 03:00:17 UTC 2023
#@# BA_exvivo Labels rh Mon Aug 14 03:00:41 UTC 2023
recon-all -s sub-s019 finished without error at Mon Aug 14 03:05:33 UTC 2023
