status file for recon-all
Sun Aug 13 02:11:59 UTC 2023
#@# MotionCor Sun Aug 13 02:12:04 UTC 2023
#@# Talairach Sun Aug 13 02:12:13 UTC 2023
#@# Talairach Failure Detection Sun Aug 13 02:16:19 UTC 2023
#@# Nu Intensity Correction Sun Aug 13 02:16:20 UTC 2023
#@# Intensity Normalization Sun Aug 13 02:20:33 UTC 2023
recon-all -s sub-p006 finished without error at Sun Aug 13 02:21:59 UTC 2023



#New# invocation of recon-all 



status file for recon-all
Sun Aug 13 02:37:11 UTC 2023
#@# EM Registration Sun Aug 13 02:37:12 UTC 2023
recon-all -s sub-p006 finished without error at Sun Aug 13 02:39:36 UTC 2023



#New# invocation of recon-all 



status file for recon-all
Sun Aug 13 02:39:38 UTC 2023
#@# CA Normalize Sun Aug 13 02:39:38 UTC 2023
#@# CA Reg Sun Aug 13 02:40:41 UTC 2023
#@# SubCort Seg Sun Aug 13 03:57:08 UTC 2023
#@# CC Seg Sun Aug 13 04:31:24 UTC 2023
#@# Merge ASeg Sun Aug 13 04:31:57 UTC 2023
#@# Intensity Normalization2 Sun Aug 13 04:31:57 UTC 2023
#@# Mask BFS Sun Aug 13 04:34:14 UTC 2023
#@# WM Segmentation Sun Aug 13 04:34:15 UTC 2023
#@# Fill Sun Aug 13 04:36:34 UTC 2023
recon-all -s sub-p006 finished without error at Sun Aug 13 04:37:40 UTC 2023



#New# invocation of recon-all 



status file for recon-all
Sun Aug 13 05:27:48 UTC 2023
#@# white curv lh Sun Aug 13 05:27:48 UTC 2023
#@# white area lh Sun Aug 13 05:27:48 UTC 2023
#@# pial curv lh Sun Aug 13 05:27:48 UTC 2023
#@# pial area lh Sun Aug 13 05:27:48 UTC 2023
#@# thickness lh Sun Aug 13 05:27:48 UTC 2023
#@# area and vertex vol lh Sun Aug 13 05:27:48 UTC 2023
#@# white curv rh Sun Aug 13 05:27:48 UTC 2023
#@# white area rh Sun Aug 13 05:27:48 UTC 2023
#@# pial curv rh Sun Aug 13 05:27:48 UTC 2023
#@# pial area rh Sun Aug 13 05:27:48 UTC 2023
#@# thickness rh Sun Aug 13 05:27:48 UTC 2023
#@# area and vertex vol rh Sun Aug 13 05:27:48 UTC 2023
#@# Cortical ribbon mask Sun Aug 13 05:27:48 UTC 2023
recon-all -s sub-p006 finished without error at Sun Aug 13 05:35:24 UTC 2023



#New# invocation of recon-all 



status file for recon-all
Sun Aug 13 06:07:51 UTC 2023
#@# white curv lh Sun Aug 13 06:07:51 UTC 2023
#@# white area lh Sun Aug 13 06:07:51 UTC 2023
#@# pial curv lh Sun Aug 13 06:07:51 UTC 2023
#@# pial area lh Sun Aug 13 06:07:51 UTC 2023
#@# thickness lh Sun Aug 13 06:07:51 UTC 2023
#@# area and vertex vol lh Sun Aug 13 06:07:51 UTC 2023
#@# white curv rh Sun Aug 13 06:07:51 UTC 2023
#@# white area rh Sun Aug 13 06:07:51 UTC 2023
#@# pial curv rh Sun Aug 13 06:07:51 UTC 2023
#@# pial area rh Sun Aug 13 06:07:51 UTC 2023
#@# thickness rh Sun Aug 13 06:07:51 UTC 2023
#@# area and vertex vol rh Sun Aug 13 06:07:51 UTC 2023
#@# Curvature Stats lh Sun Aug 13 06:07:51 UTC 2023
#@# Curvature Stats rh Sun Aug 13 06:07:54 UTC 2023
#@# Relabel Hypointensities Sun Aug 13 06:07:57 UTC 2023
#@# APas-to-ASeg Sun Aug 13 06:08:15 UTC 2023
#@# AParc-to-ASeg aparc Sun Aug 13 06:08:26 UTC 2023
#@# AParc-to-ASeg aparc.a2009s Sun Aug 13 06:09:41 UTC 2023
#@# AParc-to-ASeg aparc.DKTatlas Sun Aug 13 06:11:01 UTC 2023
#@# WMParc Sun Aug 13 06:12:05 UTC 2023
#@# ASeg Stats Sun Aug 13 06:14:32 UTC 2023
recon-all -s sub-p006 finished without error at Sun Aug 13 06:15:04 UTC 2023
