status file for recon-all
Sun Aug 13 07:59:18 UTC 2023
#@# Tessellate lh Sun Aug 13 07:59:18 UTC 2023
#@# Smooth1 lh Sun Aug 13 07:59:23 UTC 2023
#@# Inflation1 lh Sun Aug 13 07:59:27 UTC 2023
#@# QSphere lh Sun Aug 13 07:59:42 UTC 2023
#@# Fix Topology lh Sun Aug 13 08:01:34 UTC 2023
#@# Smooth2 lh Sun Aug 13 08:09:15 UTC 2023
#@# Inflation2 lh Sun Aug 13 08:09:19 UTC 2023
#@# Curv .H and .K lh Sun Aug 13 08:09:35 UTC 2023
#@# Sphere lh Sun Aug 13 08:10:34 UTC 2023
#@# Surf Reg lh Sun Aug 13 08:12:45 UTC 2023
#@# Jacobian white lh Sun Aug 13 08:17:52 UTC 2023
#@# AvgCurv lh Sun Aug 13 08:17:53 UTC 2023
#@# Cortical Parc lh Sun Aug 13 08:17:54 UTC 2023
#@# white curv lh Sun Aug 13 08:26:13 UTC 2023
#@# white area lh Sun Aug 13 08:26:15 UTC 2023
#@# pial curv lh Sun Aug 13 08:26:16 UTC 2023
#@# pial area lh Sun Aug 13 08:26:18 UTC 2023
#@# thickness lh Sun Aug 13 08:26:19 UTC 2023
#@# area and vertex vol lh Sun Aug 13 08:26:54 UTC 2023
#@# Curvature Stats lh Sun Aug 13 08:26:56 UTC 2023
#@# Cortical Parc 2 lh Sun Aug 13 08:26:59 UTC 2023
#@# Cortical Parc 3 lh Sun Aug 13 08:27:18 UTC 2023
#@# WM/GM Contrast lh Sun Aug 13 08:27:32 UTC 2023
recon-all -s sub-p007 finished without error at Sun Aug 13 08:27:36 UTC 2023



#New# invocation of recon-all 



status file for recon-all
Sun Aug 13 09:39:49 UTC 2023
#@# white curv lh Sun Aug 13 09:39:49 UTC 2023
#@# white area lh Sun Aug 13 09:39:49 UTC 2023
#@# pial curv lh Sun Aug 13 09:39:49 UTC 2023
#@# pial area lh Sun Aug 13 09:39:50 UTC 2023
#@# thickness lh Sun Aug 13 09:39:50 UTC 2023
#@# area and vertex vol lh Sun Aug 13 09:39:50 UTC 2023
#@# Parcellation Stats lh Sun Aug 13 09:39:50 UTC 2023
#@# Parcellation Stats 2 lh Sun Aug 13 09:40:18 UTC 2023
#@# Parcellation Stats 3 lh Sun Aug 13 09:40:33 UTC 2023
#@# BA_exvivo Labels lh Sun Aug 13 09:40:48 UTC 2023
recon-all -s sub-p007 finished without error at Sun Aug 13 09:45:00 UTC 2023
