status file for recon-all
Sun Aug 13 08:27:38 UTC 2023
#@# Tessellate rh Sun Aug 13 08:27:38 UTC 2023
#@# Smooth1 rh Sun Aug 13 08:27:43 UTC 2023
#@# Inflation1 rh Sun Aug 13 08:27:47 UTC 2023
#@# QSphere rh Sun Aug 13 08:28:03 UTC 2023
#@# Fix Topology rh Sun Aug 13 08:29:39 UTC 2023
#@# Smooth2 rh Sun Aug 13 08:37:14 UTC 2023
#@# Inflation2 rh Sun Aug 13 08:37:18 UTC 2023
#@# Curv .H and .K rh Sun Aug 13 08:37:35 UTC 2023
#@# Sphere rh Sun Aug 13 08:38:34 UTC 2023
#@# Surf Reg rh Sun Aug 13 08:42:07 UTC 2023
#@# Jacobian white rh Sun Aug 13 08:47:42 UTC 2023
#@# AvgCurv rh Sun Aug 13 08:47:44 UTC 2023
#@# Cortical Parc rh Sun Aug 13 08:47:45 UTC 2023
#@# white curv rh Sun Aug 13 08:56:26 UTC 2023
#@# white area rh Sun Aug 13 08:56:28 UTC 2023
#@# pial curv rh Sun Aug 13 08:56:29 UTC 2023
#@# pial area rh Sun Aug 13 08:56:31 UTC 2023
#@# thickness rh Sun Aug 13 08:56:32 UTC 2023
#@# area and vertex vol rh Sun Aug 13 08:57:07 UTC 2023
#@# Curvature Stats rh Sun Aug 13 08:57:09 UTC 2023
#@# Cortical Parc 2 rh Sun Aug 13 08:57:13 UTC 2023
#@# Cortical Parc 3 rh Sun Aug 13 08:57:31 UTC 2023
#@# WM/GM Contrast rh Sun Aug 13 08:57:44 UTC 2023
recon-all -s sub-p007 finished without error at Sun Aug 13 08:57:49 UTC 2023



#New# invocation of recon-all 



status file for recon-all
Sun Aug 13 09:45:03 UTC 2023
#@# white curv rh Sun Aug 13 09:45:03 UTC 2023
#@# white area rh Sun Aug 13 09:45:03 UTC 2023
#@# pial curv rh Sun Aug 13 09:45:03 UTC 2023
#@# pial area rh Sun Aug 13 09:45:03 UTC 2023
#@# thickness rh Sun Aug 13 09:45:03 UTC 2023
#@# area and vertex vol rh Sun Aug 13 09:45:03 UTC 2023
#@# Parcellation Stats rh Sun Aug 13 09:45:03 UTC 2023
#@# Parcellation Stats 2 rh Sun Aug 13 09:45:32 UTC 2023
#@# Parcellation Stats 3 rh Sun Aug 13 09:45:47 UTC 2023
#@# BA_exvivo Labels rh Sun Aug 13 09:46:04 UTC 2023
recon-all -s sub-p007 finished without error at Sun Aug 13 09:50:15 UTC 2023
