status file for recon-all
Sun Aug 13 21:45:59 UTC 2023
#@# MotionCor Sun Aug 13 21:46:02 UTC 2023
#@# Talairach Sun Aug 13 21:46:10 UTC 2023
#@# Talairach Failure Detection Sun Aug 13 21:50:03 UTC 2023
#@# Nu Intensity Correction Sun Aug 13 21:50:03 UTC 2023
#@# Intensity Normalization Sun Aug 13 21:53:49 UTC 2023
recon-all -s sub-p022 finished without error at Sun Aug 13 21:55:21 UTC 2023



#New# invocation of recon-all 



status file for recon-all
Sun Aug 13 22:10:05 UTC 2023
#@# EM Registration Sun Aug 13 22:10:05 UTC 2023
recon-all -s sub-p022 finished without error at Sun Aug 13 22:12:03 UTC 2023



#New# invocation of recon-all 



status file for recon-all
Sun Aug 13 22:12:05 UTC 2023
#@# CA Normalize Sun Aug 13 22:12:05 UTC 2023
#@# CA Reg Sun Aug 13 22:13:03 UTC 2023
#@# SubCort Seg Sun Aug 13 22:53:05 UTC 2023
#@# CC Seg Sun Aug 13 23:23:52 UTC 2023
#@# Merge ASeg Sun Aug 13 23:24:22 UTC 2023
#@# Intensity Normalization2 Sun Aug 13 23:24:22 UTC 2023
#@# Mask BFS Sun Aug 13 23:26:31 UTC 2023
#@# WM Segmentation Sun Aug 13 23:26:32 UTC 2023
#@# Fill Sun Aug 13 23:28:51 UTC 2023
recon-all -s sub-p022 finished without error at Sun Aug 13 23:29:54 UTC 2023



#New# invocation of recon-all 



status file for recon-all
Mon Aug 14 00:23:02 UTC 2023
#@# white curv lh Mon Aug 14 00:23:02 UTC 2023
#@# white area lh Mon Aug 14 00:23:02 UTC 2023
#@# pial curv lh Mon Aug 14 00:23:02 UTC 2023
#@# pial area lh Mon Aug 14 00:23:02 UTC 2023
#@# thickness lh Mon Aug 14 00:23:02 UTC 2023
#@# area and vertex vol lh Mon Aug 14 00:23:02 UTC 2023
#@# white curv rh Mon Aug 14 00:23:02 UTC 2023
#@# white area rh Mon Aug 14 00:23:02 UTC 2023
#@# pial curv rh Mon Aug 14 00:23:02 UTC 2023
#@# pial area rh Mon Aug 14 00:23:02 UTC 2023
#@# thickness rh Mon Aug 14 00:23:02 UTC 2023
#@# area and vertex vol rh Mon Aug 14 00:23:02 UTC 2023
#@# Cortical ribbon mask Mon Aug 14 00:23:02 UTC 2023
recon-all -s sub-p022 finished without error at Mon Aug 14 00:31:01 UTC 2023



#New# invocation of recon-all 



status file for recon-all
Mon Aug 14 01:05:13 UTC 2023
#@# white curv lh Mon Aug 14 01:05:14 UTC 2023
#@# white area lh Mon Aug 14 01:05:14 UTC 2023
#@# pial curv lh Mon Aug 14 01:05:14 UTC 2023
#@# pial area lh Mon Aug 14 01:05:14 UTC 2023
#@# thickness lh Mon Aug 14 01:05:14 UTC 2023
#@# area and vertex vol lh Mon Aug 14 01:05:14 UTC 2023
#@# white curv rh Mon Aug 14 01:05:14 UTC 2023
#@# white area rh Mon Aug 14 01:05:14 UTC 2023
#@# pial curv rh Mon Aug 14 01:05:14 UTC 2023
#@# pial area rh Mon Aug 14 01:05:14 UTC 2023
#@# thickness rh Mon Aug 14 01:05:14 UTC 2023
#@# area and vertex vol rh Mon Aug 14 01:05:14 UTC 2023
#@# Curvature Stats lh Mon Aug 14 01:05:14 UTC 2023
#@# Curvature Stats rh Mon Aug 14 01:05:17 UTC 2023
#@# Relabel Hypointensities Mon Aug 14 01:05:20 UTC 2023
#@# APas-to-ASeg Mon Aug 14 01:05:38 UTC 2023
#@# AParc-to-ASeg aparc Mon Aug 14 01:05:48 UTC 2023
#@# AParc-to-ASeg aparc.a2009s Mon Aug 14 01:06:57 UTC 2023
#@# AParc-to-ASeg aparc.DKTatlas Mon Aug 14 01:08:05 UTC 2023
#@# WMParc Mon Aug 14 01:09:13 UTC 2023
#@# ASeg Stats Mon Aug 14 01:11:40 UTC 2023
recon-all -s sub-p022 finished without error at Mon Aug 14 01:12:11 UTC 2023
