Log file for defect2seg
Sun Aug 13 01:42:30 UTC 2023

setenv SUBJECTS_DIR /project/data/bids/derivatives/sourcedata/freesurfer
cd /project/data/bids/derivatives/sourcedata/freesurfer/sub-p004/scripts
/opt/freesurfer/bin/defect2seg --s sub-p004 --rh-only --cortex

freesurfer-linux-ubuntu22_x86_64-7.3.2-20220804-6354275
defect2seg 7.3.2
Linux spock7-c0-12 3.10.0-1160.59.1.el7.x86_64 #1 SMP Tue Feb 22 16:51:50 EST 2022 x86_64 x86_64 x86_64 GNU/Linux
pid 5680
mri_label2label --label-cortex /project/data/bids/derivatives/sourcedata/freesurfer/sub-p004/surf/rh.orig.nofix /project/data/bids/derivatives/sourcedata/freesurfer/sub-p004/mri/aseg.presurf.mgz 0 /project/data/bids/derivatives/sourcedata/freesurfer/sub-p004/label/rh.nofix.cortex.label

 Generating cortex label... RemoveHipAmgy=0
 NucAccIsMedialWall=0
 mris->useRealRAS=0
16 non-cortical segments detected
only using segment with 6992 vertices
erasing segment 1 (vno[0] = 48548)
erasing segment 2 (vno[0] = 56556)
erasing segment 3 (vno[0] = 58848)
erasing segment 4 (vno[0] = 61156)
erasing segment 5 (vno[0] = 67021)
erasing segment 6 (vno[0] = 68534)
erasing segment 7 (vno[0] = 97673)
erasing segment 8 (vno[0] = 98446)
erasing segment 9 (vno[0] = 98599)
erasing segment 10 (vno[0] = 99353)
erasing segment 11 (vno[0] = 99561)
erasing segment 12 (vno[0] = 100400)
erasing segment 13 (vno[0] = 103920)
erasing segment 14 (vno[0] = 103989)
erasing segment 15 (vno[0] = 111515)
mri_label2vol --defects /project/data/bids/derivatives/sourcedata/freesurfer/sub-p004/surf/rh.orig.nofix /project/data/bids/derivatives/sourcedata/freesurfer/sub-p004/surf/rh.defect_labels /project/data/bids/derivatives/sourcedata/freesurfer/sub-p004/mri/orig.mgz 2000 0 /project/data/bids/derivatives/sourcedata/freesurfer/sub-p004/mri/rh.surface.defects.mgz /project/data/bids/derivatives/sourcedata/freesurfer/sub-p004/label/rh.nofix.cortex.label
mri_label2vol supposed to be reproducible but seed not set
Contraining to label /project/data/bids/derivatives/sourcedata/freesurfer/sub-p004/label/rh.nofix.cortex.label
Changing input type 0 to MRI_INT
Converting defects to volume: offset=2000, merge=0
Writing to /project/data/bids/derivatives/sourcedata/freesurfer/sub-p004/mri/rh.surface.defects.mgz
mris_defects_pointset -s /project/data/bids/derivatives/sourcedata/freesurfer/sub-p004/surf/rh.orig.nofix -d /project/data/bids/derivatives/sourcedata/freesurfer/sub-p004/surf/rh.defect_labels -o /project/data/bids/derivatives/sourcedata/freesurfer/sub-p004/surf/rh.defects.pointset --label /project/data/bids/derivatives/sourcedata/freesurfer/sub-p004/label/rh.nofix.cortex.label
Reading in surface /project/data/bids/derivatives/sourcedata/freesurfer/sub-p004/surf/rh.orig.nofix
Reading in defect segmentation /project/data/bids/derivatives/sourcedata/freesurfer/sub-p004/surf/rh.defect_labels
Reading in label /project/data/bids/derivatives/sourcedata/freesurfer/sub-p004/label/rh.nofix.cortex.label
#VMPC# mris_defects_pointset 706580
mris_defects_pointset done
 
Started at Sun Aug 13 01:42:30 UTC 2023 
Ended   at Sun Aug 13 01:42:47 UTC 2023
Defect2seg-Run-Time-Sec 17
Defect2seg-Run-Time-Min 0.34
Defect2seg-Run-Time-Hours 0.00
 
defect2seg Done
