status file for recon-all
Sun Aug 13 01:19:36 UTC 2023
#@# Tessellate lh Sun Aug 13 01:19:36 UTC 2023
#@# Smooth1 lh Sun Aug 13 01:19:41 UTC 2023
#@# Inflation1 lh Sun Aug 13 01:19:44 UTC 2023
#@# QSphere lh Sun Aug 13 01:19:54 UTC 2023
#@# Fix Topology lh Sun Aug 13 01:20:56 UTC 2023
#@# Smooth2 lh Sun Aug 13 01:26:34 UTC 2023
#@# Inflation2 lh Sun Aug 13 01:26:37 UTC 2023
#@# Curv .H and .K lh Sun Aug 13 01:26:48 UTC 2023
#@# Sphere lh Sun Aug 13 01:27:39 UTC 2023
#@# Surf Reg lh Sun Aug 13 01:29:33 UTC 2023
#@# Jacobian white lh Sun Aug 13 01:33:11 UTC 2023
#@# AvgCurv lh Sun Aug 13 01:33:12 UTC 2023
#@# Cortical Parc lh Sun Aug 13 01:33:13 UTC 2023
#@# white curv lh Sun Aug 13 01:39:24 UTC 2023
#@# white area lh Sun Aug 13 01:39:26 UTC 2023
#@# pial curv lh Sun Aug 13 01:39:27 UTC 2023
#@# pial area lh Sun Aug 13 01:39:29 UTC 2023
#@# thickness lh Sun Aug 13 01:39:29 UTC 2023
#@# area and vertex vol lh Sun Aug 13 01:40:00 UTC 2023
#@# Curvature Stats lh Sun Aug 13 01:40:02 UTC 2023
#@# Cortical Parc 2 lh Sun Aug 13 01:40:05 UTC 2023
#@# Cortical Parc 3 lh Sun Aug 13 01:40:21 UTC 2023
#@# WM/GM Contrast lh Sun Aug 13 01:40:32 UTC 2023
recon-all -s sub-p004 finished without error at Sun Aug 13 01:40:35 UTC 2023



#New# invocation of recon-all 



status file for recon-all
Sun Aug 13 02:33:28 UTC 2023
#@# white curv lh Sun Aug 13 02:33:29 UTC 2023
#@# white area lh Sun Aug 13 02:33:29 UTC 2023
#@# pial curv lh Sun Aug 13 02:33:29 UTC 2023
#@# pial area lh Sun Aug 13 02:33:29 UTC 2023
#@# thickness lh Sun Aug 13 02:33:30 UTC 2023
#@# area and vertex vol lh Sun Aug 13 02:33:30 UTC 2023
#@# Parcellation Stats lh Sun Aug 13 02:33:30 UTC 2023
#@# Parcellation Stats 2 lh Sun Aug 13 02:33:58 UTC 2023
#@# Parcellation Stats 3 lh Sun Aug 13 02:34:13 UTC 2023
#@# BA_exvivo Labels lh Sun Aug 13 02:34:27 UTC 2023
recon-all -s sub-p004 finished without error at Sun Aug 13 02:37:58 UTC 2023
