status file for recon-all
Sun Aug 13 01:40:38 UTC 2023
#@# Tessellate rh Sun Aug 13 01:40:38 UTC 2023
#@# Smooth1 rh Sun Aug 13 01:40:43 UTC 2023
#@# Inflation1 rh Sun Aug 13 01:40:45 UTC 2023
#@# QSphere rh Sun Aug 13 01:40:55 UTC 2023
#@# Fix Topology rh Sun Aug 13 01:42:05 UTC 2023
#@# Smooth2 rh Sun Aug 13 01:47:09 UTC 2023
#@# Inflation2 rh Sun Aug 13 01:47:12 UTC 2023
#@# Curv .H and .K rh Sun Aug 13 01:47:24 UTC 2023
#@# Sphere rh Sun Aug 13 01:48:13 UTC 2023
#@# Surf Reg rh Sun Aug 13 01:50:13 UTC 2023
#@# Jacobian white rh Sun Aug 13 01:54:14 UTC 2023
#@# AvgCurv rh Sun Aug 13 01:54:15 UTC 2023
#@# Cortical Parc rh Sun Aug 13 01:54:16 UTC 2023
#@# white curv rh Sun Aug 13 02:00:18 UTC 2023
#@# white area rh Sun Aug 13 02:00:20 UTC 2023
#@# pial curv rh Sun Aug 13 02:00:21 UTC 2023
#@# pial area rh Sun Aug 13 02:00:23 UTC 2023
#@# thickness rh Sun Aug 13 02:00:23 UTC 2023
#@# area and vertex vol rh Sun Aug 13 02:00:54 UTC 2023
#@# Curvature Stats rh Sun Aug 13 02:00:55 UTC 2023
#@# Cortical Parc 2 rh Sun Aug 13 02:00:58 UTC 2023
#@# Cortical Parc 3 rh Sun Aug 13 02:01:14 UTC 2023
#@# WM/GM Contrast rh Sun Aug 13 02:01:26 UTC 2023
recon-all -s sub-p004 finished without error at Sun Aug 13 02:01:29 UTC 2023



#New# invocation of recon-all 



status file for recon-all
Sun Aug 13 02:38:02 UTC 2023
#@# white curv rh Sun Aug 13 02:38:02 UTC 2023
#@# white area rh Sun Aug 13 02:38:02 UTC 2023
#@# pial curv rh Sun Aug 13 02:38:02 UTC 2023
#@# pial area rh Sun Aug 13 02:38:02 UTC 2023
#@# thickness rh Sun Aug 13 02:38:02 UTC 2023
#@# area and vertex vol rh Sun Aug 13 02:38:02 UTC 2023
#@# Parcellation Stats rh Sun Aug 13 02:38:02 UTC 2023
#@# Parcellation Stats 2 rh Sun Aug 13 02:38:29 UTC 2023
#@# Parcellation Stats 3 rh Sun Aug 13 02:38:43 UTC 2023
#@# BA_exvivo Labels rh Sun Aug 13 02:38:56 UTC 2023
recon-all -s sub-p004 finished without error at Sun Aug 13 02:42:22 UTC 2023
