status file for recon-all
Sat Aug 12 23:30:05 UTC 2023
#@# MotionCor Sat Aug 12 23:30:09 UTC 2023
#@# Talairach Sat Aug 12 23:30:21 UTC 2023
#@# Talairach Failure Detection Sat Aug 12 23:34:49 UTC 2023
#@# Nu Intensity Correction Sat Aug 12 23:34:49 UTC 2023
#@# Intensity Normalization Sat Aug 12 23:39:09 UTC 2023
recon-all -s sub-p004 finished without error at Sat Aug 12 23:40:49 UTC 2023



#New# invocation of recon-all 



status file for recon-all
Sat Aug 12 23:55:15 UTC 2023
#@# EM Registration Sat Aug 12 23:55:15 UTC 2023
recon-all -s sub-p004 finished without error at Sat Aug 12 23:57:48 UTC 2023



#New# invocation of recon-all 



status file for recon-all
Sat Aug 12 23:57:52 UTC 2023
#@# CA Normalize Sat Aug 12 23:57:52 UTC 2023
#@# CA Reg Sat Aug 12 23:58:48 UTC 2023
#@# SubCort Seg Sun Aug 13 00:45:23 UTC 2023
#@# CC Seg Sun Aug 13 01:13:31 UTC 2023
#@# Merge ASeg Sun Aug 13 01:14:15 UTC 2023
#@# Intensity Normalization2 Sun Aug 13 01:14:15 UTC 2023
#@# Mask BFS Sun Aug 13 01:16:17 UTC 2023
#@# WM Segmentation Sun Aug 13 01:16:18 UTC 2023
#@# Fill Sun Aug 13 01:18:23 UTC 2023
recon-all -s sub-p004 finished without error at Sun Aug 13 01:19:23 UTC 2023



#New# invocation of recon-all 



status file for recon-all
Sun Aug 13 02:01:35 UTC 2023
#@# white curv lh Sun Aug 13 02:01:35 UTC 2023
#@# white area lh Sun Aug 13 02:01:35 UTC 2023
#@# pial curv lh Sun Aug 13 02:01:35 UTC 2023
#@# pial area lh Sun Aug 13 02:01:35 UTC 2023
#@# thickness lh Sun Aug 13 02:01:35 UTC 2023
#@# area and vertex vol lh Sun Aug 13 02:01:35 UTC 2023
#@# white curv rh Sun Aug 13 02:01:35 UTC 2023
#@# white area rh Sun Aug 13 02:01:35 UTC 2023
#@# pial curv rh Sun Aug 13 02:01:35 UTC 2023
#@# pial area rh Sun Aug 13 02:01:35 UTC 2023
#@# thickness rh Sun Aug 13 02:01:35 UTC 2023
#@# area and vertex vol rh Sun Aug 13 02:01:35 UTC 2023
#@# Cortical ribbon mask Sun Aug 13 02:01:35 UTC 2023
recon-all -s sub-p004 finished without error at Sun Aug 13 02:09:30 UTC 2023



#New# invocation of recon-all 



status file for recon-all
Sun Aug 13 02:42:27 UTC 2023
#@# white curv lh Sun Aug 13 02:42:27 UTC 2023
#@# white area lh Sun Aug 13 02:42:27 UTC 2023
#@# pial curv lh Sun Aug 13 02:42:27 UTC 2023
#@# pial area lh Sun Aug 13 02:42:27 UTC 2023
#@# thickness lh Sun Aug 13 02:42:27 UTC 2023
#@# area and vertex vol lh Sun Aug 13 02:42:27 UTC 2023
#@# white curv rh Sun Aug 13 02:42:27 UTC 2023
#@# white area rh Sun Aug 13 02:42:27 UTC 2023
#@# pial curv rh Sun Aug 13 02:42:27 UTC 2023
#@# pial area rh Sun Aug 13 02:42:27 UTC 2023
#@# thickness rh Sun Aug 13 02:42:27 UTC 2023
#@# area and vertex vol rh Sun Aug 13 02:42:27 UTC 2023
#@# Curvature Stats lh Sun Aug 13 02:42:27 UTC 2023
#@# Curvature Stats rh Sun Aug 13 02:42:30 UTC 2023
#@# Relabel Hypointensities Sun Aug 13 02:42:33 UTC 2023
#@# APas-to-ASeg Sun Aug 13 02:42:50 UTC 2023
#@# AParc-to-ASeg aparc Sun Aug 13 02:43:00 UTC 2023
#@# AParc-to-ASeg aparc.a2009s Sun Aug 13 02:44:01 UTC 2023
#@# AParc-to-ASeg aparc.DKTatlas Sun Aug 13 02:45:02 UTC 2023
#@# WMParc Sun Aug 13 02:46:02 UTC 2023
#@# ASeg Stats Sun Aug 13 02:48:27 UTC 2023
recon-all -s sub-p004 finished without error at Sun Aug 13 02:48:56 UTC 2023
