status file for recon-all
Sun Aug 13 23:55:34 UTC 2023
#@# Tessellate lh Sun Aug 13 23:55:34 UTC 2023
#@# Smooth1 lh Sun Aug 13 23:55:38 UTC 2023
#@# Inflation1 lh Sun Aug 13 23:55:42 UTC 2023
#@# QSphere lh Sun Aug 13 23:55:53 UTC 2023
#@# Fix Topology lh Sun Aug 13 23:57:03 UTC 2023
#@# Smooth2 lh Mon Aug 14 00:04:43 UTC 2023
#@# Inflation2 lh Mon Aug 14 00:04:47 UTC 2023
#@# Curv .H and .K lh Mon Aug 14 00:04:59 UTC 2023
#@# Sphere lh Mon Aug 14 00:05:57 UTC 2023
#@# Surf Reg lh Mon Aug 14 00:09:33 UTC 2023
#@# Jacobian white lh Mon Aug 14 00:13:24 UTC 2023
#@# AvgCurv lh Mon Aug 14 00:13:25 UTC 2023
#@# Cortical Parc lh Mon Aug 14 00:13:26 UTC 2023
#@# white curv lh Mon Aug 14 00:21:05 UTC 2023
#@# white area lh Mon Aug 14 00:21:07 UTC 2023
#@# pial curv lh Mon Aug 14 00:21:08 UTC 2023
#@# pial area lh Mon Aug 14 00:21:10 UTC 2023
#@# thickness lh Mon Aug 14 00:21:11 UTC 2023
#@# area and vertex vol lh Mon Aug 14 00:21:48 UTC 2023
#@# Curvature Stats lh Mon Aug 14 00:21:50 UTC 2023
#@# Cortical Parc 2 lh Mon Aug 14 00:21:53 UTC 2023
#@# Cortical Parc 3 lh Mon Aug 14 00:22:11 UTC 2023
#@# WM/GM Contrast lh Mon Aug 14 00:22:25 UTC 2023
recon-all -s sub-s022 finished without error at Mon Aug 14 00:22:29 UTC 2023



#New# invocation of recon-all 



status file for recon-all
Mon Aug 14 01:24:18 UTC 2023
#@# white curv lh Mon Aug 14 01:24:18 UTC 2023
#@# white area lh Mon Aug 14 01:24:18 UTC 2023
#@# pial curv lh Mon Aug 14 01:24:18 UTC 2023
#@# pial area lh Mon Aug 14 01:24:18 UTC 2023
#@# thickness lh Mon Aug 14 01:24:18 UTC 2023
#@# area and vertex vol lh Mon Aug 14 01:24:18 UTC 2023
#@# Parcellation Stats lh Mon Aug 14 01:24:18 UTC 2023
#@# Parcellation Stats 2 lh Mon Aug 14 01:24:47 UTC 2023
#@# Parcellation Stats 3 lh Mon Aug 14 01:25:01 UTC 2023
#@# BA_exvivo Labels lh Mon Aug 14 01:25:15 UTC 2023
recon-all -s sub-s022 finished without error at Mon Aug 14 01:28:57 UTC 2023
