status file for recon-all
Mon Aug 14 00:22:32 UTC 2023
#@# Tessellate rh Mon Aug 14 00:22:32 UTC 2023
#@# Smooth1 rh Mon Aug 14 00:22:37 UTC 2023
#@# Inflation1 rh Mon Aug 14 00:22:41 UTC 2023
#@# QSphere rh Mon Aug 14 00:22:52 UTC 2023
#@# Fix Topology rh Mon Aug 14 00:24:02 UTC 2023
#@# Smooth2 rh Mon Aug 14 00:31:31 UTC 2023
#@# Inflation2 rh Mon Aug 14 00:31:34 UTC 2023
#@# Curv .H and .K rh Mon Aug 14 00:31:47 UTC 2023
#@# Sphere rh Mon Aug 14 00:32:46 UTC 2023
#@# Surf Reg rh Mon Aug 14 00:36:23 UTC 2023
#@# Jacobian white rh Mon Aug 14 00:40:45 UTC 2023
#@# AvgCurv rh Mon Aug 14 00:40:46 UTC 2023
#@# Cortical Parc rh Mon Aug 14 00:40:47 UTC 2023
#@# white curv rh Mon Aug 14 00:48:06 UTC 2023
#@# white area rh Mon Aug 14 00:48:08 UTC 2023
#@# pial curv rh Mon Aug 14 00:48:09 UTC 2023
#@# pial area rh Mon Aug 14 00:48:11 UTC 2023
#@# thickness rh Mon Aug 14 00:48:12 UTC 2023
#@# area and vertex vol rh Mon Aug 14 00:48:49 UTC 2023
#@# Curvature Stats rh Mon Aug 14 00:48:51 UTC 2023
#@# Cortical Parc 2 rh Mon Aug 14 00:48:54 UTC 2023
#@# Cortical Parc 3 rh Mon Aug 14 00:49:12 UTC 2023
#@# WM/GM Contrast rh Mon Aug 14 00:49:25 UTC 2023
recon-all -s sub-s022 finished without error at Mon Aug 14 00:49:29 UTC 2023



#New# invocation of recon-all 



status file for recon-all
Mon Aug 14 01:28:59 UTC 2023
#@# white curv rh Mon Aug 14 01:28:59 UTC 2023
#@# white area rh Mon Aug 14 01:28:59 UTC 2023
#@# pial curv rh Mon Aug 14 01:28:59 UTC 2023
#@# pial area rh Mon Aug 14 01:28:59 UTC 2023
#@# thickness rh Mon Aug 14 01:28:59 UTC 2023
#@# area and vertex vol rh Mon Aug 14 01:28:59 UTC 2023
#@# Parcellation Stats rh Mon Aug 14 01:28:59 UTC 2023
#@# Parcellation Stats 2 rh Mon Aug 14 01:29:28 UTC 2023
#@# Parcellation Stats 3 rh Mon Aug 14 01:29:43 UTC 2023
#@# BA_exvivo Labels rh Mon Aug 14 01:29:58 UTC 2023
recon-all -s sub-s022 finished without error at Mon Aug 14 01:33:41 UTC 2023
