status file for recon-all
Sun Aug 13 21:55:55 UTC 2023
#@# MotionCor Sun Aug 13 21:56:00 UTC 2023
#@# Talairach Sun Aug 13 21:56:08 UTC 2023
#@# Talairach Failure Detection Sun Aug 13 22:00:31 UTC 2023
#@# Nu Intensity Correction Sun Aug 13 22:00:31 UTC 2023
#@# Intensity Normalization Sun Aug 13 22:04:46 UTC 2023
recon-all -s sub-s022 finished without error at Sun Aug 13 22:06:26 UTC 2023



#New# invocation of recon-all 



status file for recon-all
Sun Aug 13 22:21:44 UTC 2023
#@# EM Registration Sun Aug 13 22:21:44 UTC 2023
recon-all -s sub-s022 finished without error at Sun Aug 13 22:24:10 UTC 2023



#New# invocation of recon-all 



status file for recon-all
Sun Aug 13 22:24:12 UTC 2023
#@# CA Normalize Sun Aug 13 22:24:12 UTC 2023
#@# CA Reg Sun Aug 13 22:25:19 UTC 2023
#@# SubCort Seg Sun Aug 13 23:13:22 UTC 2023
#@# CC Seg Sun Aug 13 23:48:30 UTC 2023
#@# Merge ASeg Sun Aug 13 23:49:22 UTC 2023
#@# Intensity Normalization2 Sun Aug 13 23:49:22 UTC 2023
#@# Mask BFS Sun Aug 13 23:51:39 UTC 2023
#@# WM Segmentation Sun Aug 13 23:51:40 UTC 2023
#@# Fill Sun Aug 13 23:54:12 UTC 2023
recon-all -s sub-s022 finished without error at Sun Aug 13 23:55:21 UTC 2023



#New# invocation of recon-all 



status file for recon-all
Mon Aug 14 00:49:34 UTC 2023
#@# white curv lh Mon Aug 14 00:49:34 UTC 2023
#@# white area lh Mon Aug 14 00:49:34 UTC 2023
#@# pial curv lh Mon Aug 14 00:49:34 UTC 2023
#@# pial area lh Mon Aug 14 00:49:34 UTC 2023
#@# thickness lh Mon Aug 14 00:49:34 UTC 2023
#@# area and vertex vol lh Mon Aug 14 00:49:34 UTC 2023
#@# white curv rh Mon Aug 14 00:49:34 UTC 2023
#@# white area rh Mon Aug 14 00:49:34 UTC 2023
#@# pial curv rh Mon Aug 14 00:49:34 UTC 2023
#@# pial area rh Mon Aug 14 00:49:34 UTC 2023
#@# thickness rh Mon Aug 14 00:49:34 UTC 2023
#@# area and vertex vol rh Mon Aug 14 00:49:34 UTC 2023
#@# Cortical ribbon mask Mon Aug 14 00:49:34 UTC 2023
recon-all -s sub-s022 finished without error at Mon Aug 14 00:56:02 UTC 2023



#New# invocation of recon-all 



status file for recon-all
Mon Aug 14 01:33:46 UTC 2023
#@# white curv lh Mon Aug 14 01:33:46 UTC 2023
#@# white area lh Mon Aug 14 01:33:46 UTC 2023
#@# pial curv lh Mon Aug 14 01:33:46 UTC 2023
#@# pial area lh Mon Aug 14 01:33:46 UTC 2023
#@# thickness lh Mon Aug 14 01:33:46 UTC 2023
#@# area and vertex vol lh Mon Aug 14 01:33:47 UTC 2023
#@# white curv rh Mon Aug 14 01:33:47 UTC 2023
#@# white area rh Mon Aug 14 01:33:47 UTC 2023
#@# pial curv rh Mon Aug 14 01:33:47 UTC 2023
#@# pial area rh Mon Aug 14 01:33:47 UTC 2023
#@# thickness rh Mon Aug 14 01:33:47 UTC 2023
#@# area and vertex vol rh Mon Aug 14 01:33:47 UTC 2023
#@# Curvature Stats lh Mon Aug 14 01:33:47 UTC 2023
#@# Curvature Stats rh Mon Aug 14 01:33:50 UTC 2023
#@# Relabel Hypointensities Mon Aug 14 01:33:53 UTC 2023
#@# APas-to-ASeg Mon Aug 14 01:34:11 UTC 2023
#@# AParc-to-ASeg aparc Mon Aug 14 01:34:21 UTC 2023
#@# AParc-to-ASeg aparc.a2009s Mon Aug 14 01:35:12 UTC 2023
#@# AParc-to-ASeg aparc.DKTatlas Mon Aug 14 01:36:03 UTC 2023
#@# WMParc Mon Aug 14 01:36:54 UTC 2023
#@# ASeg Stats Mon Aug 14 01:39:24 UTC 2023
recon-all -s sub-s022 finished without error at Mon Aug 14 01:39:55 UTC 2023
