status file for recon-all
Mon Aug 14 08:31:19 UTC 2023
#@# Tessellate rh Mon Aug 14 08:31:19 UTC 2023
#@# Smooth1 rh Mon Aug 14 08:31:24 UTC 2023
#@# Inflation1 rh Mon Aug 14 08:31:27 UTC 2023
#@# QSphere rh Mon Aug 14 08:31:38 UTC 2023
#@# Fix Topology rh Mon Aug 14 08:32:50 UTC 2023
#@# Smooth2 rh Mon Aug 14 08:38:21 UTC 2023
#@# Inflation2 rh Mon Aug 14 08:38:24 UTC 2023
#@# Curv .H and .K rh Mon Aug 14 08:38:36 UTC 2023
#@# Sphere rh Mon Aug 14 08:39:33 UTC 2023
#@# Surf Reg rh Mon Aug 14 08:43:20 UTC 2023
#@# Jacobian white rh Mon Aug 14 08:47:22 UTC 2023
#@# AvgCurv rh Mon Aug 14 08:47:23 UTC 2023
#@# Cortical Parc rh Mon Aug 14 08:47:24 UTC 2023
#@# white curv rh Mon Aug 14 08:54:04 UTC 2023
#@# white area rh Mon Aug 14 08:54:06 UTC 2023
#@# pial curv rh Mon Aug 14 08:54:07 UTC 2023
#@# pial area rh Mon Aug 14 08:54:09 UTC 2023
#@# thickness rh Mon Aug 14 08:54:10 UTC 2023
#@# area and vertex vol rh Mon Aug 14 08:54:49 UTC 2023
#@# Curvature Stats rh Mon Aug 14 08:54:51 UTC 2023
#@# Cortical Parc 2 rh Mon Aug 14 08:54:54 UTC 2023
#@# Cortical Parc 3 rh Mon Aug 14 08:55:12 UTC 2023
#@# WM/GM Contrast rh Mon Aug 14 08:55:26 UTC 2023
recon-all -s sub-s009 finished without error at Mon Aug 14 08:55:30 UTC 2023



#New# invocation of recon-all 



status file for recon-all
Mon Aug 14 09:33:08 UTC 2023
#@# white curv rh Mon Aug 14 09:33:09 UTC 2023
#@# white area rh Mon Aug 14 09:33:09 UTC 2023
#@# pial curv rh Mon Aug 14 09:33:09 UTC 2023
#@# pial area rh Mon Aug 14 09:33:09 UTC 2023
#@# thickness rh Mon Aug 14 09:33:09 UTC 2023
#@# area and vertex vol rh Mon Aug 14 09:33:09 UTC 2023
#@# Parcellation Stats rh Mon Aug 14 09:33:09 UTC 2023
#@# Parcellation Stats 2 rh Mon Aug 14 09:33:36 UTC 2023
#@# Parcellation Stats 3 rh Mon Aug 14 09:33:51 UTC 2023
#@# BA_exvivo Labels rh Mon Aug 14 09:34:05 UTC 2023
recon-all -s sub-s009 finished without error at Mon Aug 14 09:37:56 UTC 2023
