status file for recon-all
Mon Aug 14 08:05:03 UTC 2023
#@# Tessellate lh Mon Aug 14 08:05:03 UTC 2023
#@# Smooth1 lh Mon Aug 14 08:05:07 UTC 2023
#@# Inflation1 lh Mon Aug 14 08:05:10 UTC 2023
#@# QSphere lh Mon Aug 14 08:05:21 UTC 2023
#@# Fix Topology lh Mon Aug 14 08:06:27 UTC 2023
#@# Smooth2 lh Mon Aug 14 08:13:54 UTC 2023
#@# Inflation2 lh Mon Aug 14 08:13:57 UTC 2023
#@# Curv .H and .K lh Mon Aug 14 08:14:10 UTC 2023
#@# Sphere lh Mon Aug 14 08:15:06 UTC 2023
#@# Surf Reg lh Mon Aug 14 08:19:04 UTC 2023
#@# Jacobian white lh Mon Aug 14 08:23:27 UTC 2023
#@# AvgCurv lh Mon Aug 14 08:23:28 UTC 2023
#@# Cortical Parc lh Mon Aug 14 08:23:29 UTC 2023
#@# white curv lh Mon Aug 14 08:29:57 UTC 2023
#@# white area lh Mon Aug 14 08:29:59 UTC 2023
#@# pial curv lh Mon Aug 14 08:30:00 UTC 2023
#@# pial area lh Mon Aug 14 08:30:02 UTC 2023
#@# thickness lh Mon Aug 14 08:30:03 UTC 2023
#@# area and vertex vol lh Mon Aug 14 08:30:39 UTC 2023
#@# Curvature Stats lh Mon Aug 14 08:30:41 UTC 2023
#@# Cortical Parc 2 lh Mon Aug 14 08:30:44 UTC 2023
#@# Cortical Parc 3 lh Mon Aug 14 08:31:00 UTC 2023
#@# WM/GM Contrast lh Mon Aug 14 08:31:12 UTC 2023
recon-all -s sub-s009 finished without error at Mon Aug 14 08:31:16 UTC 2023



#New# invocation of recon-all 



status file for recon-all
Mon Aug 14 09:28:19 UTC 2023
#@# white curv lh Mon Aug 14 09:28:19 UTC 2023
#@# white area lh Mon Aug 14 09:28:19 UTC 2023
#@# pial curv lh Mon Aug 14 09:28:20 UTC 2023
#@# pial area lh Mon Aug 14 09:28:20 UTC 2023
#@# thickness lh Mon Aug 14 09:28:20 UTC 2023
#@# area and vertex vol lh Mon Aug 14 09:28:20 UTC 2023
#@# Parcellation Stats lh Mon Aug 14 09:28:20 UTC 2023
#@# Parcellation Stats 2 lh Mon Aug 14 09:28:47 UTC 2023
#@# Parcellation Stats 3 lh Mon Aug 14 09:29:01 UTC 2023
#@# BA_exvivo Labels lh Mon Aug 14 09:29:15 UTC 2023
recon-all -s sub-s009 finished without error at Mon Aug 14 09:33:05 UTC 2023
