status file for recon-all
Mon Aug 14 06:08:43 UTC 2023
#@# MotionCor Mon Aug 14 06:08:47 UTC 2023
#@# Talairach Mon Aug 14 06:08:57 UTC 2023
#@# Talairach Failure Detection Mon Aug 14 06:13:17 UTC 2023
#@# Nu Intensity Correction Mon Aug 14 06:13:17 UTC 2023
#@# Intensity Normalization Mon Aug 14 06:17:29 UTC 2023
recon-all -s sub-s009 finished without error at Mon Aug 14 06:19:04 UTC 2023



#New# invocation of recon-all 



status file for recon-all
Mon Aug 14 06:34:07 UTC 2023
#@# EM Registration Mon Aug 14 06:34:08 UTC 2023
recon-all -s sub-s009 finished without error at Mon Aug 14 06:37:11 UTC 2023



#New# invocation of recon-all 



status file for recon-all
Mon Aug 14 06:37:12 UTC 2023
#@# CA Normalize Mon Aug 14 06:37:12 UTC 2023
#@# CA Reg Mon Aug 14 06:38:17 UTC 2023
#@# SubCort Seg Mon Aug 14 07:24:39 UTC 2023
#@# CC Seg Mon Aug 14 07:58:13 UTC 2023
#@# Merge ASeg Mon Aug 14 07:58:47 UTC 2023
#@# Intensity Normalization2 Mon Aug 14 07:58:47 UTC 2023
#@# Mask BFS Mon Aug 14 08:01:05 UTC 2023
#@# WM Segmentation Mon Aug 14 08:01:06 UTC 2023
#@# Fill Mon Aug 14 08:03:39 UTC 2023
recon-all -s sub-s009 finished without error at Mon Aug 14 08:04:49 UTC 2023



#New# invocation of recon-all 



status file for recon-all
Mon Aug 14 08:55:34 UTC 2023
#@# white curv lh Mon Aug 14 08:55:34 UTC 2023
#@# white area lh Mon Aug 14 08:55:34 UTC 2023
#@# pial curv lh Mon Aug 14 08:55:34 UTC 2023
#@# pial area lh Mon Aug 14 08:55:34 UTC 2023
#@# thickness lh Mon Aug 14 08:55:34 UTC 2023
#@# area and vertex vol lh Mon Aug 14 08:55:34 UTC 2023
#@# white curv rh Mon Aug 14 08:55:34 UTC 2023
#@# white area rh Mon Aug 14 08:55:34 UTC 2023
#@# pial curv rh Mon Aug 14 08:55:34 UTC 2023
#@# pial area rh Mon Aug 14 08:55:34 UTC 2023
#@# thickness rh Mon Aug 14 08:55:34 UTC 2023
#@# area and vertex vol rh Mon Aug 14 08:55:34 UTC 2023
#@# Cortical ribbon mask Mon Aug 14 08:55:34 UTC 2023
recon-all -s sub-s009 finished without error at Mon Aug 14 09:04:30 UTC 2023



#New# invocation of recon-all 



status file for recon-all
Mon Aug 14 09:38:02 UTC 2023
#@# white curv lh Mon Aug 14 09:38:02 UTC 2023
#@# white area lh Mon Aug 14 09:38:02 UTC 2023
#@# pial curv lh Mon Aug 14 09:38:02 UTC 2023
#@# pial area lh Mon Aug 14 09:38:02 UTC 2023
#@# thickness lh Mon Aug 14 09:38:02 UTC 2023
#@# area and vertex vol lh Mon Aug 14 09:38:02 UTC 2023
#@# white curv rh Mon Aug 14 09:38:02 UTC 2023
#@# white area rh Mon Aug 14 09:38:02 UTC 2023
#@# pial curv rh Mon Aug 14 09:38:03 UTC 2023
#@# pial area rh Mon Aug 14 09:38:03 UTC 2023
#@# thickness rh Mon Aug 14 09:38:03 UTC 2023
#@# area and vertex vol rh Mon Aug 14 09:38:03 UTC 2023
#@# Curvature Stats lh Mon Aug 14 09:38:03 UTC 2023
#@# Curvature Stats rh Mon Aug 14 09:38:06 UTC 2023
#@# Relabel Hypointensities Mon Aug 14 09:38:09 UTC 2023
#@# APas-to-ASeg Mon Aug 14 09:38:28 UTC 2023
#@# AParc-to-ASeg aparc Mon Aug 14 09:38:37 UTC 2023
#@# AParc-to-ASeg aparc.a2009s Mon Aug 14 09:39:32 UTC 2023
#@# AParc-to-ASeg aparc.DKTatlas Mon Aug 14 09:40:28 UTC 2023
#@# WMParc Mon Aug 14 09:41:23 UTC 2023
#@# ASeg Stats Mon Aug 14 09:43:54 UTC 2023
recon-all -s sub-s009 finished without error at Mon Aug 14 09:44:24 UTC 2023
