Log file for defect2seg
Sun Aug 13 17:47:33 UTC 2023

setenv SUBJECTS_DIR /project/data/bids/derivatives/sourcedata/freesurfer
cd /project/data/bids/derivatives/sourcedata/freesurfer/sub-p015/scripts
/opt/freesurfer/bin/defect2seg --s sub-p015 --rh-only --cortex

freesurfer-linux-ubuntu22_x86_64-7.3.2-20220804-6354275
defect2seg 7.3.2
Linux spock7-c1-12 3.10.0-1160.71.1.el7.x86_64 #1 SMP Tue Jun 28 10:52:56 EDT 2022 x86_64 x86_64 x86_64 GNU/Linux
pid 24316
mri_label2label --label-cortex /project/data/bids/derivatives/sourcedata/freesurfer/sub-p015/surf/rh.orig.nofix /project/data/bids/derivatives/sourcedata/freesurfer/sub-p015/mri/aseg.presurf.mgz 0 /project/data/bids/derivatives/sourcedata/freesurfer/sub-p015/label/rh.nofix.cortex.label

 Generating cortex label... RemoveHipAmgy=0
 NucAccIsMedialWall=0
 mris->useRealRAS=0
14 non-cortical segments detected
only using segment with 7627 vertices
erasing segment 1 (vno[0] = 58261)
erasing segment 2 (vno[0] = 58278)
erasing segment 3 (vno[0] = 83955)
erasing segment 4 (vno[0] = 86642)
erasing segment 5 (vno[0] = 86653)
erasing segment 6 (vno[0] = 92730)
erasing segment 7 (vno[0] = 93700)
erasing segment 8 (vno[0] = 94580)
erasing segment 9 (vno[0] = 94640)
erasing segment 10 (vno[0] = 95633)
erasing segment 11 (vno[0] = 95644)
erasing segment 12 (vno[0] = 100165)
erasing segment 13 (vno[0] = 115348)
mri_label2vol --defects /project/data/bids/derivatives/sourcedata/freesurfer/sub-p015/surf/rh.orig.nofix /project/data/bids/derivatives/sourcedata/freesurfer/sub-p015/surf/rh.defect_labels /project/data/bids/derivatives/sourcedata/freesurfer/sub-p015/mri/orig.mgz 2000 0 /project/data/bids/derivatives/sourcedata/freesurfer/sub-p015/mri/rh.surface.defects.mgz /project/data/bids/derivatives/sourcedata/freesurfer/sub-p015/label/rh.nofix.cortex.label
mri_label2vol supposed to be reproducible but seed not set
Contraining to label /project/data/bids/derivatives/sourcedata/freesurfer/sub-p015/label/rh.nofix.cortex.label
Changing input type 0 to MRI_INT
Converting defects to volume: offset=2000, merge=0
Writing to /project/data/bids/derivatives/sourcedata/freesurfer/sub-p015/mri/rh.surface.defects.mgz
mris_defects_pointset -s /project/data/bids/derivatives/sourcedata/freesurfer/sub-p015/surf/rh.orig.nofix -d /project/data/bids/derivatives/sourcedata/freesurfer/sub-p015/surf/rh.defect_labels -o /project/data/bids/derivatives/sourcedata/freesurfer/sub-p015/surf/rh.defects.pointset --label /project/data/bids/derivatives/sourcedata/freesurfer/sub-p015/label/rh.nofix.cortex.label
Reading in surface /project/data/bids/derivatives/sourcedata/freesurfer/sub-p015/surf/rh.orig.nofix
Reading in defect segmentation /project/data/bids/derivatives/sourcedata/freesurfer/sub-p015/surf/rh.defect_labels
Reading in label /project/data/bids/derivatives/sourcedata/freesurfer/sub-p015/label/rh.nofix.cortex.label
#VMPC# mris_defects_pointset 672372
mris_defects_pointset done
 
Started at Sun Aug 13 17:47:33 UTC 2023 
Ended   at Sun Aug 13 17:47:52 UTC 2023
Defect2seg-Run-Time-Sec 19
Defect2seg-Run-Time-Min 0.38
Defect2seg-Run-Time-Hours 0.01
 
defect2seg Done
