status file for recon-all
Sun Aug 13 15:25:37 UTC 2023
#@# MotionCor Sun Aug 13 15:25:40 UTC 2023
#@# Talairach Sun Aug 13 15:25:48 UTC 2023
#@# Talairach Failure Detection Sun Aug 13 15:29:34 UTC 2023
#@# Nu Intensity Correction Sun Aug 13 15:29:34 UTC 2023
#@# Intensity Normalization Sun Aug 13 15:33:13 UTC 2023
recon-all -s sub-p015 finished without error at Sun Aug 13 15:34:38 UTC 2023



#New# invocation of recon-all 



status file for recon-all
Sun Aug 13 15:49:06 UTC 2023
#@# EM Registration Sun Aug 13 15:49:06 UTC 2023
recon-all -s sub-p015 finished without error at Sun Aug 13 15:50:49 UTC 2023



#New# invocation of recon-all 



status file for recon-all
Sun Aug 13 15:50:52 UTC 2023
#@# CA Normalize Sun Aug 13 15:50:52 UTC 2023
#@# CA Reg Sun Aug 13 15:51:50 UTC 2023
#@# SubCort Seg Sun Aug 13 16:41:09 UTC 2023
#@# CC Seg Sun Aug 13 17:15:11 UTC 2023
#@# Merge ASeg Sun Aug 13 17:15:48 UTC 2023
#@# Intensity Normalization2 Sun Aug 13 17:15:48 UTC 2023
#@# Mask BFS Sun Aug 13 17:18:09 UTC 2023
#@# WM Segmentation Sun Aug 13 17:18:10 UTC 2023
#@# Fill Sun Aug 13 17:20:39 UTC 2023
recon-all -s sub-p015 finished without error at Sun Aug 13 17:21:47 UTC 2023



#New# invocation of recon-all 



status file for recon-all
Sun Aug 13 18:08:26 UTC 2023
#@# white curv lh Sun Aug 13 18:08:26 UTC 2023
#@# white area lh Sun Aug 13 18:08:26 UTC 2023
#@# pial curv lh Sun Aug 13 18:08:26 UTC 2023
#@# pial area lh Sun Aug 13 18:08:26 UTC 2023
#@# thickness lh Sun Aug 13 18:08:26 UTC 2023
#@# area and vertex vol lh Sun Aug 13 18:08:26 UTC 2023
#@# white curv rh Sun Aug 13 18:08:26 UTC 2023
#@# white area rh Sun Aug 13 18:08:26 UTC 2023
#@# pial curv rh Sun Aug 13 18:08:26 UTC 2023
#@# pial area rh Sun Aug 13 18:08:27 UTC 2023
#@# thickness rh Sun Aug 13 18:08:27 UTC 2023
#@# area and vertex vol rh Sun Aug 13 18:08:27 UTC 2023
#@# Cortical ribbon mask Sun Aug 13 18:08:27 UTC 2023
recon-all -s sub-p015 finished without error at Sun Aug 13 18:15:46 UTC 2023



#New# invocation of recon-all 



status file for recon-all
Sun Aug 13 18:52:06 UTC 2023
#@# white curv lh Sun Aug 13 18:52:06 UTC 2023
#@# white area lh Sun Aug 13 18:52:06 UTC 2023
#@# pial curv lh Sun Aug 13 18:52:07 UTC 2023
#@# pial area lh Sun Aug 13 18:52:07 UTC 2023
#@# thickness lh Sun Aug 13 18:52:07 UTC 2023
#@# area and vertex vol lh Sun Aug 13 18:52:07 UTC 2023
#@# white curv rh Sun Aug 13 18:52:07 UTC 2023
#@# white area rh Sun Aug 13 18:52:07 UTC 2023
#@# pial curv rh Sun Aug 13 18:52:07 UTC 2023
#@# pial area rh Sun Aug 13 18:52:07 UTC 2023
#@# thickness rh Sun Aug 13 18:52:07 UTC 2023
#@# area and vertex vol rh Sun Aug 13 18:52:07 UTC 2023
#@# Curvature Stats lh Sun Aug 13 18:52:07 UTC 2023
#@# Curvature Stats rh Sun Aug 13 18:52:10 UTC 2023
#@# Relabel Hypointensities Sun Aug 13 18:52:13 UTC 2023
#@# APas-to-ASeg Sun Aug 13 18:52:32 UTC 2023
#@# AParc-to-ASeg aparc Sun Aug 13 18:52:43 UTC 2023
#@# AParc-to-ASeg aparc.a2009s Sun Aug 13 18:53:36 UTC 2023
#@# AParc-to-ASeg aparc.DKTatlas Sun Aug 13 18:54:28 UTC 2023
#@# WMParc Sun Aug 13 18:55:21 UTC 2023
#@# ASeg Stats Sun Aug 13 18:57:51 UTC 2023
recon-all -s sub-p015 finished without error at Sun Aug 13 18:58:22 UTC 2023
