status file for recon-all
Sun Aug 13 17:22:00 UTC 2023
#@# Tessellate lh Sun Aug 13 17:22:00 UTC 2023
#@# Smooth1 lh Sun Aug 13 17:22:06 UTC 2023
#@# Inflation1 lh Sun Aug 13 17:22:09 UTC 2023
#@# QSphere lh Sun Aug 13 17:22:20 UTC 2023
#@# Fix Topology lh Sun Aug 13 17:23:21 UTC 2023
#@# Smooth2 lh Sun Aug 13 17:29:25 UTC 2023
#@# Inflation2 lh Sun Aug 13 17:29:28 UTC 2023
#@# Curv .H and .K lh Sun Aug 13 17:29:41 UTC 2023
#@# Sphere lh Sun Aug 13 17:30:38 UTC 2023
#@# Surf Reg lh Sun Aug 13 17:32:50 UTC 2023
#@# Jacobian white lh Sun Aug 13 17:36:43 UTC 2023
#@# AvgCurv lh Sun Aug 13 17:36:44 UTC 2023
#@# Cortical Parc lh Sun Aug 13 17:36:45 UTC 2023
#@# white curv lh Sun Aug 13 17:43:54 UTC 2023
#@# white area lh Sun Aug 13 17:43:56 UTC 2023
#@# pial curv lh Sun Aug 13 17:43:57 UTC 2023
#@# pial area lh Sun Aug 13 17:43:59 UTC 2023
#@# thickness lh Sun Aug 13 17:43:59 UTC 2023
#@# area and vertex vol lh Sun Aug 13 17:44:36 UTC 2023
#@# Curvature Stats lh Sun Aug 13 17:44:38 UTC 2023
#@# Cortical Parc 2 lh Sun Aug 13 17:44:41 UTC 2023
#@# Cortical Parc 3 lh Sun Aug 13 17:44:57 UTC 2023
#@# WM/GM Contrast lh Sun Aug 13 17:45:10 UTC 2023
recon-all -s sub-p015 finished without error at Sun Aug 13 17:45:13 UTC 2023



#New# invocation of recon-all 



status file for recon-all
Sun Aug 13 18:42:52 UTC 2023
#@# white curv lh Sun Aug 13 18:42:52 UTC 2023
#@# white area lh Sun Aug 13 18:42:52 UTC 2023
#@# pial curv lh Sun Aug 13 18:42:53 UTC 2023
#@# pial area lh Sun Aug 13 18:42:53 UTC 2023
#@# thickness lh Sun Aug 13 18:42:53 UTC 2023
#@# area and vertex vol lh Sun Aug 13 18:42:53 UTC 2023
#@# Parcellation Stats lh Sun Aug 13 18:42:53 UTC 2023
#@# Parcellation Stats 2 lh Sun Aug 13 18:43:20 UTC 2023
#@# Parcellation Stats 3 lh Sun Aug 13 18:43:35 UTC 2023
#@# BA_exvivo Labels lh Sun Aug 13 18:43:48 UTC 2023
recon-all -s sub-p015 finished without error at Sun Aug 13 18:47:25 UTC 2023
