status file for recon-all
Mon Aug 14 08:30:23 UTC 2023
#@# Tessellate rh Mon Aug 14 08:30:23 UTC 2023
#@# Smooth1 rh Mon Aug 14 08:30:27 UTC 2023
#@# Inflation1 rh Mon Aug 14 08:30:30 UTC 2023
#@# QSphere rh Mon Aug 14 08:30:40 UTC 2023
#@# Fix Topology rh Mon Aug 14 08:31:41 UTC 2023
#@# Smooth2 rh Mon Aug 14 08:37:45 UTC 2023
#@# Inflation2 rh Mon Aug 14 08:37:48 UTC 2023
#@# Curv .H and .K rh Mon Aug 14 08:38:00 UTC 2023
#@# Sphere rh Mon Aug 14 08:38:54 UTC 2023
#@# Surf Reg rh Mon Aug 14 08:41:04 UTC 2023
#@# Jacobian white rh Mon Aug 14 08:44:26 UTC 2023
#@# AvgCurv rh Mon Aug 14 08:44:27 UTC 2023
#@# Cortical Parc rh Mon Aug 14 08:44:28 UTC 2023
#@# white curv rh Mon Aug 14 08:50:36 UTC 2023
#@# white area rh Mon Aug 14 08:50:38 UTC 2023
#@# pial curv rh Mon Aug 14 08:50:39 UTC 2023
#@# pial area rh Mon Aug 14 08:50:41 UTC 2023
#@# thickness rh Mon Aug 14 08:50:42 UTC 2023
#@# area and vertex vol rh Mon Aug 14 08:51:16 UTC 2023
#@# Curvature Stats rh Mon Aug 14 08:51:18 UTC 2023
#@# Cortical Parc 2 rh Mon Aug 14 08:51:21 UTC 2023
#@# Cortical Parc 3 rh Mon Aug 14 08:51:37 UTC 2023
#@# WM/GM Contrast rh Mon Aug 14 08:51:49 UTC 2023
recon-all -s sub-s007 finished without error at Mon Aug 14 08:51:52 UTC 2023



#New# invocation of recon-all 



status file for recon-all
Mon Aug 14 09:27:47 UTC 2023
#@# white curv rh Mon Aug 14 09:27:47 UTC 2023
#@# white area rh Mon Aug 14 09:27:47 UTC 2023
#@# pial curv rh Mon Aug 14 09:27:47 UTC 2023
#@# pial area rh Mon Aug 14 09:27:47 UTC 2023
#@# thickness rh Mon Aug 14 09:27:47 UTC 2023
#@# area and vertex vol rh Mon Aug 14 09:27:47 UTC 2023
#@# Parcellation Stats rh Mon Aug 14 09:27:47 UTC 2023
#@# Parcellation Stats 2 rh Mon Aug 14 09:28:12 UTC 2023
#@# Parcellation Stats 3 rh Mon Aug 14 09:28:25 UTC 2023
#@# BA_exvivo Labels rh Mon Aug 14 09:28:38 UTC 2023
recon-all -s sub-s007 finished without error at Mon Aug 14 09:32:05 UTC 2023
