Log file for defect2seg
Mon Aug 14 06:56:19 UTC 2023

setenv SUBJECTS_DIR /project/data/bids/derivatives/sourcedata/freesurfer
cd /project/data/bids/derivatives/sourcedata/freesurfer/sub-s015/scripts
/opt/freesurfer/bin/defect2seg --s sub-s015 --rh-only --cortex

freesurfer-linux-ubuntu22_x86_64-7.3.2-20220804-6354275
defect2seg 7.3.2
Linux spock7-c2-1 3.10.0-1160.31.1.el7.x86_64 #1 SMP Mon Jun 14 23:06:37 EDT 2021 x86_64 x86_64 x86_64 GNU/Linux
pid 12277
mri_label2label --label-cortex /project/data/bids/derivatives/sourcedata/freesurfer/sub-s015/surf/rh.orig.nofix /project/data/bids/derivatives/sourcedata/freesurfer/sub-s015/mri/aseg.presurf.mgz 0 /project/data/bids/derivatives/sourcedata/freesurfer/sub-s015/label/rh.nofix.cortex.label

 Generating cortex label... RemoveHipAmgy=0
 NucAccIsMedialWall=0
 mris->useRealRAS=0
12 non-cortical segments detected
only using segment with 9926 vertices
erasing segment 1 (vno[0] = 101896)
erasing segment 2 (vno[0] = 109891)
erasing segment 3 (vno[0] = 126349)
erasing segment 4 (vno[0] = 127641)
erasing segment 5 (vno[0] = 128897)
erasing segment 6 (vno[0] = 129033)
erasing segment 7 (vno[0] = 129230)
erasing segment 8 (vno[0] = 130191)
erasing segment 9 (vno[0] = 130346)
erasing segment 10 (vno[0] = 130416)
erasing segment 11 (vno[0] = 135324)
mri_label2vol --defects /project/data/bids/derivatives/sourcedata/freesurfer/sub-s015/surf/rh.orig.nofix /project/data/bids/derivatives/sourcedata/freesurfer/sub-s015/surf/rh.defect_labels /project/data/bids/derivatives/sourcedata/freesurfer/sub-s015/mri/orig.mgz 2000 0 /project/data/bids/derivatives/sourcedata/freesurfer/sub-s015/mri/rh.surface.defects.mgz /project/data/bids/derivatives/sourcedata/freesurfer/sub-s015/label/rh.nofix.cortex.label
mri_label2vol supposed to be reproducible but seed not set
Contraining to label /project/data/bids/derivatives/sourcedata/freesurfer/sub-s015/label/rh.nofix.cortex.label
Changing input type 0 to MRI_INT
Converting defects to volume: offset=2000, merge=0
Writing to /project/data/bids/derivatives/sourcedata/freesurfer/sub-s015/mri/rh.surface.defects.mgz
mris_defects_pointset -s /project/data/bids/derivatives/sourcedata/freesurfer/sub-s015/surf/rh.orig.nofix -d /project/data/bids/derivatives/sourcedata/freesurfer/sub-s015/surf/rh.defect_labels -o /project/data/bids/derivatives/sourcedata/freesurfer/sub-s015/surf/rh.defects.pointset --label /project/data/bids/derivatives/sourcedata/freesurfer/sub-s015/label/rh.nofix.cortex.label
Reading in surface /project/data/bids/derivatives/sourcedata/freesurfer/sub-s015/surf/rh.orig.nofix
Reading in defect segmentation /project/data/bids/derivatives/sourcedata/freesurfer/sub-s015/surf/rh.defect_labels
Reading in label /project/data/bids/derivatives/sourcedata/freesurfer/sub-s015/label/rh.nofix.cortex.label
#VMPC# mris_defects_pointset 749972
mris_defects_pointset done
 
Started at Mon Aug 14 06:56:19 UTC 2023 
Ended   at Mon Aug 14 06:56:44 UTC 2023
Defect2seg-Run-Time-Sec 25
Defect2seg-Run-Time-Min 0.50
Defect2seg-Run-Time-Hours 0.01
 
defect2seg Done
