status file for recon-all
Mon Aug 14 04:09:56 UTC 2023
#@# MotionCor Mon Aug 14 04:10:00 UTC 2023
#@# Talairach Mon Aug 14 04:10:08 UTC 2023
#@# Talairach Failure Detection Mon Aug 14 04:14:00 UTC 2023
#@# Nu Intensity Correction Mon Aug 14 04:14:01 UTC 2023
#@# Intensity Normalization Mon Aug 14 04:17:57 UTC 2023
recon-all -s sub-s015 finished without error at Mon Aug 14 04:19:44 UTC 2023



#New# invocation of recon-all 



status file for recon-all
Mon Aug 14 04:35:42 UTC 2023
#@# EM Registration Mon Aug 14 04:35:42 UTC 2023
recon-all -s sub-s015 finished without error at Mon Aug 14 04:38:02 UTC 2023



#New# invocation of recon-all 



status file for recon-all
Mon Aug 14 04:38:04 UTC 2023
#@# CA Normalize Mon Aug 14 04:38:04 UTC 2023
#@# CA Reg Mon Aug 14 04:39:08 UTC 2023
#@# SubCort Seg Mon Aug 14 05:28:44 UTC 2023
#@# CC Seg Mon Aug 14 06:09:44 UTC 2023
#@# Merge ASeg Mon Aug 14 06:10:22 UTC 2023
#@# Intensity Normalization2 Mon Aug 14 06:10:22 UTC 2023
#@# Mask BFS Mon Aug 14 06:12:45 UTC 2023
#@# WM Segmentation Mon Aug 14 06:12:46 UTC 2023
#@# Fill Mon Aug 14 06:15:39 UTC 2023
recon-all -s sub-s015 finished without error at Mon Aug 14 06:16:41 UTC 2023



#New# invocation of recon-all 



status file for recon-all
Mon Aug 14 07:38:48 UTC 2023
#@# white curv lh Mon Aug 14 07:38:48 UTC 2023
#@# white area lh Mon Aug 14 07:38:48 UTC 2023
#@# pial curv lh Mon Aug 14 07:38:48 UTC 2023
#@# pial area lh Mon Aug 14 07:38:48 UTC 2023
#@# thickness lh Mon Aug 14 07:38:48 UTC 2023
#@# area and vertex vol lh Mon Aug 14 07:38:48 UTC 2023
#@# white curv rh Mon Aug 14 07:38:48 UTC 2023
#@# white area rh Mon Aug 14 07:38:48 UTC 2023
#@# pial curv rh Mon Aug 14 07:38:48 UTC 2023
#@# pial area rh Mon Aug 14 07:38:48 UTC 2023
#@# thickness rh Mon Aug 14 07:38:48 UTC 2023
#@# area and vertex vol rh Mon Aug 14 07:38:48 UTC 2023
#@# Cortical ribbon mask Mon Aug 14 07:38:48 UTC 2023
recon-all -s sub-s015 finished without error at Mon Aug 14 07:48:28 UTC 2023



#New# invocation of recon-all 



status file for recon-all
Mon Aug 14 08:32:14 UTC 2023
#@# white curv lh Mon Aug 14 08:32:15 UTC 2023
#@# white area lh Mon Aug 14 08:32:15 UTC 2023
#@# pial curv lh Mon Aug 14 08:32:15 UTC 2023
#@# pial area lh Mon Aug 14 08:32:15 UTC 2023
#@# thickness lh Mon Aug 14 08:32:15 UTC 2023
#@# area and vertex vol lh Mon Aug 14 08:32:15 UTC 2023
#@# white curv rh Mon Aug 14 08:32:15 UTC 2023
#@# white area rh Mon Aug 14 08:32:15 UTC 2023
#@# pial curv rh Mon Aug 14 08:32:15 UTC 2023
#@# pial area rh Mon Aug 14 08:32:15 UTC 2023
#@# thickness rh Mon Aug 14 08:32:15 UTC 2023
#@# area and vertex vol rh Mon Aug 14 08:32:15 UTC 2023
#@# Curvature Stats lh Mon Aug 14 08:32:15 UTC 2023
#@# Curvature Stats rh Mon Aug 14 08:32:19 UTC 2023
#@# Relabel Hypointensities Mon Aug 14 08:32:23 UTC 2023
#@# APas-to-ASeg Mon Aug 14 08:32:48 UTC 2023
#@# AParc-to-ASeg aparc Mon Aug 14 08:33:02 UTC 2023
#@# AParc-to-ASeg aparc.a2009s Mon Aug 14 08:36:05 UTC 2023
#@# AParc-to-ASeg aparc.DKTatlas Mon Aug 14 08:39:01 UTC 2023
#@# WMParc Mon Aug 14 08:42:06 UTC 2023
#@# ASeg Stats Mon Aug 14 08:44:54 UTC 2023
recon-all -s sub-s015 finished without error at Mon Aug 14 08:45:27 UTC 2023
