status file for recon-all
Mon Aug 14 06:16:54 UTC 2023
#@# Tessellate lh Mon Aug 14 06:16:54 UTC 2023
#@# Smooth1 lh Mon Aug 14 06:17:00 UTC 2023
#@# Inflation1 lh Mon Aug 14 06:17:04 UTC 2023
#@# QSphere lh Mon Aug 14 06:17:18 UTC 2023
#@# Fix Topology lh Mon Aug 14 06:18:55 UTC 2023
#@# Smooth2 lh Mon Aug 14 06:27:15 UTC 2023
#@# Inflation2 lh Mon Aug 14 06:27:20 UTC 2023
#@# Curv .H and .K lh Mon Aug 14 06:27:37 UTC 2023
#@# Sphere lh Mon Aug 14 06:28:54 UTC 2023
#@# Surf Reg lh Mon Aug 14 06:34:31 UTC 2023
#@# Jacobian white lh Mon Aug 14 06:41:34 UTC 2023
#@# AvgCurv lh Mon Aug 14 06:41:35 UTC 2023
#@# Cortical Parc lh Mon Aug 14 06:41:36 UTC 2023
#@# white curv lh Mon Aug 14 06:50:40 UTC 2023
#@# white area lh Mon Aug 14 06:50:42 UTC 2023
#@# pial curv lh Mon Aug 14 06:50:43 UTC 2023
#@# pial area lh Mon Aug 14 06:50:46 UTC 2023
#@# thickness lh Mon Aug 14 06:50:47 UTC 2023
#@# area and vertex vol lh Mon Aug 14 06:51:35 UTC 2023
#@# Curvature Stats lh Mon Aug 14 06:51:38 UTC 2023
#@# Cortical Parc 2 lh Mon Aug 14 06:51:42 UTC 2023
#@# Cortical Parc 3 lh Mon Aug 14 06:52:04 UTC 2023
#@# WM/GM Contrast lh Mon Aug 14 06:52:20 UTC 2023
recon-all -s sub-s015 finished without error at Mon Aug 14 06:52:25 UTC 2023



#New# invocation of recon-all 



status file for recon-all
Mon Aug 14 08:18:01 UTC 2023
#@# white curv lh Mon Aug 14 08:18:01 UTC 2023
#@# white area lh Mon Aug 14 08:18:01 UTC 2023
#@# pial curv lh Mon Aug 14 08:18:01 UTC 2023
#@# pial area lh Mon Aug 14 08:18:01 UTC 2023
#@# thickness lh Mon Aug 14 08:18:01 UTC 2023
#@# area and vertex vol lh Mon Aug 14 08:18:02 UTC 2023
#@# Parcellation Stats lh Mon Aug 14 08:18:02 UTC 2023
#@# Parcellation Stats 2 lh Mon Aug 14 08:18:50 UTC 2023
#@# Parcellation Stats 3 lh Mon Aug 14 08:19:16 UTC 2023
#@# BA_exvivo Labels lh Mon Aug 14 08:19:41 UTC 2023
recon-all -s sub-s015 finished without error at Mon Aug 14 08:25:04 UTC 2023
