status file for recon-all
Mon Aug 14 06:52:28 UTC 2023
#@# Tessellate rh Mon Aug 14 06:52:28 UTC 2023
#@# Smooth1 rh Mon Aug 14 06:52:34 UTC 2023
#@# Inflation1 rh Mon Aug 14 06:52:38 UTC 2023
#@# QSphere rh Mon Aug 14 06:52:53 UTC 2023
#@# Fix Topology rh Mon Aug 14 06:54:28 UTC 2023
#@# Smooth2 rh Mon Aug 14 07:05:44 UTC 2023
#@# Inflation2 rh Mon Aug 14 07:05:48 UTC 2023
#@# Curv .H and .K rh Mon Aug 14 07:06:06 UTC 2023
#@# Sphere rh Mon Aug 14 07:07:23 UTC 2023
#@# Surf Reg rh Mon Aug 14 07:16:34 UTC 2023
#@# Jacobian white rh Mon Aug 14 07:27:23 UTC 2023
#@# AvgCurv rh Mon Aug 14 07:27:25 UTC 2023
#@# Cortical Parc rh Mon Aug 14 07:27:26 UTC 2023
#@# white curv rh Mon Aug 14 07:36:56 UTC 2023
#@# white area rh Mon Aug 14 07:36:59 UTC 2023
#@# pial curv rh Mon Aug 14 07:37:00 UTC 2023
#@# pial area rh Mon Aug 14 07:37:03 UTC 2023
#@# thickness rh Mon Aug 14 07:37:04 UTC 2023
#@# area and vertex vol rh Mon Aug 14 07:37:52 UTC 2023
#@# Curvature Stats rh Mon Aug 14 07:37:54 UTC 2023
#@# Cortical Parc 2 rh Mon Aug 14 07:37:58 UTC 2023
#@# Cortical Parc 3 rh Mon Aug 14 07:38:21 UTC 2023
#@# WM/GM Contrast rh Mon Aug 14 07:38:37 UTC 2023
recon-all -s sub-s015 finished without error at Mon Aug 14 07:38:42 UTC 2023



#New# invocation of recon-all 



status file for recon-all
Mon Aug 14 08:25:06 UTC 2023
#@# white curv rh Mon Aug 14 08:25:07 UTC 2023
#@# white area rh Mon Aug 14 08:25:07 UTC 2023
#@# pial curv rh Mon Aug 14 08:25:07 UTC 2023
#@# pial area rh Mon Aug 14 08:25:07 UTC 2023
#@# thickness rh Mon Aug 14 08:25:07 UTC 2023
#@# area and vertex vol rh Mon Aug 14 08:25:07 UTC 2023
#@# Parcellation Stats rh Mon Aug 14 08:25:07 UTC 2023
#@# Parcellation Stats 2 rh Mon Aug 14 08:25:57 UTC 2023
#@# Parcellation Stats 3 rh Mon Aug 14 08:26:23 UTC 2023
#@# BA_exvivo Labels rh Mon Aug 14 08:26:48 UTC 2023
recon-all -s sub-s015 finished without error at Mon Aug 14 08:32:10 UTC 2023
