status file for recon-all
Sun Aug 13 03:58:21 UTC 2023
#@# Tessellate rh Sun Aug 13 03:58:21 UTC 2023
#@# Smooth1 rh Sun Aug 13 03:58:27 UTC 2023
#@# Inflation1 rh Sun Aug 13 03:58:30 UTC 2023
#@# QSphere rh Sun Aug 13 03:58:47 UTC 2023
#@# Fix Topology rh Sun Aug 13 04:00:42 UTC 2023
#@# Smooth2 rh Sun Aug 13 04:07:40 UTC 2023
#@# Inflation2 rh Sun Aug 13 04:07:44 UTC 2023
#@# Curv .H and .K rh Sun Aug 13 04:08:04 UTC 2023
#@# Sphere rh Sun Aug 13 04:09:00 UTC 2023
#@# Surf Reg rh Sun Aug 13 04:12:39 UTC 2023
#@# Jacobian white rh Sun Aug 13 04:17:50 UTC 2023
#@# AvgCurv rh Sun Aug 13 04:17:51 UTC 2023
#@# Cortical Parc rh Sun Aug 13 04:17:52 UTC 2023
#@# white curv rh Sun Aug 13 04:24:59 UTC 2023
#@# white area rh Sun Aug 13 04:25:01 UTC 2023
#@# pial curv rh Sun Aug 13 04:25:02 UTC 2023
#@# pial area rh Sun Aug 13 04:25:05 UTC 2023
#@# thickness rh Sun Aug 13 04:25:05 UTC 2023
#@# area and vertex vol rh Sun Aug 13 04:25:44 UTC 2023
#@# Curvature Stats rh Sun Aug 13 04:25:47 UTC 2023
#@# Cortical Parc 2 rh Sun Aug 13 04:25:50 UTC 2023
#@# Cortical Parc 3 rh Sun Aug 13 04:26:08 UTC 2023
#@# WM/GM Contrast rh Sun Aug 13 04:26:21 UTC 2023
recon-all -s sub-p005 finished without error at Sun Aug 13 04:26:25 UTC 2023



#New# invocation of recon-all 



status file for recon-all
Sun Aug 13 05:10:50 UTC 2023
#@# white curv rh Sun Aug 13 05:10:51 UTC 2023
#@# white area rh Sun Aug 13 05:10:51 UTC 2023
#@# pial curv rh Sun Aug 13 05:10:51 UTC 2023
#@# pial area rh Sun Aug 13 05:10:51 UTC 2023
#@# thickness rh Sun Aug 13 05:10:51 UTC 2023
#@# area and vertex vol rh Sun Aug 13 05:10:51 UTC 2023
#@# Parcellation Stats rh Sun Aug 13 05:10:51 UTC 2023
#@# Parcellation Stats 2 rh Sun Aug 13 05:11:20 UTC 2023
#@# Parcellation Stats 3 rh Sun Aug 13 05:11:35 UTC 2023
#@# BA_exvivo Labels rh Sun Aug 13 05:11:50 UTC 2023
recon-all -s sub-p005 finished without error at Sun Aug 13 05:15:52 UTC 2023
