Log file for defect2seg
Sun Aug 20 11:54:35 UTC 2023

setenv SUBJECTS_DIR /project/data/bids/derivatives/sourcedata/freesurfer
cd /project/data/bids/derivatives/sourcedata/freesurfer/sub-p013/scripts
/opt/freesurfer/bin/defect2seg --s sub-p013 --rh-only --cortex

freesurfer-linux-ubuntu22_x86_64-7.3.2-20220804-6354275
defect2seg 7.3.2
Linux spock-login.pni.Princeton.EDU 3.10.0-1160.45.1.el7.x86_64 #1 SMP Fri Oct 15 17:08:46 EDT 2021 x86_64 x86_64 x86_64 GNU/Linux
pid 20827
mri_label2label --label-cortex /project/data/bids/derivatives/sourcedata/freesurfer/sub-p013/surf/rh.orig.nofix /project/data/bids/derivatives/sourcedata/freesurfer/sub-p013/mri/aseg.presurf.mgz 0 /project/data/bids/derivatives/sourcedata/freesurfer/sub-p013/label/rh.nofix.cortex.label

 Generating cortex label... RemoveHipAmgy=0
 NucAccIsMedialWall=0
 mris->useRealRAS=0
17 non-cortical segments detected
only using segment with 7188 vertices
erasing segment 1 (vno[0] = 40000)
erasing segment 2 (vno[0] = 42028)
erasing segment 3 (vno[0] = 48267)
erasing segment 4 (vno[0] = 55159)
erasing segment 5 (vno[0] = 57999)
erasing segment 6 (vno[0] = 64786)
erasing segment 7 (vno[0] = 67608)
erasing segment 8 (vno[0] = 69806)
erasing segment 9 (vno[0] = 70743)
erasing segment 10 (vno[0] = 75107)
erasing segment 11 (vno[0] = 76950)
erasing segment 12 (vno[0] = 77817)
erasing segment 13 (vno[0] = 77840)
erasing segment 14 (vno[0] = 80197)
erasing segment 15 (vno[0] = 80198)
erasing segment 16 (vno[0] = 80940)
mri_label2vol --defects /project/data/bids/derivatives/sourcedata/freesurfer/sub-p013/surf/rh.orig.nofix /project/data/bids/derivatives/sourcedata/freesurfer/sub-p013/surf/rh.defect_labels /project/data/bids/derivatives/sourcedata/freesurfer/sub-p013/mri/orig.mgz 2000 0 /project/data/bids/derivatives/sourcedata/freesurfer/sub-p013/mri/rh.surface.defects.mgz /project/data/bids/derivatives/sourcedata/freesurfer/sub-p013/label/rh.nofix.cortex.label
mri_label2vol supposed to be reproducible but seed not set
Contraining to label /project/data/bids/derivatives/sourcedata/freesurfer/sub-p013/label/rh.nofix.cortex.label
Changing input type 0 to MRI_INT
Converting defects to volume: offset=2000, merge=0
Writing to /project/data/bids/derivatives/sourcedata/freesurfer/sub-p013/mri/rh.surface.defects.mgz
mris_defects_pointset -s /project/data/bids/derivatives/sourcedata/freesurfer/sub-p013/surf/rh.orig.nofix -d /project/data/bids/derivatives/sourcedata/freesurfer/sub-p013/surf/rh.defect_labels -o /project/data/bids/derivatives/sourcedata/freesurfer/sub-p013/surf/rh.defects.pointset --label /project/data/bids/derivatives/sourcedata/freesurfer/sub-p013/label/rh.nofix.cortex.label
Reading in surface /project/data/bids/derivatives/sourcedata/freesurfer/sub-p013/surf/rh.orig.nofix
Reading in defect segmentation /project/data/bids/derivatives/sourcedata/freesurfer/sub-p013/surf/rh.defect_labels
Reading in label /project/data/bids/derivatives/sourcedata/freesurfer/sub-p013/label/rh.nofix.cortex.label
#VMPC# mris_defects_pointset 686648
mris_defects_pointset done
 
Started at Sun Aug 20 11:54:35 UTC 2023 
Ended   at Sun Aug 20 11:54:49 UTC 2023
Defect2seg-Run-Time-Sec 14
Defect2seg-Run-Time-Min 0.28
Defect2seg-Run-Time-Hours 0.00
 
defect2seg Done
