status file for recon-all
Sun Aug 20 11:26:28 UTC 2023
#@# Tessellate lh Sun Aug 20 11:26:28 UTC 2023
#@# Smooth1 lh Sun Aug 20 11:26:33 UTC 2023
#@# Inflation1 lh Sun Aug 20 11:26:36 UTC 2023
#@# QSphere lh Sun Aug 20 11:26:45 UTC 2023
#@# Fix Topology lh Sun Aug 20 11:27:44 UTC 2023
#@# Smooth2 lh Sun Aug 20 11:34:26 UTC 2023
#@# Inflation2 lh Sun Aug 20 11:34:29 UTC 2023
#@# Curv .H and .K lh Sun Aug 20 11:34:39 UTC 2023
#@# Sphere lh Sun Aug 20 11:35:23 UTC 2023
#@# Surf Reg lh Sun Aug 20 11:39:33 UTC 2023
#@# Jacobian white lh Sun Aug 20 11:42:47 UTC 2023
#@# AvgCurv lh Sun Aug 20 11:42:48 UTC 2023
#@# Cortical Parc lh Sun Aug 20 11:42:49 UTC 2023
#@# white curv lh Sun Aug 20 11:50:07 UTC 2023
#@# white area lh Sun Aug 20 11:50:08 UTC 2023
#@# pial curv lh Sun Aug 20 11:50:09 UTC 2023
#@# pial area lh Sun Aug 20 11:50:11 UTC 2023
#@# thickness lh Sun Aug 20 11:50:11 UTC 2023
#@# area and vertex vol lh Sun Aug 20 11:50:40 UTC 2023
#@# Curvature Stats lh Sun Aug 20 11:50:42 UTC 2023
#@# Cortical Parc 2 lh Sun Aug 20 11:50:45 UTC 2023
#@# Cortical Parc 3 lh Sun Aug 20 11:50:58 UTC 2023
#@# WM/GM Contrast lh Sun Aug 20 11:51:10 UTC 2023
recon-all -s sub-p013 finished without error at Sun Aug 20 11:51:13 UTC 2023



#New# invocation of recon-all 



status file for recon-all
Sun Aug 20 12:20:30 UTC 2023
#@# white curv lh Sun Aug 20 12:20:31 UTC 2023
#@# white area lh Sun Aug 20 12:20:31 UTC 2023
#@# pial curv lh Sun Aug 20 12:20:31 UTC 2023
#@# pial area lh Sun Aug 20 12:20:31 UTC 2023
#@# thickness lh Sun Aug 20 12:20:31 UTC 2023
#@# area and vertex vol lh Sun Aug 20 12:20:31 UTC 2023
#@# Parcellation Stats lh Sun Aug 20 12:20:31 UTC 2023
#@# Parcellation Stats 2 lh Sun Aug 20 12:20:50 UTC 2023
#@# Parcellation Stats 3 lh Sun Aug 20 12:21:00 UTC 2023
#@# BA_exvivo Labels lh Sun Aug 20 12:21:10 UTC 2023
recon-all -s sub-p013 finished without error at Sun Aug 20 12:24:32 UTC 2023
