status file for recon-all
Sat Aug 12 13:46:23 UTC 2023
#@# MotionCor Sat Aug 12 13:46:27 UTC 2023
#@# Talairach Sat Aug 12 13:46:37 UTC 2023
#@# Talairach Failure Detection Sat Aug 12 13:51:04 UTC 2023
#@# Nu Intensity Correction Sat Aug 12 13:51:04 UTC 2023
#@# Intensity Normalization Sat Aug 12 13:55:23 UTC 2023
recon-all -s sub-p013 finished without error at Sat Aug 12 13:56:55 UTC 2023



#New# invocation of recon-all 



status file for recon-all
Sat Aug 12 14:17:44 UTC 2023
#@# EM Registration Sat Aug 12 14:17:44 UTC 2023
recon-all -s sub-p013 finished without error at Sat Aug 12 14:20:20 UTC 2023



#New# invocation of recon-all 



status file for recon-all
Sat Aug 12 14:20:23 UTC 2023
#@# CA Normalize Sat Aug 12 14:20:23 UTC 2023
#@# CA Reg Sat Aug 12 14:21:31 UTC 2023
#@# SubCort Seg Sat Aug 12 15:14:39 UTC 2023



#New# invocation of recon-all 



status file for recon-all
Sun Aug 20 10:51:41 UTC 2023
#@# SubCort Seg Sun Aug 20 10:51:41 UTC 2023
#@# CC Seg Sun Aug 20 11:20:15 UTC 2023
#@# Merge ASeg Sun Aug 20 11:20:49 UTC 2023
#@# Intensity Normalization2 Sun Aug 20 11:20:49 UTC 2023
#@# Mask BFS Sun Aug 20 11:22:56 UTC 2023
#@# WM Segmentation Sun Aug 20 11:22:57 UTC 2023
#@# Fill Sun Aug 20 11:25:05 UTC 2023
recon-all -s sub-p013 finished without error at Sun Aug 20 11:26:15 UTC 2023



#New# invocation of recon-all 



status file for recon-all
Sun Aug 20 12:15:54 UTC 2023
#@# white curv lh Sun Aug 20 12:15:54 UTC 2023
#@# white area lh Sun Aug 20 12:15:54 UTC 2023
#@# pial curv lh Sun Aug 20 12:15:54 UTC 2023
#@# pial area lh Sun Aug 20 12:15:54 UTC 2023
#@# thickness lh Sun Aug 20 12:15:54 UTC 2023
#@# area and vertex vol lh Sun Aug 20 12:15:54 UTC 2023
#@# white curv rh Sun Aug 20 12:15:54 UTC 2023
#@# white area rh Sun Aug 20 12:15:54 UTC 2023
#@# pial curv rh Sun Aug 20 12:15:54 UTC 2023
#@# pial area rh Sun Aug 20 12:15:54 UTC 2023
#@# thickness rh Sun Aug 20 12:15:54 UTC 2023
#@# area and vertex vol rh Sun Aug 20 12:15:54 UTC 2023
#@# Cortical ribbon mask Sun Aug 20 12:15:55 UTC 2023
recon-all -s sub-p013 finished without error at Sun Aug 20 12:20:20 UTC 2023



#New# invocation of recon-all 



status file for recon-all
Sun Aug 20 12:28:33 UTC 2023
#@# white curv lh Sun Aug 20 12:28:33 UTC 2023
#@# white area lh Sun Aug 20 12:28:33 UTC 2023
#@# pial curv lh Sun Aug 20 12:28:33 UTC 2023
#@# pial area lh Sun Aug 20 12:28:33 UTC 2023
#@# thickness lh Sun Aug 20 12:28:33 UTC 2023
#@# area and vertex vol lh Sun Aug 20 12:28:33 UTC 2023
#@# white curv rh Sun Aug 20 12:28:33 UTC 2023
#@# white area rh Sun Aug 20 12:28:33 UTC 2023
#@# pial curv rh Sun Aug 20 12:28:33 UTC 2023
#@# pial area rh Sun Aug 20 12:28:33 UTC 2023
#@# thickness rh Sun Aug 20 12:28:33 UTC 2023
#@# area and vertex vol rh Sun Aug 20 12:28:33 UTC 2023
#@# Curvature Stats lh Sun Aug 20 12:28:33 UTC 2023
#@# Curvature Stats rh Sun Aug 20 12:28:36 UTC 2023
#@# Relabel Hypointensities Sun Aug 20 12:28:38 UTC 2023
#@# APas-to-ASeg Sun Aug 20 12:28:54 UTC 2023
#@# AParc-to-ASeg aparc Sun Aug 20 12:29:04 UTC 2023
#@# AParc-to-ASeg aparc.a2009s Sun Aug 20 12:29:42 UTC 2023
#@# AParc-to-ASeg aparc.DKTatlas Sun Aug 20 12:30:19 UTC 2023
#@# WMParc Sun Aug 20 12:31:04 UTC 2023
#@# ASeg Stats Sun Aug 20 12:33:46 UTC 2023
recon-all -s sub-p013 finished without error at Sun Aug 20 12:34:22 UTC 2023
