status file for recon-all
Sun Aug 20 11:51:16 UTC 2023
#@# Tessellate rh Sun Aug 20 11:51:17 UTC 2023
#@# Smooth1 rh Sun Aug 20 11:51:21 UTC 2023
#@# Inflation1 rh Sun Aug 20 11:51:24 UTC 2023
#@# QSphere rh Sun Aug 20 11:51:34 UTC 2023
#@# Fix Topology rh Sun Aug 20 11:52:37 UTC 2023
#@# Smooth2 rh Sun Aug 20 11:59:13 UTC 2023
#@# Inflation2 rh Sun Aug 20 11:59:16 UTC 2023
#@# Curv .H and .K rh Sun Aug 20 11:59:28 UTC 2023
#@# Sphere rh Sun Aug 20 12:00:09 UTC 2023
#@# Surf Reg rh Sun Aug 20 12:04:08 UTC 2023
#@# Jacobian white rh Sun Aug 20 12:07:12 UTC 2023
#@# AvgCurv rh Sun Aug 20 12:07:13 UTC 2023
#@# Cortical Parc rh Sun Aug 20 12:07:14 UTC 2023
#@# white curv rh Sun Aug 20 12:14:42 UTC 2023
#@# white area rh Sun Aug 20 12:14:44 UTC 2023
#@# pial curv rh Sun Aug 20 12:14:45 UTC 2023
#@# pial area rh Sun Aug 20 12:14:47 UTC 2023
#@# thickness rh Sun Aug 20 12:14:47 UTC 2023
#@# area and vertex vol rh Sun Aug 20 12:15:16 UTC 2023
#@# Curvature Stats rh Sun Aug 20 12:15:17 UTC 2023
#@# Cortical Parc 2 rh Sun Aug 20 12:15:20 UTC 2023
#@# Cortical Parc 3 rh Sun Aug 20 12:15:34 UTC 2023
#@# WM/GM Contrast rh Sun Aug 20 12:15:45 UTC 2023
recon-all -s sub-p013 finished without error at Sun Aug 20 12:15:48 UTC 2023



#New# invocation of recon-all 



status file for recon-all
Sun Aug 20 12:24:35 UTC 2023
#@# white curv rh Sun Aug 20 12:24:35 UTC 2023
#@# white area rh Sun Aug 20 12:24:35 UTC 2023
#@# pial curv rh Sun Aug 20 12:24:35 UTC 2023
#@# pial area rh Sun Aug 20 12:24:35 UTC 2023
#@# thickness rh Sun Aug 20 12:24:35 UTC 2023
#@# area and vertex vol rh Sun Aug 20 12:24:35 UTC 2023
#@# Parcellation Stats rh Sun Aug 20 12:24:35 UTC 2023
#@# Parcellation Stats 2 rh Sun Aug 20 12:24:54 UTC 2023
#@# Parcellation Stats 3 rh Sun Aug 20 12:25:04 UTC 2023
#@# BA_exvivo Labels rh Sun Aug 20 12:25:14 UTC 2023
recon-all -s sub-p013 finished without error at Sun Aug 20 12:28:28 UTC 2023
