Log file for defect2seg
Sun Aug 13 17:25:49 UTC 2023

setenv SUBJECTS_DIR /project/data/bids/derivatives/sourcedata/freesurfer
cd /project/data/bids/derivatives/sourcedata/freesurfer/sub-p014/scripts
/opt/freesurfer/bin/defect2seg --s sub-p014 --rh-only --cortex

freesurfer-linux-ubuntu22_x86_64-7.3.2-20220804-6354275
defect2seg 7.3.2
Linux spock7-c1-13 3.10.0-1160.31.1.el7.x86_64 #1 SMP Mon Jun 14 23:06:37 EDT 2021 x86_64 x86_64 x86_64 GNU/Linux
pid 12774
mri_label2label --label-cortex /project/data/bids/derivatives/sourcedata/freesurfer/sub-p014/surf/rh.orig.nofix /project/data/bids/derivatives/sourcedata/freesurfer/sub-p014/mri/aseg.presurf.mgz 0 /project/data/bids/derivatives/sourcedata/freesurfer/sub-p014/label/rh.nofix.cortex.label

 Generating cortex label... RemoveHipAmgy=0
 NucAccIsMedialWall=0
 mris->useRealRAS=0
21 non-cortical segments detected
only using segment with 8193 vertices
erasing segment 0 (vno[0] = 41738)
erasing segment 1 (vno[0] = 41790)
erasing segment 2 (vno[0] = 41804)
erasing segment 4 (vno[0] = 89894)
erasing segment 5 (vno[0] = 90655)
erasing segment 6 (vno[0] = 93137)
erasing segment 7 (vno[0] = 96057)
erasing segment 8 (vno[0] = 96837)
erasing segment 9 (vno[0] = 97887)
erasing segment 10 (vno[0] = 97899)
erasing segment 11 (vno[0] = 101042)
erasing segment 12 (vno[0] = 103628)
erasing segment 13 (vno[0] = 104633)
erasing segment 14 (vno[0] = 108274)
erasing segment 15 (vno[0] = 111636)
erasing segment 16 (vno[0] = 112579)
erasing segment 17 (vno[0] = 113684)
erasing segment 18 (vno[0] = 114600)
erasing segment 19 (vno[0] = 115619)
erasing segment 20 (vno[0] = 116558)
mri_label2vol --defects /project/data/bids/derivatives/sourcedata/freesurfer/sub-p014/surf/rh.orig.nofix /project/data/bids/derivatives/sourcedata/freesurfer/sub-p014/surf/rh.defect_labels /project/data/bids/derivatives/sourcedata/freesurfer/sub-p014/mri/orig.mgz 2000 0 /project/data/bids/derivatives/sourcedata/freesurfer/sub-p014/mri/rh.surface.defects.mgz /project/data/bids/derivatives/sourcedata/freesurfer/sub-p014/label/rh.nofix.cortex.label
mri_label2vol supposed to be reproducible but seed not set
Contraining to label /project/data/bids/derivatives/sourcedata/freesurfer/sub-p014/label/rh.nofix.cortex.label
Changing input type 0 to MRI_INT
Converting defects to volume: offset=2000, merge=0
Writing to /project/data/bids/derivatives/sourcedata/freesurfer/sub-p014/mri/rh.surface.defects.mgz
mris_defects_pointset -s /project/data/bids/derivatives/sourcedata/freesurfer/sub-p014/surf/rh.orig.nofix -d /project/data/bids/derivatives/sourcedata/freesurfer/sub-p014/surf/rh.defect_labels -o /project/data/bids/derivatives/sourcedata/freesurfer/sub-p014/surf/rh.defects.pointset --label /project/data/bids/derivatives/sourcedata/freesurfer/sub-p014/label/rh.nofix.cortex.label
Reading in surface /project/data/bids/derivatives/sourcedata/freesurfer/sub-p014/surf/rh.orig.nofix
Reading in defect segmentation /project/data/bids/derivatives/sourcedata/freesurfer/sub-p014/surf/rh.defect_labels
Reading in label /project/data/bids/derivatives/sourcedata/freesurfer/sub-p014/label/rh.nofix.cortex.label
#VMPC# mris_defects_pointset 723664
mris_defects_pointset done
 
Started at Sun Aug 13 17:25:48 UTC 2023 
Ended   at Sun Aug 13 17:26:11 UTC 2023
Defect2seg-Run-Time-Sec 23
Defect2seg-Run-Time-Min 0.46
Defect2seg-Run-Time-Hours 0.01
 
defect2seg Done
