status file for recon-all
Sun Aug 13 14:45:45 UTC 2023
#@# MotionCor Sun Aug 13 14:45:49 UTC 2023
#@# Talairach Sun Aug 13 14:46:01 UTC 2023
#@# Talairach Failure Detection Sun Aug 13 14:50:29 UTC 2023
#@# Nu Intensity Correction Sun Aug 13 14:50:29 UTC 2023
#@# Intensity Normalization Sun Aug 13 14:54:51 UTC 2023
recon-all -s sub-p014 finished without error at Sun Aug 13 14:56:29 UTC 2023



#New# invocation of recon-all 



status file for recon-all
Sun Aug 13 15:12:14 UTC 2023
#@# EM Registration Sun Aug 13 15:12:14 UTC 2023
recon-all -s sub-p014 finished without error at Sun Aug 13 15:14:13 UTC 2023



#New# invocation of recon-all 



status file for recon-all
Sun Aug 13 15:14:17 UTC 2023
#@# CA Normalize Sun Aug 13 15:14:17 UTC 2023
#@# CA Reg Sun Aug 13 15:15:23 UTC 2023
#@# SubCort Seg Sun Aug 13 16:01:55 UTC 2023
#@# CC Seg Sun Aug 13 16:44:18 UTC 2023
#@# Merge ASeg Sun Aug 13 16:44:56 UTC 2023
#@# Intensity Normalization2 Sun Aug 13 16:44:56 UTC 2023
#@# Mask BFS Sun Aug 13 16:47:27 UTC 2023
#@# WM Segmentation Sun Aug 13 16:47:28 UTC 2023
#@# Fill Sun Aug 13 16:50:16 UTC 2023
recon-all -s sub-p014 finished without error at Sun Aug 13 16:51:36 UTC 2023



#New# invocation of recon-all 



status file for recon-all
Sun Aug 13 17:55:18 UTC 2023
#@# white curv lh Sun Aug 13 17:55:18 UTC 2023
#@# white area lh Sun Aug 13 17:55:18 UTC 2023
#@# pial curv lh Sun Aug 13 17:55:18 UTC 2023
#@# pial area lh Sun Aug 13 17:55:18 UTC 2023
#@# thickness lh Sun Aug 13 17:55:18 UTC 2023
#@# area and vertex vol lh Sun Aug 13 17:55:18 UTC 2023
#@# white curv rh Sun Aug 13 17:55:18 UTC 2023
#@# white area rh Sun Aug 13 17:55:18 UTC 2023
#@# pial curv rh Sun Aug 13 17:55:18 UTC 2023
#@# pial area rh Sun Aug 13 17:55:18 UTC 2023
#@# thickness rh Sun Aug 13 17:55:18 UTC 2023
#@# area and vertex vol rh Sun Aug 13 17:55:18 UTC 2023
#@# Cortical ribbon mask Sun Aug 13 17:55:18 UTC 2023
recon-all -s sub-p014 finished without error at Sun Aug 13 18:10:56 UTC 2023



#New# invocation of recon-all 



status file for recon-all
Sun Aug 13 18:46:54 UTC 2023
#@# white curv lh Sun Aug 13 18:46:54 UTC 2023
#@# white area lh Sun Aug 13 18:46:54 UTC 2023
#@# pial curv lh Sun Aug 13 18:46:54 UTC 2023
#@# pial area lh Sun Aug 13 18:46:54 UTC 2023
#@# thickness lh Sun Aug 13 18:46:54 UTC 2023
#@# area and vertex vol lh Sun Aug 13 18:46:54 UTC 2023
#@# white curv rh Sun Aug 13 18:46:54 UTC 2023
#@# white area rh Sun Aug 13 18:46:54 UTC 2023
#@# pial curv rh Sun Aug 13 18:46:54 UTC 2023
#@# pial area rh Sun Aug 13 18:46:54 UTC 2023
#@# thickness rh Sun Aug 13 18:46:54 UTC 2023
#@# area and vertex vol rh Sun Aug 13 18:46:54 UTC 2023
#@# Curvature Stats lh Sun Aug 13 18:46:54 UTC 2023
#@# Curvature Stats rh Sun Aug 13 18:46:57 UTC 2023
#@# Relabel Hypointensities Sun Aug 13 18:47:01 UTC 2023
#@# APas-to-ASeg Sun Aug 13 18:47:21 UTC 2023
#@# AParc-to-ASeg aparc Sun Aug 13 18:47:32 UTC 2023
#@# AParc-to-ASeg aparc.a2009s Sun Aug 13 18:48:32 UTC 2023
#@# AParc-to-ASeg aparc.DKTatlas Sun Aug 13 18:49:32 UTC 2023
#@# WMParc Sun Aug 13 18:50:31 UTC 2023
#@# ASeg Stats Sun Aug 13 18:53:25 UTC 2023
recon-all -s sub-p014 finished without error at Sun Aug 13 18:54:02 UTC 2023
