status file for recon-all
Sun Aug 13 16:51:50 UTC 2023
#@# Tessellate lh Sun Aug 13 16:51:50 UTC 2023
#@# Smooth1 lh Sun Aug 13 16:51:55 UTC 2023
#@# Inflation1 lh Sun Aug 13 16:51:59 UTC 2023
#@# QSphere lh Sun Aug 13 16:52:12 UTC 2023
#@# Fix Topology lh Sun Aug 13 16:53:44 UTC 2023
#@# Smooth2 lh Sun Aug 13 17:01:08 UTC 2023
#@# Inflation2 lh Sun Aug 13 17:01:12 UTC 2023
#@# Curv .H and .K lh Sun Aug 13 17:01:27 UTC 2023
#@# Sphere lh Sun Aug 13 17:02:36 UTC 2023
#@# Surf Reg lh Sun Aug 13 17:07:55 UTC 2023
#@# Jacobian white lh Sun Aug 13 17:13:01 UTC 2023
#@# AvgCurv lh Sun Aug 13 17:13:02 UTC 2023
#@# Cortical Parc lh Sun Aug 13 17:13:03 UTC 2023
#@# white curv lh Sun Aug 13 17:21:32 UTC 2023
#@# white area lh Sun Aug 13 17:21:35 UTC 2023
#@# pial curv lh Sun Aug 13 17:21:36 UTC 2023
#@# pial area lh Sun Aug 13 17:21:38 UTC 2023
#@# thickness lh Sun Aug 13 17:21:40 UTC 2023
#@# area and vertex vol lh Sun Aug 13 17:22:26 UTC 2023
#@# Curvature Stats lh Sun Aug 13 17:22:29 UTC 2023
#@# Cortical Parc 2 lh Sun Aug 13 17:22:32 UTC 2023
#@# Cortical Parc 3 lh Sun Aug 13 17:22:53 UTC 2023
#@# WM/GM Contrast lh Sun Aug 13 17:23:08 UTC 2023
recon-all -s sub-p014 finished without error at Sun Aug 13 17:23:13 UTC 2023



#New# invocation of recon-all 



status file for recon-all
Sun Aug 13 18:36:35 UTC 2023
#@# white curv lh Sun Aug 13 18:36:35 UTC 2023
#@# white area lh Sun Aug 13 18:36:35 UTC 2023
#@# pial curv lh Sun Aug 13 18:36:35 UTC 2023
#@# pial area lh Sun Aug 13 18:36:35 UTC 2023
#@# thickness lh Sun Aug 13 18:36:35 UTC 2023
#@# area and vertex vol lh Sun Aug 13 18:36:35 UTC 2023
#@# Parcellation Stats lh Sun Aug 13 18:36:35 UTC 2023
#@# Parcellation Stats 2 lh Sun Aug 13 18:37:10 UTC 2023
#@# Parcellation Stats 3 lh Sun Aug 13 18:37:28 UTC 2023
#@# BA_exvivo Labels lh Sun Aug 13 18:37:45 UTC 2023
recon-all -s sub-p014 finished without error at Sun Aug 13 18:41:42 UTC 2023
