Time: 2023-05-17 09:19:25.367773, Key pressed: l
Time: 2023-05-17 09:19:25.521380, Key pressed: o
Time: 2023-05-17 09:19:25.621445, Key pressed: c
Time: 2023-05-17 09:19:25.669798, Key pressed: a
Time: 2023-05-17 09:19:33.759597, Key pressed: enter
Time: 2023-05-17 09:19:36.841633, Key pressed: s
Time: 2023-05-17 09:19:36.964555, Key pressed: k
Time: 2023-05-17 09:19:37.165057, Key pressed: y
Time: 2023-05-17 09:19:37.282086, Key pressed: r
Time: 2023-05-17 09:19:37.340457, Key pressed: a
Time: 2023-05-17 09:19:37.740395, Key pressed: 0
Time: 2023-05-17 09:19:38.025897, Key pressed: 1
Time: 2023-05-17 09:19:38.108641, Key pressed: 3
Time: 2023-05-17 09:19:40.505430, Key pressed: enter
Time: 2023-05-17 09:51:03.641844, Key pressed: 1
Time: 2023-05-17 09:55:34.255891, Key pressed: 1
Time: 2023-05-17 09:55:34.502813, Key pressed: 1
Time: 2023-05-17 09:55:34.536574, Key pressed: 1
Time: 2023-05-17 09:55:34.570841, Key pressed: 1
Time: 2023-05-17 09:55:34.599451, Key pressed: 1
Time: 2023-05-17 09:55:34.817753, Key pressed: 2
Time: 2023-05-17 09:55:35.265772, Key pressed: 3
Time: 2023-05-17 09:55:35.518981, Key pressed: 3
Time: 2023-05-17 09:55:35.552836, Key pressed: 3
Time: 2023-05-17 09:55:35.592239, Key pressed: 3
Time: 2023-05-17 10:02:36.322865, Key pressed: 1
Time: 2023-05-17 10:02:36.583711, Key pressed: 1
Time: 2023-05-17 10:02:36.618720, Key pressed: 1
Time: 2023-05-17 10:02:36.653778, Key pressed: 1
Time: 2023-05-17 10:02:36.687653, Key pressed: 1
Time: 2023-05-17 10:02:36.716619, Key pressed: 1
Time: 2023-05-17 10:02:36.753956, Key pressed: 1
Time: 2023-05-17 10:02:42.243003, Key pressed: backspace
Time: 2023-05-17 10:11:13.834329, Key pressed: 1
Time: 2023-05-17 10:11:14.091548, Key pressed: 1
Time: 2023-05-17 10:11:14.124345, Key pressed: 1
Time: 2023-05-17 10:11:14.158676, Key pressed: 1
Time: 2023-05-17 10:11:14.188217, Key pressed: 1
Time: 2023-05-17 10:11:14.222958, Key pressed: 1
Time: 2023-05-17 10:11:14.264431, Key pressed: 1
Time: 2023-05-17 10:11:14.296619, Key pressed: 1
Time: 2023-05-17 10:11:14.330123, Key pressed: 1
Time: 2023-05-17 10:11:14.359009, Key pressed: 1
Time: 2023-05-17 10:11:14.403364, Key pressed: 1
Time: 2023-05-17 10:11:14.431462, Key pressed: 1
Time: 2023-05-17 10:11:14.466136, Key pressed: 1
Time: 2023-05-17 10:11:14.505257, Key pressed: 1
Time: 2023-05-17 10:11:14.539250, Key pressed: 1
Time: 2023-05-17 10:11:14.567843, Key pressed: 1
Time: 2023-05-17 10:11:14.606846, Key pressed: 1
Time: 2023-05-17 10:11:14.635697, Key pressed: 1
Time: 2023-05-17 10:11:14.651331, Key pressed: 2
Time: 2023-05-17 10:11:14.914379, Key pressed: 2
Time: 2023-05-17 10:11:14.948820, Key pressed: 2
Time: 2023-05-17 10:11:14.983447, Key pressed: 2
Time: 2023-05-17 10:11:15.017377, Key pressed: 2
Time: 2023-05-17 10:11:15.051520, Key pressed: 2
Time: 2023-05-17 10:11:15.085348, Key pressed: 2
Time: 2023-05-17 10:11:15.118898, Key pressed: 2
Time: 2023-05-17 10:11:15.148211, Key pressed: 2
Time: 2023-05-17 10:11:15.177079, Key pressed: 2
Time: 2023-05-17 10:11:15.218260, Key pressed: 2
Time: 2023-05-17 10:11:15.254819, Key pressed: 2
Time: 2023-05-17 10:11:15.288449, Key pressed: 2
Time: 2023-05-17 10:11:15.318217, Key pressed: 2
Time: 2023-05-17 10:11:15.358408, Key pressed: 2
Time: 2023-05-17 10:11:15.386126, Key pressed: 2
Time: 2023-05-17 10:11:15.406991, Key pressed: 3
Time: 2023-05-17 10:11:15.666322, Key pressed: 3
Time: 2023-05-17 10:11:15.703494, Key pressed: 3
Time: 2023-05-17 10:11:15.735194, Key pressed: 3
Time: 2023-05-17 10:11:15.774537, Key pressed: 3
Time: 2023-05-17 10:11:15.803144, Key pressed: 3
Time: 2023-05-17 10:11:15.842734, Key pressed: 3
Time: 2023-05-17 10:11:15.876072, Key pressed: 3
Time: 2023-05-17 10:11:15.906792, Key pressed: 3
Time: 2023-05-17 10:11:15.945935, Key pressed: 3
Time: 2023-05-17 10:11:15.979719, Key pressed: 3
Time: 2023-05-17 10:11:16.002885, Key pressed: 3
Time: 2023-05-17 10:11:16.041888, Key pressed: 3
Time: 2023-05-17 10:11:16.076659, Key pressed: 3
Time: 2023-05-17 10:11:16.120951, Key pressed: 3
Time: 2023-05-17 10:11:16.400867, Key pressed: 3
Time: 2023-05-17 10:11:16.656577, Key pressed: 3
Time: 2023-05-17 10:11:16.680599, Key pressed: 3
Time: 2023-05-17 10:11:16.713732, Key pressed: 3
Time: 2023-05-17 10:11:16.749079, Key pressed: 3
Time: 2023-05-17 10:11:16.777318, Key pressed: 3
Time: 2023-05-17 10:11:16.815930, Key pressed: 3
Time: 2023-05-17 10:11:16.850614, Key pressed: 3
Time: 2023-05-17 10:11:16.889503, Key pressed: 3
Time: 2023-05-17 10:11:16.929325, Key pressed: 3
Time: 2023-05-17 10:11:16.957867, Key pressed: 3
Time: 2023-05-17 10:11:16.992390, Key pressed: 3
Time: 2023-05-17 10:11:17.027371, Key pressed: 3
Time: 2023-05-17 10:11:17.055515, Key pressed: 3
Time: 2023-05-17 10:11:17.094563, Key pressed: 3
Time: 2023-05-17 10:11:17.128270, Key pressed: 3
Time: 2023-05-17 10:11:17.153983, Key pressed: 2
Time: 2023-05-17 10:11:17.408583, Key pressed: 2
Time: 2023-05-17 10:11:17.442652, Key pressed: 2
Time: 2023-05-17 10:11:17.476280, Key pressed: 2
Time: 2023-05-17 10:11:17.500298, Key pressed: 2
Time: 2023-05-17 10:11:17.539439, Key pressed: 2
Time: 2023-05-17 10:11:17.568528, Key pressed: 2
Time: 2023-05-17 10:11:17.608146, Key pressed: 2
Time: 2023-05-17 10:11:17.630896, Key pressed: 2
Time: 2023-05-17 10:11:17.680092, Key pressed: 2
Time: 2023-05-17 10:11:17.714661, Key pressed: 2
Time: 2023-05-17 10:11:17.743053, Key pressed: 2
Time: 2023-05-17 10:11:17.781199, Key pressed: 2
Time: 2023-05-17 10:11:17.810368, Key pressed: 2
Time: 2023-05-17 10:11:17.849802, Key pressed: 2
Time: 2023-05-17 10:11:17.884135, Key pressed: 2
Time: 2023-05-17 10:11:17.889313, Key pressed: 1
Time: 2023-05-17 10:11:18.152094, Key pressed: 1
Time: 2023-05-17 10:11:18.177095, Key pressed: 1
Time: 2023-05-17 10:11:18.215461, Key pressed: 1
Time: 2023-05-17 10:11:18.243325, Key pressed: 1
Time: 2023-05-17 10:11:18.278275, Key pressed: 1
Time: 2023-05-17 10:11:18.307410, Key pressed: 1
Time: 2023-05-17 10:11:18.355982, Key pressed: 1
Time: 2023-05-17 10:11:18.391170, Key pressed: 1
Time: 2023-05-17 10:11:18.415231, Key pressed: 1
Time: 2023-05-17 10:11:18.807329, Key pressed: 1
Time: 2023-05-17 10:11:18.812732, Key pressed: 2
Time: 2023-05-17 10:11:18.833355, Key pressed: 3
Time: 2023-05-17 10:11:19.091547, Key pressed: 3
Time: 2023-05-17 10:11:19.125526, Key pressed: 3
Time: 2023-05-17 10:11:19.159192, Key pressed: 3
Time: 2023-05-17 10:11:19.193452, Key pressed: 3
Time: 2023-05-17 10:11:19.227470, Key pressed: 3
Time: 2023-05-17 10:11:19.258675, Key pressed: 3
Time: 2023-05-17 10:11:19.659420, Key pressed: 2
Time: 2023-05-17 10:11:19.665142, Key pressed: 3
Time: 2023-05-17 10:11:19.691573, Key pressed: 1
Time: 2023-05-17 10:11:19.946748, Key pressed: 1
Time: 2023-05-17 10:11:19.980673, Key pressed: 1
Time: 2023-05-17 10:11:20.015585, Key pressed: 1
Time: 2023-05-17 10:11:20.049189, Key pressed: 1
Time: 2023-05-17 10:11:20.083128, Key pressed: 1
Time: 2023-05-17 10:11:20.117124, Key pressed: 1
Time: 2023-05-17 10:11:20.151289, Key pressed: 1
Time: 2023-05-17 10:11:20.474099, Key pressed: 3
Time: 2023-05-17 10:11:20.484567, Key pressed: 2
Time: 2023-05-17 10:11:20.503595, Key pressed: 1
Time: 2023-05-17 10:11:20.771423, Key pressed: 1
Time: 2023-05-17 10:11:20.801117, Key pressed: 1
Time: 2023-05-17 10:11:20.835031, Key pressed: 1
Time: 2023-05-17 10:11:20.863361, Key pressed: 1
Time: 2023-05-17 10:11:20.907247, Key pressed: 1
Time: 2023-05-17 10:11:20.962108, Key pressed: 1
Time: 2023-05-17 10:11:21.178536, Key pressed: 3
Time: 2023-05-17 10:11:21.410695, Key pressed: 1
Time: 2023-05-17 10:11:22.040344, Key pressed: 3
Time: 2023-05-17 10:11:22.178196, Key pressed: 2
Time: 2023-05-17 10:11:22.431436, Key pressed: 1
Time: 2023-05-17 10:11:22.970490, Key pressed: 1
Time: 2023-05-17 10:11:23.120625, Key pressed: 2
Time: 2023-05-17 10:11:23.253168, Key pressed: 3
Time: 2023-05-17 10:11:23.864135, Key pressed: 2
Time: 2023-05-17 10:11:24.115188, Key pressed: 2
Time: 2023-05-17 10:11:24.138462, Key pressed: 2
Time: 2023-05-17 10:11:24.172726, Key pressed: 2
Time: 2023-05-17 10:11:24.222260, Key pressed: 2
Time: 2023-05-17 10:11:24.251514, Key pressed: 2
Time: 2023-05-17 10:11:24.280231, Key pressed: 2
Time: 2023-05-17 10:11:24.319160, Key pressed: 2
Time: 2023-05-17 10:11:24.358423, Key pressed: 2
Time: 2023-05-17 10:11:24.392432, Key pressed: 2
Time: 2023-05-17 10:11:24.416143, Key pressed: 2
Time: 2023-05-17 10:11:24.450197, Key pressed: 2
Time: 2023-05-17 10:11:25.726758, Key pressed: 3
Time: 2023-05-17 10:11:25.969358, Key pressed: 3
Time: 2023-05-17 10:11:26.136893, Key pressed: 3
Time: 2023-05-17 10:11:26.516352, Key pressed: 3
Time: 2023-05-17 10:11:27.076548, Key pressed: 2
Time: 2023-05-17 10:11:27.356422, Key pressed: 2
Time: 2023-05-17 10:11:27.621267, Key pressed: 2
Time: 2023-05-17 10:11:28.011282, Key pressed: 1
Time: 2023-05-17 10:11:28.255811, Key pressed: 1
Time: 2023-05-17 10:11:28.494043, Key pressed: 1
Time: 2023-05-17 10:11:28.947245, Key pressed: 2
Time: 2023-05-17 10:11:28.978361, Key pressed: 1
Time: 2023-05-17 10:11:29.292242, Key pressed: 3
Time: 2023-05-17 10:11:29.350543, Key pressed: 2
Time: 2023-05-17 10:11:29.355900, Key pressed: 1
Time: 2023-05-17 10:11:30.133310, Key pressed: 3
Time: 2023-05-17 10:11:30.382805, Key pressed: 3
Time: 2023-05-17 10:11:30.420801, Key pressed: 3
Time: 2023-05-17 10:11:30.460209, Key pressed: 3
Time: 2023-05-17 10:11:30.484291, Key pressed: 3
Time: 2023-05-17 10:11:30.522830, Key pressed: 3
Time: 2023-05-17 10:11:30.551718, Key pressed: 3
Time: 2023-05-17 10:11:30.797940, Key pressed: 3
Time: 2023-05-17 10:11:31.534835, Key pressed: 2
Time: 2023-05-17 10:11:32.576556, Key pressed: 1
Time: 2023-05-17 10:11:32.834991, Key pressed: 1
Time: 2023-05-17 10:11:32.863308, Key pressed: 1
Time: 2023-05-17 10:11:33.231186, Key pressed: 3
Time: 2023-05-17 10:11:33.487391, Key pressed: 3
Time: 2023-05-17 10:11:34.196844, Key pressed: 3
Time: 2023-05-17 10:11:34.386310, Key pressed: 1
Time: 2023-05-17 10:11:34.434287, Key pressed: 2
Time: 2023-05-17 10:11:34.688448, Key pressed: 2
Time: 2023-05-17 10:11:34.723285, Key pressed: 2
Time: 2023-05-17 10:11:34.751406, Key pressed: 2
Time: 2023-05-17 10:11:34.790663, Key pressed: 2
Time: 2023-05-17 10:11:34.824119, Key pressed: 2
Time: 2023-05-17 10:11:34.853120, Key pressed: 2
Time: 2023-05-17 10:11:34.887235, Key pressed: 2
Time: 2023-05-17 10:11:34.920942, Key pressed: 2
Time: 2023-05-17 10:11:34.949867, Key pressed: 2
Time: 2023-05-17 10:11:34.983906, Key pressed: 2
Time: 2023-05-17 10:11:35.017846, Key pressed: 2
Time: 2023-05-17 10:11:35.051204, Key pressed: 2
Time: 2023-05-17 10:11:35.096630, Key pressed: 2
Time: 2023-05-17 10:11:35.130928, Key pressed: 2
Time: 2023-05-17 10:11:35.159656, Key pressed: 2
Time: 2023-05-17 10:11:35.198663, Key pressed: 2
Time: 2023-05-17 10:11:35.227289, Key pressed: 2
Time: 2023-05-17 10:11:35.255876, Key pressed: 2
Time: 2023-05-17 10:11:35.295457, Key pressed: 2
Time: 2023-05-17 10:11:35.329299, Key pressed: 2
Time: 2023-05-17 10:11:35.363698, Key pressed: 2
Time: 2023-05-17 10:11:35.392235, Key pressed: 2
Time: 2023-05-17 10:11:35.426740, Key pressed: 2
Time: 2023-05-17 10:11:36.438600, Key pressed: 3
Time: 2023-05-17 10:11:36.490906, Key pressed: 1
Time: 2023-05-17 10:11:36.511924, Key pressed: 2
Time: 2023-05-17 10:11:36.757187, Key pressed: 2
Time: 2023-05-17 10:11:36.802546, Key pressed: 2
Time: 2023-05-17 10:11:36.837484, Key pressed: 2
Time: 2023-05-17 10:11:36.865578, Key pressed: 2
Time: 2023-05-17 10:11:36.899317, Key pressed: 2
Time: 2023-05-17 10:11:36.933455, Key pressed: 2
Time: 2023-05-17 10:11:36.972265, Key pressed: 2
Time: 2023-05-17 10:11:36.985919, Key pressed: 2
Time: 2023-05-17 10:11:37.040394, Key pressed: 2
Time: 2023-05-17 10:11:37.070167, Key pressed: 2
Time: 2023-05-17 10:11:37.109211, Key pressed: 2
Time: 2023-05-17 10:11:37.137702, Key pressed: 2
Time: 2023-05-17 10:11:37.167248, Key pressed: 2
Time: 2023-05-17 10:11:37.213990, Key pressed: 2
Time: 2023-05-17 10:11:37.241171, Key pressed: 2
Time: 2023-05-17 10:11:37.270417, Key pressed: 2
Time: 2023-05-17 10:11:37.304534, Key pressed: 2
Time: 2023-05-17 10:11:37.337992, Key pressed: 2
Time: 2023-05-17 10:11:37.371649, Key pressed: 2
Time: 2023-05-17 10:11:37.405345, Key pressed: 2
Time: 2023-05-17 10:11:37.440579, Key pressed: 2
Time: 2023-05-17 10:11:37.479648, Key pressed: 2
Time: 2023-05-17 10:11:37.513331, Key pressed: 2
Time: 2023-05-17 10:11:37.551893, Key pressed: 2
Time: 2023-05-17 10:11:37.587888, Key pressed: 2
Time: 2023-05-17 10:11:37.616793, Key pressed: 2
Time: 2023-05-17 10:11:37.650865, Key pressed: 2
Time: 2023-05-17 10:11:37.674035, Key pressed: 2
Time: 2023-05-17 10:11:37.713622, Key pressed: 2
Time: 2023-05-17 10:11:37.752162, Key pressed: 2
Time: 2023-05-17 10:11:37.791184, Key pressed: 2
Time: 2023-05-17 10:11:37.820973, Key pressed: 2
Time: 2023-05-17 10:11:37.858785, Key pressed: 2
Time: 2023-05-17 10:11:37.882601, Key pressed: 2
Time: 2023-05-17 10:11:37.926875, Key pressed: 2
Time: 2023-05-17 10:11:37.956374, Key pressed: 2
Time: 2023-05-17 10:11:37.996349, Key pressed: 2
Time: 2023-05-17 10:11:38.026701, Key pressed: 2
Time: 2023-05-17 10:11:38.063990, Key pressed: 2
Time: 2023-05-17 10:11:38.098186, Key pressed: 2
Time: 2023-05-17 10:11:38.132772, Key pressed: 2
Time: 2023-05-17 10:11:38.161244, Key pressed: 2
Time: 2023-05-17 10:11:38.195485, Key pressed: 2
Time: 2023-05-17 10:11:38.234272, Key pressed: 2
Time: 2023-05-17 10:11:38.268252, Key pressed: 2
Time: 2023-05-17 10:11:38.298114, Key pressed: 2
Time: 2023-05-17 10:11:38.332097, Key pressed: 2
Time: 2023-05-17 10:11:38.369849, Key pressed: 2
Time: 2023-05-17 10:11:38.393867, Key pressed: 2
Time: 2023-05-17 10:11:38.437804, Key pressed: 2
Time: 2023-05-17 10:11:38.466801, Key pressed: 2
Time: 2023-05-17 10:11:38.501007, Key pressed: 2
Time: 2023-05-17 10:11:38.535076, Key pressed: 2
Time: 2023-05-17 10:11:38.563951, Key pressed: 2
Time: 2023-05-17 10:11:38.593691, Key pressed: 2
Time: 2023-05-17 10:11:38.642404, Key pressed: 2
Time: 2023-05-17 10:11:38.666727, Key pressed: 2
Time: 2023-05-17 10:11:38.704917, Key pressed: 2
Time: 2023-05-17 10:11:38.744875, Key pressed: 2
Time: 2023-05-17 10:11:38.778349, Key pressed: 2
Time: 2023-05-17 10:11:38.813026, Key pressed: 2
Time: 2023-05-17 10:11:38.841709, Key pressed: 2
Time: 2023-05-17 10:11:39.763812, Key pressed: 3
Time: 2023-05-17 10:11:39.813474, Key pressed: 1
Time: 2023-05-17 10:11:39.818666, Key pressed: 2
Time: 2023-05-17 10:11:40.070210, Key pressed: 2
Time: 2023-05-17 10:11:40.390575, Key pressed: 3
Time: 2023-05-17 10:11:40.411797, Key pressed: 2
Time: 2023-05-17 10:11:40.416997, Key pressed: 1
Time: 2023-05-17 10:11:40.659206, Key pressed: 1
Time: 2023-05-17 10:11:40.698159, Key pressed: 1
Time: 2023-05-17 10:11:40.723613, Key pressed: 1
Time: 2023-05-17 10:11:41.218405, Key pressed: 3
Time: 2023-05-17 10:11:41.249261, Key pressed: 2
Time: 2023-05-17 10:11:41.396733, Key pressed: 1
Time: 2023-05-17 10:11:41.646545, Key pressed: 1
Time: 2023-05-17 10:11:41.680205, Key pressed: 1
Time: 2023-05-17 10:11:41.718840, Key pressed: 1
Time: 2023-05-17 10:11:41.748206, Key pressed: 1
Time: 2023-05-17 10:11:41.787732, Key pressed: 1
Time: 2023-05-17 10:11:41.828669, Key pressed: 1
Time: 2023-05-17 10:11:41.856532, Key pressed: 1
Time: 2023-05-17 10:11:41.885147, Key pressed: 1
Time: 2023-05-17 10:11:41.923748, Key pressed: 1
Time: 2023-05-17 10:11:41.963181, Key pressed: 1
Time: 2023-05-17 10:11:41.987385, Key pressed: 1
Time: 2023-05-17 10:11:42.021817, Key pressed: 1
Time: 2023-05-17 10:11:42.060734, Key pressed: 1
Time: 2023-05-17 10:11:42.095934, Key pressed: 1
Time: 2023-05-17 10:11:42.119856, Key pressed: 1
Time: 2023-05-17 10:11:42.164424, Key pressed: 1
Time: 2023-05-17 10:11:42.198439, Key pressed: 1
Time: 2023-05-17 10:11:42.227295, Key pressed: 1
Time: 2023-05-17 10:11:42.266205, Key pressed: 1
Time: 2023-05-17 10:11:42.300221, Key pressed: 1
Time: 2023-05-17 10:11:42.340638, Key pressed: 1
Time: 2023-05-17 10:11:42.363242, Key pressed: 1
Time: 2023-05-17 10:11:42.407551, Key pressed: 1
Time: 2023-05-17 10:11:42.441199, Key pressed: 1
Time: 2023-05-17 10:11:42.460233, Key pressed: 1
Time: 2023-05-17 10:11:42.499392, Key pressed: 1
Time: 2023-05-17 10:11:42.533715, Key pressed: 1
Time: 2023-05-17 10:11:42.568175, Key pressed: 1
Time: 2023-05-17 10:11:42.603378, Key pressed: 1
Time: 2023-05-17 10:11:42.636129, Key pressed: 1
Time: 2023-05-17 10:11:42.670538, Key pressed: 1
Time: 2023-05-17 10:11:42.703858, Key pressed: 1
Time: 2023-05-17 10:11:42.743810, Key pressed: 1
Time: 2023-05-17 10:11:42.784245, Key pressed: 1
Time: 2023-05-17 10:11:42.807237, Key pressed: 1
Time: 2023-05-17 10:11:42.846137, Key pressed: 1
Time: 2023-05-17 10:11:42.880283, Key pressed: 1
Time: 2023-05-17 10:11:42.908708, Key pressed: 1
Time: 2023-05-17 10:11:44.845181, Key pressed: 1
Time: 2023-05-17 10:11:45.048577, Key pressed: 3
Time: 2023-05-17 10:11:45.069075, Key pressed: 2
Time: 2023-05-17 10:11:45.323437, Key pressed: 2
Time: 2023-05-17 10:11:45.356853, Key pressed: 2
Time: 2023-05-17 10:11:45.395691, Key pressed: 2
Time: 2023-05-17 10:11:45.420149, Key pressed: 2
Time: 2023-05-17 10:11:45.459904, Key pressed: 2
Time: 2023-05-17 10:11:45.493905, Key pressed: 2
Time: 2023-05-17 10:11:45.533130, Key pressed: 2
Time: 2023-05-17 10:11:45.561136, Key pressed: 2
Time: 2023-05-17 10:11:46.076593, Key pressed: 3
Time: 2023-05-17 10:11:46.081988, Key pressed: 2
Time: 2023-05-17 10:11:46.329226, Key pressed: 2
Time: 2023-05-17 10:11:46.362957, Key pressed: 2
Time: 2023-05-17 10:11:46.394253, Key pressed: 1
Time: 2023-05-17 10:11:46.643053, Key pressed: 1
Time: 2023-05-17 10:11:46.672651, Key pressed: 1
Time: 2023-05-17 10:11:46.706460, Key pressed: 1
Time: 2023-05-17 10:11:46.745085, Key pressed: 1
Time: 2023-05-17 10:11:46.785406, Key pressed: 1
Time: 2023-05-17 10:11:46.807847, Key pressed: 1
Time: 2023-05-17 10:11:46.856703, Key pressed: 1
Time: 2023-05-17 10:11:47.323454, Key pressed: 1
Time: 2023-05-17 10:11:47.529877, Key pressed: 2
Time: 2023-05-17 10:11:47.535169, Key pressed: 3
Time: 2023-05-17 10:11:47.803529, Key pressed: 3
Time: 2023-05-17 10:11:47.837658, Key pressed: 3
Time: 2023-05-17 10:11:47.866485, Key pressed: 3
Time: 2023-05-17 10:11:47.911832, Key pressed: 3
Time: 2023-05-17 10:11:47.939642, Key pressed: 3
Time: 2023-05-17 10:11:47.968066, Key pressed: 3
Time: 2023-05-17 10:11:48.007474, Key pressed: 3
Time: 2023-05-17 10:11:48.608017, Key pressed: 2
Time: 2023-05-17 10:11:48.618520, Key pressed: 3
Time: 2023-05-17 10:11:48.869618, Key pressed: 3
Time: 2023-05-17 10:11:48.895433, Key pressed: 1
Time: 2023-05-17 10:11:49.152013, Key pressed: 1
Time: 2023-05-17 10:11:49.185843, Key pressed: 1
Time: 2023-05-17 10:11:49.214853, Key pressed: 1
Time: 2023-05-17 10:11:49.249262, Key pressed: 1
Time: 2023-05-17 10:11:49.288283, Key pressed: 1
Time: 2023-05-17 10:11:49.321862, Key pressed: 1
Time: 2023-05-17 10:11:49.353925, Key pressed: 1
Time: 2023-05-17 10:11:49.816760, Key pressed: 2
Time: 2023-05-17 10:11:49.934814, Key pressed: 3
Time: 2023-05-17 10:11:50.064332, Key pressed: 1
Time: 2023-05-17 10:11:50.322494, Key pressed: 1
Time: 2023-05-17 10:11:50.351796, Key pressed: 1
Time: 2023-05-17 10:11:50.390973, Key pressed: 1
Time: 2023-05-17 10:11:50.424530, Key pressed: 1
Time: 2023-05-17 10:11:50.454209, Key pressed: 1
Time: 2023-05-17 10:11:50.492684, Key pressed: 1
Time: 2023-05-17 10:11:50.527327, Key pressed: 1
Time: 2023-05-17 10:11:50.561162, Key pressed: 1
Time: 2023-05-17 10:11:50.594953, Key pressed: 1
Time: 2023-05-17 10:11:50.623560, Key pressed: 1
Time: 2023-05-17 10:11:50.657628, Key pressed: 1
Time: 2023-05-17 10:11:50.702226, Key pressed: 1
Time: 2023-05-17 10:11:51.128392, Key pressed: 3
Time: 2023-05-17 10:11:51.167854, Key pressed: 2
Time: 2023-05-17 10:11:51.183289, Key pressed: 1
Time: 2023-05-17 10:11:51.427451, Key pressed: 1
Time: 2023-05-17 10:11:51.456151, Key pressed: 1
Time: 2023-05-17 10:11:51.495298, Key pressed: 1
Time: 2023-05-17 10:11:51.522955, Key pressed: 1
Time: 2023-05-17 10:11:51.568304, Key pressed: 1
Time: 2023-05-17 10:11:51.593732, Key pressed: 1
Time: 2023-05-17 10:11:51.638082, Key pressed: 1
Time: 2023-05-17 10:11:52.683555, Key pressed: 2
Time: 2023-05-17 10:11:52.788484, Key pressed: 3
Time: 2023-05-17 10:11:52.894254, Key pressed: 1
Time: 2023-05-17 10:11:53.155658, Key pressed: 1
Time: 2023-05-17 10:11:53.184318, Key pressed: 1
Time: 2023-05-17 10:11:53.217903, Key pressed: 1
Time: 2023-05-17 10:11:53.257069, Key pressed: 1
Time: 2023-05-17 10:11:53.296280, Key pressed: 1
Time: 2023-05-17 10:11:53.314895, Key pressed: 1
Time: 2023-05-17 10:11:53.358942, Key pressed: 1
Time: 2023-05-17 10:11:53.393033, Key pressed: 1
Time: 2023-05-17 10:11:53.432479, Key pressed: 1
Time: 2023-05-17 10:11:53.451199, Key pressed: 1
Time: 2023-05-17 10:11:53.490668, Key pressed: 1
Time: 2023-05-17 10:11:53.534823, Key pressed: 1
Time: 2023-05-17 10:11:54.423578, Key pressed: 2
Time: 2023-05-17 10:11:54.450190, Key pressed: 1
Time: 2023-05-17 10:11:54.543455, Key pressed: 3
Time: 2023-05-17 10:11:54.800857, Key pressed: 3
Time: 2023-05-17 10:11:54.834261, Key pressed: 3
Time: 2023-05-17 10:11:54.867881, Key pressed: 3
Time: 2023-05-17 10:11:54.901996, Key pressed: 3
Time: 2023-05-17 10:11:54.935947, Key pressed: 3
Time: 2023-05-17 10:11:54.969838, Key pressed: 3
Time: 2023-05-17 10:11:55.004066, Key pressed: 3
Time: 2023-05-17 10:11:55.038362, Key pressed: 3
Time: 2023-05-17 10:11:55.072381, Key pressed: 3
Time: 2023-05-17 10:11:55.108853, Key pressed: 3
Time: 2023-05-17 10:11:55.134884, Key pressed: 3
Time: 2023-05-17 10:11:55.712263, Key pressed: 2
Time: 2023-05-17 10:11:55.732699, Key pressed: 3
Time: 2023-05-17 10:11:55.930228, Key pressed: 1
Time: 2023-05-17 10:11:56.184320, Key pressed: 1
Time: 2023-05-17 10:11:56.218673, Key pressed: 1
Time: 2023-05-17 10:11:56.252338, Key pressed: 1
Time: 2023-05-17 10:11:56.287040, Key pressed: 1
Time: 2023-05-17 10:11:56.315526, Key pressed: 1
Time: 2023-05-17 10:11:56.354860, Key pressed: 1
Time: 2023-05-17 10:11:56.377869, Key pressed: 1
Time: 2023-05-17 10:11:56.411683, Key pressed: 1
Time: 2023-05-17 10:11:56.450184, Key pressed: 1
Time: 2023-05-17 10:11:56.489666, Key pressed: 1
Time: 2023-05-17 10:11:56.510925, Key pressed: 1
Time: 2023-05-17 10:11:59.777284, Key pressed: 1
Time: 2023-05-17 10:12:00.019167, Key pressed: 2
Time: 2023-05-17 10:12:00.275005, Key pressed: 2
Time: 2023-05-17 10:12:00.285551, Key pressed: 3
Time: 2023-05-17 10:12:00.546848, Key pressed: 3
Time: 2023-05-17 10:12:00.582998, Key pressed: 3
Time: 2023-05-17 10:12:00.614907, Key pressed: 3
Time: 2023-05-17 10:12:00.649015, Key pressed: 3
Time: 2023-05-17 10:12:00.679070, Key pressed: 3
Time: 2023-05-17 10:12:00.717358, Key pressed: 3
Time: 2023-05-17 10:12:00.751593, Key pressed: 3
Time: 2023-05-17 10:12:00.787290, Key pressed: 3
Time: 2023-05-17 10:12:00.824955, Key pressed: 3
Time: 2023-05-17 10:12:00.848602, Key pressed: 3
Time: 2023-05-17 10:12:00.886710, Key pressed: 3
Time: 2023-05-17 10:12:01.988286, Key pressed: 1
Time: 2023-05-17 10:12:02.239863, Key pressed: 1
Time: 2023-05-17 10:12:02.265453, Key pressed: 2
Time: 2023-05-17 10:12:02.505506, Key pressed: 3
Time: 2023-05-17 10:12:02.763148, Key pressed: 3
Time: 2023-05-17 10:12:02.796785, Key pressed: 3
Time: 2023-05-17 10:12:02.831139, Key pressed: 3
Time: 2023-05-17 10:12:02.864809, Key pressed: 3
Time: 2023-05-17 10:12:02.898115, Key pressed: 3
Time: 2023-05-17 10:12:02.937272, Key pressed: 3
Time: 2023-05-17 10:12:02.966379, Key pressed: 3
Time: 2023-05-17 10:12:03.005132, Key pressed: 3
Time: 2023-05-17 10:12:03.039103, Key pressed: 3
Time: 2023-05-17 10:12:03.068198, Key pressed: 3
Time: 2023-05-17 10:12:03.102450, Key pressed: 3
Time: 2023-05-17 10:12:03.132074, Key pressed: 3
Time: 2023-05-17 10:12:03.176416, Key pressed: 3
Time: 2023-05-17 10:12:03.941328, Key pressed: 1
Time: 2023-05-17 10:12:04.198283, Key pressed: 1
Time: 2023-05-17 10:12:04.232306, Key pressed: 1
Time: 2023-05-17 10:12:04.265939, Key pressed: 1
Time: 2023-05-17 10:12:04.300711, Key pressed: 1
Time: 2023-05-17 10:12:04.328689, Key pressed: 1
Time: 2023-05-17 10:12:04.383616, Key pressed: 1
Time: 2023-05-17 10:12:04.388978, Key pressed: 2
Time: 2023-05-17 10:12:04.577185, Key pressed: 3
Time: 2023-05-17 10:12:04.839328, Key pressed: 3
Time: 2023-05-17 10:12:04.869429, Key pressed: 3
Time: 2023-05-17 10:12:04.903925, Key pressed: 3
Time: 2023-05-17 10:12:04.932707, Key pressed: 3
Time: 2023-05-17 10:12:04.976457, Key pressed: 3
Time: 2023-05-17 10:12:05.005330, Key pressed: 3
Time: 2023-05-17 10:12:05.034267, Key pressed: 3
Time: 2023-05-17 10:12:05.067834, Key pressed: 3
Time: 2023-05-17 10:12:05.102046, Key pressed: 3
Time: 2023-05-17 10:12:05.141730, Key pressed: 3
Time: 2023-05-17 10:12:05.175198, Key pressed: 3
Time: 2023-05-17 10:12:05.896569, Key pressed: 1
Time: 2023-05-17 10:12:06.146369, Key pressed: 1
Time: 2023-05-17 10:12:06.180278, Key pressed: 1
Time: 2023-05-17 10:12:06.215070, Key pressed: 1
Time: 2023-05-17 10:12:06.253466, Key pressed: 1
Time: 2023-05-17 10:12:06.279977, Key pressed: 1
Time: 2023-05-17 10:12:06.285575, Key pressed: 2
Time: 2023-05-17 10:12:06.548166, Key pressed: 2
Time: 2023-05-17 10:12:06.576528, Key pressed: 2
Time: 2023-05-17 10:12:06.609424, Key pressed: 2
Time: 2023-05-17 10:12:06.653924, Key pressed: 2
Time: 2023-05-17 10:12:06.677886, Key pressed: 2
Time: 2023-05-17 10:12:06.717182, Key pressed: 2
Time: 2023-05-17 10:12:06.743305, Key pressed: 3
Time: 2023-05-17 10:12:06.994864, Key pressed: 3
Time: 2023-05-17 10:12:07.028626, Key pressed: 3
Time: 2023-05-17 10:12:07.067226, Key pressed: 3
Time: 2023-05-17 10:12:07.096190, Key pressed: 3
Time: 2023-05-17 10:12:07.130379, Key pressed: 3
Time: 2023-05-17 10:12:07.164384, Key pressed: 3
Time: 2023-05-17 10:12:07.193306, Key pressed: 3
Time: 2023-05-17 10:12:07.227712, Key pressed: 3
Time: 2023-05-17 10:12:07.272201, Key pressed: 3
Time: 2023-05-17 10:12:07.295066, Key pressed: 3
Time: 2023-05-17 10:12:07.331183, Key pressed: 3
Time: 2023-05-17 10:12:07.359931, Key pressed: 3
Time: 2023-05-17 10:12:07.398923, Key pressed: 3
Time: 2023-05-17 10:12:08.480569, Key pressed: 3
Time: 2023-05-17 10:12:08.657041, Key pressed: 2
Time: 2023-05-17 10:12:08.912314, Key pressed: 2
Time: 2023-05-17 10:12:08.946222, Key pressed: 2
Time: 2023-05-17 10:12:08.961588, Key pressed: 1
Time: 2023-05-17 10:12:09.224037, Key pressed: 1
Time: 2023-05-17 10:12:09.257033, Key pressed: 1
Time: 2023-05-17 10:12:09.291801, Key pressed: 1
Time: 2023-05-17 10:12:09.326202, Key pressed: 1
Time: 2023-05-17 10:12:09.355093, Key pressed: 1
Time: 2023-05-17 10:12:09.393703, Key pressed: 1
Time: 2023-05-17 10:12:09.423739, Key pressed: 1
Time: 2023-05-17 10:12:09.455987, Key pressed: 1
Time: 2023-05-17 10:12:09.484988, Key pressed: 1
Time: 2023-05-17 10:12:09.525293, Key pressed: 1
Time: 2023-05-17 10:12:09.568390, Key pressed: 1
Time: 2023-05-17 10:12:10.232382, Key pressed: 3
Time: 2023-05-17 10:12:10.487971, Key pressed: 3
Time: 2023-05-17 10:12:10.493168, Key pressed: 2
Time: 2023-05-17 10:12:10.747428, Key pressed: 2
Time: 2023-05-17 10:12:10.787045, Key pressed: 2
Time: 2023-05-17 10:12:10.792244, Key pressed: 1
Time: 2023-05-17 10:12:11.050199, Key pressed: 1
Time: 2023-05-17 10:12:11.085201, Key pressed: 1
Time: 2023-05-17 10:12:11.123660, Key pressed: 1
Time: 2023-05-17 10:12:11.158920, Key pressed: 1
Time: 2023-05-17 10:12:11.182228, Key pressed: 1
Time: 2023-05-17 10:12:11.223674, Key pressed: 1
Time: 2023-05-17 10:12:11.244718, Key pressed: 1
Time: 2023-05-17 10:12:11.283895, Key pressed: 1
Time: 2023-05-17 10:12:11.876389, Key pressed: 3
Time: 2023-05-17 10:12:12.130467, Key pressed: 3
Time: 2023-05-17 10:12:12.135884, Key pressed: 2
Time: 2023-05-17 10:12:12.400500, Key pressed: 1
Time: 2023-05-17 10:12:12.646105, Key pressed: 1
Time: 2023-05-17 10:12:12.675217, Key pressed: 1
Time: 2023-05-17 10:12:12.713809, Key pressed: 1
Time: 2023-05-17 10:12:12.757887, Key pressed: 1
Time: 2023-05-17 10:12:12.786790, Key pressed: 1
Time: 2023-05-17 10:12:12.826080, Key pressed: 1
Time: 2023-05-17 10:12:12.850578, Key pressed: 1
Time: 2023-05-17 10:12:12.879181, Key pressed: 1
Time: 2023-05-17 10:12:12.917887, Key pressed: 1
Time: 2023-05-17 10:12:12.954417, Key pressed: 1
Time: 2023-05-17 10:12:13.469003, Key pressed: 3
Time: 2023-05-17 10:12:13.707496, Key pressed: 3
Time: 2023-05-17 10:12:13.751389, Key pressed: 3
Time: 2023-05-17 10:12:13.756728, Key pressed: 2
Time: 2023-05-17 10:12:14.005656, Key pressed: 2
Time: 2023-05-17 10:12:14.026509, Key pressed: 1
Time: 2023-05-17 10:12:14.272943, Key pressed: 1
Time: 2023-05-17 10:12:14.317205, Key pressed: 1
Time: 2023-05-17 10:12:14.351256, Key pressed: 1
Time: 2023-05-17 10:12:14.385441, Key pressed: 1
Time: 2023-05-17 10:12:14.413790, Key pressed: 1
Time: 2023-05-17 10:12:14.453270, Key pressed: 1
Time: 2023-05-17 10:12:14.492437, Key pressed: 1
Time: 2023-05-17 10:12:15.396731, Key pressed: 3
Time: 2023-05-17 10:12:15.648971, Key pressed: 3
Time: 2023-05-17 10:12:15.693367, Key pressed: 3
Time: 2023-05-17 10:12:15.715119, Key pressed: 2
Time: 2023-05-17 10:12:15.971921, Key pressed: 2
Time: 2023-05-17 10:12:16.000624, Key pressed: 2
Time: 2023-05-17 10:12:16.034805, Key pressed: 2
Time: 2023-05-17 10:12:16.069072, Key pressed: 2
Time: 2023-05-17 10:12:16.098834, Key pressed: 1
Time: 2023-05-17 10:12:16.354988, Key pressed: 1
Time: 2023-05-17 10:12:16.388802, Key pressed: 1
Time: 2023-05-17 10:12:16.428729, Key pressed: 1
Time: 2023-05-17 10:12:16.457540, Key pressed: 1
Time: 2023-05-17 10:12:16.491444, Key pressed: 1
Time: 2023-05-17 10:12:16.524778, Key pressed: 1
Time: 2023-05-17 10:12:16.558417, Key pressed: 1
Time: 2023-05-17 10:12:16.592319, Key pressed: 1
Time: 2023-05-17 10:12:16.626217, Key pressed: 1
Time: 2023-05-17 10:12:16.662411, Key pressed: 1
Time: 2023-05-17 10:12:16.695316, Key pressed: 1
Time: 2023-05-17 10:12:16.728969, Key pressed: 1
Time: 2023-05-17 10:12:17.296064, Key pressed: 3
Time: 2023-05-17 10:12:17.337553, Key pressed: 2
Time: 2023-05-17 10:12:17.595015, Key pressed: 2
Time: 2023-05-17 10:12:17.618118, Key pressed: 2
Time: 2023-05-17 10:12:17.638739, Key pressed: 1
Time: 2023-05-17 10:12:17.883565, Key pressed: 1
Time: 2023-05-17 10:12:17.917244, Key pressed: 1
Time: 2023-05-17 10:12:17.950947, Key pressed: 1
Time: 2023-05-17 10:12:17.985817, Key pressed: 1
Time: 2023-05-17 10:12:18.018926, Key pressed: 1
Time: 2023-05-17 10:12:18.053334, Key pressed: 1
Time: 2023-05-17 10:12:18.086910, Key pressed: 1
Time: 2023-05-17 10:12:18.121301, Key pressed: 1
Time: 2023-05-17 10:12:18.155060, Key pressed: 1
Time: 2023-05-17 10:12:18.187814, Key pressed: 1
Time: 2023-05-17 10:12:18.222623, Key pressed: 1
Time: 2023-05-17 10:12:18.261056, Key pressed: 1
Time: 2023-05-17 10:12:18.290179, Key pressed: 1
Time: 2023-05-17 10:12:18.321205, Key pressed: 1
Time: 2023-05-17 10:12:18.360122, Key pressed: 1
Time: 2023-05-17 10:12:18.384525, Key pressed: 1
Time: 2023-05-17 10:12:18.427620, Key pressed: 1
Time: 2023-05-17 10:12:18.461026, Key pressed: 1
Time: 2023-05-17 10:12:18.485397, Key pressed: 1
Time: 2023-05-17 10:12:18.518909, Key pressed: 1
Time: 2023-05-17 10:12:18.563252, Key pressed: 1
Time: 2023-05-17 10:12:18.592330, Key pressed: 1
Time: 2023-05-17 10:12:18.630726, Key pressed: 1
Time: 2023-05-17 10:12:18.665477, Key pressed: 1
Time: 2023-05-17 10:12:18.682878, Key pressed: 1
Time: 2023-05-17 10:12:18.732632, Key pressed: 1
Time: 2023-05-17 10:12:18.771922, Key pressed: 1
Time: 2023-05-17 10:12:18.807181, Key pressed: 1
Time: 2023-05-17 10:12:18.835378, Key pressed: 1
Time: 2023-05-17 10:12:18.868657, Key pressed: 1
Time: 2023-05-17 10:12:18.907621, Key pressed: 1
Time: 2023-05-17 10:12:18.944214, Key pressed: 1
Time: 2023-05-17 10:12:18.972476, Key pressed: 1
Time: 2023-05-17 10:12:19.011123, Key pressed: 1
Time: 2023-05-17 10:12:19.045183, Key pressed: 1
Time: 2023-05-17 10:12:19.081312, Key pressed: 1
Time: 2023-05-17 10:12:19.108839, Key pressed: 1
Time: 2023-05-17 10:12:19.142407, Key pressed: 1
Time: 2023-05-17 10:12:19.177415, Key pressed: 1
Time: 2023-05-17 10:12:19.205705, Key pressed: 1
Time: 2023-05-17 10:12:19.250151, Key pressed: 1
Time: 2023-05-17 10:12:19.273820, Key pressed: 1
Time: 2023-05-17 10:12:19.301899, Key pressed: 1
Time: 2023-05-17 10:12:19.352406, Key pressed: 1
Time: 2023-05-17 10:12:19.381797, Key pressed: 1
Time: 2023-05-17 10:12:19.420505, Key pressed: 1
Time: 2023-05-17 10:12:19.444024, Key pressed: 1
Time: 2023-05-17 10:12:19.485199, Key pressed: 1
Time: 2023-05-17 10:12:19.517800, Key pressed: 1
Time: 2023-05-17 10:12:19.555309, Key pressed: 1
Time: 2023-05-17 10:12:19.591244, Key pressed: 1
Time: 2023-05-17 10:12:19.614828, Key pressed: 1
Time: 2023-05-17 10:12:19.659120, Key pressed: 1
Time: 2023-05-17 10:12:19.683590, Key pressed: 1
Time: 2023-05-17 10:12:19.721685, Key pressed: 1
Time: 2023-05-17 10:12:19.761128, Key pressed: 1
Time: 2023-05-17 10:12:19.779936, Key pressed: 1
Time: 2023-05-17 10:12:19.820588, Key pressed: 1
Time: 2023-05-17 10:12:19.857449, Key pressed: 1
Time: 2023-05-17 10:12:19.891249, Key pressed: 1
Time: 2023-05-17 10:12:19.925243, Key pressed: 1
Time: 2023-05-17 10:12:19.959163, Key pressed: 1
Time: 2023-05-17 10:12:19.993178, Key pressed: 1
Time: 2023-05-17 10:12:20.031555, Key pressed: 1
Time: 2023-05-17 10:12:20.060889, Key pressed: 1
Time: 2023-05-17 10:12:20.089391, Key pressed: 1
Time: 2023-05-17 10:12:20.128259, Key pressed: 1
Time: 2023-05-17 10:12:20.167152, Key pressed: 1
Time: 2023-05-17 10:12:20.192593, Key pressed: 1
Time: 2023-05-17 10:12:20.231110, Key pressed: 1
Time: 2023-05-17 10:12:20.264920, Key pressed: 1
Time: 2023-05-17 10:12:20.294108, Key pressed: 1
Time: 2023-05-17 10:12:20.334172, Key pressed: 1
Time: 2023-05-17 10:12:20.361918, Key pressed: 1
Time: 2023-05-17 10:12:20.395941, Key pressed: 1
Time: 2023-05-17 10:12:20.435027, Key pressed: 1
Time: 2023-05-17 10:12:20.469227, Key pressed: 1
Time: 2023-05-17 10:12:20.503518, Key pressed: 1
Time: 2023-05-17 10:12:20.537305, Key pressed: 1
Time: 2023-05-17 10:12:20.576124, Key pressed: 1
Time: 2023-05-17 10:12:20.609712, Key pressed: 1
Time: 2023-05-17 10:12:20.639067, Key pressed: 1
Time: 2023-05-17 10:12:20.677580, Key pressed: 1
Time: 2023-05-17 10:12:20.707782, Key pressed: 1
Time: 2023-05-17 10:12:20.745256, Key pressed: 1
Time: 2023-05-17 10:12:20.774668, Key pressed: 1
Time: 2023-05-17 10:12:20.808755, Key pressed: 1
Time: 2023-05-17 10:12:20.842169, Key pressed: 1
Time: 2023-05-17 10:12:20.867130, Key pressed: 1
Time: 2023-05-17 10:12:20.916364, Key pressed: 1
Time: 2023-05-17 10:12:20.945035, Key pressed: 1
Time: 2023-05-17 10:12:20.974210, Key pressed: 1
Time: 2023-05-17 10:12:21.018097, Key pressed: 1
Time: 2023-05-17 10:12:21.046976, Key pressed: 1
Time: 2023-05-17 10:12:21.086058, Key pressed: 1
Time: 2023-05-17 10:27:28.317043, Key pressed: esc
Time: 2023-05-17 10:27:30.378695, Key pressed: esc
Time: 2023-05-17 10:31:49.634124, Key pressed: =
Time: 2023-05-17 10:31:51.138624, Key pressed: =
Time: 2023-05-17 10:31:52.633958, Key pressed: =
Time: 2023-05-17 10:31:54.139701, Key pressed: =
Time: 2023-05-17 10:31:55.643206, Key pressed: =
Time: 2023-05-17 10:31:57.134890, Key pressed: =
Time: 2023-05-17 10:31:58.639950, Key pressed: =
Time: 2023-05-17 10:32:00.139508, Key pressed: =
Time: 2023-05-17 10:32:00.829712, Key pressed: ctrl
Time: 2023-05-17 10:32:01.084398, Key pressed: ctrl
Time: 2023-05-17 10:32:01.095136, Key pressed: ctrl
Time: 2023-05-17 10:32:01.121645, Key pressed: ctrl
Time: 2023-05-17 10:32:01.127304, Key pressed: ctrl
Time: 2023-05-17 10:32:01.148733, Key pressed: ctrl
Time: 2023-05-17 10:32:01.154379, Key pressed: ctrl
Time: 2023-05-17 10:32:01.185874, Key pressed: ctrl
Time: 2023-05-17 10:32:01.196066, Key pressed: ctrl
Time: 2023-05-17 10:32:01.214255, Key pressed: ctrl
Time: 2023-05-17 10:32:01.219423, Key pressed: ctrl
Time: 2023-05-17 10:32:01.241922, Key pressed: ctrl
