Log file for defect2seg
Fri Aug 11 10:50:43 UTC 2023

setenv SUBJECTS_DIR /project/data/bids/derivatives/sourcedata/freesurfer
cd /project/data/bids/derivatives/sourcedata/freesurfer/sub-s003/scripts
/opt/freesurfer/bin/defect2seg --s sub-s003 --rh-only --cortex

freesurfer-linux-ubuntu22_x86_64-7.3.2-20220804-6354275
defect2seg 7.3.2
Linux redshirt-n48 3.10.0-1160.92.1.el7.x86_64 #1 SMP Tue Jun 6 10:04:24 EDT 2023 x86_64 x86_64 x86_64 GNU/Linux
pid 9484
mri_label2label --label-cortex /project/data/bids/derivatives/sourcedata/freesurfer/sub-s003/surf/rh.orig.nofix /project/data/bids/derivatives/sourcedata/freesurfer/sub-s003/mri/aseg.presurf.mgz 0 /project/data/bids/derivatives/sourcedata/freesurfer/sub-s003/label/rh.nofix.cortex.label

 Generating cortex label... RemoveHipAmgy=0
 NucAccIsMedialWall=0
 mris->useRealRAS=0
15 non-cortical segments detected
only using segment with 7468 vertices
erasing segment 1 (vno[0] = 59952)
erasing segment 2 (vno[0] = 74623)
erasing segment 3 (vno[0] = 75733)
erasing segment 4 (vno[0] = 77963)
erasing segment 5 (vno[0] = 87652)
erasing segment 6 (vno[0] = 90646)
erasing segment 7 (vno[0] = 98109)
erasing segment 8 (vno[0] = 102783)
erasing segment 9 (vno[0] = 102806)
erasing segment 10 (vno[0] = 102862)
erasing segment 11 (vno[0] = 102890)
erasing segment 12 (vno[0] = 105019)
erasing segment 13 (vno[0] = 105971)
erasing segment 14 (vno[0] = 110931)
mri_label2vol --defects /project/data/bids/derivatives/sourcedata/freesurfer/sub-s003/surf/rh.orig.nofix /project/data/bids/derivatives/sourcedata/freesurfer/sub-s003/surf/rh.defect_labels /project/data/bids/derivatives/sourcedata/freesurfer/sub-s003/mri/orig.mgz 2000 0 /project/data/bids/derivatives/sourcedata/freesurfer/sub-s003/mri/rh.surface.defects.mgz /project/data/bids/derivatives/sourcedata/freesurfer/sub-s003/label/rh.nofix.cortex.label
mri_label2vol supposed to be reproducible but seed not set
Contraining to label /project/data/bids/derivatives/sourcedata/freesurfer/sub-s003/label/rh.nofix.cortex.label
Changing input type 0 to MRI_INT
Converting defects to volume: offset=2000, merge=0
Writing to /project/data/bids/derivatives/sourcedata/freesurfer/sub-s003/mri/rh.surface.defects.mgz
mris_defects_pointset -s /project/data/bids/derivatives/sourcedata/freesurfer/sub-s003/surf/rh.orig.nofix -d /project/data/bids/derivatives/sourcedata/freesurfer/sub-s003/surf/rh.defect_labels -o /project/data/bids/derivatives/sourcedata/freesurfer/sub-s003/surf/rh.defects.pointset --label /project/data/bids/derivatives/sourcedata/freesurfer/sub-s003/label/rh.nofix.cortex.label
Reading in surface /project/data/bids/derivatives/sourcedata/freesurfer/sub-s003/surf/rh.orig.nofix
Reading in defect segmentation /project/data/bids/derivatives/sourcedata/freesurfer/sub-s003/surf/rh.defect_labels
Reading in label /project/data/bids/derivatives/sourcedata/freesurfer/sub-s003/label/rh.nofix.cortex.label
#VMPC# mris_defects_pointset 716960
mris_defects_pointset done
 
Started at Fri Aug 11 10:50:43 UTC 2023 
Ended   at Fri Aug 11 10:51:08 UTC 2023
Defect2seg-Run-Time-Sec 25
Defect2seg-Run-Time-Min 0.50
Defect2seg-Run-Time-Hours 0.01
 
defect2seg Done
