status file for recon-all
Fri Aug 11 10:46:56 UTC 2023
#@# Tessellate rh Fri Aug 11 10:46:56 UTC 2023
#@# Smooth1 rh Fri Aug 11 10:47:02 UTC 2023
#@# Inflation1 rh Fri Aug 11 10:47:06 UTC 2023
#@# QSphere rh Fri Aug 11 10:47:24 UTC 2023
#@# Fix Topology rh Fri Aug 11 10:49:22 UTC 2023
#@# Smooth2 rh Fri Aug 11 10:56:40 UTC 2023
#@# Inflation2 rh Fri Aug 11 10:56:44 UTC 2023
#@# Curv .H and .K rh Fri Aug 11 10:57:07 UTC 2023
#@# Sphere rh Fri Aug 11 10:58:13 UTC 2023
#@# Surf Reg rh Fri Aug 11 11:02:42 UTC 2023
#@# Jacobian white rh Fri Aug 11 11:10:13 UTC 2023
#@# AvgCurv rh Fri Aug 11 11:10:14 UTC 2023
#@# Cortical Parc rh Fri Aug 11 11:10:15 UTC 2023
#@# white curv rh Fri Aug 11 11:18:22 UTC 2023
#@# white area rh Fri Aug 11 11:18:25 UTC 2023
#@# pial curv rh Fri Aug 11 11:18:26 UTC 2023
#@# pial area rh Fri Aug 11 11:18:29 UTC 2023
#@# thickness rh Fri Aug 11 11:18:30 UTC 2023
#@# area and vertex vol rh Fri Aug 11 11:19:16 UTC 2023
#@# Curvature Stats rh Fri Aug 11 11:19:19 UTC 2023
#@# Cortical Parc 2 rh Fri Aug 11 11:19:23 UTC 2023
#@# Cortical Parc 3 rh Fri Aug 11 11:19:43 UTC 2023
#@# WM/GM Contrast rh Fri Aug 11 11:19:59 UTC 2023
recon-all -s sub-s003 finished without error at Fri Aug 11 11:20:03 UTC 2023



#New# invocation of recon-all 



status file for recon-all
Fri Aug 11 11:37:43 UTC 2023
#@# white curv rh Fri Aug 11 11:37:43 UTC 2023
#@# white area rh Fri Aug 11 11:37:43 UTC 2023
#@# pial curv rh Fri Aug 11 11:37:43 UTC 2023
#@# pial area rh Fri Aug 11 11:37:44 UTC 2023
#@# thickness rh Fri Aug 11 11:37:44 UTC 2023
#@# area and vertex vol rh Fri Aug 11 11:37:44 UTC 2023
#@# Parcellation Stats rh Fri Aug 11 11:37:44 UTC 2023
#@# Parcellation Stats 2 rh Fri Aug 11 11:38:20 UTC 2023
#@# Parcellation Stats 3 rh Fri Aug 11 11:38:39 UTC 2023
#@# BA_exvivo Labels rh Fri Aug 11 11:38:57 UTC 2023
recon-all -s sub-s003 finished without error at Fri Aug 11 11:43:30 UTC 2023
